MPI run with 1 thread(s)
Job started at:	Tue Jun 29 18:38:34 2021
UNIX timestamp:	1625006314

════════════════════
 MC step #1000000
════════════════════

In subspace: [V_0 V_3]
                   ^   
───────────────────────────────────────────────────
 Lattice spacetime coordinate (ID #0)
 • Position indices: (0, 0)
 • Rescaled imaginary time (tau / beta): 0
───────────────────────────────────────────────────
 Lattice spacetime coordinate (ID #1)
 • Position indices: (29, 2)
 • Rescaled imaginary time (tau / beta): 0.997019
───────────────────────────────────────────────────
 Lattice spacetime coordinate (ID #2)
 • Position indices: (28, 2)
 • Rescaled imaginary time (tau / beta): 0.910875
───────────────────────────────────────────────────
 Lattice spacetime coordinate (ID #3)
 • Position indices: (28, 2)
 • Rescaled imaginary time (tau / beta): 0.910875
───────────────────────────────────────────────────
 Lattice spacetime coordinate (ID #4)
 • Position indices: (27, 3)
 • Rescaled imaginary time (tau / beta): 0.252253
───────────────────────────────────────────────────
 Lattice spacetime coordinate (ID #5)
 • Position indices: (27, 3)
 • Rescaled imaginary time (tau / beta): 0.252253
───────────────────────────────────────────────────

Diagram pool size: 5
Diagram pool fermion loop numbers: ( 2 2 2 2 2 )
Constraints on spacetime coordinates: [x x x 2 x 4]

Subspace saved counts:	[100720 799280]
Subspace saved ratios:	[0.111911 0.888088]
Subspace average measured signs:	[1 -0.0754404]

Current weight:	-1.56381e-08
Current total acceptance ratio:	0.103642
Current average ascend ratio:	0.00542777
Current average descend ratio:	0.00542777
Current average mutate ratio:	0.0927866

════════════════════
 MC step #2000000
════════════════════

In subspace: [V_0 V_3]
                   ^   
───────────────────────────────────────────────────
 Lattice spacetime coordinate (ID #0)
 • Position indices: (0, 0)
 • Rescaled imaginary time (tau / beta): 0
───────────────────────────────────────────────────
 Lattice spacetime coordinate (ID #1)
 • Position indices: (1, 29)
 • Rescaled imaginary time (tau / beta): 0.072227
───────────────────────────────────────────────────
 Lattice spacetime coordinate (ID #2)
 • Position indices: (0, 1)
 • Rescaled imaginary time (tau / beta): 0.0565552
───────────────────────────────────────────────────
 Lattice spacetime coordinate (ID #3)
 • Position indices: (0, 1)
 • Rescaled imaginary time (tau / beta): 0.0565552
───────────────────────────────────────────────────
 Lattice spacetime coordinate (ID #4)
 • Position indices: (0, 1)
 • Rescaled imaginary time (tau / beta): 0.00529094
───────────────────────────────────────────────────
 Lattice spacetime coordinate (ID #5)
 • Position indices: (0, 1)
 • Rescaled imaginary time (tau / beta): 0.00529094
───────────────────────────────────────────────────

Diagram pool size: 5
Diagram pool fermion loop numbers: ( 2 2 2 2 2 )
Constraints on spacetime coordinates: [x x x 2 x 4]

Subspace saved counts:	[209447 1690553]
Subspace saved ratios:	[0.110235 0.889764]
Subspace average measured signs:	[1 -0.068183]

Current weight:	1.56365e-05
Current total acceptance ratio:	0.103458
Current average ascend ratio:	0.00531158
Current average descend ratio:	0.00531158
Current average mutate ratio:	0.0928352

════════════════════
 MC step #3000000
════════════════════

In subspace: [V_0 V_3]
                   ^   
───────────────────────────────────────────────────
 Lattice spacetime coordinate (ID #0)
 • Position indices: (0, 0)
 • Rescaled imaginary time (tau / beta): 0
───────────────────────────────────────────────────
 Lattice spacetime coordinate (ID #1)
 • Position indices: (29, 4)
 • Rescaled imaginary time (tau / beta): 0.671634
───────────────────────────────────────────────────
 Lattice spacetime coordinate (ID #2)
 • Position indices: (29, 4)
 • Rescaled imaginary time (tau / beta): 0.495062
───────────────────────────────────────────────────
 Lattice spacetime coordinate (ID #3)
 • Position indices: (29, 4)
 • Rescaled imaginary time (tau / beta): 0.495062
───────────────────────────────────────────────────
 Lattice spacetime coordinate (ID #4)
 • Position indices: (28, 3)
 • Rescaled imaginary time (tau / beta): 0.0171224
───────────────────────────────────────────────────
 Lattice spacetime coordinate (ID #5)
 • Position indices: (28, 3)
 • Rescaled imaginary time (tau / beta): 0.0171224
───────────────────────────────────────────────────

Diagram pool size: 5
Diagram pool fermion loop numbers: ( 2 2 2 2 2 )
Constraints on spacetime coordinates: [x x x 2 x 4]

Subspace saved counts:	[314897 2585103]
Subspace saved ratios:	[0.108585 0.891415]
Subspace average measured signs:	[1 -0.0726575]

Current weight:	3.37989e-09
Current total acceptance ratio:	0.103307
Current average ascend ratio:	0.00525586
Current average descend ratio:	0.00525586
Current average mutate ratio:	0.0927955

════════════════════
 MC step #4000000
════════════════════

In subspace: [V_0 V_3]
                   ^   
───────────────────────────────────────────────────
 Lattice spacetime coordinate (ID #0)
 • Position indices: (0, 0)
 • Rescaled imaginary time (tau / beta): 0
───────────────────────────────────────────────────
 Lattice spacetime coordinate (ID #1)
 • Position indices: (2, 5)
 • Rescaled imaginary time (tau / beta): 0.0927193
───────────────────────────────────────────────────
 Lattice spacetime coordinate (ID #2)
 • Position indices: (29, 1)
 • Rescaled imaginary time (tau / beta): 0.0890182
───────────────────────────────────────────────────
 Lattice spacetime coordinate (ID #3)
 • Position indices: (29, 1)
 • Rescaled imaginary time (tau / beta): 0.0890182
───────────────────────────────────────────────────
 Lattice spacetime coordinate (ID #4)
 • Position indices: (29, 1)
 • Rescaled imaginary time (tau / beta): 0.00791234
───────────────────────────────────────────────────
 Lattice spacetime coordinate (ID #5)
 • Position indices: (29, 1)
 • Rescaled imaginary time (tau / beta): 0.00791234
───────────────────────────────────────────────────

Diagram pool size: 5
Diagram pool fermion loop numbers: ( 2 2 2 2 2 )
Constraints on spacetime coordinates: [x x x 2 x 4]

Subspace saved counts:	[428770 3471230]
Subspace saved ratios:	[0.109941 0.890059]
Subspace average measured signs:	[1 -0.0682311]

Current weight:	1.34863e-07
Current total acceptance ratio:	0.103387
Current average ascend ratio:	0.00530513
Current average descend ratio:	0.00530513
Current average mutate ratio:	0.0927764

════════════════════
 MC step #5000000
════════════════════

In subspace: [V_0 V_3]
                   ^   
───────────────────────────────────────────────────
 Lattice spacetime coordinate (ID #0)
 • Position indices: (0, 0)
 • Rescaled imaginary time (tau / beta): 0
───────────────────────────────────────────────────
 Lattice spacetime coordinate (ID #1)
 • Position indices: (27, 27)
 • Rescaled imaginary time (tau / beta): 0.282023
───────────────────────────────────────────────────
 Lattice spacetime coordinate (ID #2)
 • Position indices: (1, 1)
 • Rescaled imaginary time (tau / beta): 0.897099
───────────────────────────────────────────────────
 Lattice spacetime coordinate (ID #3)
 • Position indices: (1, 1)
 • Rescaled imaginary time (tau / beta): 0.897099
───────────────────────────────────────────────────
 Lattice spacetime coordinate (ID #4)
 • Position indices: (1, 1)
 • Rescaled imaginary time (tau / beta): 0.135006
───────────────────────────────────────────────────
 Lattice spacetime coordinate (ID #5)
 • Position indices: (1, 1)
 • Rescaled imaginary time (tau / beta): 0.135006
───────────────────────────────────────────────────

Diagram pool size: 5
Diagram pool fermion loop numbers: ( 2 2 2 2 2 )
Constraints on spacetime coordinates: [x x x 2 x 4]

Subspace saved counts:	[549457 4350543]
Subspace saved ratios:	[0.112134 0.887866]
Subspace average measured signs:	[1 -0.0736949]

Current weight:	-9.0166e-08
Current total acceptance ratio:	0.103096
Current average ascend ratio:	0.00540735
Current average descend ratio:	0.00540735
Current average mutate ratio:	0.0922814

════════════════════
 MC step #6000000
════════════════════

In subspace: [V_0 V_3]
                   ^   
───────────────────────────────────────────────────
 Lattice spacetime coordinate (ID #0)
 • Position indices: (0, 0)
 • Rescaled imaginary time (tau / beta): 0
───────────────────────────────────────────────────
 Lattice spacetime coordinate (ID #1)
 • Position indices: (29, 1)
 • Rescaled imaginary time (tau / beta): 0.198857
───────────────────────────────────────────────────
 Lattice spacetime coordinate (ID #2)
 • Position indices: (29, 1)
 • Rescaled imaginary time (tau / beta): 0.730089
───────────────────────────────────────────────────
 Lattice spacetime coordinate (ID #3)
 • Position indices: (29, 1)
 • Rescaled imaginary time (tau / beta): 0.730089
───────────────────────────────────────────────────
 Lattice spacetime coordinate (ID #4)
 • Position indices: (29, 1)
 • Rescaled imaginary time (tau / beta): 0.675443
───────────────────────────────────────────────────
 Lattice spacetime coordinate (ID #5)
 • Position indices: (29, 1)
 • Rescaled imaginary time (tau / beta): 0.675443
───────────────────────────────────────────────────

Diagram pool size: 5
Diagram pool fermion loop numbers: ( 2 2 2 2 2 )
Constraints on spacetime coordinates: [x x x 2 x 4]

Subspace saved counts:	[666226 5233774]
Subspace saved ratios:	[0.11292 0.88708]
Subspace average measured signs:	[1 -0.0694466]

Current weight:	-1.32e-06
Current total acceptance ratio:	0.103281
Current average ascend ratio:	0.00547305
Current average descend ratio:	0.00547305
Current average mutate ratio:	0.0923351

════════════════════
 MC step #7000000
════════════════════

In subspace: [V_0 V_3]
                   ^   
───────────────────────────────────────────────────
 Lattice spacetime coordinate (ID #0)
 • Position indices: (0, 0)
 • Rescaled imaginary time (tau / beta): 0
───────────────────────────────────────────────────
 Lattice spacetime coordinate (ID #1)
 • Position indices: (4, 26)
 • Rescaled imaginary time (tau / beta): 0.267491
───────────────────────────────────────────────────
 Lattice spacetime coordinate (ID #2)
 • Position indices: (29, 1)
 • Rescaled imaginary time (tau / beta): 0.160491
───────────────────────────────────────────────────
 Lattice spacetime coordinate (ID #3)
 • Position indices: (29, 1)
 • Rescaled imaginary time (tau / beta): 0.160491
───────────────────────────────────────────────────
 Lattice spacetime coordinate (ID #4)
 • Position indices: (29, 1)
 • Rescaled imaginary time (tau / beta): 0.174508
───────────────────────────────────────────────────
 Lattice spacetime coordinate (ID #5)
 • Position indices: (29, 1)
 • Rescaled imaginary time (tau / beta): 0.174508
───────────────────────────────────────────────────

Diagram pool size: 5
Diagram pool fermion loop numbers: ( 2 2 2 2 2 )
Constraints on spacetime coordinates: [x x x 2 x 4]

Subspace saved counts:	[769274 6130726]
Subspace saved ratios:	[0.111489 0.888511]
Subspace average measured signs:	[1 -0.0688555]

Current weight:	-1.64381e-07
Current total acceptance ratio:	0.103278
Current average ascend ratio:	0.00540507
Current average descend ratio:	0.00540507
Current average mutate ratio:	0.0924678

════════════════════
 MC step #8000000
════════════════════

In subspace: [V_0 V_3]
                   ^   
───────────────────────────────────────────────────
 Lattice spacetime coordinate (ID #0)
 • Position indices: (0, 0)
 • Rescaled imaginary time (tau / beta): 0
───────────────────────────────────────────────────
 Lattice spacetime coordinate (ID #1)
 • Position indices: (3, 0)
 • Rescaled imaginary time (tau / beta): 0.0284834
───────────────────────────────────────────────────
 Lattice spacetime coordinate (ID #2)
 • Position indices: (3, 29)
 • Rescaled imaginary time (tau / beta): 0.0740924
───────────────────────────────────────────────────
 Lattice spacetime coordinate (ID #3)
 • Position indices: (3, 29)
 • Rescaled imaginary time (tau / beta): 0.0740924
───────────────────────────────────────────────────
 Lattice spacetime coordinate (ID #4)
 • Position indices: (4, 29)
 • Rescaled imaginary time (tau / beta): 0.0300094
───────────────────────────────────────────────────
 Lattice spacetime coordinate (ID #5)
 • Position indices: (4, 29)
 • Rescaled imaginary time (tau / beta): 0.0300094
───────────────────────────────────────────────────

Diagram pool size: 5
Diagram pool fermion loop numbers: ( 2 2 2 2 2 )
Constraints on spacetime coordinates: [x x x 2 x 4]

Subspace saved counts:	[880910 7019090]
Subspace saved ratios:	[0.111508 0.888492]
Subspace average measured signs:	[1 -0.0702704]

Current weight:	-1.09459e-08
Current total acceptance ratio:	0.103135
Current average ascend ratio:	0.00540177
Current average descend ratio:	0.00540177
Current average mutate ratio:	0.0923319

════════════════════
 MC step #9000000
════════════════════

In subspace: [V_0 V_3]
                   ^   
───────────────────────────────────────────────────
 Lattice spacetime coordinate (ID #0)
 • Position indices: (0, 0)
 • Rescaled imaginary time (tau / beta): 0
───────────────────────────────────────────────────
 Lattice spacetime coordinate (ID #1)
 • Position indices: (28, 29)
 • Rescaled imaginary time (tau / beta): 0.0120261
───────────────────────────────────────────────────
 Lattice spacetime coordinate (ID #2)
 • Position indices: (27, 27)
 • Rescaled imaginary time (tau / beta): 0.10096
───────────────────────────────────────────────────
 Lattice spacetime coordinate (ID #3)
 • Position indices: (27, 27)
 • Rescaled imaginary time (tau / beta): 0.10096
───────────────────────────────────────────────────
 Lattice spacetime coordinate (ID #4)
 • Position indices: (27, 28)
 • Rescaled imaginary time (tau / beta): 0.086192
───────────────────────────────────────────────────
 Lattice spacetime coordinate (ID #5)
 • Position indices: (27, 28)
 • Rescaled imaginary time (tau / beta): 0.086192
───────────────────────────────────────────────────

Diagram pool size: 5
Diagram pool fermion loop numbers: ( 2 2 2 2 2 )
Constraints on spacetime coordinates: [x x x 2 x 4]

Subspace saved counts:	[970378 7929622]
Subspace saved ratios:	[0.109031 0.890969]
Subspace average measured signs:	[1 -0.0690749]

Current weight:	7.41192e-07
Current total acceptance ratio:	0.103203
Current average ascend ratio:	0.00527753
Current average descend ratio:	0.00527753
Current average mutate ratio:	0.0926481

════════════════════
 MC step #10000000
════════════════════

In subspace: [V_0 V_3]
                   ^   
───────────────────────────────────────────────────
 Lattice spacetime coordinate (ID #0)
 • Position indices: (0, 0)
 • Rescaled imaginary time (tau / beta): 0
───────────────────────────────────────────────────
 Lattice spacetime coordinate (ID #1)
 • Position indices: (1, 1)
 • Rescaled imaginary time (tau / beta): 0.237515
───────────────────────────────────────────────────
 Lattice spacetime coordinate (ID #2)
 • Position indices: (26, 27)
 • Rescaled imaginary time (tau / beta): 0.09111
───────────────────────────────────────────────────
 Lattice spacetime coordinate (ID #3)
 • Position indices: (26, 27)
 • Rescaled imaginary time (tau / beta): 0.09111
───────────────────────────────────────────────────
 Lattice spacetime coordinate (ID #4)
 • Position indices: (26, 27)
 • Rescaled imaginary time (tau / beta): 0.176597
───────────────────────────────────────────────────
 Lattice spacetime coordinate (ID #5)
 • Position indices: (26, 27)
 • Rescaled imaginary time (tau / beta): 0.176597
───────────────────────────────────────────────────

Diagram pool size: 5
Diagram pool fermion loop numbers: ( 2 2 2 2 2 )
Constraints on spacetime coordinates: [x x x 2 x 4]

Subspace saved counts:	[1093986 8806014]
Subspace saved ratios:	[0.110504 0.889496]
Subspace average measured signs:	[1 -0.0685402]

Current weight:	1.20701e-07
Current total acceptance ratio:	0.103204
Current average ascend ratio:	0.00534151
Current average descend ratio:	0.00534151
Current average mutate ratio:	0.0925211

════════════════════
 MC step #11000000
════════════════════

In subspace: [V_0 V_3]
                   ^   
───────────────────────────────────────────────────
 Lattice spacetime coordinate (ID #0)
 • Position indices: (0, 0)
 • Rescaled imaginary time (tau / beta): 0
───────────────────────────────────────────────────
 Lattice spacetime coordinate (ID #1)
 • Position indices: (29, 29)
 • Rescaled imaginary time (tau / beta): 0.135262
───────────────────────────────────────────────────
 Lattice spacetime coordinate (ID #2)
 • Position indices: (29, 29)
 • Rescaled imaginary time (tau / beta): 0.168323
───────────────────────────────────────────────────
 Lattice spacetime coordinate (ID #3)
 • Position indices: (29, 29)
 • Rescaled imaginary time (tau / beta): 0.168323
───────────────────────────────────────────────────
 Lattice spacetime coordinate (ID #4)
 • Position indices: (29, 29)
 • Rescaled imaginary time (tau / beta): 0.174289
───────────────────────────────────────────────────
 Lattice spacetime coordinate (ID #5)
 • Position indices: (29, 29)
 • Rescaled imaginary time (tau / beta): 0.174289
───────────────────────────────────────────────────

Diagram pool size: 5
Diagram pool fermion loop numbers: ( 2 2 2 2 2 )
Constraints on spacetime coordinates: [x x x 2 x 4]

Subspace saved counts:	[1217049 9682951]
Subspace saved ratios:	[0.111656 0.888344]
Subspace average measured signs:	[1 -0.0707566]

Current weight:	-0.00011529
Current total acceptance ratio:	0.10307
Current average ascend ratio:	0.00539816
Current average descend ratio:	0.00539816
Current average mutate ratio:	0.0922737

════════════════════
 MC step #12000000
════════════════════

In subspace: [V_0 V_3]
               ^       
Diagram pool size: 1
Diagram pool fermion loop numbers: ( 0 )
Constraints on spacetime coordinates: [x x x 2 x 4]

Subspace saved counts:	[1336330 10563670]
Subspace saved ratios:	[0.112297 0.887703]
Subspace average measured signs:	[1 -0.0695476]

Current weight:	0.066964
Current total acceptance ratio:	0.103151
Current average ascend ratio:	0.00543042
Current average descend ratio:	0.0054305
Current average mutate ratio:	0.0922897

════════════════════
 MC step #13000000
════════════════════

In subspace: [V_0 V_3]
                   ^   
───────────────────────────────────────────────────
 Lattice spacetime coordinate (ID #0)
 • Position indices: (0, 0)
 • Rescaled imaginary time (tau / beta): 0
───────────────────────────────────────────────────
 Lattice spacetime coordinate (ID #1)
 • Position indices: (0, 0)
 • Rescaled imaginary time (tau / beta): 0.881541
───────────────────────────────────────────────────
 Lattice spacetime coordinate (ID #2)
 • Position indices: (0, 0)
 • Rescaled imaginary time (tau / beta): 0.858049
───────────────────────────────────────────────────
 Lattice spacetime coordinate (ID #3)
 • Position indices: (0, 0)
 • Rescaled imaginary time (tau / beta): 0.858049
───────────────────────────────────────────────────
 Lattice spacetime coordinate (ID #4)
 • Position indices: (29, 0)
 • Rescaled imaginary time (tau / beta): 0.878637
───────────────────────────────────────────────────
 Lattice spacetime coordinate (ID #5)
 • Position indices: (29, 0)
 • Rescaled imaginary time (tau / beta): 0.878637
───────────────────────────────────────────────────

Diagram pool size: 5
Diagram pool fermion loop numbers: ( 2 2 2 2 2 )
Constraints on spacetime coordinates: [x x x 2 x 4]

Subspace saved counts:	[1462525 11437475]
Subspace saved ratios:	[0.113374 0.886626]
Subspace average measured signs:	[1 -0.0716484]

Current weight:	-1.68433e-05
Current total acceptance ratio:	0.103096
Current average ascend ratio:	0.00548124
Current average descend ratio:	0.00548124
Current average mutate ratio:	0.0921335

════════════════════
 MC step #14000000
════════════════════

In subspace: [V_0 V_3]
                   ^   
───────────────────────────────────────────────────
 Lattice spacetime coordinate (ID #0)
 • Position indices: (0, 0)
 • Rescaled imaginary time (tau / beta): 0
───────────────────────────────────────────────────
 Lattice spacetime coordinate (ID #1)
 • Position indices: (29, 27)
 • Rescaled imaginary time (tau / beta): 0.871761
───────────────────────────────────────────────────
 Lattice spacetime coordinate (ID #2)
 • Position indices: (2, 0)
 • Rescaled imaginary time (tau / beta): 0.0855664
───────────────────────────────────────────────────
 Lattice spacetime coordinate (ID #3)
 • Position indices: (2, 0)
 • Rescaled imaginary time (tau / beta): 0.0855664
───────────────────────────────────────────────────
 Lattice spacetime coordinate (ID #4)
 • Position indices: (2, 29)
 • Rescaled imaginary time (tau / beta): 0.033615
───────────────────────────────────────────────────
 Lattice spacetime coordinate (ID #5)
 • Position indices: (2, 29)
 • Rescaled imaginary time (tau / beta): 0.033615
───────────────────────────────────────────────────

Diagram pool size: 5
Diagram pool fermion loop numbers: ( 2 2 2 2 2 )
Constraints on spacetime coordinates: [x x x 2 x 4]

Subspace saved counts:	[1588772 12311228]
Subspace saved ratios:	[0.1143 0.8857]
Subspace average measured signs:	[1 -0.0701113]

Current weight:	-2.98813e-09
Current total acceptance ratio:	0.103006
Current average ascend ratio:	0.00552583
Current average descend ratio:	0.00552583
Current average mutate ratio:	0.0919541

════════════════════
 MC step #15000000
════════════════════

In subspace: [V_0 V_3]
                   ^   
───────────────────────────────────────────────────
 Lattice spacetime coordinate (ID #0)
 • Position indices: (0, 0)
 • Rescaled imaginary time (tau / beta): 0
───────────────────────────────────────────────────
 Lattice spacetime coordinate (ID #1)
 • Position indices: (27, 27)
 • Rescaled imaginary time (tau / beta): 0.572889
───────────────────────────────────────────────────
 Lattice spacetime coordinate (ID #2)
 • Position indices: (0, 0)
 • Rescaled imaginary time (tau / beta): 0.498361
───────────────────────────────────────────────────
 Lattice spacetime coordinate (ID #3)
 • Position indices: (0, 0)
 • Rescaled imaginary time (tau / beta): 0.498361
───────────────────────────────────────────────────
 Lattice spacetime coordinate (ID #4)
 • Position indices: (0, 0)
 • Rescaled imaginary time (tau / beta): 0.580755
───────────────────────────────────────────────────
 Lattice spacetime coordinate (ID #5)
 • Position indices: (0, 0)
 • Rescaled imaginary time (tau / beta): 0.580755
───────────────────────────────────────────────────

Diagram pool size: 5
Diagram pool fermion loop numbers: ( 2 2 2 2 2 )
Constraints on spacetime coordinates: [x x x 2 x 4]

Subspace saved counts:	[1711078 13188922]
Subspace saved ratios:	[0.114837 0.885162]
Subspace average measured signs:	[1 -0.0700427]

Current weight:	-5.01376e-07
Current total acceptance ratio:	0.10304
Current average ascend ratio:	0.00555785
Current average descend ratio:	0.00555785
Current average mutate ratio:	0.091924

════════════════════
 MC step #16000000
════════════════════

In subspace: [V_0 V_3]
                   ^   
───────────────────────────────────────────────────
 Lattice spacetime coordinate (ID #0)
 • Position indices: (0, 0)
 • Rescaled imaginary time (tau / beta): 0
───────────────────────────────────────────────────
 Lattice spacetime coordinate (ID #1)
 • Position indices: (23, 24)
 • Rescaled imaginary time (tau / beta): 0.0784904
───────────────────────────────────────────────────
 Lattice spacetime coordinate (ID #2)
 • Position indices: (26, 27)
 • Rescaled imaginary time (tau / beta): 0.460449
───────────────────────────────────────────────────
 Lattice spacetime coordinate (ID #3)
 • Position indices: (26, 27)
 • Rescaled imaginary time (tau / beta): 0.460449
───────────────────────────────────────────────────
 Lattice spacetime coordinate (ID #4)
 • Position indices: (26, 27)
 • Rescaled imaginary time (tau / beta): 0.55281
───────────────────────────────────────────────────
 Lattice spacetime coordinate (ID #5)
 • Position indices: (26, 27)
 • Rescaled imaginary time (tau / beta): 0.55281
───────────────────────────────────────────────────

Diagram pool size: 5
Diagram pool fermion loop numbers: ( 2 2 2 2 2 )
Constraints on spacetime coordinates: [x x x 2 x 4]

Subspace saved counts:	[1827320 14072680]
Subspace saved ratios:	[0.114926 0.885074]
Subspace average measured signs:	[1 -0.0678329]

Current weight:	8.55991e-09
Current total acceptance ratio:	0.102972
Current average ascend ratio:	0.00556013
Current average descend ratio:	0.00556013
Current average mutate ratio:	0.0918516

════════════════════
 MC step #17000000
════════════════════

In subspace: [V_0 V_3]
                   ^   
───────────────────────────────────────────────────
 Lattice spacetime coordinate (ID #0)
 • Position indices: (0, 0)
 • Rescaled imaginary time (tau / beta): 0
───────────────────────────────────────────────────
 Lattice spacetime coordinate (ID #1)
 • Position indices: (12, 11)
 • Rescaled imaginary time (tau / beta): 0.14676
───────────────────────────────────────────────────
 Lattice spacetime coordinate (ID #2)
 • Position indices: (12, 13)
 • Rescaled imaginary time (tau / beta): 0.231277
───────────────────────────────────────────────────
 Lattice spacetime coordinate (ID #3)
 • Position indices: (12, 13)
 • Rescaled imaginary time (tau / beta): 0.231277
───────────────────────────────────────────────────
 Lattice spacetime coordinate (ID #4)
 • Position indices: (11, 12)
 • Rescaled imaginary time (tau / beta): 0.174801
───────────────────────────────────────────────────
 Lattice spacetime coordinate (ID #5)
 • Position indices: (11, 12)
 • Rescaled imaginary time (tau / beta): 0.174801
───────────────────────────────────────────────────

Diagram pool size: 5
Diagram pool fermion loop numbers: ( 2 2 2 2 2 )
Constraints on spacetime coordinates: [x x x 2 x 4]

Subspace saved counts:	[1941714 14958286]
Subspace saved ratios:	[0.114894 0.885106]
Subspace average measured signs:	[1 -0.0674649]

Current weight:	8.71624e-11
Current total acceptance ratio:	0.103007
Current average ascend ratio:	0.00555047
Current average descend ratio:	0.00555047
Current average mutate ratio:	0.0919063

════════════════════
 MC step #18000000
════════════════════

In subspace: [V_0 V_3]
                   ^   
───────────────────────────────────────────────────
 Lattice spacetime coordinate (ID #0)
 • Position indices: (0, 0)
 • Rescaled imaginary time (tau / beta): 0
───────────────────────────────────────────────────
 Lattice spacetime coordinate (ID #1)
 • Position indices: (23, 27)
 • Rescaled imaginary time (tau / beta): 0.426472
───────────────────────────────────────────────────
 Lattice spacetime coordinate (ID #2)
 • Position indices: (22, 24)
 • Rescaled imaginary time (tau / beta): 0.334213
───────────────────────────────────────────────────
 Lattice spacetime coordinate (ID #3)
 • Position indices: (22, 24)
 • Rescaled imaginary time (tau / beta): 0.334213
───────────────────────────────────────────────────
 Lattice spacetime coordinate (ID #4)
 • Position indices: (21, 24)
 • Rescaled imaginary time (tau / beta): 0.346534
───────────────────────────────────────────────────
 Lattice spacetime coordinate (ID #5)
 • Position indices: (21, 24)
 • Rescaled imaginary time (tau / beta): 0.346534
───────────────────────────────────────────────────

Diagram pool size: 5
Diagram pool fermion loop numbers: ( 2 2 2 2 2 )
Constraints on spacetime coordinates: [x x x 2 x 4]

Subspace saved counts:	[2052098 15847902]
Subspace saved ratios:	[0.114642 0.885358]
Subspace average measured signs:	[1 -0.0680813]

Current weight:	1.92071e-09
Current total acceptance ratio:	0.103039
Current average ascend ratio:	0.00553318
Current average descend ratio:	0.00553318
Current average mutate ratio:	0.0919729

════════════════════
 MC step #19000000
════════════════════

In subspace: [V_0 V_3]
                   ^   
───────────────────────────────────────────────────
 Lattice spacetime coordinate (ID #0)
 • Position indices: (0, 0)
 • Rescaled imaginary time (tau / beta): 0
───────────────────────────────────────────────────
 Lattice spacetime coordinate (ID #1)
 • Position indices: (28, 27)
 • Rescaled imaginary time (tau / beta): 0.946752
───────────────────────────────────────────────────
 Lattice spacetime coordinate (ID #2)
 • Position indices: (1, 28)
 • Rescaled imaginary time (tau / beta): 0.165279
───────────────────────────────────────────────────
 Lattice spacetime coordinate (ID #3)
 • Position indices: (1, 28)
 • Rescaled imaginary time (tau / beta): 0.165279
───────────────────────────────────────────────────
 Lattice spacetime coordinate (ID #4)
 • Position indices: (0, 26)
 • Rescaled imaginary time (tau / beta): 0.143954
───────────────────────────────────────────────────
 Lattice spacetime coordinate (ID #5)
 • Position indices: (0, 26)
 • Rescaled imaginary time (tau / beta): 0.143954
───────────────────────────────────────────────────

Diagram pool size: 5
Diagram pool fermion loop numbers: ( 2 2 2 2 2 )
Constraints on spacetime coordinates: [x x x 2 x 4]

Subspace saved counts:	[2171209 16728791]
Subspace saved ratios:	[0.114879 0.885121]
Subspace average measured signs:	[1 -0.067839]

Current weight:	-3.59542e-09
Current total acceptance ratio:	0.103065
Current average ascend ratio:	0.0055446
Current average descend ratio:	0.0055446
Current average mutate ratio:	0.0919757

════════════════════
 MC step #20000000
════════════════════

In subspace: [V_0 V_3]
                   ^   
───────────────────────────────────────────────────
 Lattice spacetime coordinate (ID #0)
 • Position indices: (0, 0)
 • Rescaled imaginary time (tau / beta): 0
───────────────────────────────────────────────────
 Lattice spacetime coordinate (ID #1)
 • Position indices: (3, 27)
 • Rescaled imaginary time (tau / beta): 0.126768
───────────────────────────────────────────────────
 Lattice spacetime coordinate (ID #2)
 • Position indices: (2, 0)
 • Rescaled imaginary time (tau / beta): 0.211994
───────────────────────────────────────────────────
 Lattice spacetime coordinate (ID #3)
 • Position indices: (2, 0)
 • Rescaled imaginary time (tau / beta): 0.211994
───────────────────────────────────────────────────
 Lattice spacetime coordinate (ID #4)
 • Position indices: (4, 27)
 • Rescaled imaginary time (tau / beta): 0.260006
───────────────────────────────────────────────────
 Lattice spacetime coordinate (ID #5)
 • Position indices: (4, 27)
 • Rescaled imaginary time (tau / beta): 0.260006
───────────────────────────────────────────────────

Diagram pool size: 5
Diagram pool fermion loop numbers: ( 2 2 2 2 2 )
Constraints on spacetime coordinates: [x x x 2 x 4]

Subspace saved counts:	[2279269 17620731]
Subspace saved ratios:	[0.114536 0.885464]
Subspace average measured signs:	[1 -0.0691428]

Current weight:	3.35234e-10
Current total acceptance ratio:	0.10312
Current average ascend ratio:	0.00552824
Current average descend ratio:	0.00552824
Current average mutate ratio:	0.0920639

════════════════════
 MC step #21000000
════════════════════

In subspace: [V_0 V_3]
                   ^   
───────────────────────────────────────────────────
 Lattice spacetime coordinate (ID #0)
 • Position indices: (0, 0)
 • Rescaled imaginary time (tau / beta): 0
───────────────────────────────────────────────────
 Lattice spacetime coordinate (ID #1)
 • Position indices: (27, 2)
 • Rescaled imaginary time (tau / beta): 0.217627
───────────────────────────────────────────────────
 Lattice spacetime coordinate (ID #2)
 • Position indices: (27, 2)
 • Rescaled imaginary time (tau / beta): 0.948443
───────────────────────────────────────────────────
 Lattice spacetime coordinate (ID #3)
 • Position indices: (27, 2)
 • Rescaled imaginary time (tau / beta): 0.948443
───────────────────────────────────────────────────
 Lattice spacetime coordinate (ID #4)
 • Position indices: (27, 2)
 • Rescaled imaginary time (tau / beta): 0.00487256
───────────────────────────────────────────────────
 Lattice spacetime coordinate (ID #5)
 • Position indices: (27, 2)
 • Rescaled imaginary time (tau / beta): 0.00487256
───────────────────────────────────────────────────

Diagram pool size: 5
Diagram pool fermion loop numbers: ( 2 2 2 2 2 )
Constraints on spacetime coordinates: [x x x 2 x 4]

Subspace saved counts:	[2403571 18496429]
Subspace saved ratios:	[0.115003 0.884997]
Subspace average measured signs:	[1 -0.0691025]

Current weight:	1.47433e-06
Current total acceptance ratio:	0.103183
Current average ascend ratio:	0.00555531
Current average descend ratio:	0.00555531
Current average mutate ratio:	0.0920719

════════════════════
 MC step #22000000
════════════════════

In subspace: [V_0 V_3]
                   ^   
───────────────────────────────────────────────────
 Lattice spacetime coordinate (ID #0)
 • Position indices: (0, 0)
 • Rescaled imaginary time (tau / beta): 0
───────────────────────────────────────────────────
 Lattice spacetime coordinate (ID #1)
 • Position indices: (28, 28)
 • Rescaled imaginary time (tau / beta): 0.811584
───────────────────────────────────────────────────
 Lattice spacetime coordinate (ID #2)
 • Position indices: (1, 29)
 • Rescaled imaginary time (tau / beta): 0.882276
───────────────────────────────────────────────────
 Lattice spacetime coordinate (ID #3)
 • Position indices: (1, 29)
 • Rescaled imaginary time (tau / beta): 0.882276
───────────────────────────────────────────────────
 Lattice spacetime coordinate (ID #4)
 • Position indices: (1, 29)
 • Rescaled imaginary time (tau / beta): 0.0159614
───────────────────────────────────────────────────
 Lattice spacetime coordinate (ID #5)
 • Position indices: (1, 29)
 • Rescaled imaginary time (tau / beta): 0.0159614
───────────────────────────────────────────────────

Diagram pool size: 5
Diagram pool fermion loop numbers: ( 2 2 2 2 2 )
Constraints on spacetime coordinates: [x x x 2 x 4]

Subspace saved counts:	[2505316 19394684]
Subspace saved ratios:	[0.114398 0.885602]
Subspace average measured signs:	[1 -0.0691246]

Current weight:	6.95516e-08
Current total acceptance ratio:	0.103252
Current average ascend ratio:	0.00552356
Current average descend ratio:	0.00552356
Current average mutate ratio:	0.0922052

════════════════════
 MC step #23000000
════════════════════

In subspace: [V_0 V_3]
                   ^   
───────────────────────────────────────────────────
 Lattice spacetime coordinate (ID #0)
 • Position indices: (0, 0)
 • Rescaled imaginary time (tau / beta): 0
───────────────────────────────────────────────────
 Lattice spacetime coordinate (ID #1)
 • Position indices: (2, 2)
 • Rescaled imaginary time (tau / beta): 0.108825
───────────────────────────────────────────────────
 Lattice spacetime coordinate (ID #2)
 • Position indices: (1, 2)
 • Rescaled imaginary time (tau / beta): 0.117538
───────────────────────────────────────────────────
 Lattice spacetime coordinate (ID #3)
 • Position indices: (1, 2)
 • Rescaled imaginary time (tau / beta): 0.117538
───────────────────────────────────────────────────
 Lattice spacetime coordinate (ID #4)
 • Position indices: (2, 2)
 • Rescaled imaginary time (tau / beta): 0.116206
───────────────────────────────────────────────────
 Lattice spacetime coordinate (ID #5)
 • Position indices: (2, 2)
 • Rescaled imaginary time (tau / beta): 0.116206
───────────────────────────────────────────────────

Diagram pool size: 5
Diagram pool fermion loop numbers: ( 2 2 2 2 2 )
Constraints on spacetime coordinates: [x x x 2 x 4]

Subspace saved counts:	[2614048 20285952]
Subspace saved ratios:	[0.114151 0.885849]
Subspace average measured signs:	[1 -0.0687566]

Current weight:	-3.62606e-06
Current total acceptance ratio:	0.103274
Current average ascend ratio:	0.00551288
Current average descend ratio:	0.00551288
Current average mutate ratio:	0.0922486

════════════════════
 MC step #24000000
════════════════════

In subspace: [V_0 V_3]
                   ^   
───────────────────────────────────────────────────
 Lattice spacetime coordinate (ID #0)
 • Position indices: (0, 0)
 • Rescaled imaginary time (tau / beta): 0
───────────────────────────────────────────────────
 Lattice spacetime coordinate (ID #1)
 • Position indices: (0, 5)
 • Rescaled imaginary time (tau / beta): 0.816317
───────────────────────────────────────────────────
 Lattice spacetime coordinate (ID #2)
 • Position indices: (0, 6)
 • Rescaled imaginary time (tau / beta): 0.793422
───────────────────────────────────────────────────
 Lattice spacetime coordinate (ID #3)
 • Position indices: (0, 6)
 • Rescaled imaginary time (tau / beta): 0.793422
───────────────────────────────────────────────────
 Lattice spacetime coordinate (ID #4)
 • Position indices: (28, 3)
 • Rescaled imaginary time (tau / beta): 0.871778
───────────────────────────────────────────────────
 Lattice spacetime coordinate (ID #5)
 • Position indices: (28, 3)
 • Rescaled imaginary time (tau / beta): 0.871778
───────────────────────────────────────────────────

Diagram pool size: 5
Diagram pool fermion loop numbers: ( 2 2 2 2 2 )
Constraints on spacetime coordinates: [x x x 2 x 4]

Subspace saved counts:	[2726100 21173900]
Subspace saved ratios:	[0.114063 0.885937]
Subspace average measured signs:	[1 -0.068315]

Current weight:	7.34111e-10
Current total acceptance ratio:	0.103227
Current average ascend ratio:	0.00550937
Current average descend ratio:	0.00550937
Current average mutate ratio:	0.0922078

════════════════════
 MC step #25000000
════════════════════

In subspace: [V_0 V_3]
               ^       
Diagram pool size: 1
Diagram pool fermion loop numbers: ( 0 )
Constraints on spacetime coordinates: [x x x 2 x 4]

Subspace saved counts:	[2853234 22046766]
Subspace saved ratios:	[0.114588 0.885412]
Subspace average measured signs:	[1 -0.0683435]

Current weight:	0.066964
Current total acceptance ratio:	0.103235
Current average ascend ratio:	0.00553285
Current average descend ratio:	0.00553289
Current average mutate ratio:	0.0921697

════════════════════
 MC step #26000000
════════════════════

In subspace: [V_0 V_3]
                   ^   
───────────────────────────────────────────────────
 Lattice spacetime coordinate (ID #0)
 • Position indices: (0, 0)
 • Rescaled imaginary time (tau / beta): 0
───────────────────────────────────────────────────
 Lattice spacetime coordinate (ID #1)
 • Position indices: (27, 2)
 • Rescaled imaginary time (tau / beta): 0.0243434
───────────────────────────────────────────────────
 Lattice spacetime coordinate (ID #2)
 • Position indices: (27, 2)
 • Rescaled imaginary time (tau / beta): 0.192826
───────────────────────────────────────────────────
 Lattice spacetime coordinate (ID #3)
 • Position indices: (27, 2)
 • Rescaled imaginary time (tau / beta): 0.192826
───────────────────────────────────────────────────
 Lattice spacetime coordinate (ID #4)
 • Position indices: (28, 2)
 • Rescaled imaginary time (tau / beta): 0.164492
───────────────────────────────────────────────────
 Lattice spacetime coordinate (ID #5)
 • Position indices: (28, 2)
 • Rescaled imaginary time (tau / beta): 0.164492
───────────────────────────────────────────────────

Diagram pool size: 5
Diagram pool fermion loop numbers: ( 2 2 2 2 2 )
Constraints on spacetime coordinates: [x x x 2 x 4]

Subspace saved counts:	[2956933 22943067]
Subspace saved ratios:	[0.114167 0.885833]
Subspace average measured signs:	[1 -0.0684196]

Current weight:	-3.21427e-07
Current total acceptance ratio:	0.10318
Current average ascend ratio:	0.00551085
Current average descend ratio:	0.00551085
Current average mutate ratio:	0.0921583

════════════════════
 MC step #27000000
════════════════════

In subspace: [V_0 V_3]
                   ^   
───────────────────────────────────────────────────
 Lattice spacetime coordinate (ID #0)
 • Position indices: (0, 0)
 • Rescaled imaginary time (tau / beta): 0
───────────────────────────────────────────────────
 Lattice spacetime coordinate (ID #1)
 • Position indices: (26, 26)
 • Rescaled imaginary time (tau / beta): 0.521252
───────────────────────────────────────────────────
 Lattice spacetime coordinate (ID #2)
 • Position indices: (0, 0)
 • Rescaled imaginary time (tau / beta): 0.624465
───────────────────────────────────────────────────
 Lattice spacetime coordinate (ID #3)
 • Position indices: (0, 0)
 • Rescaled imaginary time (tau / beta): 0.624465
───────────────────────────────────────────────────
 Lattice spacetime coordinate (ID #4)
 • Position indices: (0, 0)
 • Rescaled imaginary time (tau / beta): 0.0455011
───────────────────────────────────────────────────
 Lattice spacetime coordinate (ID #5)
 • Position indices: (0, 0)
 • Rescaled imaginary time (tau / beta): 0.0455011
───────────────────────────────────────────────────

Diagram pool size: 5
Diagram pool fermion loop numbers: ( 2 2 2 2 2 )
Constraints on spacetime coordinates: [x x x 2 x 4]

Subspace saved counts:	[3072251 23827749]
Subspace saved ratios:	[0.11421 0.88579]
Subspace average measured signs:	[1 -0.0697215]

Current weight:	-3.09384e-08
Current total acceptance ratio:	0.103163
Current average ascend ratio:	0.00551539
Current average descend ratio:	0.00551539
Current average mutate ratio:	0.0921327

════════════════════
 MC step #28000000
════════════════════

In subspace: [V_0 V_3]
                   ^   
───────────────────────────────────────────────────
 Lattice spacetime coordinate (ID #0)
 • Position indices: (0, 0)
 • Rescaled imaginary time (tau / beta): 0
───────────────────────────────────────────────────
 Lattice spacetime coordinate (ID #1)
 • Position indices: (29, 0)
 • Rescaled imaginary time (tau / beta): 0.415181
───────────────────────────────────────────────────
 Lattice spacetime coordinate (ID #2)
 • Position indices: (0, 1)
 • Rescaled imaginary time (tau / beta): 0.0634574
───────────────────────────────────────────────────
 Lattice spacetime coordinate (ID #3)
 • Position indices: (0, 1)
 • Rescaled imaginary time (tau / beta): 0.0634574
───────────────────────────────────────────────────
 Lattice spacetime coordinate (ID #4)
 • Position indices: (0, 1)
 • Rescaled imaginary time (tau / beta): 0.0568652
───────────────────────────────────────────────────
 Lattice spacetime coordinate (ID #5)
 • Position indices: (0, 1)
 • Rescaled imaginary time (tau / beta): 0.0568652
───────────────────────────────────────────────────

Diagram pool size: 5
Diagram pool fermion loop numbers: ( 2 2 2 2 2 )
Constraints on spacetime coordinates: [x x x 2 x 4]

Subspace saved counts:	[3204250 24695750]
Subspace saved ratios:	[0.114848 0.885152]
Subspace average measured signs:	[1 -0.0705338]

Current weight:	2.57292e-06
Current total acceptance ratio:	0.103112
Current average ascend ratio:	0.00554663
Current average descend ratio:	0.00554663
Current average mutate ratio:	0.0920189

════════════════════
 MC step #29000000
════════════════════

In subspace: [V_0 V_3]
               ^       
Diagram pool size: 1
Diagram pool fermion loop numbers: ( 0 )
Constraints on spacetime coordinates: [x x x 2 x 4]

Subspace saved counts:	[3327249 25572751]
Subspace saved ratios:	[0.11513 0.88487]
Subspace average measured signs:	[1 -0.0697544]

Current weight:	0.066964
Current total acceptance ratio:	0.1031
Current average ascend ratio:	0.00555595
Current average descend ratio:	0.00555599
Current average mutate ratio:	0.0919878

════════════════════
 MC step #30000000
════════════════════

In subspace: [V_0 V_3]
                   ^   
───────────────────────────────────────────────────
 Lattice spacetime coordinate (ID #0)
 • Position indices: (0, 0)
 • Rescaled imaginary time (tau / beta): 0
───────────────────────────────────────────────────
 Lattice spacetime coordinate (ID #1)
 • Position indices: (0, 29)
 • Rescaled imaginary time (tau / beta): 0.93446
───────────────────────────────────────────────────
 Lattice spacetime coordinate (ID #2)
 • Position indices: (28, 1)
 • Rescaled imaginary time (tau / beta): 0.00168085
───────────────────────────────────────────────────
 Lattice spacetime coordinate (ID #3)
 • Position indices: (28, 1)
 • Rescaled imaginary time (tau / beta): 0.00168085
───────────────────────────────────────────────────
 Lattice spacetime coordinate (ID #4)
 • Position indices: (29, 29)
 • Rescaled imaginary time (tau / beta): 0.958171
───────────────────────────────────────────────────
 Lattice spacetime coordinate (ID #5)
 • Position indices: (29, 29)
 • Rescaled imaginary time (tau / beta): 0.958171
───────────────────────────────────────────────────

Diagram pool size: 5
Diagram pool fermion loop numbers: ( 2 2 2 2 2 )
Constraints on spacetime coordinates: [x x x 2 x 4]

Subspace saved counts:	[3459686 26440314]
Subspace saved ratios:	[0.115709 0.884291]
Subspace average measured signs:	[1 -0.0699393]

Current weight:	6.36623e-08
Current total acceptance ratio:	0.103052
Current average ascend ratio:	0.00557933
Current average descend ratio:	0.00557933
Current average mutate ratio:	0.091893

════════════════════
 MC step #31000000
════════════════════

In subspace: [V_0 V_3]
                   ^   
───────────────────────────────────────────────────
 Lattice spacetime coordinate (ID #0)
 • Position indices: (0, 0)
 • Rescaled imaginary time (tau / beta): 0
───────────────────────────────────────────────────
 Lattice spacetime coordinate (ID #1)
 • Position indices: (28, 6)
 • Rescaled imaginary time (tau / beta): 0.449508
───────────────────────────────────────────────────
 Lattice spacetime coordinate (ID #2)
 • Position indices: (26, 4)
 • Rescaled imaginary time (tau / beta): 0.796757
───────────────────────────────────────────────────
 Lattice spacetime coordinate (ID #3)
 • Position indices: (26, 4)
 • Rescaled imaginary time (tau / beta): 0.796757
───────────────────────────────────────────────────
 Lattice spacetime coordinate (ID #4)
 • Position indices: (25, 5)
 • Rescaled imaginary time (tau / beta): 0.691549
───────────────────────────────────────────────────
 Lattice spacetime coordinate (ID #5)
 • Position indices: (25, 5)
 • Rescaled imaginary time (tau / beta): 0.691549
───────────────────────────────────────────────────

Diagram pool size: 5
Diagram pool fermion loop numbers: ( 2 2 2 2 2 )
Constraints on spacetime coordinates: [x x x 2 x 4]

Subspace saved counts:	[3571310 27328690]
Subspace saved ratios:	[0.115576 0.884424]
Subspace average measured signs:	[1 -0.0698926]

Current weight:	9.60126e-10
Current total acceptance ratio:	0.103042
Current average ascend ratio:	0.00557275
Current average descend ratio:	0.00557275
Current average mutate ratio:	0.0918964

════════════════════
 MC step #32000000
════════════════════

In subspace: [V_0 V_3]
                   ^   
───────────────────────────────────────────────────
 Lattice spacetime coordinate (ID #0)
 • Position indices: (0, 0)
 • Rescaled imaginary time (tau / beta): 0
───────────────────────────────────────────────────
 Lattice spacetime coordinate (ID #1)
 • Position indices: (29, 29)
 • Rescaled imaginary time (tau / beta): 0.522914
───────────────────────────────────────────────────
 Lattice spacetime coordinate (ID #2)
 • Position indices: (3, 2)
 • Rescaled imaginary time (tau / beta): 0.0907358
───────────────────────────────────────────────────
 Lattice spacetime coordinate (ID #3)
 • Position indices: (3, 2)
 • Rescaled imaginary time (tau / beta): 0.0907358
───────────────────────────────────────────────────
 Lattice spacetime coordinate (ID #4)
 • Position indices: (4, 4)
 • Rescaled imaginary time (tau / beta): 0.283601
───────────────────────────────────────────────────
 Lattice spacetime coordinate (ID #5)
 • Position indices: (4, 4)
 • Rescaled imaginary time (tau / beta): 0.283601
───────────────────────────────────────────────────

Diagram pool size: 5
Diagram pool fermion loop numbers: ( 2 2 2 2 2 )
Constraints on spacetime coordinates: [x x x 2 x 4]

Subspace saved counts:	[3685275 28214725]
Subspace saved ratios:	[0.115526 0.884474]
Subspace average measured signs:	[1 -0.0701976]

Current weight:	1.07535e-10
Current total acceptance ratio:	0.103029
Current average ascend ratio:	0.00556759
Current average descend ratio:	0.00556759
Current average mutate ratio:	0.0918937

════════════════════
 MC step #33000000
════════════════════

In subspace: [V_0 V_3]
                   ^   
───────────────────────────────────────────────────
 Lattice spacetime coordinate (ID #0)
 • Position indices: (0, 0)
 • Rescaled imaginary time (tau / beta): 0
───────────────────────────────────────────────────
 Lattice spacetime coordinate (ID #1)
 • Position indices: (1, 25)
 • Rescaled imaginary time (tau / beta): 0.448393
───────────────────────────────────────────────────
 Lattice spacetime coordinate (ID #2)
 • Position indices: (29, 0)
 • Rescaled imaginary time (tau / beta): 0.850579
───────────────────────────────────────────────────
 Lattice spacetime coordinate (ID #3)
 • Position indices: (29, 0)
 • Rescaled imaginary time (tau / beta): 0.850579
───────────────────────────────────────────────────
 Lattice spacetime coordinate (ID #4)
 • Position indices: (28, 28)
 • Rescaled imaginary time (tau / beta): 0.821341
───────────────────────────────────────────────────
 Lattice spacetime coordinate (ID #5)
 • Position indices: (28, 28)
 • Rescaled imaginary time (tau / beta): 0.821341
───────────────────────────────────────────────────

Diagram pool size: 5
Diagram pool fermion loop numbers: ( 2 2 2 2 2 )
Constraints on spacetime coordinates: [x x x 2 x 4]

Subspace saved counts:	[3816366 29083634]
Subspace saved ratios:	[0.115999 0.884001]
Subspace average measured signs:	[1 -0.0698678]

Current weight:	-5.94896e-10
Current total acceptance ratio:	0.103048
Current average ascend ratio:	0.0055883
Current average descend ratio:	0.0055883
Current average mutate ratio:	0.0918711

════════════════════
 MC step #34000000
════════════════════

In subspace: [V_0 V_3]
               ^       
Diagram pool size: 1
Diagram pool fermion loop numbers: ( 0 )
Constraints on spacetime coordinates: [x x x 2 x 4]

Subspace saved counts:	[3918899 29981101]
Subspace saved ratios:	[0.115602 0.884398]
Subspace average measured signs:	[1 -0.0699318]

Current weight:	0.066964
Current total acceptance ratio:	0.10307
Current average ascend ratio:	0.00556743
Current average descend ratio:	0.00556746
Current average mutate ratio:	0.091935

════════════════════
 MC step #35000000
════════════════════

In subspace: [V_0 V_3]
               ^       
Diagram pool size: 1
Diagram pool fermion loop numbers: ( 0 )
Constraints on spacetime coordinates: [x x x 2 x 4]

Subspace saved counts:	[4024590 30875410]
Subspace saved ratios:	[0.115318 0.884682]
Subspace average measured signs:	[1 -0.0704352]

Current weight:	0.066964
Current total acceptance ratio:	0.103038
Current average ascend ratio:	0.00555722
Current average descend ratio:	0.00555725
Current average mutate ratio:	0.0919233

════════════════════
 MC step #36000000
════════════════════

In subspace: [V_0 V_3]
               ^       
Diagram pool size: 1
Diagram pool fermion loop numbers: ( 0 )
Constraints on spacetime coordinates: [x x x 2 x 4]

Subspace saved counts:	[4138740 31761260]
Subspace saved ratios:	[0.115285 0.884715]
Subspace average measured signs:	[1 -0.0708068]

Current weight:	0.066964
Current total acceptance ratio:	0.103006
Current average ascend ratio:	0.0055554
Current average descend ratio:	0.00555543
Current average mutate ratio:	0.091895

════════════════════
 MC step #37000000
════════════════════

In subspace: [V_0 V_3]
                   ^   
───────────────────────────────────────────────────
 Lattice spacetime coordinate (ID #0)
 • Position indices: (0, 0)
 • Rescaled imaginary time (tau / beta): 0
───────────────────────────────────────────────────
 Lattice spacetime coordinate (ID #1)
 • Position indices: (6, 5)
 • Rescaled imaginary time (tau / beta): 0.776253
───────────────────────────────────────────────────
 Lattice spacetime coordinate (ID #2)
 • Position indices: (9, 8)
 • Rescaled imaginary time (tau / beta): 0.0513431
───────────────────────────────────────────────────
 Lattice spacetime coordinate (ID #3)
 • Position indices: (9, 8)
 • Rescaled imaginary time (tau / beta): 0.0513431
───────────────────────────────────────────────────
 Lattice spacetime coordinate (ID #4)
 • Position indices: (9, 8)
 • Rescaled imaginary time (tau / beta): 0.576491
───────────────────────────────────────────────────
 Lattice spacetime coordinate (ID #5)
 • Position indices: (9, 8)
 • Rescaled imaginary time (tau / beta): 0.576491
───────────────────────────────────────────────────

Diagram pool size: 5
Diagram pool fermion loop numbers: ( 2 2 2 2 2 )
Constraints on spacetime coordinates: [x x x 2 x 4]

Subspace saved counts:	[4267135 32632865]
Subspace saved ratios:	[0.115641 0.884359]
Subspace average measured signs:	[1 -0.0707916]

Current weight:	1.31903e-09
Current total acceptance ratio:	0.103011
Current average ascend ratio:	0.00557355
Current average descend ratio:	0.00557355
Current average mutate ratio:	0.0918639

════════════════════
 MC step #38000000
════════════════════

In subspace: [V_0 V_3]
               ^       
Diagram pool size: 1
Diagram pool fermion loop numbers: ( 0 )
Constraints on spacetime coordinates: [x x x 2 x 4]

Subspace saved counts:	[4375443 33524557]
Subspace saved ratios:	[0.115447 0.884553]
Subspace average measured signs:	[1 -0.0704051]

Current weight:	0.066964
Current total acceptance ratio:	0.103028
Current average ascend ratio:	0.00556467
Current average descend ratio:	0.0055647
Current average mutate ratio:	0.0918989

════════════════════
 MC step #39000000
════════════════════

In subspace: [V_0 V_3]
                   ^   
───────────────────────────────────────────────────
 Lattice spacetime coordinate (ID #0)
 • Position indices: (0, 0)
 • Rescaled imaginary time (tau / beta): 0
───────────────────────────────────────────────────
 Lattice spacetime coordinate (ID #1)
 • Position indices: (25, 26)
 • Rescaled imaginary time (tau / beta): 0.091805
───────────────────────────────────────────────────
 Lattice spacetime coordinate (ID #2)
 • Position indices: (24, 25)
 • Rescaled imaginary time (tau / beta): 0.537905
───────────────────────────────────────────────────
 Lattice spacetime coordinate (ID #3)
 • Position indices: (24, 25)
 • Rescaled imaginary time (tau / beta): 0.537905
───────────────────────────────────────────────────
 Lattice spacetime coordinate (ID #4)
 • Position indices: (24, 25)
 • Rescaled imaginary time (tau / beta): 0.27055
───────────────────────────────────────────────────
 Lattice spacetime coordinate (ID #5)
 • Position indices: (24, 25)
 • Rescaled imaginary time (tau / beta): 0.27055
───────────────────────────────────────────────────

Diagram pool size: 5
Diagram pool fermion loop numbers: ( 2 2 2 2 2 )
Constraints on spacetime coordinates: [x x x 2 x 4]

Subspace saved counts:	[4498524 34401476]
Subspace saved ratios:	[0.115643 0.884357]
Subspace average measured signs:	[1 -0.0703326]

Current weight:	8.88865e-09
Current total acceptance ratio:	0.103022
Current average ascend ratio:	0.00557504
Current average descend ratio:	0.00557504
Current average mutate ratio:	0.0918716

════════════════════
 MC step #40000000
════════════════════

In subspace: [V_0 V_3]
                   ^   
───────────────────────────────────────────────────
 Lattice spacetime coordinate (ID #0)
 • Position indices: (0, 0)
 • Rescaled imaginary time (tau / beta): 0
───────────────────────────────────────────────────
 Lattice spacetime coordinate (ID #1)
 • Position indices: (27, 2)
 • Rescaled imaginary time (tau / beta): 0.0674771
───────────────────────────────────────────────────
 Lattice spacetime coordinate (ID #2)
 • Position indices: (29, 29)
 • Rescaled imaginary time (tau / beta): 0.683575
───────────────────────────────────────────────────
 Lattice spacetime coordinate (ID #3)
 • Position indices: (29, 29)
 • Rescaled imaginary time (tau / beta): 0.683575
───────────────────────────────────────────────────
 Lattice spacetime coordinate (ID #4)
 • Position indices: (0, 29)
 • Rescaled imaginary time (tau / beta): 0.683094
───────────────────────────────────────────────────
 Lattice spacetime coordinate (ID #5)
 • Position indices: (0, 29)
 • Rescaled imaginary time (tau / beta): 0.683094
───────────────────────────────────────────────────

Diagram pool size: 5
Diagram pool fermion loop numbers: ( 2 2 2 2 2 )
Constraints on spacetime coordinates: [x x x 2 x 4]

Subspace saved counts:	[4601547 35298453]
Subspace saved ratios:	[0.115327 0.884673]
Subspace average measured signs:	[1 -0.0709032]

Current weight:	-5.7913e-07
Current total acceptance ratio:	0.103013
Current average ascend ratio:	0.0055598
Current average descend ratio:	0.0055598
Current average mutate ratio:	0.0918929

════════════════════
 MC step #41000000
════════════════════

In subspace: [V_0 V_3]
                   ^   
───────────────────────────────────────────────────
 Lattice spacetime coordinate (ID #0)
 • Position indices: (0, 0)
 • Rescaled imaginary time (tau / beta): 0
───────────────────────────────────────────────────
 Lattice spacetime coordinate (ID #1)
 • Position indices: (1, 2)
 • Rescaled imaginary time (tau / beta): 0.86752
───────────────────────────────────────────────────
 Lattice spacetime coordinate (ID #2)
 • Position indices: (3, 0)
 • Rescaled imaginary time (tau / beta): 0.186104
───────────────────────────────────────────────────
 Lattice spacetime coordinate (ID #3)
 • Position indices: (3, 0)
 • Rescaled imaginary time (tau / beta): 0.186104
───────────────────────────────────────────────────
 Lattice spacetime coordinate (ID #4)
 • Position indices: (2, 29)
 • Rescaled imaginary time (tau / beta): 0.0015764
───────────────────────────────────────────────────
 Lattice spacetime coordinate (ID #5)
 • Position indices: (2, 29)
 • Rescaled imaginary time (tau / beta): 0.0015764
───────────────────────────────────────────────────

Diagram pool size: 5
Diagram pool fermion loop numbers: ( 2 2 2 2 2 )
Constraints on spacetime coordinates: [x x x 2 x 4]

Subspace saved counts:	[4732567 36167433]
Subspace saved ratios:	[0.115711 0.884289]
Subspace average measured signs:	[1 -0.0714238]

Current weight:	-1.97227e-08
Current total acceptance ratio:	0.102994
Current average ascend ratio:	0.00557844
Current average descend ratio:	0.00557844
Current average mutate ratio:	0.0918371

════════════════════
 MC step #42000000
════════════════════

In subspace: [V_0 V_3]
                   ^   
───────────────────────────────────────────────────
 Lattice spacetime coordinate (ID #0)
 • Position indices: (0, 0)
 • Rescaled imaginary time (tau / beta): 0
───────────────────────────────────────────────────
 Lattice spacetime coordinate (ID #1)
 • Position indices: (7, 5)
 • Rescaled imaginary time (tau / beta): 0.628049
───────────────────────────────────────────────────
 Lattice spacetime coordinate (ID #2)
 • Position indices: (7, 6)
 • Rescaled imaginary time (tau / beta): 0.622599
───────────────────────────────────────────────────
 Lattice spacetime coordinate (ID #3)
 • Position indices: (7, 6)
 • Rescaled imaginary time (tau / beta): 0.622599
───────────────────────────────────────────────────
 Lattice spacetime coordinate (ID #4)
 • Position indices: (7, 6)
 • Rescaled imaginary time (tau / beta): 0.680532
───────────────────────────────────────────────────
 Lattice spacetime coordinate (ID #5)
 • Position indices: (7, 6)
 • Rescaled imaginary time (tau / beta): 0.680532
───────────────────────────────────────────────────

Diagram pool size: 5
Diagram pool fermion loop numbers: ( 2 2 2 2 2 )
Constraints on spacetime coordinates: [x x x 2 x 4]

Subspace saved counts:	[4826386 37073614]
Subspace saved ratios:	[0.115188 0.884812]
Subspace average measured signs:	[1 -0.0719407]

Current weight:	4.51913e-08
Current total acceptance ratio:	0.103019
Current average ascend ratio:	0.00555551
Current average descend ratio:	0.00555551
Current average mutate ratio:	0.0919085

════════════════════
 MC step #43000000
════════════════════

In subspace: [V_0 V_3]
                   ^   
───────────────────────────────────────────────────
 Lattice spacetime coordinate (ID #0)
 • Position indices: (0, 0)
 • Rescaled imaginary time (tau / beta): 0
───────────────────────────────────────────────────
 Lattice spacetime coordinate (ID #1)
 • Position indices: (2, 1)
 • Rescaled imaginary time (tau / beta): 0.962294
───────────────────────────────────────────────────
 Lattice spacetime coordinate (ID #2)
 • Position indices: (1, 29)
 • Rescaled imaginary time (tau / beta): 0.0783745
───────────────────────────────────────────────────
 Lattice spacetime coordinate (ID #3)
 • Position indices: (1, 29)
 • Rescaled imaginary time (tau / beta): 0.0783745
───────────────────────────────────────────────────
 Lattice spacetime coordinate (ID #4)
 • Position indices: (1, 29)
 • Rescaled imaginary time (tau / beta): 0.0374573
───────────────────────────────────────────────────
 Lattice spacetime coordinate (ID #5)
 • Position indices: (1, 29)
 • Rescaled imaginary time (tau / beta): 0.0374573
───────────────────────────────────────────────────

Diagram pool size: 5
Diagram pool fermion loop numbers: ( 2 2 2 2 2 )
Constraints on spacetime coordinates: [x x x 2 x 4]

Subspace saved counts:	[4938077 37961923]
Subspace saved ratios:	[0.115107 0.884893]
Subspace average measured signs:	[1 -0.071592]

Current weight:	-2.22017e-06
Current total acceptance ratio:	0.103018
Current average ascend ratio:	0.00555319
Current average descend ratio:	0.00555319
Current average mutate ratio:	0.091912

════════════════════
 MC step #44000000
════════════════════

In subspace: [V_0 V_3]
                   ^   
───────────────────────────────────────────────────
 Lattice spacetime coordinate (ID #0)
 • Position indices: (0, 0)
 • Rescaled imaginary time (tau / beta): 0
───────────────────────────────────────────────────
 Lattice spacetime coordinate (ID #1)
 • Position indices: (26, 4)
 • Rescaled imaginary time (tau / beta): 0.309471
───────────────────────────────────────────────────
 Lattice spacetime coordinate (ID #2)
 • Position indices: (25, 2)
 • Rescaled imaginary time (tau / beta): 0.259142
───────────────────────────────────────────────────
 Lattice spacetime coordinate (ID #3)
 • Position indices: (25, 2)
 • Rescaled imaginary time (tau / beta): 0.259142
───────────────────────────────────────────────────
 Lattice spacetime coordinate (ID #4)
 • Position indices: (25, 2)
 • Rescaled imaginary time (tau / beta): 0.329666
───────────────────────────────────────────────────
 Lattice spacetime coordinate (ID #5)
 • Position indices: (25, 2)
 • Rescaled imaginary time (tau / beta): 0.329666
───────────────────────────────────────────────────

Diagram pool size: 5
Diagram pool fermion loop numbers: ( 2 2 2 2 2 )
Constraints on spacetime coordinates: [x x x 2 x 4]

Subspace saved counts:	[5054806 38845194]
Subspace saved ratios:	[0.115144 0.884856]
Subspace average measured signs:	[1 -0.071854]

Current weight:	-5.02284e-08
Current total acceptance ratio:	0.103032
Current average ascend ratio:	0.00555303
Current average descend ratio:	0.00555303
Current average mutate ratio:	0.0919261

════════════════════
 MC step #45000000
════════════════════

In subspace: [V_0 V_3]
                   ^   
───────────────────────────────────────────────────
 Lattice spacetime coordinate (ID #0)
 • Position indices: (0, 0)
 • Rescaled imaginary time (tau / beta): 0
───────────────────────────────────────────────────
 Lattice spacetime coordinate (ID #1)
 • Position indices: (27, 4)
 • Rescaled imaginary time (tau / beta): 0.824106
───────────────────────────────────────────────────
 Lattice spacetime coordinate (ID #2)
 • Position indices: (1, 28)
 • Rescaled imaginary time (tau / beta): 0.147014
───────────────────────────────────────────────────
 Lattice spacetime coordinate (ID #3)
 • Position indices: (1, 28)
 • Rescaled imaginary time (tau / beta): 0.147014
───────────────────────────────────────────────────
 Lattice spacetime coordinate (ID #4)
 • Position indices: (1, 28)
 • Rescaled imaginary time (tau / beta): 0.972486
───────────────────────────────────────────────────
 Lattice spacetime coordinate (ID #5)
 • Position indices: (1, 28)
 • Rescaled imaginary time (tau / beta): 0.972486
───────────────────────────────────────────────────

Diagram pool size: 5
Diagram pool fermion loop numbers: ( 2 2 2 2 2 )
Constraints on spacetime coordinates: [x x x 2 x 4]

Subspace saved counts:	[5168095 39731905]
Subspace saved ratios:	[0.115102 0.884898]
Subspace average measured signs:	[1 -0.0715615]

Current weight:	-7.00971e-09
Current total acceptance ratio:	0.103033
Current average ascend ratio:	0.00554744
Current average descend ratio:	0.00554744
Current average mutate ratio:	0.0919378

════════════════════
 MC step #46000000
════════════════════

In subspace: [V_0 V_3]
                   ^   
───────────────────────────────────────────────────
 Lattice spacetime coordinate (ID #0)
 • Position indices: (0, 0)
 • Rescaled imaginary time (tau / beta): 0
───────────────────────────────────────────────────
 Lattice spacetime coordinate (ID #1)
 • Position indices: (0, 2)
 • Rescaled imaginary time (tau / beta): 0.925308
───────────────────────────────────────────────────
 Lattice spacetime coordinate (ID #2)
 • Position indices: (1, 2)
 • Rescaled imaginary time (tau / beta): 0.00130819
───────────────────────────────────────────────────
 Lattice spacetime coordinate (ID #3)
 • Position indices: (1, 2)
 • Rescaled imaginary time (tau / beta): 0.00130819
───────────────────────────────────────────────────
 Lattice spacetime coordinate (ID #4)
 • Position indices: (1, 2)
 • Rescaled imaginary time (tau / beta): 0.0420842
───────────────────────────────────────────────────
 Lattice spacetime coordinate (ID #5)
 • Position indices: (1, 2)
 • Rescaled imaginary time (tau / beta): 0.0420842
───────────────────────────────────────────────────

Diagram pool size: 5
Diagram pool fermion loop numbers: ( 2 2 2 2 2 )
Constraints on spacetime coordinates: [x x x 2 x 4]

Subspace saved counts:	[5285340 40614660]
Subspace saved ratios:	[0.115149 0.884851]
Subspace average measured signs:	[1 -0.0714131]

Current weight:	-2.69686e-07
Current total acceptance ratio:	0.103049
Current average ascend ratio:	0.00555009
Current average descend ratio:	0.00555009
Current average mutate ratio:	0.0919487

════════════════════
 MC step #47000000
════════════════════

In subspace: [V_0 V_3]
                   ^   
───────────────────────────────────────────────────
 Lattice spacetime coordinate (ID #0)
 • Position indices: (0, 0)
 • Rescaled imaginary time (tau / beta): 0
───────────────────────────────────────────────────
 Lattice spacetime coordinate (ID #1)
 • Position indices: (0, 0)
 • Rescaled imaginary time (tau / beta): 0.438613
───────────────────────────────────────────────────
 Lattice spacetime coordinate (ID #2)
 • Position indices: (0, 0)
 • Rescaled imaginary time (tau / beta): 0.937135
───────────────────────────────────────────────────
 Lattice spacetime coordinate (ID #3)
 • Position indices: (0, 0)
 • Rescaled imaginary time (tau / beta): 0.937135
───────────────────────────────────────────────────
 Lattice spacetime coordinate (ID #4)
 • Position indices: (0, 0)
 • Rescaled imaginary time (tau / beta): 0.00669916
───────────────────────────────────────────────────
 Lattice spacetime coordinate (ID #5)
 • Position indices: (0, 0)
 • Rescaled imaginary time (tau / beta): 0.00669916
───────────────────────────────────────────────────

Diagram pool size: 5
Diagram pool fermion loop numbers: ( 2 2 2 2 2 )
Constraints on spacetime coordinates: [x x x 2 x 4]

Subspace saved counts:	[5408250 41491750]
Subspace saved ratios:	[0.115314 0.884685]
Subspace average measured signs:	[1 -0.0711143]

Current weight:	-2.50958e-05
Current total acceptance ratio:	0.1031
Current average ascend ratio:	0.00556038
Current average descend ratio:	0.00556038
Current average mutate ratio:	0.0919791

════════════════════
 MC step #48000000
════════════════════

In subspace: [V_0 V_3]
                   ^   
───────────────────────────────────────────────────
 Lattice spacetime coordinate (ID #0)
 • Position indices: (0, 0)
 • Rescaled imaginary time (tau / beta): 0
───────────────────────────────────────────────────
 Lattice spacetime coordinate (ID #1)
 • Position indices: (1, 0)
 • Rescaled imaginary time (tau / beta): 0.684031
───────────────────────────────────────────────────
 Lattice spacetime coordinate (ID #2)
 • Position indices: (1, 1)
 • Rescaled imaginary time (tau / beta): 0.702666
───────────────────────────────────────────────────
 Lattice spacetime coordinate (ID #3)
 • Position indices: (1, 1)
 • Rescaled imaginary time (tau / beta): 0.702666
───────────────────────────────────────────────────
 Lattice spacetime coordinate (ID #4)
 • Position indices: (1, 1)
 • Rescaled imaginary time (tau / beta): 0.825683
───────────────────────────────────────────────────
 Lattice spacetime coordinate (ID #5)
 • Position indices: (1, 1)
 • Rescaled imaginary time (tau / beta): 0.825683
───────────────────────────────────────────────────

Diagram pool size: 5
Diagram pool fermion loop numbers: ( 2 2 2 2 2 )
Constraints on spacetime coordinates: [x x x 2 x 4]

Subspace saved counts:	[5511529 42388471]
Subspace saved ratios:	[0.115063 0.884937]
Subspace average measured signs:	[1 -0.0714262]

Current weight:	4.11995e-07
Current total acceptance ratio:	0.103131
Current average ascend ratio:	0.00554716
Current average descend ratio:	0.00554716
Current average mutate ratio:	0.092037

════════════════════
 MC step #49000000
════════════════════

In subspace: [V_0 V_3]
                   ^   
───────────────────────────────────────────────────
 Lattice spacetime coordinate (ID #0)
 • Position indices: (0, 0)
 • Rescaled imaginary time (tau / beta): 0
───────────────────────────────────────────────────
 Lattice spacetime coordinate (ID #1)
 • Position indices: (13, 25)
 • Rescaled imaginary time (tau / beta): 0.904606
───────────────────────────────────────────────────
 Lattice spacetime coordinate (ID #2)
 • Position indices: (4, 4)
 • Rescaled imaginary time (tau / beta): 0.546717
───────────────────────────────────────────────────
 Lattice spacetime coordinate (ID #3)
 • Position indices: (4, 4)
 • Rescaled imaginary time (tau / beta): 0.546717
───────────────────────────────────────────────────
 Lattice spacetime coordinate (ID #4)
 • Position indices: (3, 3)
 • Rescaled imaginary time (tau / beta): 0.410884
───────────────────────────────────────────────────
 Lattice spacetime coordinate (ID #5)
 • Position indices: (3, 3)
 • Rescaled imaginary time (tau / beta): 0.410884
───────────────────────────────────────────────────

Diagram pool size: 5
Diagram pool fermion loop numbers: ( 2 2 2 2 2 )
Constraints on spacetime coordinates: [x x x 2 x 4]

Subspace saved counts:	[5642234 43257766]
Subspace saved ratios:	[0.115383 0.884617]
Subspace average measured signs:	[1 -0.0719215]

Current weight:	1.06103e-10
Current total acceptance ratio:	0.103099
Current average ascend ratio:	0.0055609
Current average descend ratio:	0.0055609
Current average mutate ratio:	0.0919768

════════════════════
 MC step #50000000
════════════════════

In subspace: [V_0 V_3]
               ^       
Diagram pool size: 1
Diagram pool fermion loop numbers: ( 0 )
Constraints on spacetime coordinates: [x x x 2 x 4]

Subspace saved counts:	[5752159 44147841]
Subspace saved ratios:	[0.115274 0.884726]
Subspace average measured signs:	[1 -0.0722552]

Current weight:	0.066964
Current total acceptance ratio:	0.103095
Current average ascend ratio:	0.00555419
Current average descend ratio:	0.00555421
Current average mutate ratio:	0.0919866
Final results:
════════════════════
 MC step #50100000
════════════════════

In subspace: [V_0 V_3]
                   ^   
───────────────────────────────────────────────────
 Lattice spacetime coordinate (ID #0)
 • Position indices: (0, 0)
 • Rescaled imaginary time (tau / beta): 0
───────────────────────────────────────────────────
 Lattice spacetime coordinate (ID #1)
 • Position indices: (1, 1)
 • Rescaled imaginary time (tau / beta): 0.664524
───────────────────────────────────────────────────
 Lattice spacetime coordinate (ID #2)
 • Position indices: (3, 28)
 • Rescaled imaginary time (tau / beta): 0.170313
───────────────────────────────────────────────────
 Lattice spacetime coordinate (ID #3)
 • Position indices: (3, 28)
 • Rescaled imaginary time (tau / beta): 0.170313
───────────────────────────────────────────────────
 Lattice spacetime coordinate (ID #4)
 • Position indices: (3, 28)
 • Rescaled imaginary time (tau / beta): 0.0292792
───────────────────────────────────────────────────
 Lattice spacetime coordinate (ID #5)
 • Position indices: (3, 28)
 • Rescaled imaginary time (tau / beta): 0.0292792
───────────────────────────────────────────────────

Diagram pool size: 5
Diagram pool fermion loop numbers: ( 2 2 2 2 2 )
Constraints on spacetime coordinates: [x x x 2 x 4]

Subspace saved counts:	[5766577 44233423]
Subspace saved ratios:	[0.115332 0.884668]
Subspace average measured signs:	[1 -0.0723273]

Current weight:	-1.92629e-08
Current total acceptance ratio:	0.103092
Current average ascend ratio:	0.00555742
Current average descend ratio:	0.00555742
Current average mutate ratio:	0.0919774

Normalization constant: C / N_{s,0} =1.16124e-08

Job ended at:	Tue Jun 29 18:41:30 2021
Elapsed time:	176 seconds
