MPI run with 16 thread(s)
Job started at:	Mon Jun 28 20:51:05 2021
UNIX timestamp:	1624927865

════════════════════
 MC step #1000000
════════════════════

In subspace: [V_0 V_3]
                   ^   
───────────────────────────────────────────────────
 Lattice spacetime coordinate (ID #0)
 • Position indices: (0, 0)
 • Rescaled imaginary time (tau / beta): 0
───────────────────────────────────────────────────
 Lattice spacetime coordinate (ID #1)
 • Position indices: (28, 29)
 • Rescaled imaginary time (tau / beta): 0.399273
───────────────────────────────────────────────────
 Lattice spacetime coordinate (ID #2)
 • Position indices: (0, 1)
 • Rescaled imaginary time (tau / beta): 0.0140396
───────────────────────────────────────────────────
 Lattice spacetime coordinate (ID #3)
 • Position indices: (0, 1)
 • Rescaled imaginary time (tau / beta): 0.0140396
───────────────────────────────────────────────────
 Lattice spacetime coordinate (ID #4)
 • Position indices: (0, 1)
 • Rescaled imaginary time (tau / beta): 0.988509
───────────────────────────────────────────────────
 Lattice spacetime coordinate (ID #5)
 • Position indices: (0, 1)
 • Rescaled imaginary time (tau / beta): 0.988509
───────────────────────────────────────────────────

Diagram pool size: 5
Diagram pool fermion loop numbers: ( 2 2 2 2 2 )
Constraints on spacetime coordinates: [x x x 2 x 4]

Subspace saved counts:	[89760 810240]
Subspace saved ratios:	[0.0997332 0.900266]
Subspace average measured signs:	[1 -0.0722453]

Current weight:	2.29236e-05
Current total acceptance ratio:	0.102482
Current average ascend ratio:	0.00498888
Current average descend ratio:	0.00498888
Current average mutate ratio:	0.0925043

════════════════════
 MC step #2000000
════════════════════

In subspace: [V_0 V_3]
                   ^   
───────────────────────────────────────────────────
 Lattice spacetime coordinate (ID #0)
 • Position indices: (0, 0)
 • Rescaled imaginary time (tau / beta): 0
───────────────────────────────────────────────────
 Lattice spacetime coordinate (ID #1)
 • Position indices: (21, 7)
 • Rescaled imaginary time (tau / beta): 0.244436
───────────────────────────────────────────────────
 Lattice spacetime coordinate (ID #2)
 • Position indices: (29, 29)
 • Rescaled imaginary time (tau / beta): 0.572439
───────────────────────────────────────────────────
 Lattice spacetime coordinate (ID #3)
 • Position indices: (29, 29)
 • Rescaled imaginary time (tau / beta): 0.572439
───────────────────────────────────────────────────
 Lattice spacetime coordinate (ID #4)
 • Position indices: (29, 28)
 • Rescaled imaginary time (tau / beta): 0.576655
───────────────────────────────────────────────────
 Lattice spacetime coordinate (ID #5)
 • Position indices: (29, 28)
 • Rescaled imaginary time (tau / beta): 0.576655
───────────────────────────────────────────────────

Diagram pool size: 5
Diagram pool fermion loop numbers: ( 2 2 2 2 2 )
Constraints on spacetime coordinates: [x x x 2 x 4]

Subspace saved counts:	[196177 1703823]
Subspace saved ratios:	[0.103251 0.896748]
Subspace average measured signs:	[1 -0.0811017]

Current weight:	2.0118e-08
Current total acceptance ratio:	0.103113
Current average ascend ratio:	0.00512789
Current average descend ratio:	0.00512789
Current average mutate ratio:	0.0928573

════════════════════
 MC step #3000000
════════════════════

In subspace: [V_0 V_3]
                   ^   
───────────────────────────────────────────────────
 Lattice spacetime coordinate (ID #0)
 • Position indices: (0, 0)
 • Rescaled imaginary time (tau / beta): 0
───────────────────────────────────────────────────
 Lattice spacetime coordinate (ID #1)
 • Position indices: (27, 28)
 • Rescaled imaginary time (tau / beta): 0.972655
───────────────────────────────────────────────────
 Lattice spacetime coordinate (ID #2)
 • Position indices: (0, 2)
 • Rescaled imaginary time (tau / beta): 0.80389
───────────────────────────────────────────────────
 Lattice spacetime coordinate (ID #3)
 • Position indices: (0, 2)
 • Rescaled imaginary time (tau / beta): 0.80389
───────────────────────────────────────────────────
 Lattice spacetime coordinate (ID #4)
 • Position indices: (29, 2)
 • Rescaled imaginary time (tau / beta): 0.909333
───────────────────────────────────────────────────
 Lattice spacetime coordinate (ID #5)
 • Position indices: (29, 2)
 • Rescaled imaginary time (tau / beta): 0.909333
───────────────────────────────────────────────────

Diagram pool size: 5
Diagram pool fermion loop numbers: ( 2 2 2 2 2 )
Constraints on spacetime coordinates: [x x x 2 x 4]

Subspace saved counts:	[300830 2599170]
Subspace saved ratios:	[0.103734 0.896265]
Subspace average measured signs:	[1 -0.0734465]

Current weight:	2.59869e-09
Current total acceptance ratio:	0.103099
Current average ascend ratio:	0.00514138
Current average descend ratio:	0.00514138
Current average mutate ratio:	0.0928162

════════════════════
 MC step #4000000
════════════════════

In subspace: [V_0 V_3]
                   ^   
───────────────────────────────────────────────────
 Lattice spacetime coordinate (ID #0)
 • Position indices: (0, 0)
 • Rescaled imaginary time (tau / beta): 0
───────────────────────────────────────────────────
 Lattice spacetime coordinate (ID #1)
 • Position indices: (0, 29)
 • Rescaled imaginary time (tau / beta): 0.977571
───────────────────────────────────────────────────
 Lattice spacetime coordinate (ID #2)
 • Position indices: (1, 29)
 • Rescaled imaginary time (tau / beta): 0.95331
───────────────────────────────────────────────────
 Lattice spacetime coordinate (ID #3)
 • Position indices: (1, 29)
 • Rescaled imaginary time (tau / beta): 0.95331
───────────────────────────────────────────────────
 Lattice spacetime coordinate (ID #4)
 • Position indices: (1, 29)
 • Rescaled imaginary time (tau / beta): 0.927454
───────────────────────────────────────────────────
 Lattice spacetime coordinate (ID #5)
 • Position indices: (1, 29)
 • Rescaled imaginary time (tau / beta): 0.927454
───────────────────────────────────────────────────

Diagram pool size: 5
Diagram pool fermion loop numbers: ( 2 2 2 2 2 )
Constraints on spacetime coordinates: [x x x 2 x 4]

Subspace saved counts:	[411204 3488796]
Subspace saved ratios:	[0.105437 0.894563]
Subspace average measured signs:	[1 -0.0733921]

Current weight:	-0.000105914
Current total acceptance ratio:	0.103137
Current average ascend ratio:	0.00519308
Current average descend ratio:	0.00519308
Current average mutate ratio:	0.0927513

════════════════════
 MC step #5000000
════════════════════

In subspace: [V_0 V_3]
                   ^   
───────────────────────────────────────────────────
 Lattice spacetime coordinate (ID #0)
 • Position indices: (0, 0)
 • Rescaled imaginary time (tau / beta): 0
───────────────────────────────────────────────────
 Lattice spacetime coordinate (ID #1)
 • Position indices: (27, 0)
 • Rescaled imaginary time (tau / beta): 0.147504
───────────────────────────────────────────────────
 Lattice spacetime coordinate (ID #2)
 • Position indices: (29, 2)
 • Rescaled imaginary time (tau / beta): 0.419132
───────────────────────────────────────────────────
 Lattice spacetime coordinate (ID #3)
 • Position indices: (29, 2)
 • Rescaled imaginary time (tau / beta): 0.419132
───────────────────────────────────────────────────
 Lattice spacetime coordinate (ID #4)
 • Position indices: (0, 2)
 • Rescaled imaginary time (tau / beta): 0.480833
───────────────────────────────────────────────────
 Lattice spacetime coordinate (ID #5)
 • Position indices: (0, 2)
 • Rescaled imaginary time (tau / beta): 0.480833
───────────────────────────────────────────────────

Diagram pool size: 5
Diagram pool fermion loop numbers: ( 2 2 2 2 2 )
Constraints on spacetime coordinates: [x x x 2 x 4]

Subspace saved counts:	[530434 4369566]
Subspace saved ratios:	[0.108252 0.891748]
Subspace average measured signs:	[1 -0.0757032]

Current weight:	-8.0088e-09
Current total acceptance ratio:	0.10334
Current average ascend ratio:	0.00535775
Current average descend ratio:	0.00535775
Current average mutate ratio:	0.0926249

════════════════════
 MC step #6000000
════════════════════

In subspace: [V_0 V_3]
                   ^   
───────────────────────────────────────────────────
 Lattice spacetime coordinate (ID #0)
 • Position indices: (0, 0)
 • Rescaled imaginary time (tau / beta): 0
───────────────────────────────────────────────────
 Lattice spacetime coordinate (ID #1)
 • Position indices: (26, 25)
 • Rescaled imaginary time (tau / beta): 0.012269
───────────────────────────────────────────────────
 Lattice spacetime coordinate (ID #2)
 • Position indices: (27, 26)
 • Rescaled imaginary time (tau / beta): 0.39031
───────────────────────────────────────────────────
 Lattice spacetime coordinate (ID #3)
 • Position indices: (27, 26)
 • Rescaled imaginary time (tau / beta): 0.39031
───────────────────────────────────────────────────
 Lattice spacetime coordinate (ID #4)
 • Position indices: (28, 27)
 • Rescaled imaginary time (tau / beta): 0.655454
───────────────────────────────────────────────────
 Lattice spacetime coordinate (ID #5)
 • Position indices: (28, 27)
 • Rescaled imaginary time (tau / beta): 0.655454
───────────────────────────────────────────────────

Diagram pool size: 5
Diagram pool fermion loop numbers: ( 2 2 2 2 2 )
Constraints on spacetime coordinates: [x x x 2 x 4]

Subspace saved counts:	[643903 5256097]
Subspace saved ratios:	[0.109136 0.890864]
Subspace average measured signs:	[1 -0.074562]

Current weight:	5.65121e-09
Current total acceptance ratio:	0.103224
Current average ascend ratio:	0.00542169
Current average descend ratio:	0.00542169
Current average mutate ratio:	0.0923808

════════════════════
 MC step #7000000
════════════════════

In subspace: [V_0 V_3]
                   ^   
───────────────────────────────────────────────────
 Lattice spacetime coordinate (ID #0)
 • Position indices: (0, 0)
 • Rescaled imaginary time (tau / beta): 0
───────────────────────────────────────────────────
 Lattice spacetime coordinate (ID #1)
 • Position indices: (29, 3)
 • Rescaled imaginary time (tau / beta): 0.376084
───────────────────────────────────────────────────
 Lattice spacetime coordinate (ID #2)
 • Position indices: (0, 0)
 • Rescaled imaginary time (tau / beta): 0.523195
───────────────────────────────────────────────────
 Lattice spacetime coordinate (ID #3)
 • Position indices: (0, 0)
 • Rescaled imaginary time (tau / beta): 0.523195
───────────────────────────────────────────────────
 Lattice spacetime coordinate (ID #4)
 • Position indices: (1, 0)
 • Rescaled imaginary time (tau / beta): 0.514933
───────────────────────────────────────────────────
 Lattice spacetime coordinate (ID #5)
 • Position indices: (1, 0)
 • Rescaled imaginary time (tau / beta): 0.514933
───────────────────────────────────────────────────

Diagram pool size: 5
Diagram pool fermion loop numbers: ( 2 2 2 2 2 )
Constraints on spacetime coordinates: [x x x 2 x 4]

Subspace saved counts:	[751274 6148726]
Subspace saved ratios:	[0.10888 0.89112]
Subspace average measured signs:	[1 -0.0737971]

Current weight:	1.481e-07
Current total acceptance ratio:	0.103097
Current average ascend ratio:	0.00543
Current average descend ratio:	0.00543
Current average mutate ratio:	0.0922369

════════════════════
 MC step #8000000
════════════════════

In subspace: [V_0 V_3]
                   ^   
───────────────────────────────────────────────────
 Lattice spacetime coordinate (ID #0)
 • Position indices: (0, 0)
 • Rescaled imaginary time (tau / beta): 0
───────────────────────────────────────────────────
 Lattice spacetime coordinate (ID #1)
 • Position indices: (11, 12)
 • Rescaled imaginary time (tau / beta): 0.977069
───────────────────────────────────────────────────
 Lattice spacetime coordinate (ID #2)
 • Position indices: (29, 26)
 • Rescaled imaginary time (tau / beta): 0.0661359
───────────────────────────────────────────────────
 Lattice spacetime coordinate (ID #3)
 • Position indices: (29, 26)
 • Rescaled imaginary time (tau / beta): 0.0661359
───────────────────────────────────────────────────
 Lattice spacetime coordinate (ID #4)
 • Position indices: (1, 25)
 • Rescaled imaginary time (tau / beta): 0.0575957
───────────────────────────────────────────────────
 Lattice spacetime coordinate (ID #5)
 • Position indices: (1, 25)
 • Rescaled imaginary time (tau / beta): 0.0575957
───────────────────────────────────────────────────

Diagram pool size: 5
Diagram pool fermion loop numbers: ( 2 2 2 2 2 )
Constraints on spacetime coordinates: [x x x 2 x 4]

Subspace saved counts:	[849805 7050195]
Subspace saved ratios:	[0.10757 0.89243]
Subspace average measured signs:	[1 -0.0712884]

Current weight:	2.05782e-11
Current total acceptance ratio:	0.10334
Current average ascend ratio:	0.00536924
Current average descend ratio:	0.00536924
Current average mutate ratio:	0.0926019

════════════════════
 MC step #9000000
════════════════════

In subspace: [V_0 V_3]
                   ^   
───────────────────────────────────────────────────
 Lattice spacetime coordinate (ID #0)
 • Position indices: (0, 0)
 • Rescaled imaginary time (tau / beta): 0
───────────────────────────────────────────────────
 Lattice spacetime coordinate (ID #1)
 • Position indices: (27, 3)
 • Rescaled imaginary time (tau / beta): 0.390668
───────────────────────────────────────────────────
 Lattice spacetime coordinate (ID #2)
 • Position indices: (25, 5)
 • Rescaled imaginary time (tau / beta): 0.082376
───────────────────────────────────────────────────
 Lattice spacetime coordinate (ID #3)
 • Position indices: (25, 5)
 • Rescaled imaginary time (tau / beta): 0.082376
───────────────────────────────────────────────────
 Lattice spacetime coordinate (ID #4)
 • Position indices: (24, 3)
 • Rescaled imaginary time (tau / beta): 0.0460742
───────────────────────────────────────────────────
 Lattice spacetime coordinate (ID #5)
 • Position indices: (24, 3)
 • Rescaled imaginary time (tau / beta): 0.0460742
───────────────────────────────────────────────────

Diagram pool size: 5
Diagram pool fermion loop numbers: ( 2 2 2 2 2 )
Constraints on spacetime coordinates: [x x x 2 x 4]

Subspace saved counts:	[960855 7939145]
Subspace saved ratios:	[0.107961 0.892039]
Subspace average measured signs:	[1 -0.0730727]

Current weight:	4.66331e-09
Current total acceptance ratio:	0.103352
Current average ascend ratio:	0.00538449
Current average descend ratio:	0.00538449
Current average mutate ratio:	0.0925826

════════════════════
 MC step #10000000
════════════════════

In subspace: [V_0 V_3]
                   ^   
───────────────────────────────────────────────────
 Lattice spacetime coordinate (ID #0)
 • Position indices: (0, 0)
 • Rescaled imaginary time (tau / beta): 0
───────────────────────────────────────────────────
 Lattice spacetime coordinate (ID #1)
 • Position indices: (4, 26)
 • Rescaled imaginary time (tau / beta): 0.205675
───────────────────────────────────────────────────
 Lattice spacetime coordinate (ID #2)
 • Position indices: (5, 27)
 • Rescaled imaginary time (tau / beta): 0.288022
───────────────────────────────────────────────────
 Lattice spacetime coordinate (ID #3)
 • Position indices: (5, 27)
 • Rescaled imaginary time (tau / beta): 0.288022
───────────────────────────────────────────────────
 Lattice spacetime coordinate (ID #4)
 • Position indices: (5, 28)
 • Rescaled imaginary time (tau / beta): 0.309046
───────────────────────────────────────────────────
 Lattice spacetime coordinate (ID #5)
 • Position indices: (5, 28)
 • Rescaled imaginary time (tau / beta): 0.309046
───────────────────────────────────────────────────

Diagram pool size: 5
Diagram pool fermion loop numbers: ( 2 2 2 2 2 )
Constraints on spacetime coordinates: [x x x 2 x 4]

Subspace saved counts:	[1062477 8837523]
Subspace saved ratios:	[0.107321 0.892679]
Subspace average measured signs:	[1 -0.0720961]

Current weight:	-3.80007e-08
Current total acceptance ratio:	0.103456
Current average ascend ratio:	0.0053501
Current average descend ratio:	0.0053501
Current average mutate ratio:	0.092756

════════════════════
 MC step #11000000
════════════════════

In subspace: [V_0 V_3]
                   ^   
───────────────────────────────────────────────────
 Lattice spacetime coordinate (ID #0)
 • Position indices: (0, 0)
 • Rescaled imaginary time (tau / beta): 0
───────────────────────────────────────────────────
 Lattice spacetime coordinate (ID #1)
 • Position indices: (1, 1)
 • Rescaled imaginary time (tau / beta): 0.612511
───────────────────────────────────────────────────
 Lattice spacetime coordinate (ID #2)
 • Position indices: (1, 3)
 • Rescaled imaginary time (tau / beta): 0.119064
───────────────────────────────────────────────────
 Lattice spacetime coordinate (ID #3)
 • Position indices: (1, 3)
 • Rescaled imaginary time (tau / beta): 0.119064
───────────────────────────────────────────────────
 Lattice spacetime coordinate (ID #4)
 • Position indices: (0, 1)
 • Rescaled imaginary time (tau / beta): 0.993986
───────────────────────────────────────────────────
 Lattice spacetime coordinate (ID #5)
 • Position indices: (0, 1)
 • Rescaled imaginary time (tau / beta): 0.993986
───────────────────────────────────────────────────

Diagram pool size: 5
Diagram pool fermion loop numbers: ( 2 2 2 2 2 )
Constraints on spacetime coordinates: [x x x 2 x 4]

Subspace saved counts:	[1157594 9742406]
Subspace saved ratios:	[0.106201 0.893799]
Subspace average measured signs:	[1 -0.0733964]

Current weight:	-1.10868e-08
Current total acceptance ratio:	0.103574
Current average ascend ratio:	0.00530266
Current average descend ratio:	0.00530266
Current average mutate ratio:	0.0929687

════════════════════
 MC step #12000000
════════════════════

In subspace: [V_0 V_3]
                   ^   
───────────────────────────────────────────────────
 Lattice spacetime coordinate (ID #0)
 • Position indices: (0, 0)
 • Rescaled imaginary time (tau / beta): 0
───────────────────────────────────────────────────
 Lattice spacetime coordinate (ID #1)
 • Position indices: (27, 26)
 • Rescaled imaginary time (tau / beta): 0.0875958
───────────────────────────────────────────────────
 Lattice spacetime coordinate (ID #2)
 • Position indices: (1, 0)
 • Rescaled imaginary time (tau / beta): 0.237614
───────────────────────────────────────────────────
 Lattice spacetime coordinate (ID #3)
 • Position indices: (1, 0)
 • Rescaled imaginary time (tau / beta): 0.237614
───────────────────────────────────────────────────
 Lattice spacetime coordinate (ID #4)
 • Position indices: (1, 29)
 • Rescaled imaginary time (tau / beta): 0.246382
───────────────────────────────────────────────────
 Lattice spacetime coordinate (ID #5)
 • Position indices: (1, 29)
 • Rescaled imaginary time (tau / beta): 0.246382
───────────────────────────────────────────────────

Diagram pool size: 5
Diagram pool fermion loop numbers: ( 2 2 2 2 2 )
Constraints on spacetime coordinates: [x x x 2 x 4]

Subspace saved counts:	[1256547 10643453]
Subspace saved ratios:	[0.105592 0.894408]
Subspace average measured signs:	[1 -0.0716456]

Current weight:	-4.94303e-07
Current total acceptance ratio:	0.103661
Current average ascend ratio:	0.00526992
Current average descend ratio:	0.00526992
Current average mutate ratio:	0.0931212

════════════════════
 MC step #13000000
════════════════════

In subspace: [V_0 V_3]
                   ^   
───────────────────────────────────────────────────
 Lattice spacetime coordinate (ID #0)
 • Position indices: (0, 0)
 • Rescaled imaginary time (tau / beta): 0
───────────────────────────────────────────────────
 Lattice spacetime coordinate (ID #1)
 • Position indices: (0, 29)
 • Rescaled imaginary time (tau / beta): 0.0458235
───────────────────────────────────────────────────
 Lattice spacetime coordinate (ID #2)
 • Position indices: (28, 1)
 • Rescaled imaginary time (tau / beta): 0.916312
───────────────────────────────────────────────────
 Lattice spacetime coordinate (ID #3)
 • Position indices: (28, 1)
 • Rescaled imaginary time (tau / beta): 0.916312
───────────────────────────────────────────────────
 Lattice spacetime coordinate (ID #4)
 • Position indices: (28, 1)
 • Rescaled imaginary time (tau / beta): 0.647693
───────────────────────────────────────────────────
 Lattice spacetime coordinate (ID #5)
 • Position indices: (28, 1)
 • Rescaled imaginary time (tau / beta): 0.647693
───────────────────────────────────────────────────

Diagram pool size: 5
Diagram pool fermion loop numbers: ( 2 2 2 2 2 )
Constraints on spacetime coordinates: [x x x 2 x 4]

Subspace saved counts:	[1358419 11541581]
Subspace saved ratios:	[0.105304 0.894696]
Subspace average measured signs:	[1 -0.0726546]

Current weight:	-4.78599e-07
Current total acceptance ratio:	0.103657
Current average ascend ratio:	0.00525767
Current average descend ratio:	0.00525767
Current average mutate ratio:	0.0931415

════════════════════
 MC step #14000000
════════════════════

In subspace: [V_0 V_3]
                   ^   
───────────────────────────────────────────────────
 Lattice spacetime coordinate (ID #0)
 • Position indices: (0, 0)
 • Rescaled imaginary time (tau / beta): 0
───────────────────────────────────────────────────
 Lattice spacetime coordinate (ID #1)
 • Position indices: (29, 1)
 • Rescaled imaginary time (tau / beta): 0.595521
───────────────────────────────────────────────────
 Lattice spacetime coordinate (ID #2)
 • Position indices: (0, 0)
 • Rescaled imaginary time (tau / beta): 0.401774
───────────────────────────────────────────────────
 Lattice spacetime coordinate (ID #3)
 • Position indices: (0, 0)
 • Rescaled imaginary time (tau / beta): 0.401774
───────────────────────────────────────────────────
 Lattice spacetime coordinate (ID #4)
 • Position indices: (0, 0)
 • Rescaled imaginary time (tau / beta): 0.372958
───────────────────────────────────────────────────
 Lattice spacetime coordinate (ID #5)
 • Position indices: (0, 0)
 • Rescaled imaginary time (tau / beta): 0.372958
───────────────────────────────────────────────────

Diagram pool size: 5
Diagram pool fermion loop numbers: ( 2 2 2 2 2 )
Constraints on spacetime coordinates: [x x x 2 x 4]

Subspace saved counts:	[1444175 12455825]
Subspace saved ratios:	[0.103897 0.896102]
Subspace average measured signs:	[1 -0.0714829]

Current weight:	-1.22014e-05
Current total acceptance ratio:	0.103574
Current average ascend ratio:	0.00518561
Current average descend ratio:	0.00518561
Current average mutate ratio:	0.0932029

════════════════════
 MC step #15000000
════════════════════

In subspace: [V_0 V_3]
                   ^   
───────────────────────────────────────────────────
 Lattice spacetime coordinate (ID #0)
 • Position indices: (0, 0)
 • Rescaled imaginary time (tau / beta): 0
───────────────────────────────────────────────────
 Lattice spacetime coordinate (ID #1)
 • Position indices: (0, 0)
 • Rescaled imaginary time (tau / beta): 0.303409
───────────────────────────────────────────────────
 Lattice spacetime coordinate (ID #2)
 • Position indices: (0, 29)
 • Rescaled imaginary time (tau / beta): 0.00744462
───────────────────────────────────────────────────
 Lattice spacetime coordinate (ID #3)
 • Position indices: (0, 29)
 • Rescaled imaginary time (tau / beta): 0.00744462
───────────────────────────────────────────────────
 Lattice spacetime coordinate (ID #4)
 • Position indices: (0, 29)
 • Rescaled imaginary time (tau / beta): 0.491673
───────────────────────────────────────────────────
 Lattice spacetime coordinate (ID #5)
 • Position indices: (0, 29)
 • Rescaled imaginary time (tau / beta): 0.491673
───────────────────────────────────────────────────

Diagram pool size: 5
Diagram pool fermion loop numbers: ( 2 2 2 2 2 )
Constraints on spacetime coordinates: [x x x 2 x 4]

Subspace saved counts:	[1562383 13337617]
Subspace saved ratios:	[0.104858 0.895142]
Subspace average measured signs:	[1 -0.0713175]

Current weight:	4.95978e-07
Current total acceptance ratio:	0.103593
Current average ascend ratio:	0.00523188
Current average descend ratio:	0.00523188
Current average mutate ratio:	0.0931289

════════════════════
 MC step #16000000
════════════════════

In subspace: [V_0 V_3]
               ^       
Diagram pool size: 1
Diagram pool fermion loop numbers: ( 0 )
Constraints on spacetime coordinates: [x x x 2 x 4]

Subspace saved counts:	[1676688 14223312]
Subspace saved ratios:	[0.105452 0.894548]
Subspace average measured signs:	[1 -0.0707703]

Current weight:	0.241313
Current total acceptance ratio:	0.103564
Current average ascend ratio:	0.00525836
Current average descend ratio:	0.00525843
Current average mutate ratio:	0.0930468

════════════════════
 MC step #17000000
════════════════════

In subspace: [V_0 V_3]
                   ^   
───────────────────────────────────────────────────
 Lattice spacetime coordinate (ID #0)
 • Position indices: (0, 0)
 • Rescaled imaginary time (tau / beta): 0
───────────────────────────────────────────────────
 Lattice spacetime coordinate (ID #1)
 • Position indices: (2, 2)
 • Rescaled imaginary time (tau / beta): 0.697085
───────────────────────────────────────────────────
 Lattice spacetime coordinate (ID #2)
 • Position indices: (3, 3)
 • Rescaled imaginary time (tau / beta): 0.0389741
───────────────────────────────────────────────────
 Lattice spacetime coordinate (ID #3)
 • Position indices: (3, 3)
 • Rescaled imaginary time (tau / beta): 0.0389741
───────────────────────────────────────────────────
 Lattice spacetime coordinate (ID #4)
 • Position indices: (3, 2)
 • Rescaled imaginary time (tau / beta): 0.0455065
───────────────────────────────────────────────────
 Lattice spacetime coordinate (ID #5)
 • Position indices: (3, 2)
 • Rescaled imaginary time (tau / beta): 0.0455065
───────────────────────────────────────────────────

Diagram pool size: 5
Diagram pool fermion loop numbers: ( 2 2 2 2 2 )
Constraints on spacetime coordinates: [x x x 2 x 4]

Subspace saved counts:	[1781089 15118911]
Subspace saved ratios:	[0.10539 0.89461]
Subspace average measured signs:	[1 -0.0705246]

Current weight:	2.12314e-06
Current total acceptance ratio:	0.103463
Current average ascend ratio:	0.00524964
Current average descend ratio:	0.00524964
Current average mutate ratio:	0.0929637

════════════════════
 MC step #18000000
════════════════════

In subspace: [V_0 V_3]
                   ^   
───────────────────────────────────────────────────
 Lattice spacetime coordinate (ID #0)
 • Position indices: (0, 0)
 • Rescaled imaginary time (tau / beta): 0
───────────────────────────────────────────────────
 Lattice spacetime coordinate (ID #1)
 • Position indices: (26, 4)
 • Rescaled imaginary time (tau / beta): 0.585287
───────────────────────────────────────────────────
 Lattice spacetime coordinate (ID #2)
 • Position indices: (22, 8)
 • Rescaled imaginary time (tau / beta): 0.821979
───────────────────────────────────────────────────
 Lattice spacetime coordinate (ID #3)
 • Position indices: (22, 8)
 • Rescaled imaginary time (tau / beta): 0.821979
───────────────────────────────────────────────────
 Lattice spacetime coordinate (ID #4)
 • Position indices: (21, 9)
 • Rescaled imaginary time (tau / beta): 0.153584
───────────────────────────────────────────────────
 Lattice spacetime coordinate (ID #5)
 • Position indices: (21, 9)
 • Rescaled imaginary time (tau / beta): 0.153584
───────────────────────────────────────────────────

Diagram pool size: 5
Diagram pool fermion loop numbers: ( 2 2 2 2 2 )
Constraints on spacetime coordinates: [x x x 2 x 4]

Subspace saved counts:	[1882419 16017581]
Subspace saved ratios:	[0.105163 0.894837]
Subspace average measured signs:	[1 -0.0693305]

Current weight:	-2.73131e-09
Current total acceptance ratio:	0.103455
Current average ascend ratio:	0.00523352
Current average descend ratio:	0.00523352
Current average mutate ratio:	0.0929883

════════════════════
 MC step #19000000
════════════════════

In subspace: [V_0 V_3]
                   ^   
───────────────────────────────────────────────────
 Lattice spacetime coordinate (ID #0)
 • Position indices: (0, 0)
 • Rescaled imaginary time (tau / beta): 0
───────────────────────────────────────────────────
 Lattice spacetime coordinate (ID #1)
 • Position indices: (1, 0)
 • Rescaled imaginary time (tau / beta): 0.359756
───────────────────────────────────────────────────
 Lattice spacetime coordinate (ID #2)
 • Position indices: (16, 13)
 • Rescaled imaginary time (tau / beta): 0.226199
───────────────────────────────────────────────────
 Lattice spacetime coordinate (ID #3)
 • Position indices: (16, 13)
 • Rescaled imaginary time (tau / beta): 0.226199
───────────────────────────────────────────────────
 Lattice spacetime coordinate (ID #4)
 • Position indices: (15, 13)
 • Rescaled imaginary time (tau / beta): 0.249135
───────────────────────────────────────────────────
 Lattice spacetime coordinate (ID #5)
 • Position indices: (15, 13)
 • Rescaled imaginary time (tau / beta): 0.249135
───────────────────────────────────────────────────

Diagram pool size: 5
Diagram pool fermion loop numbers: ( 2 2 2 2 2 )
Constraints on spacetime coordinates: [x x x 2 x 4]

Subspace saved counts:	[1992112 16907888]
Subspace saved ratios:	[0.105403 0.894597]
Subspace average measured signs:	[1 -0.0681171]

Current weight:	2.52709e-10
Current total acceptance ratio:	0.103411
Current average ascend ratio:	0.00524963
Current average descend ratio:	0.00524963
Current average mutate ratio:	0.0929114

════════════════════
 MC step #20000000
════════════════════

In subspace: [V_0 V_3]
                   ^   
───────────────────────────────────────────────────
 Lattice spacetime coordinate (ID #0)
 • Position indices: (0, 0)
 • Rescaled imaginary time (tau / beta): 0
───────────────────────────────────────────────────
 Lattice spacetime coordinate (ID #1)
 • Position indices: (1, 29)
 • Rescaled imaginary time (tau / beta): 0.887178
───────────────────────────────────────────────────
 Lattice spacetime coordinate (ID #2)
 • Position indices: (0, 1)
 • Rescaled imaginary time (tau / beta): 0.681408
───────────────────────────────────────────────────
 Lattice spacetime coordinate (ID #3)
 • Position indices: (0, 1)
 • Rescaled imaginary time (tau / beta): 0.681408
───────────────────────────────────────────────────
 Lattice spacetime coordinate (ID #4)
 • Position indices: (29, 1)
 • Rescaled imaginary time (tau / beta): 0.64866
───────────────────────────────────────────────────
 Lattice spacetime coordinate (ID #5)
 • Position indices: (29, 1)
 • Rescaled imaginary time (tau / beta): 0.64866
───────────────────────────────────────────────────

Diagram pool size: 5
Diagram pool fermion loop numbers: ( 2 2 2 2 2 )
Constraints on spacetime coordinates: [x x x 2 x 4]

Subspace saved counts:	[2100648 17799352]
Subspace saved ratios:	[0.10556 0.89444]
Subspace average measured signs:	[1 -0.0685488]

Current weight:	1.9621e-07
Current total acceptance ratio:	0.103459
Current average ascend ratio:	0.00526714
Current average descend ratio:	0.00526714
Current average mutate ratio:	0.092925

════════════════════
 MC step #21000000
════════════════════

In subspace: [V_0 V_3]
               ^       
Diagram pool size: 1
Diagram pool fermion loop numbers: ( 0 )
Constraints on spacetime coordinates: [x x x 2 x 4]

Subspace saved counts:	[2196899 18703101]
Subspace saved ratios:	[0.105115 0.894885]
Subspace average measured signs:	[1 -0.067696]

Current weight:	0.241313
Current total acceptance ratio:	0.103512
Current average ascend ratio:	0.00524555
Current average descend ratio:	0.0052456
Current average mutate ratio:	0.093021

════════════════════
 MC step #22000000
════════════════════

In subspace: [V_0 V_3]
                   ^   
───────────────────────────────────────────────────
 Lattice spacetime coordinate (ID #0)
 • Position indices: (0, 0)
 • Rescaled imaginary time (tau / beta): 0
───────────────────────────────────────────────────
 Lattice spacetime coordinate (ID #1)
 • Position indices: (6, 23)
 • Rescaled imaginary time (tau / beta): 0.212914
───────────────────────────────────────────────────
 Lattice spacetime coordinate (ID #2)
 • Position indices: (0, 0)
 • Rescaled imaginary time (tau / beta): 0.977716
───────────────────────────────────────────────────
 Lattice spacetime coordinate (ID #3)
 • Position indices: (0, 0)
 • Rescaled imaginary time (tau / beta): 0.977716
───────────────────────────────────────────────────
 Lattice spacetime coordinate (ID #4)
 • Position indices: (0, 0)
 • Rescaled imaginary time (tau / beta): 0.984338
───────────────────────────────────────────────────
 Lattice spacetime coordinate (ID #5)
 • Position indices: (0, 0)
 • Rescaled imaginary time (tau / beta): 0.984338
───────────────────────────────────────────────────

Diagram pool size: 5
Diagram pool fermion loop numbers: ( 2 2 2 2 2 )
Constraints on spacetime coordinates: [x x x 2 x 4]

Subspace saved counts:	[2304052 19595948]
Subspace saved ratios:	[0.105208 0.894792]
Subspace average measured signs:	[1 -0.068899]

Current weight:	9.43221e-06
Current total acceptance ratio:	0.103435
Current average ascend ratio:	0.00525
Current average descend ratio:	0.00525
Current average mutate ratio:	0.0929347

════════════════════
 MC step #23000000
════════════════════

In subspace: [V_0 V_3]
                   ^   
───────────────────────────────────────────────────
 Lattice spacetime coordinate (ID #0)
 • Position indices: (0, 0)
 • Rescaled imaginary time (tau / beta): 0
───────────────────────────────────────────────────
 Lattice spacetime coordinate (ID #1)
 • Position indices: (3, 27)
 • Rescaled imaginary time (tau / beta): 0.784945
───────────────────────────────────────────────────
 Lattice spacetime coordinate (ID #2)
 • Position indices: (4, 26)
 • Rescaled imaginary time (tau / beta): 0.647935
───────────────────────────────────────────────────
 Lattice spacetime coordinate (ID #3)
 • Position indices: (4, 26)
 • Rescaled imaginary time (tau / beta): 0.647935
───────────────────────────────────────────────────
 Lattice spacetime coordinate (ID #4)
 • Position indices: (3, 27)
 • Rescaled imaginary time (tau / beta): 0.572669
───────────────────────────────────────────────────
 Lattice spacetime coordinate (ID #5)
 • Position indices: (3, 27)
 • Rescaled imaginary time (tau / beta): 0.572669
───────────────────────────────────────────────────

Diagram pool size: 5
Diagram pool fermion loop numbers: ( 2 2 2 2 2 )
Constraints on spacetime coordinates: [x x x 2 x 4]

Subspace saved counts:	[2406860 20493140]
Subspace saved ratios:	[0.105103 0.894897]
Subspace average measured signs:	[1 -0.0690981]

Current weight:	-1.45792e-07
Current total acceptance ratio:	0.103473
Current average ascend ratio:	0.00524686
Current average descend ratio:	0.00524686
Current average mutate ratio:	0.0929796

════════════════════
 MC step #24000000
════════════════════

In subspace: [V_0 V_3]
                   ^   
───────────────────────────────────────────────────
 Lattice spacetime coordinate (ID #0)
 • Position indices: (0, 0)
 • Rescaled imaginary time (tau / beta): 0
───────────────────────────────────────────────────
 Lattice spacetime coordinate (ID #1)
 • Position indices: (23, 23)
 • Rescaled imaginary time (tau / beta): 0.542394
───────────────────────────────────────────────────
 Lattice spacetime coordinate (ID #2)
 • Position indices: (2, 2)
 • Rescaled imaginary time (tau / beta): 0.646207
───────────────────────────────────────────────────
 Lattice spacetime coordinate (ID #3)
 • Position indices: (2, 2)
 • Rescaled imaginary time (tau / beta): 0.646207
───────────────────────────────────────────────────
 Lattice spacetime coordinate (ID #4)
 • Position indices: (2, 2)
 • Rescaled imaginary time (tau / beta): 0.217826
───────────────────────────────────────────────────
 Lattice spacetime coordinate (ID #5)
 • Position indices: (2, 2)
 • Rescaled imaginary time (tau / beta): 0.217826
───────────────────────────────────────────────────

Diagram pool size: 5
Diagram pool fermion loop numbers: ( 2 2 2 2 2 )
Constraints on spacetime coordinates: [x x x 2 x 4]

Subspace saved counts:	[2507231 21392769]
Subspace saved ratios:	[0.104905 0.895095]
Subspace average measured signs:	[1 -0.0683452]

Current weight:	-1.31522e-08
Current total acceptance ratio:	0.103501
Current average ascend ratio:	0.00523854
Current average descend ratio:	0.00523854
Current average mutate ratio:	0.0930241

════════════════════
 MC step #25000000
════════════════════

In subspace: [V_0 V_3]
                   ^   
───────────────────────────────────────────────────
 Lattice spacetime coordinate (ID #0)
 • Position indices: (0, 0)
 • Rescaled imaginary time (tau / beta): 0
───────────────────────────────────────────────────
 Lattice spacetime coordinate (ID #1)
 • Position indices: (4, 3)
 • Rescaled imaginary time (tau / beta): 0.992457
───────────────────────────────────────────────────
 Lattice spacetime coordinate (ID #2)
 • Position indices: (29, 29)
 • Rescaled imaginary time (tau / beta): 0.451533
───────────────────────────────────────────────────
 Lattice spacetime coordinate (ID #3)
 • Position indices: (29, 29)
 • Rescaled imaginary time (tau / beta): 0.451533
───────────────────────────────────────────────────
 Lattice spacetime coordinate (ID #4)
 • Position indices: (0, 28)
 • Rescaled imaginary time (tau / beta): 0.163031
───────────────────────────────────────────────────
 Lattice spacetime coordinate (ID #5)
 • Position indices: (0, 28)
 • Rescaled imaginary time (tau / beta): 0.163031
───────────────────────────────────────────────────

Diagram pool size: 5
Diagram pool fermion loop numbers: ( 2 2 2 2 2 )
Constraints on spacetime coordinates: [x x x 2 x 4]

Subspace saved counts:	[2623782 22276218]
Subspace saved ratios:	[0.105373 0.894627]
Subspace average measured signs:	[1 -0.0683538]

Current weight:	-1.23454e-08
Current total acceptance ratio:	0.103449
Current average ascend ratio:	0.00525787
Current average descend ratio:	0.00525787
Current average mutate ratio:	0.0929331

════════════════════
 MC step #26000000
════════════════════

In subspace: [V_0 V_3]
                   ^   
───────────────────────────────────────────────────
 Lattice spacetime coordinate (ID #0)
 • Position indices: (0, 0)
 • Rescaled imaginary time (tau / beta): 0
───────────────────────────────────────────────────
 Lattice spacetime coordinate (ID #1)
 • Position indices: (0, 0)
 • Rescaled imaginary time (tau / beta): 0.000969557
───────────────────────────────────────────────────
 Lattice spacetime coordinate (ID #2)
 • Position indices: (28, 28)
 • Rescaled imaginary time (tau / beta): 0.284717
───────────────────────────────────────────────────
 Lattice spacetime coordinate (ID #3)
 • Position indices: (28, 28)
 • Rescaled imaginary time (tau / beta): 0.284717
───────────────────────────────────────────────────
 Lattice spacetime coordinate (ID #4)
 • Position indices: (0, 0)
 • Rescaled imaginary time (tau / beta): 0.0815631
───────────────────────────────────────────────────
 Lattice spacetime coordinate (ID #5)
 • Position indices: (0, 0)
 • Rescaled imaginary time (tau / beta): 0.0815631
───────────────────────────────────────────────────

Diagram pool size: 5
Diagram pool fermion loop numbers: ( 2 2 2 2 2 )
Constraints on spacetime coordinates: [x x x 2 x 4]

Subspace saved counts:	[2731024 23168976]
Subspace saved ratios:	[0.105445 0.894555]
Subspace average measured signs:	[1 -0.0695086]

Current weight:	-4.64864e-07
Current total acceptance ratio:	0.103454
Current average ascend ratio:	0.00526023
Current average descend ratio:	0.00526023
Current average mutate ratio:	0.092933

════════════════════
 MC step #27000000
════════════════════

In subspace: [V_0 V_3]
                   ^   
───────────────────────────────────────────────────
 Lattice spacetime coordinate (ID #0)
 • Position indices: (0, 0)
 • Rescaled imaginary time (tau / beta): 0
───────────────────────────────────────────────────
 Lattice spacetime coordinate (ID #1)
 • Position indices: (2, 27)
 • Rescaled imaginary time (tau / beta): 0.817597
───────────────────────────────────────────────────
 Lattice spacetime coordinate (ID #2)
 • Position indices: (1, 26)
 • Rescaled imaginary time (tau / beta): 0.501559
───────────────────────────────────────────────────
 Lattice spacetime coordinate (ID #3)
 • Position indices: (1, 26)
 • Rescaled imaginary time (tau / beta): 0.501559
───────────────────────────────────────────────────
 Lattice spacetime coordinate (ID #4)
 • Position indices: (1, 26)
 • Rescaled imaginary time (tau / beta): 0.522711
───────────────────────────────────────────────────
 Lattice spacetime coordinate (ID #5)
 • Position indices: (1, 26)
 • Rescaled imaginary time (tau / beta): 0.522711
───────────────────────────────────────────────────

Diagram pool size: 5
Diagram pool fermion loop numbers: ( 2 2 2 2 2 )
Constraints on spacetime coordinates: [x x x 2 x 4]

Subspace saved counts:	[2845278 24054722]
Subspace saved ratios:	[0.105772 0.894228]
Subspace average measured signs:	[1 -0.0702083]

Current weight:	1.65383e-07
Current total acceptance ratio:	0.103406
Current average ascend ratio:	0.00527171
Current average descend ratio:	0.00527171
Current average mutate ratio:	0.092863

════════════════════
 MC step #28000000
════════════════════

In subspace: [V_0 V_3]
                   ^   
───────────────────────────────────────────────────
 Lattice spacetime coordinate (ID #0)
 • Position indices: (0, 0)
 • Rescaled imaginary time (tau / beta): 0
───────────────────────────────────────────────────
 Lattice spacetime coordinate (ID #1)
 • Position indices: (28, 28)
 • Rescaled imaginary time (tau / beta): 0.444426
───────────────────────────────────────────────────
 Lattice spacetime coordinate (ID #2)
 • Position indices: (0, 0)
 • Rescaled imaginary time (tau / beta): 0.283827
───────────────────────────────────────────────────
 Lattice spacetime coordinate (ID #3)
 • Position indices: (0, 0)
 • Rescaled imaginary time (tau / beta): 0.283827
───────────────────────────────────────────────────
 Lattice spacetime coordinate (ID #4)
 • Position indices: (2, 1)
 • Rescaled imaginary time (tau / beta): 0.230999
───────────────────────────────────────────────────
 Lattice spacetime coordinate (ID #5)
 • Position indices: (2, 1)
 • Rescaled imaginary time (tau / beta): 0.230999
───────────────────────────────────────────────────

Diagram pool size: 5
Diagram pool fermion loop numbers: ( 2 2 2 2 2 )
Constraints on spacetime coordinates: [x x x 2 x 4]

Subspace saved counts:	[2946836 24953164]
Subspace saved ratios:	[0.105621 0.894379]
Subspace average measured signs:	[1 -0.0705759]

Current weight:	-3.35883e-08
Current total acceptance ratio:	0.103415
Current average ascend ratio:	0.00526294
Current average descend ratio:	0.00526294
Current average mutate ratio:	0.0928889

════════════════════
 MC step #29000000
════════════════════

In subspace: [V_0 V_3]
                   ^   
───────────────────────────────────────────────────
 Lattice spacetime coordinate (ID #0)
 • Position indices: (0, 0)
 • Rescaled imaginary time (tau / beta): 0
───────────────────────────────────────────────────
 Lattice spacetime coordinate (ID #1)
 • Position indices: (4, 26)
 • Rescaled imaginary time (tau / beta): 0.366623
───────────────────────────────────────────────────
 Lattice spacetime coordinate (ID #2)
 • Position indices: (29, 29)
 • Rescaled imaginary time (tau / beta): 0.582124
───────────────────────────────────────────────────
 Lattice spacetime coordinate (ID #3)
 • Position indices: (29, 29)
 • Rescaled imaginary time (tau / beta): 0.582124
───────────────────────────────────────────────────
 Lattice spacetime coordinate (ID #4)
 • Position indices: (0, 0)
 • Rescaled imaginary time (tau / beta): 0.433632
───────────────────────────────────────────────────
 Lattice spacetime coordinate (ID #5)
 • Position indices: (0, 0)
 • Rescaled imaginary time (tau / beta): 0.433632
───────────────────────────────────────────────────

Diagram pool size: 5
Diagram pool fermion loop numbers: ( 2 2 2 2 2 )
Constraints on spacetime coordinates: [x x x 2 x 4]

Subspace saved counts:	[3070265 25829735]
Subspace saved ratios:	[0.106238 0.893762]
Subspace average measured signs:	[1 -0.0708188]

Current weight:	2.76295e-08
Current total acceptance ratio:	0.103421
Current average ascend ratio:	0.00529298
Current average descend ratio:	0.00529298
Current average mutate ratio:	0.0928348

════════════════════
 MC step #30000000
════════════════════

In subspace: [V_0 V_3]
                   ^   
───────────────────────────────────────────────────
 Lattice spacetime coordinate (ID #0)
 • Position indices: (0, 0)
 • Rescaled imaginary time (tau / beta): 0
───────────────────────────────────────────────────
 Lattice spacetime coordinate (ID #1)
 • Position indices: (7, 23)
 • Rescaled imaginary time (tau / beta): 0.546001
───────────────────────────────────────────────────
 Lattice spacetime coordinate (ID #2)
 • Position indices: (9, 21)
 • Rescaled imaginary time (tau / beta): 0.503878
───────────────────────────────────────────────────
 Lattice spacetime coordinate (ID #3)
 • Position indices: (9, 21)
 • Rescaled imaginary time (tau / beta): 0.503878
───────────────────────────────────────────────────
 Lattice spacetime coordinate (ID #4)
 • Position indices: (9, 21)
 • Rescaled imaginary time (tau / beta): 0.551548
───────────────────────────────────────────────────
 Lattice spacetime coordinate (ID #5)
 • Position indices: (9, 21)
 • Rescaled imaginary time (tau / beta): 0.551548
───────────────────────────────────────────────────

Diagram pool size: 5
Diagram pool fermion loop numbers: ( 2 2 2 2 2 )
Constraints on spacetime coordinates: [x x x 2 x 4]

Subspace saved counts:	[3180820 26719180]
Subspace saved ratios:	[0.106382 0.893618]
Subspace average measured signs:	[1 -0.0714999]

Current weight:	-3.28981e-07
Current total acceptance ratio:	0.103424
Current average ascend ratio:	0.00530465
Current average descend ratio:	0.00530465
Current average mutate ratio:	0.0928142

════════════════════
 MC step #31000000
════════════════════

In subspace: [V_0 V_3]
                   ^   
───────────────────────────────────────────────────
 Lattice spacetime coordinate (ID #0)
 • Position indices: (0, 0)
 • Rescaled imaginary time (tau / beta): 0
───────────────────────────────────────────────────
 Lattice spacetime coordinate (ID #1)
 • Position indices: (0, 0)
 • Rescaled imaginary time (tau / beta): 0.862993
───────────────────────────────────────────────────
 Lattice spacetime coordinate (ID #2)
 • Position indices: (29, 29)
 • Rescaled imaginary time (tau / beta): 0.897629
───────────────────────────────────────────────────
 Lattice spacetime coordinate (ID #3)
 • Position indices: (29, 29)
 • Rescaled imaginary time (tau / beta): 0.897629
───────────────────────────────────────────────────
 Lattice spacetime coordinate (ID #4)
 • Position indices: (28, 28)
 • Rescaled imaginary time (tau / beta): 0.831382
───────────────────────────────────────────────────
 Lattice spacetime coordinate (ID #5)
 • Position indices: (28, 28)
 • Rescaled imaginary time (tau / beta): 0.831382
───────────────────────────────────────────────────

Diagram pool size: 5
Diagram pool fermion loop numbers: ( 2 2 2 2 2 )
Constraints on spacetime coordinates: [x x x 2 x 4]

Subspace saved counts:	[3283960 27616040]
Subspace saved ratios:	[0.106277 0.893723]
Subspace average measured signs:	[1 -0.0709522]

Current weight:	-7.99397e-07
Current total acceptance ratio:	0.103469
Current average ascend ratio:	0.00530029
Current average descend ratio:	0.00530029
Current average mutate ratio:	0.0928683

════════════════════
 MC step #32000000
════════════════════

In subspace: [V_0 V_3]
                   ^   
───────────────────────────────────────────────────
 Lattice spacetime coordinate (ID #0)
 • Position indices: (0, 0)
 • Rescaled imaginary time (tau / beta): 0
───────────────────────────────────────────────────
 Lattice spacetime coordinate (ID #1)
 • Position indices: (2, 28)
 • Rescaled imaginary time (tau / beta): 0.816548
───────────────────────────────────────────────────
 Lattice spacetime coordinate (ID #2)
 • Position indices: (28, 3)
 • Rescaled imaginary time (tau / beta): 0.972807
───────────────────────────────────────────────────
 Lattice spacetime coordinate (ID #3)
 • Position indices: (28, 3)
 • Rescaled imaginary time (tau / beta): 0.972807
───────────────────────────────────────────────────
 Lattice spacetime coordinate (ID #4)
 • Position indices: (28, 3)
 • Rescaled imaginary time (tau / beta): 0.870558
───────────────────────────────────────────────────
 Lattice spacetime coordinate (ID #5)
 • Position indices: (28, 3)
 • Rescaled imaginary time (tau / beta): 0.870558
───────────────────────────────────────────────────

Diagram pool size: 5
Diagram pool fermion loop numbers: ( 2 2 2 2 2 )
Constraints on spacetime coordinates: [x x x 2 x 4]

Subspace saved counts:	[3387815 28512185]
Subspace saved ratios:	[0.106201 0.893799]
Subspace average measured signs:	[1 -0.070795]

Current weight:	4.74124e-07
Current total acceptance ratio:	0.103479
Current average ascend ratio:	0.00529868
Current average descend ratio:	0.00529868
Current average mutate ratio:	0.0928817

════════════════════
 MC step #33000000
════════════════════

In subspace: [V_0 V_3]
                   ^   
───────────────────────────────────────────────────
 Lattice spacetime coordinate (ID #0)
 • Position indices: (0, 0)
 • Rescaled imaginary time (tau / beta): 0
───────────────────────────────────────────────────
 Lattice spacetime coordinate (ID #1)
 • Position indices: (2, 2)
 • Rescaled imaginary time (tau / beta): 0.141363
───────────────────────────────────────────────────
 Lattice spacetime coordinate (ID #2)
 • Position indices: (2, 1)
 • Rescaled imaginary time (tau / beta): 0.131964
───────────────────────────────────────────────────
 Lattice spacetime coordinate (ID #3)
 • Position indices: (2, 1)
 • Rescaled imaginary time (tau / beta): 0.131964
───────────────────────────────────────────────────
 Lattice spacetime coordinate (ID #4)
 • Position indices: (2, 1)
 • Rescaled imaginary time (tau / beta): 0.135681
───────────────────────────────────────────────────
 Lattice spacetime coordinate (ID #5)
 • Position indices: (2, 1)
 • Rescaled imaginary time (tau / beta): 0.135681
───────────────────────────────────────────────────

Diagram pool size: 5
Diagram pool fermion loop numbers: ( 2 2 2 2 2 )
Constraints on spacetime coordinates: [x x x 2 x 4]

Subspace saved counts:	[3500180 29399820]
Subspace saved ratios:	[0.106388 0.893612]
Subspace average measured signs:	[1 -0.0708727]

Current weight:	-4.07034e-05
Current total acceptance ratio:	0.103456
Current average ascend ratio:	0.0053076
Current average descend ratio:	0.0053076
Current average mutate ratio:	0.0928409

════════════════════
 MC step #34000000
════════════════════

In subspace: [V_0 V_3]
                   ^   
───────────────────────────────────────────────────
 Lattice spacetime coordinate (ID #0)
 • Position indices: (0, 0)
 • Rescaled imaginary time (tau / beta): 0
───────────────────────────────────────────────────
 Lattice spacetime coordinate (ID #1)
 • Position indices: (1, 0)
 • Rescaled imaginary time (tau / beta): 0.0372448
───────────────────────────────────────────────────
 Lattice spacetime coordinate (ID #2)
 • Position indices: (0, 29)
 • Rescaled imaginary time (tau / beta): 0.917253
───────────────────────────────────────────────────
 Lattice spacetime coordinate (ID #3)
 • Position indices: (0, 29)
 • Rescaled imaginary time (tau / beta): 0.917253
───────────────────────────────────────────────────
 Lattice spacetime coordinate (ID #4)
 • Position indices: (0, 29)
 • Rescaled imaginary time (tau / beta): 0.0512871
───────────────────────────────────────────────────
 Lattice spacetime coordinate (ID #5)
 • Position indices: (0, 29)
 • Rescaled imaginary time (tau / beta): 0.0512871
───────────────────────────────────────────────────

Diagram pool size: 5
Diagram pool fermion loop numbers: ( 2 2 2 2 2 )
Constraints on spacetime coordinates: [x x x 2 x 4]

Subspace saved counts:	[3604988 30295012]
Subspace saved ratios:	[0.106342 0.893658]
Subspace average measured signs:	[1 -0.0706168]

Current weight:	-1.13106e-05
Current total acceptance ratio:	0.103448
Current average ascend ratio:	0.00530935
Current average descend ratio:	0.00530935
Current average mutate ratio:	0.092829

════════════════════
 MC step #35000000
════════════════════

In subspace: [V_0 V_3]
                   ^   
───────────────────────────────────────────────────
 Lattice spacetime coordinate (ID #0)
 • Position indices: (0, 0)
 • Rescaled imaginary time (tau / beta): 0
───────────────────────────────────────────────────
 Lattice spacetime coordinate (ID #1)
 • Position indices: (0, 28)
 • Rescaled imaginary time (tau / beta): 0.252542
───────────────────────────────────────────────────
 Lattice spacetime coordinate (ID #2)
 • Position indices: (24, 26)
 • Rescaled imaginary time (tau / beta): 0.0848695
───────────────────────────────────────────────────
 Lattice spacetime coordinate (ID #3)
 • Position indices: (24, 26)
 • Rescaled imaginary time (tau / beta): 0.0848695
───────────────────────────────────────────────────
 Lattice spacetime coordinate (ID #4)
 • Position indices: (25, 26)
 • Rescaled imaginary time (tau / beta): 0.0718413
───────────────────────────────────────────────────
 Lattice spacetime coordinate (ID #5)
 • Position indices: (25, 26)
 • Rescaled imaginary time (tau / beta): 0.0718413
───────────────────────────────────────────────────

Diagram pool size: 5
Diagram pool fermion loop numbers: ( 2 2 2 2 2 )
Constraints on spacetime coordinates: [x x x 2 x 4]

Subspace saved counts:	[3714342 31185658]
Subspace saved ratios:	[0.106428 0.893572]
Subspace average measured signs:	[1 -0.0708294]

Current weight:	1.19191e-08
Current total acceptance ratio:	0.103477
Current average ascend ratio:	0.00531487
Current average descend ratio:	0.00531487
Current average mutate ratio:	0.0928477

════════════════════
 MC step #36000000
════════════════════

In subspace: [V_0 V_3]
                   ^   
───────────────────────────────────────────────────
 Lattice spacetime coordinate (ID #0)
 • Position indices: (0, 0)
 • Rescaled imaginary time (tau / beta): 0
───────────────────────────────────────────────────
 Lattice spacetime coordinate (ID #1)
 • Position indices: (1, 0)
 • Rescaled imaginary time (tau / beta): 0.99455
───────────────────────────────────────────────────
 Lattice spacetime coordinate (ID #2)
 • Position indices: (0, 0)
 • Rescaled imaginary time (tau / beta): 0.998536
───────────────────────────────────────────────────
 Lattice spacetime coordinate (ID #3)
 • Position indices: (0, 0)
 • Rescaled imaginary time (tau / beta): 0.998536
───────────────────────────────────────────────────
 Lattice spacetime coordinate (ID #4)
 • Position indices: (0, 0)
 • Rescaled imaginary time (tau / beta): 9.70521e-05
───────────────────────────────────────────────────
 Lattice spacetime coordinate (ID #5)
 • Position indices: (0, 0)
 • Rescaled imaginary time (tau / beta): 9.70521e-05
───────────────────────────────────────────────────

Diagram pool size: 5
Diagram pool fermion loop numbers: ( 2 2 2 2 2 )
Constraints on spacetime coordinates: [x x x 2 x 4]

Subspace saved counts:	[3825958 32074042]
Subspace saved ratios:	[0.106573 0.893427]
Subspace average measured signs:	[1 -0.0706117]

Current weight:	0.0140639
Current total acceptance ratio:	0.103441
Current average ascend ratio:	0.00532081
Current average descend ratio:	0.00532081
Current average mutate ratio:	0.0927992

════════════════════
 MC step #37000000
════════════════════

In subspace: [V_0 V_3]
                   ^   
───────────────────────────────────────────────────
 Lattice spacetime coordinate (ID #0)
 • Position indices: (0, 0)
 • Rescaled imaginary time (tau / beta): 0
───────────────────────────────────────────────────
 Lattice spacetime coordinate (ID #1)
 • Position indices: (29, 29)
 • Rescaled imaginary time (tau / beta): 0.474815
───────────────────────────────────────────────────
 Lattice spacetime coordinate (ID #2)
 • Position indices: (0, 2)
 • Rescaled imaginary time (tau / beta): 0.873586
───────────────────────────────────────────────────
 Lattice spacetime coordinate (ID #3)
 • Position indices: (0, 2)
 • Rescaled imaginary time (tau / beta): 0.873586
───────────────────────────────────────────────────
 Lattice spacetime coordinate (ID #4)
 • Position indices: (0, 3)
 • Rescaled imaginary time (tau / beta): 0.866373
───────────────────────────────────────────────────
 Lattice spacetime coordinate (ID #5)
 • Position indices: (0, 3)
 • Rescaled imaginary time (tau / beta): 0.866373
───────────────────────────────────────────────────

Diagram pool size: 5
Diagram pool fermion loop numbers: ( 2 2 2 2 2 )
Constraints on spacetime coordinates: [x x x 2 x 4]

Subspace saved counts:	[3937587 32962413]
Subspace saved ratios:	[0.10671 0.89329]
Subspace average measured signs:	[1 -0.0703104]

Current weight:	-8.44361e-08
Current total acceptance ratio:	0.103455
Current average ascend ratio:	0.00532534
Current average descend ratio:	0.00532534
Current average mutate ratio:	0.092804

════════════════════
 MC step #38000000
════════════════════

In subspace: [V_0 V_3]
               ^       
Diagram pool size: 1
Diagram pool fermion loop numbers: ( 0 )
Constraints on spacetime coordinates: [x x x 2 x 4]

Subspace saved counts:	[4048531 33851469]
Subspace saved ratios:	[0.106821 0.893179]
Subspace average measured signs:	[1 -0.0704281]

Current weight:	0.241313
Current total acceptance ratio:	0.10346
Current average ascend ratio:	0.00533311
Current average descend ratio:	0.00533314
Current average mutate ratio:	0.0927934

════════════════════
 MC step #39000000
════════════════════

In subspace: [V_0 V_3]
                   ^   
───────────────────────────────────────────────────
 Lattice spacetime coordinate (ID #0)
 • Position indices: (0, 0)
 • Rescaled imaginary time (tau / beta): 0
───────────────────────────────────────────────────
 Lattice spacetime coordinate (ID #1)
 • Position indices: (1, 29)
 • Rescaled imaginary time (tau / beta): 0.992794
───────────────────────────────────────────────────
 Lattice spacetime coordinate (ID #2)
 • Position indices: (0, 0)
 • Rescaled imaginary time (tau / beta): 0.0906677
───────────────────────────────────────────────────
 Lattice spacetime coordinate (ID #3)
 • Position indices: (0, 0)
 • Rescaled imaginary time (tau / beta): 0.0906677
───────────────────────────────────────────────────
 Lattice spacetime coordinate (ID #4)
 • Position indices: (0, 0)
 • Rescaled imaginary time (tau / beta): 0.0646823
───────────────────────────────────────────────────
 Lattice spacetime coordinate (ID #5)
 • Position indices: (0, 0)
 • Rescaled imaginary time (tau / beta): 0.0646823
───────────────────────────────────────────────────

Diagram pool size: 5
Diagram pool fermion loop numbers: ( 2 2 2 2 2 )
Constraints on spacetime coordinates: [x x x 2 x 4]

Subspace saved counts:	[4165498 34734502]
Subspace saved ratios:	[0.107082 0.892918]
Subspace average measured signs:	[1 -0.0707338]

Current weight:	-0.000150839
Current total acceptance ratio:	0.103425
Current average ascend ratio:	0.00534591
Current average descend ratio:	0.00534591
Current average mutate ratio:	0.0927333

════════════════════
 MC step #40000000
════════════════════

In subspace: [V_0 V_3]
                   ^   
───────────────────────────────────────────────────
 Lattice spacetime coordinate (ID #0)
 • Position indices: (0, 0)
 • Rescaled imaginary time (tau / beta): 0
───────────────────────────────────────────────────
 Lattice spacetime coordinate (ID #1)
 • Position indices: (2, 1)
 • Rescaled imaginary time (tau / beta): 0.0740982
───────────────────────────────────────────────────
 Lattice spacetime coordinate (ID #2)
 • Position indices: (3, 3)
 • Rescaled imaginary time (tau / beta): 0.103024
───────────────────────────────────────────────────
 Lattice spacetime coordinate (ID #3)
 • Position indices: (3, 3)
 • Rescaled imaginary time (tau / beta): 0.103024
───────────────────────────────────────────────────
 Lattice spacetime coordinate (ID #4)
 • Position indices: (3, 3)
 • Rescaled imaginary time (tau / beta): 0.145742
───────────────────────────────────────────────────
 Lattice spacetime coordinate (ID #5)
 • Position indices: (3, 3)
 • Rescaled imaginary time (tau / beta): 0.145742
───────────────────────────────────────────────────

Diagram pool size: 5
Diagram pool fermion loop numbers: ( 2 2 2 2 2 )
Constraints on spacetime coordinates: [x x x 2 x 4]

Subspace saved counts:	[4282061 35617939]
Subspace saved ratios:	[0.10732 0.89268]
Subspace average measured signs:	[1 -0.0707848]

Current weight:	-3.20591e-06
Current total acceptance ratio:	0.103418
Current average ascend ratio:	0.00535912
Current average descend ratio:	0.00535912
Current average mutate ratio:	0.0926998

════════════════════
 MC step #41000000
════════════════════

In subspace: [V_0 V_3]
                   ^   
───────────────────────────────────────────────────
 Lattice spacetime coordinate (ID #0)
 • Position indices: (0, 0)
 • Rescaled imaginary time (tau / beta): 0
───────────────────────────────────────────────────
 Lattice spacetime coordinate (ID #1)
 • Position indices: (1, 2)
 • Rescaled imaginary time (tau / beta): 0.952851
───────────────────────────────────────────────────
 Lattice spacetime coordinate (ID #2)
 • Position indices: (1, 1)
 • Rescaled imaginary time (tau / beta): 0.0265364
───────────────────────────────────────────────────
 Lattice spacetime coordinate (ID #3)
 • Position indices: (1, 1)
 • Rescaled imaginary time (tau / beta): 0.0265364
───────────────────────────────────────────────────
 Lattice spacetime coordinate (ID #4)
 • Position indices: (0, 0)
 • Rescaled imaginary time (tau / beta): 0.790729
───────────────────────────────────────────────────
 Lattice spacetime coordinate (ID #5)
 • Position indices: (0, 0)
 • Rescaled imaginary time (tau / beta): 0.790729
───────────────────────────────────────────────────

Diagram pool size: 5
Diagram pool fermion loop numbers: ( 2 2 2 2 2 )
Constraints on spacetime coordinates: [x x x 2 x 4]

Subspace saved counts:	[4404906 36495094]
Subspace saved ratios:	[0.107699 0.892301]
Subspace average measured signs:	[1 -0.0706536]

Current weight:	2.24139e-07
Current total acceptance ratio:	0.103427
Current average ascend ratio:	0.00537844
Current average descend ratio:	0.00537844
Current average mutate ratio:	0.0926701

════════════════════
 MC step #42000000
════════════════════

In subspace: [V_0 V_3]
                   ^   
───────────────────────────────────────────────────
 Lattice spacetime coordinate (ID #0)
 • Position indices: (0, 0)
 • Rescaled imaginary time (tau / beta): 0
───────────────────────────────────────────────────
 Lattice spacetime coordinate (ID #1)
 • Position indices: (1, 0)
 • Rescaled imaginary time (tau / beta): 0.209012
───────────────────────────────────────────────────
 Lattice spacetime coordinate (ID #2)
 • Position indices: (2, 0)
 • Rescaled imaginary time (tau / beta): 0.249426
───────────────────────────────────────────────────
 Lattice spacetime coordinate (ID #3)
 • Position indices: (2, 0)
 • Rescaled imaginary time (tau / beta): 0.249426
───────────────────────────────────────────────────
 Lattice spacetime coordinate (ID #4)
 • Position indices: (2, 0)
 • Rescaled imaginary time (tau / beta): 0.219301
───────────────────────────────────────────────────
 Lattice spacetime coordinate (ID #5)
 • Position indices: (2, 0)
 • Rescaled imaginary time (tau / beta): 0.219301
───────────────────────────────────────────────────

Diagram pool size: 5
Diagram pool fermion loop numbers: ( 2 2 2 2 2 )
Constraints on spacetime coordinates: [x x x 2 x 4]

Subspace saved counts:	[4513414 37386586]
Subspace saved ratios:	[0.107719 0.892281]
Subspace average measured signs:	[1 -0.0710439]

Current weight:	2.49286e-06
Current total acceptance ratio:	0.103399
Current average ascend ratio:	0.00537979
Current average descend ratio:	0.00537979
Current average mutate ratio:	0.0926392

════════════════════
 MC step #43000000
════════════════════

In subspace: [V_0 V_3]
                   ^   
───────────────────────────────────────────────────
 Lattice spacetime coordinate (ID #0)
 • Position indices: (0, 0)
 • Rescaled imaginary time (tau / beta): 0
───────────────────────────────────────────────────
 Lattice spacetime coordinate (ID #1)
 • Position indices: (2, 2)
 • Rescaled imaginary time (tau / beta): 0.289712
───────────────────────────────────────────────────
 Lattice spacetime coordinate (ID #2)
 • Position indices: (1, 0)
 • Rescaled imaginary time (tau / beta): 0.317022
───────────────────────────────────────────────────
 Lattice spacetime coordinate (ID #3)
 • Position indices: (1, 0)
 • Rescaled imaginary time (tau / beta): 0.317022
───────────────────────────────────────────────────
 Lattice spacetime coordinate (ID #4)
 • Position indices: (29, 1)
 • Rescaled imaginary time (tau / beta): 0.344018
───────────────────────────────────────────────────
 Lattice spacetime coordinate (ID #5)
 • Position indices: (29, 1)
 • Rescaled imaginary time (tau / beta): 0.344018
───────────────────────────────────────────────────

Diagram pool size: 5
Diagram pool fermion loop numbers: ( 2 2 2 2 2 )
Constraints on spacetime coordinates: [x x x 2 x 4]

Subspace saved counts:	[4623669 38276331]
Subspace saved ratios:	[0.107778 0.892222]
Subspace average measured signs:	[1 -0.0703623]

Current weight:	1.46723e-07
Current total acceptance ratio:	0.103396
Current average ascend ratio:	0.0053793
Current average descend ratio:	0.0053793
Current average mutate ratio:	0.0926375

════════════════════
 MC step #44000000
════════════════════

In subspace: [V_0 V_3]
                   ^   
───────────────────────────────────────────────────
 Lattice spacetime coordinate (ID #0)
 • Position indices: (0, 0)
 • Rescaled imaginary time (tau / beta): 0
───────────────────────────────────────────────────
 Lattice spacetime coordinate (ID #1)
 • Position indices: (1, 29)
 • Rescaled imaginary time (tau / beta): 0.525871
───────────────────────────────────────────────────
 Lattice spacetime coordinate (ID #2)
 • Position indices: (1, 29)
 • Rescaled imaginary time (tau / beta): 0.497141
───────────────────────────────────────────────────
 Lattice spacetime coordinate (ID #3)
 • Position indices: (1, 29)
 • Rescaled imaginary time (tau / beta): 0.497141
───────────────────────────────────────────────────
 Lattice spacetime coordinate (ID #4)
 • Position indices: (1, 0)
 • Rescaled imaginary time (tau / beta): 0.498882
───────────────────────────────────────────────────
 Lattice spacetime coordinate (ID #5)
 • Position indices: (1, 0)
 • Rescaled imaginary time (tau / beta): 0.498882
───────────────────────────────────────────────────

Diagram pool size: 5
Diagram pool fermion loop numbers: ( 2 2 2 2 2 )
Constraints on spacetime coordinates: [x x x 2 x 4]

Subspace saved counts:	[4731321 39168679]
Subspace saved ratios:	[0.107775 0.892225]
Subspace average measured signs:	[1 -0.0705824]

Current weight:	-1.14747e-05
Current total acceptance ratio:	0.103431
Current average ascend ratio:	0.00538
Current average descend ratio:	0.00538
Current average mutate ratio:	0.092671

════════════════════
 MC step #45000000
════════════════════

In subspace: [V_0 V_3]
                   ^   
───────────────────────────────────────────────────
 Lattice spacetime coordinate (ID #0)
 • Position indices: (0, 0)
 • Rescaled imaginary time (tau / beta): 0
───────────────────────────────────────────────────
 Lattice spacetime coordinate (ID #1)
 • Position indices: (2, 29)
 • Rescaled imaginary time (tau / beta): 0.112847
───────────────────────────────────────────────────
 Lattice spacetime coordinate (ID #2)
 • Position indices: (2, 29)
 • Rescaled imaginary time (tau / beta): 0.131913
───────────────────────────────────────────────────
 Lattice spacetime coordinate (ID #3)
 • Position indices: (2, 29)
 • Rescaled imaginary time (tau / beta): 0.131913
───────────────────────────────────────────────────
 Lattice spacetime coordinate (ID #4)
 • Position indices: (1, 28)
 • Rescaled imaginary time (tau / beta): 0.238921
───────────────────────────────────────────────────
 Lattice spacetime coordinate (ID #5)
 • Position indices: (1, 28)
 • Rescaled imaginary time (tau / beta): 0.238921
───────────────────────────────────────────────────

Diagram pool size: 5
Diagram pool fermion loop numbers: ( 2 2 2 2 2 )
Constraints on spacetime coordinates: [x x x 2 x 4]

Subspace saved counts:	[4838149 40061851]
Subspace saved ratios:	[0.107754 0.892246]
Subspace average measured signs:	[1 -0.0706855]

Current weight:	1.23013e-07
Current total acceptance ratio:	0.103417
Current average ascend ratio:	0.00537855
Current average descend ratio:	0.00537855
Current average mutate ratio:	0.0926595

════════════════════
 MC step #46000000
════════════════════

In subspace: [V_0 V_3]
                   ^   
───────────────────────────────────────────────────
 Lattice spacetime coordinate (ID #0)
 • Position indices: (0, 0)
 • Rescaled imaginary time (tau / beta): 0
───────────────────────────────────────────────────
 Lattice spacetime coordinate (ID #1)
 • Position indices: (2, 2)
 • Rescaled imaginary time (tau / beta): 0.82862
───────────────────────────────────────────────────
 Lattice spacetime coordinate (ID #2)
 • Position indices: (27, 7)
 • Rescaled imaginary time (tau / beta): 0.321135
───────────────────────────────────────────────────
 Lattice spacetime coordinate (ID #3)
 • Position indices: (27, 7)
 • Rescaled imaginary time (tau / beta): 0.321135
───────────────────────────────────────────────────
 Lattice spacetime coordinate (ID #4)
 • Position indices: (27, 7)
 • Rescaled imaginary time (tau / beta): 0.884146
───────────────────────────────────────────────────
 Lattice spacetime coordinate (ID #5)
 • Position indices: (27, 7)
 • Rescaled imaginary time (tau / beta): 0.884146
───────────────────────────────────────────────────

Diagram pool size: 5
Diagram pool fermion loop numbers: ( 2 2 2 2 2 )
Constraints on spacetime coordinates: [x x x 2 x 4]

Subspace saved counts:	[4945276 40954724]
Subspace saved ratios:	[0.10774 0.89226]
Subspace average measured signs:	[1 -0.0701403]

Current weight:	3.90492e-09
Current total acceptance ratio:	0.103438
Current average ascend ratio:	0.00537802
Current average descend ratio:	0.00537802
Current average mutate ratio:	0.0926817

════════════════════
 MC step #47000000
════════════════════

In subspace: [V_0 V_3]
                   ^   
───────────────────────────────────────────────────
 Lattice spacetime coordinate (ID #0)
 • Position indices: (0, 0)
 • Rescaled imaginary time (tau / beta): 0
───────────────────────────────────────────────────
 Lattice spacetime coordinate (ID #1)
 • Position indices: (2, 2)
 • Rescaled imaginary time (tau / beta): 0.0905571
───────────────────────────────────────────────────
 Lattice spacetime coordinate (ID #2)
 • Position indices: (5, 26)
 • Rescaled imaginary time (tau / beta): 0.922505
───────────────────────────────────────────────────
 Lattice spacetime coordinate (ID #3)
 • Position indices: (5, 26)
 • Rescaled imaginary time (tau / beta): 0.922505
───────────────────────────────────────────────────
 Lattice spacetime coordinate (ID #4)
 • Position indices: (7, 27)
 • Rescaled imaginary time (tau / beta): 0.939084
───────────────────────────────────────────────────
 Lattice spacetime coordinate (ID #5)
 • Position indices: (7, 27)
 • Rescaled imaginary time (tau / beta): 0.939084
───────────────────────────────────────────────────

Diagram pool size: 5
Diagram pool fermion loop numbers: ( 2 2 2 2 2 )
Constraints on spacetime coordinates: [x x x 2 x 4]

Subspace saved counts:	[5053483 41846517]
Subspace saved ratios:	[0.10775 0.89225]
Subspace average measured signs:	[1 -0.07039]

Current weight:	-1.14052e-08
Current total acceptance ratio:	0.103428
Current average ascend ratio:	0.00537872
Current average descend ratio:	0.00537872
Current average mutate ratio:	0.0926705

════════════════════
 MC step #48000000
════════════════════

In subspace: [V_0 V_3]
                   ^   
───────────────────────────────────────────────────
 Lattice spacetime coordinate (ID #0)
 • Position indices: (0, 0)
 • Rescaled imaginary time (tau / beta): 0
───────────────────────────────────────────────────
 Lattice spacetime coordinate (ID #1)
 • Position indices: (27, 28)
 • Rescaled imaginary time (tau / beta): 0.0157305
───────────────────────────────────────────────────
 Lattice spacetime coordinate (ID #2)
 • Position indices: (28, 29)
 • Rescaled imaginary time (tau / beta): 0.0202936
───────────────────────────────────────────────────
 Lattice spacetime coordinate (ID #3)
 • Position indices: (28, 29)
 • Rescaled imaginary time (tau / beta): 0.0202936
───────────────────────────────────────────────────
 Lattice spacetime coordinate (ID #4)
 • Position indices: (28, 29)
 • Rescaled imaginary time (tau / beta): 0.966332
───────────────────────────────────────────────────
 Lattice spacetime coordinate (ID #5)
 • Position indices: (28, 29)
 • Rescaled imaginary time (tau / beta): 0.966332
───────────────────────────────────────────────────

Diagram pool size: 5
Diagram pool fermion loop numbers: ( 2 2 2 2 2 )
Constraints on spacetime coordinates: [x x x 2 x 4]

Subspace saved counts:	[5165594 42734406]
Subspace saved ratios:	[0.107841 0.892159]
Subspace average measured signs:	[1 -0.0703526]

Current weight:	1.91788e-05
Current total acceptance ratio:	0.103434
Current average ascend ratio:	0.00538236
Current average descend ratio:	0.00538236
Current average mutate ratio:	0.0926694

════════════════════
 MC step #49000000
════════════════════

In subspace: [V_0 V_3]
                   ^   
───────────────────────────────────────────────────
 Lattice spacetime coordinate (ID #0)
 • Position indices: (0, 0)
 • Rescaled imaginary time (tau / beta): 0
───────────────────────────────────────────────────
 Lattice spacetime coordinate (ID #1)
 • Position indices: (28, 29)
 • Rescaled imaginary time (tau / beta): 0.907131
───────────────────────────────────────────────────
 Lattice spacetime coordinate (ID #2)
 • Position indices: (28, 29)
 • Rescaled imaginary time (tau / beta): 0.043598
───────────────────────────────────────────────────
 Lattice spacetime coordinate (ID #3)
 • Position indices: (28, 29)
 • Rescaled imaginary time (tau / beta): 0.043598
───────────────────────────────────────────────────
 Lattice spacetime coordinate (ID #4)
 • Position indices: (28, 29)
 • Rescaled imaginary time (tau / beta): 0.95708
───────────────────────────────────────────────────
 Lattice spacetime coordinate (ID #5)
 • Position indices: (28, 29)
 • Rescaled imaginary time (tau / beta): 0.95708
───────────────────────────────────────────────────

Diagram pool size: 5
Diagram pool fermion loop numbers: ( 2 2 2 2 2 )
Constraints on spacetime coordinates: [x x x 2 x 4]

Subspace saved counts:	[5263384 43636616]
Subspace saved ratios:	[0.107636 0.892364]
Subspace average measured signs:	[1 -0.0701449]

Current weight:	1.78391e-05
Current total acceptance ratio:	0.103449
Current average ascend ratio:	0.00537329
Current average descend ratio:	0.00537329
Current average mutate ratio:	0.0927024

════════════════════
 MC step #50000000
════════════════════

In subspace: [V_0 V_3]
                   ^   
───────────────────────────────────────────────────
 Lattice spacetime coordinate (ID #0)
 • Position indices: (0, 0)
 • Rescaled imaginary time (tau / beta): 0
───────────────────────────────────────────────────
 Lattice spacetime coordinate (ID #1)
 • Position indices: (2, 25)
 • Rescaled imaginary time (tau / beta): 0.573176
───────────────────────────────────────────────────
 Lattice spacetime coordinate (ID #2)
 • Position indices: (2, 25)
 • Rescaled imaginary time (tau / beta): 0.315196
───────────────────────────────────────────────────
 Lattice spacetime coordinate (ID #3)
 • Position indices: (2, 25)
 • Rescaled imaginary time (tau / beta): 0.315196
───────────────────────────────────────────────────
 Lattice spacetime coordinate (ID #4)
 • Position indices: (2, 25)
 • Rescaled imaginary time (tau / beta): 0.322871
───────────────────────────────────────────────────
 Lattice spacetime coordinate (ID #5)
 • Position indices: (2, 25)
 • Rescaled imaginary time (tau / beta): 0.322871
───────────────────────────────────────────────────

Diagram pool size: 5
Diagram pool fermion loop numbers: ( 2 2 2 2 2 )
Constraints on spacetime coordinates: [x x x 2 x 4]

Subspace saved counts:	[5368365 44531635]
Subspace saved ratios:	[0.107582 0.892418]
Subspace average measured signs:	[1 -0.0700564]

Current weight:	2.10971e-07
Current total acceptance ratio:	0.103452
Current average ascend ratio:	0.00536918
Current average descend ratio:	0.00536918
Current average mutate ratio:	0.0927134
Final results:
════════════════════
 MC step #50100000
════════════════════

In subspace: [V_0 V_3]
                   ^   
───────────────────────────────────────────────────
 Lattice spacetime coordinate (ID #0)
 • Position indices: (0, 0)
 • Rescaled imaginary time (tau / beta): 0
───────────────────────────────────────────────────
 Lattice spacetime coordinate (ID #1)
 • Position indices: (28, 0)
 • Rescaled imaginary time (tau / beta): 0.986114
───────────────────────────────────────────────────
 Lattice spacetime coordinate (ID #2)
 • Position indices: (2, 27)
 • Rescaled imaginary time (tau / beta): 0.240021
───────────────────────────────────────────────────
 Lattice spacetime coordinate (ID #3)
 • Position indices: (2, 27)
 • Rescaled imaginary time (tau / beta): 0.240021
───────────────────────────────────────────────────
 Lattice spacetime coordinate (ID #4)
 • Position indices: (1, 27)
 • Rescaled imaginary time (tau / beta): 0.238441
───────────────────────────────────────────────────
 Lattice spacetime coordinate (ID #5)
 • Position indices: (1, 27)
 • Rescaled imaginary time (tau / beta): 0.238441
───────────────────────────────────────────────────

Diagram pool size: 5
Diagram pool fermion loop numbers: ( 2 2 2 2 2 )
Constraints on spacetime coordinates: [x x x 2 x 4]

Subspace saved counts:	[5386418 44613582]
Subspace saved ratios:	[0.107728 0.892272]
Subspace average measured signs:	[1 -0.0700062]

Current weight:	-1.31646e-07
Current total acceptance ratio:	0.103458
Current average ascend ratio:	0.00537674
Current average descend ratio:	0.00537674
Current average mutate ratio:	0.0927044

Normalization constant: C / N_{s,0} =4.48003e-08

Job ended at:	Mon Jun 28 21:00:28 2021
Elapsed time:	563 seconds
