MPI run with 16 thread(s)
Job started at:	Mon Jun 28 19:45:39 2021
UNIX timestamp:	1624923939

════════════════════
 MC step #1000000
════════════════════

In subspace: [V_0 V_3]
                   ^   
───────────────────────────────────────────────────
 Lattice spacetime coordinate (ID #0)
 • Position indices: (0, 0)
 • Rescaled imaginary time (tau / beta): 0
───────────────────────────────────────────────────
 Lattice spacetime coordinate (ID #1)
 • Position indices: (51, 7)
 • Rescaled imaginary time (tau / beta): 0.719041
───────────────────────────────────────────────────
 Lattice spacetime coordinate (ID #2)
 • Position indices: (8, 23)
 • Rescaled imaginary time (tau / beta): 0.589433
───────────────────────────────────────────────────
 Lattice spacetime coordinate (ID #3)
 • Position indices: (8, 23)
 • Rescaled imaginary time (tau / beta): 0.589433
───────────────────────────────────────────────────
 Lattice spacetime coordinate (ID #4)
 • Position indices: (7, 23)
 • Rescaled imaginary time (tau / beta): 0.589403
───────────────────────────────────────────────────
 Lattice spacetime coordinate (ID #5)
 • Position indices: (7, 23)
 • Rescaled imaginary time (tau / beta): 0.589403
───────────────────────────────────────────────────

Diagram pool size: 5
Diagram pool fermion loop numbers: ( 2 2 2 2 2 )
Constraints on spacetime coordinates: [x x x 2 x 4]

Subspace saved counts:	[198982 701018]
Subspace saved ratios:	[0.221091 0.778908]
Subspace average measured signs:	[1 -0.0761521]

Current weight:	-8.5151e-13
Current total acceptance ratio:	0.0750377
Current average ascend ratio:	0.0029
Current average descend ratio:	0.00289889
Current average mutate ratio:	0.0692388

════════════════════
 MC step #2000000
════════════════════

In subspace: [V_0 V_3]
                   ^   
───────────────────────────────────────────────────
 Lattice spacetime coordinate (ID #0)
 • Position indices: (0, 0)
 • Rescaled imaginary time (tau / beta): 0
───────────────────────────────────────────────────
 Lattice spacetime coordinate (ID #1)
 • Position indices: (8, 55)
 • Rescaled imaginary time (tau / beta): 0.0264491
───────────────────────────────────────────────────
 Lattice spacetime coordinate (ID #2)
 • Position indices: (59, 58)
 • Rescaled imaginary time (tau / beta): 0.0752395
───────────────────────────────────────────────────
 Lattice spacetime coordinate (ID #3)
 • Position indices: (59, 58)
 • Rescaled imaginary time (tau / beta): 0.0752395
───────────────────────────────────────────────────
 Lattice spacetime coordinate (ID #4)
 • Position indices: (61, 57)
 • Rescaled imaginary time (tau / beta): 0.0770882
───────────────────────────────────────────────────
 Lattice spacetime coordinate (ID #5)
 • Position indices: (61, 57)
 • Rescaled imaginary time (tau / beta): 0.0770882
───────────────────────────────────────────────────

Diagram pool size: 5
Diagram pool fermion loop numbers: ( 2 2 2 2 2 )
Constraints on spacetime coordinates: [x x x 2 x 4]

Subspace saved counts:	[440669 1459331]
Subspace saved ratios:	[0.231931 0.768069]
Subspace average measured signs:	[1 -0.102378]

Current weight:	2.53202e-11
Current total acceptance ratio:	0.0701905
Current average ascend ratio:	0.00303316
Current average descend ratio:	0.00303263
Current average mutate ratio:	0.0641247

════════════════════
 MC step #3000000
════════════════════

In subspace: [V_0 V_3]
                   ^   
───────────────────────────────────────────────────
 Lattice spacetime coordinate (ID #0)
 • Position indices: (0, 0)
 • Rescaled imaginary time (tau / beta): 0
───────────────────────────────────────────────────
 Lattice spacetime coordinate (ID #1)
 • Position indices: (2, 63)
 • Rescaled imaginary time (tau / beta): 0.0973803
───────────────────────────────────────────────────
 Lattice spacetime coordinate (ID #2)
 • Position indices: (5, 59)
 • Rescaled imaginary time (tau / beta): 0.87872
───────────────────────────────────────────────────
 Lattice spacetime coordinate (ID #3)
 • Position indices: (5, 59)
 • Rescaled imaginary time (tau / beta): 0.87872
───────────────────────────────────────────────────
 Lattice spacetime coordinate (ID #4)
 • Position indices: (6, 59)
 • Rescaled imaginary time (tau / beta): 0.879835
───────────────────────────────────────────────────
 Lattice spacetime coordinate (ID #5)
 • Position indices: (6, 59)
 • Rescaled imaginary time (tau / beta): 0.879835
───────────────────────────────────────────────────

Diagram pool size: 5
Diagram pool fermion loop numbers: ( 2 2 2 2 2 )
Constraints on spacetime coordinates: [x x x 2 x 4]

Subspace saved counts:	[655426 2244574]
Subspace saved ratios:	[0.226009 0.773991]
Subspace average measured signs:	[1 -0.0895493]

Current weight:	-1.03265e-09
Current total acceptance ratio:	0.0693979
Current average ascend ratio:	0.00296069
Current average descend ratio:	0.00296034
Current average mutate ratio:	0.0634769

════════════════════
 MC step #4000000
════════════════════

In subspace: [V_0 V_3]
                   ^   
───────────────────────────────────────────────────
 Lattice spacetime coordinate (ID #0)
 • Position indices: (0, 0)
 • Rescaled imaginary time (tau / beta): 0
───────────────────────────────────────────────────
 Lattice spacetime coordinate (ID #1)
 • Position indices: (9, 6)
 • Rescaled imaginary time (tau / beta): 0.95942
───────────────────────────────────────────────────
 Lattice spacetime coordinate (ID #2)
 • Position indices: (33, 31)
 • Rescaled imaginary time (tau / beta): 0.361216
───────────────────────────────────────────────────
 Lattice spacetime coordinate (ID #3)
 • Position indices: (33, 31)
 • Rescaled imaginary time (tau / beta): 0.361216
───────────────────────────────────────────────────
 Lattice spacetime coordinate (ID #4)
 • Position indices: (28, 26)
 • Rescaled imaginary time (tau / beta): 0.981364
───────────────────────────────────────────────────
 Lattice spacetime coordinate (ID #5)
 • Position indices: (28, 26)
 • Rescaled imaginary time (tau / beta): 0.981364
───────────────────────────────────────────────────

Diagram pool size: 5
Diagram pool fermion loop numbers: ( 2 2 2 2 2 )
Constraints on spacetime coordinates: [x x x 2 x 4]

Subspace saved counts:	[923336 2976664]
Subspace saved ratios:	[0.236753 0.763247]
Subspace average measured signs:	[1 -0.0859062]

Current weight:	-1.224e-13
Current total acceptance ratio:	0.0677769
Current average ascend ratio:	0.00309846
Current average descend ratio:	0.0030982
Current average mutate ratio:	0.0615802

════════════════════
 MC step #5000000
════════════════════

In subspace: [V_0 V_3]
                   ^   
───────────────────────────────────────────────────
 Lattice spacetime coordinate (ID #0)
 • Position indices: (0, 0)
 • Rescaled imaginary time (tau / beta): 0
───────────────────────────────────────────────────
 Lattice spacetime coordinate (ID #1)
 • Position indices: (59, 6)
 • Rescaled imaginary time (tau / beta): 0.124551
───────────────────────────────────────────────────
 Lattice spacetime coordinate (ID #2)
 • Position indices: (59, 6)
 • Rescaled imaginary time (tau / beta): 0.0196493
───────────────────────────────────────────────────
 Lattice spacetime coordinate (ID #3)
 • Position indices: (59, 6)
 • Rescaled imaginary time (tau / beta): 0.0196493
───────────────────────────────────────────────────
 Lattice spacetime coordinate (ID #4)
 • Position indices: (3, 61)
 • Rescaled imaginary time (tau / beta): 0.0353905
───────────────────────────────────────────────────
 Lattice spacetime coordinate (ID #5)
 • Position indices: (3, 61)
 • Rescaled imaginary time (tau / beta): 0.0353905
───────────────────────────────────────────────────

Diagram pool size: 5
Diagram pool fermion loop numbers: ( 2 2 2 2 2 )
Constraints on spacetime coordinates: [x x x 2 x 4]

Subspace saved counts:	[1057742 3842258]
Subspace saved ratios:	[0.215866 0.784134]
Subspace average measured signs:	[1 -0.0882434]

Current weight:	-3.22885e-12
Current total acceptance ratio:	0.0708186
Current average ascend ratio:	0.00282653
Current average descend ratio:	0.00282633
Current average mutate ratio:	0.0651657

════════════════════
 MC step #6000000
════════════════════

In subspace: [V_0 V_3]
                   ^   
───────────────────────────────────────────────────
 Lattice spacetime coordinate (ID #0)
 • Position indices: (0, 0)
 • Rescaled imaginary time (tau / beta): 0
───────────────────────────────────────────────────
 Lattice spacetime coordinate (ID #1)
 • Position indices: (45, 42)
 • Rescaled imaginary time (tau / beta): 0.640668
───────────────────────────────────────────────────
 Lattice spacetime coordinate (ID #2)
 • Position indices: (35, 35)
 • Rescaled imaginary time (tau / beta): 0.631251
───────────────────────────────────────────────────
 Lattice spacetime coordinate (ID #3)
 • Position indices: (35, 35)
 • Rescaled imaginary time (tau / beta): 0.631251
───────────────────────────────────────────────────
 Lattice spacetime coordinate (ID #4)
 • Position indices: (32, 32)
 • Rescaled imaginary time (tau / beta): 0.571363
───────────────────────────────────────────────────
 Lattice spacetime coordinate (ID #5)
 • Position indices: (32, 32)
 • Rescaled imaginary time (tau / beta): 0.571363
───────────────────────────────────────────────────

Diagram pool size: 5
Diagram pool fermion loop numbers: ( 2 2 2 2 2 )
Constraints on spacetime coordinates: [x x x 2 x 4]

Subspace saved counts:	[1315718 4584282]
Subspace saved ratios:	[0.223003 0.776997]
Subspace average measured signs:	[1 -0.0882542]

Current weight:	4.23995e-13
Current total acceptance ratio:	0.0700671
Current average ascend ratio:	0.00292983
Current average descend ratio:	0.00292966
Current average mutate ratio:	0.0642076

════════════════════
 MC step #7000000
════════════════════

In subspace: [V_0 V_3]
                   ^   
───────────────────────────────────────────────────
 Lattice spacetime coordinate (ID #0)
 • Position indices: (0, 0)
 • Rescaled imaginary time (tau / beta): 0
───────────────────────────────────────────────────
 Lattice spacetime coordinate (ID #1)
 • Position indices: (3, 4)
 • Rescaled imaginary time (tau / beta): 0.980276
───────────────────────────────────────────────────
 Lattice spacetime coordinate (ID #2)
 • Position indices: (15, 15)
 • Rescaled imaginary time (tau / beta): 0.0293178
───────────────────────────────────────────────────
 Lattice spacetime coordinate (ID #3)
 • Position indices: (15, 15)
 • Rescaled imaginary time (tau / beta): 0.0293178
───────────────────────────────────────────────────
 Lattice spacetime coordinate (ID #4)
 • Position indices: (14, 15)
 • Rescaled imaginary time (tau / beta): 0.0297418
───────────────────────────────────────────────────
 Lattice spacetime coordinate (ID #5)
 • Position indices: (14, 15)
 • Rescaled imaginary time (tau / beta): 0.0297418
───────────────────────────────────────────────────

Diagram pool size: 5
Diagram pool fermion loop numbers: ( 2 2 2 2 2 )
Constraints on spacetime coordinates: [x x x 2 x 4]

Subspace saved counts:	[1498642 5401358]
Subspace saved ratios:	[0.217194 0.782805]
Subspace average measured signs:	[1 -0.0872147]

Current weight:	8.7214e-09
Current total acceptance ratio:	0.0706378
Current average ascend ratio:	0.00284725
Current average descend ratio:	0.0028471
Current average mutate ratio:	0.0649435

════════════════════
 MC step #8000000
════════════════════

In subspace: [V_0 V_3]
               ^       
Diagram pool size: 1
Diagram pool fermion loop numbers: ( 0 )
Constraints on spacetime coordinates: [x x x 2 x 4]

Subspace saved counts:	[1721174 6178826]
Subspace saved ratios:	[0.21787 0.78213]
Subspace average measured signs:	[1 -0.0810749]

Current weight:	2.03847
Current total acceptance ratio:	0.0702475
Current average ascend ratio:	0.0028638
Current average descend ratio:	0.0028638
Current average mutate ratio:	0.0645199

════════════════════
 MC step #9000000
════════════════════

In subspace: [V_0 V_3]
               ^       
Diagram pool size: 1
Diagram pool fermion loop numbers: ( 0 )
Constraints on spacetime coordinates: [x x x 2 x 4]

Subspace saved counts:	[1909594 6990406]
Subspace saved ratios:	[0.214561 0.785439]
Subspace average measured signs:	[1 -0.0786146]

Current weight:	2.03847
Current total acceptance ratio:	0.0701909
Current average ascend ratio:	0.00282169
Current average descend ratio:	0.00282169
Current average mutate ratio:	0.0645475

════════════════════
 MC step #10000000
════════════════════

In subspace: [V_0 V_3]
                   ^   
───────────────────────────────────────────────────
 Lattice spacetime coordinate (ID #0)
 • Position indices: (0, 0)
 • Rescaled imaginary time (tau / beta): 0
───────────────────────────────────────────────────
 Lattice spacetime coordinate (ID #1)
 • Position indices: (5, 6)
 • Rescaled imaginary time (tau / beta): 0.0154433
───────────────────────────────────────────────────
 Lattice spacetime coordinate (ID #2)
 • Position indices: (43, 23)
 • Rescaled imaginary time (tau / beta): 0.1914
───────────────────────────────────────────────────
 Lattice spacetime coordinate (ID #3)
 • Position indices: (43, 23)
 • Rescaled imaginary time (tau / beta): 0.1914
───────────────────────────────────────────────────
 Lattice spacetime coordinate (ID #4)
 • Position indices: (44, 23)
 • Rescaled imaginary time (tau / beta): 0.17924
───────────────────────────────────────────────────
 Lattice spacetime coordinate (ID #5)
 • Position indices: (44, 23)
 • Rescaled imaginary time (tau / beta): 0.17924
───────────────────────────────────────────────────

Diagram pool size: 5
Diagram pool fermion loop numbers: ( 2 2 2 2 2 )
Constraints on spacetime coordinates: [x x x 2 x 4]

Subspace saved counts:	[2165366 7734634]
Subspace saved ratios:	[0.218724 0.781276]
Subspace average measured signs:	[1 -0.0795802]

Current weight:	1.13516e-13
Current total acceptance ratio:	0.0696212
Current average ascend ratio:	0.00287879
Current average descend ratio:	0.00287869
Current average mutate ratio:	0.0638637

════════════════════
 MC step #11000000
════════════════════

In subspace: [V_0 V_3]
               ^       
Diagram pool size: 1
Diagram pool fermion loop numbers: ( 0 )
Constraints on spacetime coordinates: [x x x 2 x 4]

Subspace saved counts:	[2383024 8516976]
Subspace saved ratios:	[0.218626 0.781374]
Subspace average measured signs:	[1 -0.0785765]

Current weight:	2.03847
Current total acceptance ratio:	0.0692413
Current average ascend ratio:	0.00288083
Current average descend ratio:	0.00288083
Current average mutate ratio:	0.0634796

════════════════════
 MC step #12000000
════════════════════

In subspace: [V_0 V_3]
                   ^   
───────────────────────────────────────────────────
 Lattice spacetime coordinate (ID #0)
 • Position indices: (0, 0)
 • Rescaled imaginary time (tau / beta): 0
───────────────────────────────────────────────────
 Lattice spacetime coordinate (ID #1)
 • Position indices: (5, 62)
 • Rescaled imaginary time (tau / beta): 0.0909921
───────────────────────────────────────────────────
 Lattice spacetime coordinate (ID #2)
 • Position indices: (13, 62)
 • Rescaled imaginary time (tau / beta): 0.0987964
───────────────────────────────────────────────────
 Lattice spacetime coordinate (ID #3)
 • Position indices: (13, 62)
 • Rescaled imaginary time (tau / beta): 0.0987964
───────────────────────────────────────────────────
 Lattice spacetime coordinate (ID #4)
 • Position indices: (14, 60)
 • Rescaled imaginary time (tau / beta): 0.101079
───────────────────────────────────────────────────
 Lattice spacetime coordinate (ID #5)
 • Position indices: (14, 60)
 • Rescaled imaginary time (tau / beta): 0.101079
───────────────────────────────────────────────────

Diagram pool size: 5
Diagram pool fermion loop numbers: ( 2 2 2 2 2 )
Constraints on spacetime coordinates: [x x x 2 x 4]

Subspace saved counts:	[2483657 9416343]
Subspace saved ratios:	[0.208711 0.791289]
Subspace average measured signs:	[1 -0.0801631]

Current weight:	-3.55217e-12
Current total acceptance ratio:	0.0698165
Current average ascend ratio:	0.00275328
Current average descend ratio:	0.00275319
Current average mutate ratio:	0.0643101

════════════════════
 MC step #13000000
════════════════════

In subspace: [V_0 V_3]
                   ^   
───────────────────────────────────────────────────
 Lattice spacetime coordinate (ID #0)
 • Position indices: (0, 0)
 • Rescaled imaginary time (tau / beta): 0
───────────────────────────────────────────────────
 Lattice spacetime coordinate (ID #1)
 • Position indices: (35, 30)
 • Rescaled imaginary time (tau / beta): 0.187769
───────────────────────────────────────────────────
 Lattice spacetime coordinate (ID #2)
 • Position indices: (63, 2)
 • Rescaled imaginary time (tau / beta): 0.966082
───────────────────────────────────────────────────
 Lattice spacetime coordinate (ID #3)
 • Position indices: (63, 2)
 • Rescaled imaginary time (tau / beta): 0.966082
───────────────────────────────────────────────────
 Lattice spacetime coordinate (ID #4)
 • Position indices: (63, 2)
 • Rescaled imaginary time (tau / beta): 0.966112
───────────────────────────────────────────────────
 Lattice spacetime coordinate (ID #5)
 • Position indices: (63, 2)
 • Rescaled imaginary time (tau / beta): 0.966112
───────────────────────────────────────────────────

Diagram pool size: 5
Diagram pool fermion loop numbers: ( 2 2 2 2 2 )
Constraints on spacetime coordinates: [x x x 2 x 4]

Subspace saved counts:	[2730250 10169750]
Subspace saved ratios:	[0.211647 0.788353]
Subspace average measured signs:	[1 -0.0804124]

Current weight:	8.26134e-10
Current total acceptance ratio:	0.0697347
Current average ascend ratio:	0.00279884
Current average descend ratio:	0.00279876
Current average mutate ratio:	0.0641371

════════════════════
 MC step #14000000
════════════════════

In subspace: [V_0 V_3]
                   ^   
───────────────────────────────────────────────────
 Lattice spacetime coordinate (ID #0)
 • Position indices: (0, 0)
 • Rescaled imaginary time (tau / beta): 0
───────────────────────────────────────────────────
 Lattice spacetime coordinate (ID #1)
 • Position indices: (16, 7)
 • Rescaled imaginary time (tau / beta): 0.633531
───────────────────────────────────────────────────
 Lattice spacetime coordinate (ID #2)
 • Position indices: (28, 16)
 • Rescaled imaginary time (tau / beta): 0.0950404
───────────────────────────────────────────────────
 Lattice spacetime coordinate (ID #3)
 • Position indices: (28, 16)
 • Rescaled imaginary time (tau / beta): 0.0950404
───────────────────────────────────────────────────
 Lattice spacetime coordinate (ID #4)
 • Position indices: (6, 58)
 • Rescaled imaginary time (tau / beta): 0.37682
───────────────────────────────────────────────────
 Lattice spacetime coordinate (ID #5)
 • Position indices: (6, 58)
 • Rescaled imaginary time (tau / beta): 0.37682
───────────────────────────────────────────────────

Diagram pool size: 5
Diagram pool fermion loop numbers: ( 2 2 2 2 2 )
Constraints on spacetime coordinates: [x x x 2 x 4]

Subspace saved counts:	[3042342 10857658]
Subspace saved ratios:	[0.218874 0.781126]
Subspace average measured signs:	[1 -0.0786345]

Current weight:	1.29e-16
Current total acceptance ratio:	0.0693617
Current average ascend ratio:	0.00289158
Current average descend ratio:	0.00289151
Current average mutate ratio:	0.0635786

════════════════════
 MC step #15000000
════════════════════

In subspace: [V_0 V_3]
                   ^   
───────────────────────────────────────────────────
 Lattice spacetime coordinate (ID #0)
 • Position indices: (0, 0)
 • Rescaled imaginary time (tau / beta): 0
───────────────────────────────────────────────────
 Lattice spacetime coordinate (ID #1)
 • Position indices: (6, 4)
 • Rescaled imaginary time (tau / beta): 0.295491
───────────────────────────────────────────────────
 Lattice spacetime coordinate (ID #2)
 • Position indices: (59, 59)
 • Rescaled imaginary time (tau / beta): 0.471958
───────────────────────────────────────────────────
 Lattice spacetime coordinate (ID #3)
 • Position indices: (59, 59)
 • Rescaled imaginary time (tau / beta): 0.471958
───────────────────────────────────────────────────
 Lattice spacetime coordinate (ID #4)
 • Position indices: (57, 58)
 • Rescaled imaginary time (tau / beta): 0.48255
───────────────────────────────────────────────────
 Lattice spacetime coordinate (ID #5)
 • Position indices: (57, 58)
 • Rescaled imaginary time (tau / beta): 0.48255
───────────────────────────────────────────────────

Diagram pool size: 5
Diagram pool fermion loop numbers: ( 2 2 2 2 2 )
Constraints on spacetime coordinates: [x x x 2 x 4]

Subspace saved counts:	[3316646 11583354]
Subspace saved ratios:	[0.222594 0.777406]
Subspace average measured signs:	[1 -0.0776663]

Current weight:	-9.01011e-13
Current total acceptance ratio:	0.0689636
Current average ascend ratio:	0.00294718
Current average descend ratio:	0.00294711
Current average mutate ratio:	0.0630693

════════════════════
 MC step #16000000
════════════════════

In subspace: [V_0 V_3]
                   ^   
───────────────────────────────────────────────────
 Lattice spacetime coordinate (ID #0)
 • Position indices: (0, 0)
 • Rescaled imaginary time (tau / beta): 0
───────────────────────────────────────────────────
 Lattice spacetime coordinate (ID #1)
 • Position indices: (58, 55)
 • Rescaled imaginary time (tau / beta): 0.924706
───────────────────────────────────────────────────
 Lattice spacetime coordinate (ID #2)
 • Position indices: (19, 16)
 • Rescaled imaginary time (tau / beta): 0.20893
───────────────────────────────────────────────────
 Lattice spacetime coordinate (ID #3)
 • Position indices: (19, 16)
 • Rescaled imaginary time (tau / beta): 0.20893
───────────────────────────────────────────────────
 Lattice spacetime coordinate (ID #4)
 • Position indices: (34, 34)
 • Rescaled imaginary time (tau / beta): 0.408778
───────────────────────────────────────────────────
 Lattice spacetime coordinate (ID #5)
 • Position indices: (34, 34)
 • Rescaled imaginary time (tau / beta): 0.408778
───────────────────────────────────────────────────

Diagram pool size: 5
Diagram pool fermion loop numbers: ( 2 2 2 2 2 )
Constraints on spacetime coordinates: [x x x 2 x 4]

Subspace saved counts:	[3563269 12336731]
Subspace saved ratios:	[0.224105 0.775895]
Subspace average measured signs:	[1 -0.0813044]

Current weight:	-2.1088e-16
Current total acceptance ratio:	0.068974
Current average ascend ratio:	0.00296975
Current average descend ratio:	0.00296969
Current average mutate ratio:	0.0630345

════════════════════
 MC step #17000000
════════════════════

In subspace: [V_0 V_3]
                   ^   
───────────────────────────────────────────────────
 Lattice spacetime coordinate (ID #0)
 • Position indices: (0, 0)
 • Rescaled imaginary time (tau / beta): 0
───────────────────────────────────────────────────
 Lattice spacetime coordinate (ID #1)
 • Position indices: (14, 14)
 • Rescaled imaginary time (tau / beta): 0.300769
───────────────────────────────────────────────────
 Lattice spacetime coordinate (ID #2)
 • Position indices: (18, 18)
 • Rescaled imaginary time (tau / beta): 0.924363
───────────────────────────────────────────────────
 Lattice spacetime coordinate (ID #3)
 • Position indices: (18, 18)
 • Rescaled imaginary time (tau / beta): 0.924363
───────────────────────────────────────────────────
 Lattice spacetime coordinate (ID #4)
 • Position indices: (18, 18)
 • Rescaled imaginary time (tau / beta): 0.930171
───────────────────────────────────────────────────
 Lattice spacetime coordinate (ID #5)
 • Position indices: (18, 18)
 • Rescaled imaginary time (tau / beta): 0.930171
───────────────────────────────────────────────────

Diagram pool size: 5
Diagram pool fermion loop numbers: ( 2 2 2 2 2 )
Constraints on spacetime coordinates: [x x x 2 x 4]

Subspace saved counts:	[3733992 13166008]
Subspace saved ratios:	[0.220946 0.779054]
Subspace average measured signs:	[1 -0.0847604]

Current weight:	-5.54409e-10
Current total acceptance ratio:	0.0691795
Current average ascend ratio:	0.00293047
Current average descend ratio:	0.00293041
Current average mutate ratio:	0.0633186

════════════════════
 MC step #18000000
════════════════════

In subspace: [V_0 V_3]
                   ^   
───────────────────────────────────────────────────
 Lattice spacetime coordinate (ID #0)
 • Position indices: (0, 0)
 • Rescaled imaginary time (tau / beta): 0
───────────────────────────────────────────────────
 Lattice spacetime coordinate (ID #1)
 • Position indices: (55, 9)
 • Rescaled imaginary time (tau / beta): 0.485524
───────────────────────────────────────────────────
 Lattice spacetime coordinate (ID #2)
 • Position indices: (57, 5)
 • Rescaled imaginary time (tau / beta): 0.087175
───────────────────────────────────────────────────
 Lattice spacetime coordinate (ID #3)
 • Position indices: (57, 5)
 • Rescaled imaginary time (tau / beta): 0.087175
───────────────────────────────────────────────────
 Lattice spacetime coordinate (ID #4)
 • Position indices: (52, 9)
 • Rescaled imaginary time (tau / beta): 0.104248
───────────────────────────────────────────────────
 Lattice spacetime coordinate (ID #5)
 • Position indices: (52, 9)
 • Rescaled imaginary time (tau / beta): 0.104248
───────────────────────────────────────────────────

Diagram pool size: 5
Diagram pool fermion loop numbers: ( 2 2 2 2 2 )
Constraints on spacetime coordinates: [x x x 2 x 4]

Subspace saved counts:	[3862040 14037960]
Subspace saved ratios:	[0.215756 0.784244]
Subspace average measured signs:	[1 -0.084882]

Current weight:	-2.93767e-13
Current total acceptance ratio:	0.069618
Current average ascend ratio:	0.00286246
Current average descend ratio:	0.0028624
Current average mutate ratio:	0.0638932

════════════════════
 MC step #19000000
════════════════════

In subspace: [V_0 V_3]
                   ^   
───────────────────────────────────────────────────
 Lattice spacetime coordinate (ID #0)
 • Position indices: (0, 0)
 • Rescaled imaginary time (tau / beta): 0
───────────────────────────────────────────────────
 Lattice spacetime coordinate (ID #1)
 • Position indices: (1, 4)
 • Rescaled imaginary time (tau / beta): 0.0359883
───────────────────────────────────────────────────
 Lattice spacetime coordinate (ID #2)
 • Position indices: (62, 3)
 • Rescaled imaginary time (tau / beta): 0.996645
───────────────────────────────────────────────────
 Lattice spacetime coordinate (ID #3)
 • Position indices: (62, 3)
 • Rescaled imaginary time (tau / beta): 0.996645
───────────────────────────────────────────────────
 Lattice spacetime coordinate (ID #4)
 • Position indices: (62, 3)
 • Rescaled imaginary time (tau / beta): 0.99995
───────────────────────────────────────────────────
 Lattice spacetime coordinate (ID #5)
 • Position indices: (62, 3)
 • Rescaled imaginary time (tau / beta): 0.99995
───────────────────────────────────────────────────

Diagram pool size: 5
Diagram pool fermion loop numbers: ( 2 2 2 2 2 )
Constraints on spacetime coordinates: [x x x 2 x 4]

Subspace saved counts:	[3939839 14960161]
Subspace saved ratios:	[0.208457 0.791543]
Subspace average measured signs:	[1 -0.0846819]

Current weight:	1.62562e-08
Current total acceptance ratio:	0.0700377
Current average ascend ratio:	0.00276656
Current average descend ratio:	0.00276651
Current average mutate ratio:	0.0645047

════════════════════
 MC step #20000000
════════════════════

In subspace: [V_0 V_3]
                   ^   
───────────────────────────────────────────────────
 Lattice spacetime coordinate (ID #0)
 • Position indices: (0, 0)
 • Rescaled imaginary time (tau / beta): 0
───────────────────────────────────────────────────
 Lattice spacetime coordinate (ID #1)
 • Position indices: (35, 28)
 • Rescaled imaginary time (tau / beta): 0.8404
───────────────────────────────────────────────────
 Lattice spacetime coordinate (ID #2)
 • Position indices: (3, 60)
 • Rescaled imaginary time (tau / beta): 0.0223468
───────────────────────────────────────────────────
 Lattice spacetime coordinate (ID #3)
 • Position indices: (3, 60)
 • Rescaled imaginary time (tau / beta): 0.0223468
───────────────────────────────────────────────────
 Lattice spacetime coordinate (ID #4)
 • Position indices: (3, 60)
 • Rescaled imaginary time (tau / beta): 0.0270062
───────────────────────────────────────────────────
 Lattice spacetime coordinate (ID #5)
 • Position indices: (3, 60)
 • Rescaled imaginary time (tau / beta): 0.0270062
───────────────────────────────────────────────────

Diagram pool size: 5
Diagram pool fermion loop numbers: ( 2 2 2 2 2 )
Constraints on spacetime coordinates: [x x x 2 x 4]

Subspace saved counts:	[4198786 15701214]
Subspace saved ratios:	[0.210994 0.789006]
Subspace average measured signs:	[1 -0.0837175]

Current weight:	2.9098e-09
Current total acceptance ratio:	0.0699129
Current average ascend ratio:	0.00279849
Current average descend ratio:	0.00279844
Current average mutate ratio:	0.0643159

════════════════════
 MC step #21000000
════════════════════

In subspace: [V_0 V_3]
                   ^   
───────────────────────────────────────────────────
 Lattice spacetime coordinate (ID #0)
 • Position indices: (0, 0)
 • Rescaled imaginary time (tau / beta): 0
───────────────────────────────────────────────────
 Lattice spacetime coordinate (ID #1)
 • Position indices: (36, 19)
 • Rescaled imaginary time (tau / beta): 0.415986
───────────────────────────────────────────────────
 Lattice spacetime coordinate (ID #2)
 • Position indices: (4, 51)
 • Rescaled imaginary time (tau / beta): 0.935057
───────────────────────────────────────────────────
 Lattice spacetime coordinate (ID #3)
 • Position indices: (4, 51)
 • Rescaled imaginary time (tau / beta): 0.935057
───────────────────────────────────────────────────
 Lattice spacetime coordinate (ID #4)
 • Position indices: (28, 27)
 • Rescaled imaginary time (tau / beta): 0.956598
───────────────────────────────────────────────────
 Lattice spacetime coordinate (ID #5)
 • Position indices: (28, 27)
 • Rescaled imaginary time (tau / beta): 0.956598
───────────────────────────────────────────────────

Diagram pool size: 5
Diagram pool fermion loop numbers: ( 2 2 2 2 2 )
Constraints on spacetime coordinates: [x x x 2 x 4]

Subspace saved counts:	[4341523 16558477]
Subspace saved ratios:	[0.207728 0.792272]
Subspace average measured signs:	[1 -0.086705]

Current weight:	-3.07714e-16
Current total acceptance ratio:	0.0706626
Current average ascend ratio:	0.00275316
Current average descend ratio:	0.00275311
Current average mutate ratio:	0.0651563

════════════════════
 MC step #22000000
════════════════════

In subspace: [V_0 V_3]
                   ^   
───────────────────────────────────────────────────
 Lattice spacetime coordinate (ID #0)
 • Position indices: (0, 0)
 • Rescaled imaginary time (tau / beta): 0
───────────────────────────────────────────────────
 Lattice spacetime coordinate (ID #1)
 • Position indices: (43, 32)
 • Rescaled imaginary time (tau / beta): 0.0397511
───────────────────────────────────────────────────
 Lattice spacetime coordinate (ID #2)
 • Position indices: (7, 60)
 • Rescaled imaginary time (tau / beta): 0.902329
───────────────────────────────────────────────────
 Lattice spacetime coordinate (ID #3)
 • Position indices: (7, 60)
 • Rescaled imaginary time (tau / beta): 0.902329
───────────────────────────────────────────────────
 Lattice spacetime coordinate (ID #4)
 • Position indices: (3, 56)
 • Rescaled imaginary time (tau / beta): 0.959248
───────────────────────────────────────────────────
 Lattice spacetime coordinate (ID #5)
 • Position indices: (3, 56)
 • Rescaled imaginary time (tau / beta): 0.959248
───────────────────────────────────────────────────

Diagram pool size: 5
Diagram pool fermion loop numbers: ( 2 2 2 2 2 )
Constraints on spacetime coordinates: [x x x 2 x 4]

Subspace saved counts:	[4518749 17381251]
Subspace saved ratios:	[0.206336 0.793664]
Subspace average measured signs:	[1 -0.0856938]

Current weight:	-1.04285e-13
Current total acceptance ratio:	0.0707909
Current average ascend ratio:	0.00273329
Current average descend ratio:	0.00273324
Current average mutate ratio:	0.0653244

════════════════════
 MC step #23000000
════════════════════

In subspace: [V_0 V_3]
                   ^   
───────────────────────────────────────────────────
 Lattice spacetime coordinate (ID #0)
 • Position indices: (0, 0)
 • Rescaled imaginary time (tau / beta): 0
───────────────────────────────────────────────────
 Lattice spacetime coordinate (ID #1)
 • Position indices: (62, 61)
 • Rescaled imaginary time (tau / beta): 0.00310949
───────────────────────────────────────────────────
 Lattice spacetime coordinate (ID #2)
 • Position indices: (0, 63)
 • Rescaled imaginary time (tau / beta): 0.808086
───────────────────────────────────────────────────
 Lattice spacetime coordinate (ID #3)
 • Position indices: (0, 63)
 • Rescaled imaginary time (tau / beta): 0.808086
───────────────────────────────────────────────────
 Lattice spacetime coordinate (ID #4)
 • Position indices: (3, 1)
 • Rescaled imaginary time (tau / beta): 0.792192
───────────────────────────────────────────────────
 Lattice spacetime coordinate (ID #5)
 • Position indices: (3, 1)
 • Rescaled imaginary time (tau / beta): 0.792192
───────────────────────────────────────────────────

Diagram pool size: 5
Diagram pool fermion loop numbers: ( 2 2 2 2 2 )
Constraints on spacetime coordinates: [x x x 2 x 4]

Subspace saved counts:	[4745506 18154494]
Subspace saved ratios:	[0.207227 0.792773]
Subspace average measured signs:	[1 -0.0855622]

Current weight:	2.82644e-11
Current total acceptance ratio:	0.0705937
Current average ascend ratio:	0.00274677
Current average descend ratio:	0.00274672
Current average mutate ratio:	0.0651002

════════════════════
 MC step #24000000
════════════════════

In subspace: [V_0 V_3]
                   ^   
───────────────────────────────────────────────────
 Lattice spacetime coordinate (ID #0)
 • Position indices: (0, 0)
 • Rescaled imaginary time (tau / beta): 0
───────────────────────────────────────────────────
 Lattice spacetime coordinate (ID #1)
 • Position indices: (15, 49)
 • Rescaled imaginary time (tau / beta): 0.734113
───────────────────────────────────────────────────
 Lattice spacetime coordinate (ID #2)
 • Position indices: (2, 60)
 • Rescaled imaginary time (tau / beta): 0.75022
───────────────────────────────────────────────────
 Lattice spacetime coordinate (ID #3)
 • Position indices: (2, 60)
 • Rescaled imaginary time (tau / beta): 0.75022
───────────────────────────────────────────────────
 Lattice spacetime coordinate (ID #4)
 • Position indices: (2, 61)
 • Rescaled imaginary time (tau / beta): 0.753689
───────────────────────────────────────────────────
 Lattice spacetime coordinate (ID #5)
 • Position indices: (2, 61)
 • Rescaled imaginary time (tau / beta): 0.753689
───────────────────────────────────────────────────

Diagram pool size: 5
Diagram pool fermion loop numbers: ( 2 2 2 2 2 )
Constraints on spacetime coordinates: [x x x 2 x 4]

Subspace saved counts:	[5026098 18873902]
Subspace saved ratios:	[0.210297 0.789703]
Subspace average measured signs:	[1 -0.0833466]

Current weight:	1.71074e-10
Current total acceptance ratio:	0.0703264
Current average ascend ratio:	0.00279079
Current average descend ratio:	0.00279075
Current average mutate ratio:	0.0647449

════════════════════
 MC step #25000000
════════════════════

In subspace: [V_0 V_3]
                   ^   
───────────────────────────────────────────────────
 Lattice spacetime coordinate (ID #0)
 • Position indices: (0, 0)
 • Rescaled imaginary time (tau / beta): 0
───────────────────────────────────────────────────
 Lattice spacetime coordinate (ID #1)
 • Position indices: (45, 44)
 • Rescaled imaginary time (tau / beta): 0.955909
───────────────────────────────────────────────────
 Lattice spacetime coordinate (ID #2)
 • Position indices: (60, 63)
 • Rescaled imaginary time (tau / beta): 0.385754
───────────────────────────────────────────────────
 Lattice spacetime coordinate (ID #3)
 • Position indices: (60, 63)
 • Rescaled imaginary time (tau / beta): 0.385754
───────────────────────────────────────────────────
 Lattice spacetime coordinate (ID #4)
 • Position indices: (60, 62)
 • Rescaled imaginary time (tau / beta): 0.38244
───────────────────────────────────────────────────
 Lattice spacetime coordinate (ID #5)
 • Position indices: (60, 62)
 • Rescaled imaginary time (tau / beta): 0.38244
───────────────────────────────────────────────────

Diagram pool size: 5
Diagram pool fermion loop numbers: ( 2 2 2 2 2 )
Constraints on spacetime coordinates: [x x x 2 x 4]

Subspace saved counts:	[5303652 19596348]
Subspace saved ratios:	[0.212998 0.787002]
Subspace average measured signs:	[1 -0.0840959]

Current weight:	4.99982e-12
Current total acceptance ratio:	0.0700339
Current average ascend ratio:	0.0028249
Current average descend ratio:	0.00282486
Current average mutate ratio:	0.0643842

════════════════════
 MC step #26000000
════════════════════

In subspace: [V_0 V_3]
                   ^   
───────────────────────────────────────────────────
 Lattice spacetime coordinate (ID #0)
 • Position indices: (0, 0)
 • Rescaled imaginary time (tau / beta): 0
───────────────────────────────────────────────────
 Lattice spacetime coordinate (ID #1)
 • Position indices: (62, 63)
 • Rescaled imaginary time (tau / beta): 0.0147719
───────────────────────────────────────────────────
 Lattice spacetime coordinate (ID #2)
 • Position indices: (59, 61)
 • Rescaled imaginary time (tau / beta): 0.0334317
───────────────────────────────────────────────────
 Lattice spacetime coordinate (ID #3)
 • Position indices: (59, 61)
 • Rescaled imaginary time (tau / beta): 0.0334317
───────────────────────────────────────────────────
 Lattice spacetime coordinate (ID #4)
 • Position indices: (60, 61)
 • Rescaled imaginary time (tau / beta): 0.033269
───────────────────────────────────────────────────
 Lattice spacetime coordinate (ID #5)
 • Position indices: (60, 61)
 • Rescaled imaginary time (tau / beta): 0.033269
───────────────────────────────────────────────────

Diagram pool size: 5
Diagram pool fermion loop numbers: ( 2 2 2 2 2 )
Constraints on spacetime coordinates: [x x x 2 x 4]

Subspace saved counts:	[5456815 20443185]
Subspace saved ratios:	[0.210688 0.789312]
Subspace average measured signs:	[1 -0.0843075]

Current weight:	7.47184e-08
Current total acceptance ratio:	0.0701249
Current average ascend ratio:	0.00279131
Current average descend ratio:	0.00279127
Current average mutate ratio:	0.0645423

════════════════════
 MC step #27000000
════════════════════

In subspace: [V_0 V_3]
                   ^   
───────────────────────────────────────────────────
 Lattice spacetime coordinate (ID #0)
 • Position indices: (0, 0)
 • Rescaled imaginary time (tau / beta): 0
───────────────────────────────────────────────────
 Lattice spacetime coordinate (ID #1)
 • Position indices: (54, 63)
 • Rescaled imaginary time (tau / beta): 0.268233
───────────────────────────────────────────────────
 Lattice spacetime coordinate (ID #2)
 • Position indices: (45, 15)
 • Rescaled imaginary time (tau / beta): 0.0484744
───────────────────────────────────────────────────
 Lattice spacetime coordinate (ID #3)
 • Position indices: (45, 15)
 • Rescaled imaginary time (tau / beta): 0.0484744
───────────────────────────────────────────────────
 Lattice spacetime coordinate (ID #4)
 • Position indices: (63, 61)
 • Rescaled imaginary time (tau / beta): 0.83353
───────────────────────────────────────────────────
 Lattice spacetime coordinate (ID #5)
 • Position indices: (63, 61)
 • Rescaled imaginary time (tau / beta): 0.83353
───────────────────────────────────────────────────

Diagram pool size: 5
Diagram pool fermion loop numbers: ( 2 2 2 2 2 )
Constraints on spacetime coordinates: [x x x 2 x 4]

Subspace saved counts:	[5595046 21304954]
Subspace saved ratios:	[0.207994 0.792006]
Subspace average measured signs:	[1 -0.0866791]

Current weight:	-1.44493e-15
Current total acceptance ratio:	0.0705026
Current average ascend ratio:	0.00275264
Current average descend ratio:	0.0027526
Current average mutate ratio:	0.0649974

════════════════════
 MC step #28000000
════════════════════

In subspace: [V_0 V_3]
                   ^   
───────────────────────────────────────────────────
 Lattice spacetime coordinate (ID #0)
 • Position indices: (0, 0)
 • Rescaled imaginary time (tau / beta): 0
───────────────────────────────────────────────────
 Lattice spacetime coordinate (ID #1)
 • Position indices: (58, 4)
 • Rescaled imaginary time (tau / beta): 0.961554
───────────────────────────────────────────────────
 Lattice spacetime coordinate (ID #2)
 • Position indices: (59, 9)
 • Rescaled imaginary time (tau / beta): 0.403798
───────────────────────────────────────────────────
 Lattice spacetime coordinate (ID #3)
 • Position indices: (59, 9)
 • Rescaled imaginary time (tau / beta): 0.403798
───────────────────────────────────────────────────
 Lattice spacetime coordinate (ID #4)
 • Position indices: (56, 12)
 • Rescaled imaginary time (tau / beta): 0.449384
───────────────────────────────────────────────────
 Lattice spacetime coordinate (ID #5)
 • Position indices: (56, 12)
 • Rescaled imaginary time (tau / beta): 0.449384
───────────────────────────────────────────────────

Diagram pool size: 5
Diagram pool fermion loop numbers: ( 2 2 2 2 2 )
Constraints on spacetime coordinates: [x x x 2 x 4]

Subspace saved counts:	[5854150 22045850]
Subspace saved ratios:	[0.209826 0.790174]
Subspace average measured signs:	[1 -0.0893942]

Current weight:	-9.00416e-15
Current total acceptance ratio:	0.0706653
Current average ascend ratio:	0.00277785
Current average descend ratio:	0.00277781
Current average mutate ratio:	0.0651097

════════════════════
 MC step #29000000
════════════════════

In subspace: [V_0 V_3]
                   ^   
───────────────────────────────────────────────────
 Lattice spacetime coordinate (ID #0)
 • Position indices: (0, 0)
 • Rescaled imaginary time (tau / beta): 0
───────────────────────────────────────────────────
 Lattice spacetime coordinate (ID #1)
 • Position indices: (58, 0)
 • Rescaled imaginary time (tau / beta): 0.728786
───────────────────────────────────────────────────
 Lattice spacetime coordinate (ID #2)
 • Position indices: (13, 8)
 • Rescaled imaginary time (tau / beta): 0.636371
───────────────────────────────────────────────────
 Lattice spacetime coordinate (ID #3)
 • Position indices: (13, 8)
 • Rescaled imaginary time (tau / beta): 0.636371
───────────────────────────────────────────────────
 Lattice spacetime coordinate (ID #4)
 • Position indices: (8, 13)
 • Rescaled imaginary time (tau / beta): 0.797242
───────────────────────────────────────────────────
 Lattice spacetime coordinate (ID #5)
 • Position indices: (8, 13)
 • Rescaled imaginary time (tau / beta): 0.797242
───────────────────────────────────────────────────

Diagram pool size: 5
Diagram pool fermion loop numbers: ( 2 2 2 2 2 )
Constraints on spacetime coordinates: [x x x 2 x 4]

Subspace saved counts:	[6072528 22827472]
Subspace saved ratios:	[0.210122 0.789878]
Subspace average measured signs:	[1 -0.0883201]

Current weight:	-4.41615e-15
Current total acceptance ratio:	0.0705047
Current average ascend ratio:	0.00277955
Current average descend ratio:	0.00277952
Current average mutate ratio:	0.0649457

════════════════════
 MC step #30000000
════════════════════

In subspace: [V_0 V_3]
                   ^   
───────────────────────────────────────────────────
 Lattice spacetime coordinate (ID #0)
 • Position indices: (0, 0)
 • Rescaled imaginary time (tau / beta): 0
───────────────────────────────────────────────────
 Lattice spacetime coordinate (ID #1)
 • Position indices: (58, 59)
 • Rescaled imaginary time (tau / beta): 0.148286
───────────────────────────────────────────────────
 Lattice spacetime coordinate (ID #2)
 • Position indices: (63, 61)
 • Rescaled imaginary time (tau / beta): 0.984195
───────────────────────────────────────────────────
 Lattice spacetime coordinate (ID #3)
 • Position indices: (63, 61)
 • Rescaled imaginary time (tau / beta): 0.984195
───────────────────────────────────────────────────
 Lattice spacetime coordinate (ID #4)
 • Position indices: (63, 61)
 • Rescaled imaginary time (tau / beta): 0.943006
───────────────────────────────────────────────────
 Lattice spacetime coordinate (ID #5)
 • Position indices: (63, 61)
 • Rescaled imaginary time (tau / beta): 0.943006
───────────────────────────────────────────────────

Diagram pool size: 5
Diagram pool fermion loop numbers: ( 2 2 2 2 2 )
Constraints on spacetime coordinates: [x x x 2 x 4]

Subspace saved counts:	[6249019 23650981]
Subspace saved ratios:	[0.208997 0.791003]
Subspace average measured signs:	[1 -0.0881539]

Current weight:	4.56494e-12
Current total acceptance ratio:	0.070649
Current average ascend ratio:	0.00276485
Current average descend ratio:	0.00276482
Current average mutate ratio:	0.0651193

════════════════════
 MC step #31000000
════════════════════

In subspace: [V_0 V_3]
                   ^   
───────────────────────────────────────────────────
 Lattice spacetime coordinate (ID #0)
 • Position indices: (0, 0)
 • Rescaled imaginary time (tau / beta): 0
───────────────────────────────────────────────────
 Lattice spacetime coordinate (ID #1)
 • Position indices: (15, 15)
 • Rescaled imaginary time (tau / beta): 0.702098
───────────────────────────────────────────────────
 Lattice spacetime coordinate (ID #2)
 • Position indices: (5, 8)
 • Rescaled imaginary time (tau / beta): 0.796477
───────────────────────────────────────────────────
 Lattice spacetime coordinate (ID #3)
 • Position indices: (5, 8)
 • Rescaled imaginary time (tau / beta): 0.796477
───────────────────────────────────────────────────
 Lattice spacetime coordinate (ID #4)
 • Position indices: (8, 11)
 • Rescaled imaginary time (tau / beta): 0.642634
───────────────────────────────────────────────────
 Lattice spacetime coordinate (ID #5)
 • Position indices: (8, 11)
 • Rescaled imaginary time (tau / beta): 0.642634
───────────────────────────────────────────────────

Diagram pool size: 5
Diagram pool fermion loop numbers: ( 2 2 2 2 2 )
Constraints on spacetime coordinates: [x x x 2 x 4]

Subspace saved counts:	[6424051 24475949]
Subspace saved ratios:	[0.207898 0.792102]
Subspace average measured signs:	[1 -0.0880645]

Current weight:	-1.27125e-13
Current total acceptance ratio:	0.0707249
Current average ascend ratio:	0.00275094
Current average descend ratio:	0.00275091
Current average mutate ratio:	0.065223

════════════════════
 MC step #32000000
════════════════════

In subspace: [V_0 V_3]
                   ^   
───────────────────────────────────────────────────
 Lattice spacetime coordinate (ID #0)
 • Position indices: (0, 0)
 • Rescaled imaginary time (tau / beta): 0
───────────────────────────────────────────────────
 Lattice spacetime coordinate (ID #1)
 • Position indices: (38, 39)
 • Rescaled imaginary time (tau / beta): 0.135206
───────────────────────────────────────────────────
 Lattice spacetime coordinate (ID #2)
 • Position indices: (32, 34)
 • Rescaled imaginary time (tau / beta): 0.878559
───────────────────────────────────────────────────
 Lattice spacetime coordinate (ID #3)
 • Position indices: (32, 34)
 • Rescaled imaginary time (tau / beta): 0.878559
───────────────────────────────────────────────────
 Lattice spacetime coordinate (ID #4)
 • Position indices: (32, 33)
 • Rescaled imaginary time (tau / beta): 0.879599
───────────────────────────────────────────────────
 Lattice spacetime coordinate (ID #5)
 • Position indices: (32, 33)
 • Rescaled imaginary time (tau / beta): 0.879599
───────────────────────────────────────────────────

Diagram pool size: 5
Diagram pool fermion loop numbers: ( 2 2 2 2 2 )
Constraints on spacetime coordinates: [x x x 2 x 4]

Subspace saved counts:	[6600611 25299389]
Subspace saved ratios:	[0.206916 0.793084]
Subspace average measured signs:	[1 -0.0878308]

Current weight:	-1.17299e-10
Current total acceptance ratio:	0.0706787
Current average ascend ratio:	0.00273655
Current average descend ratio:	0.00273652
Current average mutate ratio:	0.0652056

════════════════════
 MC step #33000000
════════════════════

In subspace: [V_0 V_3]
                   ^   
───────────────────────────────────────────────────
 Lattice spacetime coordinate (ID #0)
 • Position indices: (0, 0)
 • Rescaled imaginary time (tau / beta): 0
───────────────────────────────────────────────────
 Lattice spacetime coordinate (ID #1)
 • Position indices: (61, 0)
 • Rescaled imaginary time (tau / beta): 0.136956
───────────────────────────────────────────────────
 Lattice spacetime coordinate (ID #2)
 • Position indices: (61, 61)
 • Rescaled imaginary time (tau / beta): 0.151771
───────────────────────────────────────────────────
 Lattice spacetime coordinate (ID #3)
 • Position indices: (61, 61)
 • Rescaled imaginary time (tau / beta): 0.151771
───────────────────────────────────────────────────
 Lattice spacetime coordinate (ID #4)
 • Position indices: (61, 61)
 • Rescaled imaginary time (tau / beta): 0.149732
───────────────────────────────────────────────────
 Lattice spacetime coordinate (ID #5)
 • Position indices: (61, 61)
 • Rescaled imaginary time (tau / beta): 0.149732
───────────────────────────────────────────────────

Diagram pool size: 5
Diagram pool fermion loop numbers: ( 2 2 2 2 2 )
Constraints on spacetime coordinates: [x x x 2 x 4]

Subspace saved counts:	[6794789 26105211]
Subspace saved ratios:	[0.206529 0.793471]
Subspace average measured signs:	[1 -0.0889335]

Current weight:	1.44659e-08
Current total acceptance ratio:	0.0706107
Current average ascend ratio:	0.00273319
Current average descend ratio:	0.00273316
Current average mutate ratio:	0.0651444

════════════════════
 MC step #34000000
════════════════════

In subspace: [V_0 V_3]
                   ^   
───────────────────────────────────────────────────
 Lattice spacetime coordinate (ID #0)
 • Position indices: (0, 0)
 • Rescaled imaginary time (tau / beta): 0
───────────────────────────────────────────────────
 Lattice spacetime coordinate (ID #1)
 • Position indices: (59, 53)
 • Rescaled imaginary time (tau / beta): 0.120088
───────────────────────────────────────────────────
 Lattice spacetime coordinate (ID #2)
 • Position indices: (52, 47)
 • Rescaled imaginary time (tau / beta): 0.0818839
───────────────────────────────────────────────────
 Lattice spacetime coordinate (ID #3)
 • Position indices: (52, 47)
 • Rescaled imaginary time (tau / beta): 0.0818839
───────────────────────────────────────────────────
 Lattice spacetime coordinate (ID #4)
 • Position indices: (49, 50)
 • Rescaled imaginary time (tau / beta): 0.0365344
───────────────────────────────────────────────────
 Lattice spacetime coordinate (ID #5)
 • Position indices: (49, 50)
 • Rescaled imaginary time (tau / beta): 0.0365344
───────────────────────────────────────────────────

Diagram pool size: 5
Diagram pool fermion loop numbers: ( 2 2 2 2 2 )
Constraints on spacetime coordinates: [x x x 2 x 4]

Subspace saved counts:	[7055651 26844349]
Subspace saved ratios:	[0.208131 0.791869]
Subspace average measured signs:	[1 -0.08848]

Current weight:	-3.72245e-13
Current total acceptance ratio:	0.0704077
Current average ascend ratio:	0.00275407
Current average descend ratio:	0.00275404
Current average mutate ratio:	0.0648996

════════════════════
 MC step #35000000
════════════════════

In subspace: [V_0 V_3]
                   ^   
───────────────────────────────────────────────────
 Lattice spacetime coordinate (ID #0)
 • Position indices: (0, 0)
 • Rescaled imaginary time (tau / beta): 0
───────────────────────────────────────────────────
 Lattice spacetime coordinate (ID #1)
 • Position indices: (1, 5)
 • Rescaled imaginary time (tau / beta): 0.242533
───────────────────────────────────────────────────
 Lattice spacetime coordinate (ID #2)
 • Position indices: (12, 15)
 • Rescaled imaginary time (tau / beta): 0.0375525
───────────────────────────────────────────────────
 Lattice spacetime coordinate (ID #3)
 • Position indices: (12, 15)
 • Rescaled imaginary time (tau / beta): 0.0375525
───────────────────────────────────────────────────
 Lattice spacetime coordinate (ID #4)
 • Position indices: (11, 15)
 • Rescaled imaginary time (tau / beta): 0.0337331
───────────────────────────────────────────────────
 Lattice spacetime coordinate (ID #5)
 • Position indices: (11, 15)
 • Rescaled imaginary time (tau / beta): 0.0337331
───────────────────────────────────────────────────

Diagram pool size: 5
Diagram pool fermion loop numbers: ( 2 2 2 2 2 )
Constraints on spacetime coordinates: [x x x 2 x 4]

Subspace saved counts:	[7231260 27668740]
Subspace saved ratios:	[0.207199 0.792801]
Subspace average measured signs:	[1 -0.0882814]

Current weight:	3.7195e-11
Current total acceptance ratio:	0.0704042
Current average ascend ratio:	0.00274163
Current average descend ratio:	0.0027416
Current average mutate ratio:	0.0649209

════════════════════
 MC step #36000000
════════════════════

In subspace: [V_0 V_3]
               ^       
Diagram pool size: 1
Diagram pool fermion loop numbers: ( 0 )
Constraints on spacetime coordinates: [x x x 2 x 4]

Subspace saved counts:	[7461459 28438541]
Subspace saved ratios:	[0.20784 0.79216]
Subspace average measured signs:	[1 -0.0884681]

Current weight:	2.03847
Current total acceptance ratio:	0.0703118
Current average ascend ratio:	0.00275053
Current average descend ratio:	0.00275053
Current average mutate ratio:	0.0648107

════════════════════
 MC step #37000000
════════════════════

In subspace: [V_0 V_3]
               ^       
Diagram pool size: 1
Diagram pool fermion loop numbers: ( 0 )
Constraints on spacetime coordinates: [x x x 2 x 4]

Subspace saved counts:	[7674220 29225780]
Subspace saved ratios:	[0.207973 0.792027]
Subspace average measured signs:	[1 -0.0878295]

Current weight:	2.03847
Current total acceptance ratio:	0.0702309
Current average ascend ratio:	0.00275412
Current average descend ratio:	0.00275412
Current average mutate ratio:	0.0647227

════════════════════
 MC step #38000000
════════════════════

In subspace: [V_0 V_3]
                   ^   
───────────────────────────────────────────────────
 Lattice spacetime coordinate (ID #0)
 • Position indices: (0, 0)
 • Rescaled imaginary time (tau / beta): 0
───────────────────────────────────────────────────
 Lattice spacetime coordinate (ID #1)
 • Position indices: (3, 62)
 • Rescaled imaginary time (tau / beta): 0.0158231
───────────────────────────────────────────────────
 Lattice spacetime coordinate (ID #2)
 • Position indices: (8, 62)
 • Rescaled imaginary time (tau / beta): 0.954654
───────────────────────────────────────────────────
 Lattice spacetime coordinate (ID #3)
 • Position indices: (8, 62)
 • Rescaled imaginary time (tau / beta): 0.954654
───────────────────────────────────────────────────
 Lattice spacetime coordinate (ID #4)
 • Position indices: (9, 63)
 • Rescaled imaginary time (tau / beta): 0.919425
───────────────────────────────────────────────────
 Lattice spacetime coordinate (ID #5)
 • Position indices: (9, 63)
 • Rescaled imaginary time (tau / beta): 0.919425
───────────────────────────────────────────────────

Diagram pool size: 5
Diagram pool fermion loop numbers: ( 2 2 2 2 2 )
Constraints on spacetime coordinates: [x x x 2 x 4]

Subspace saved counts:	[7879853 30020147]
Subspace saved ratios:	[0.207912 0.792088]
Subspace average measured signs:	[1 -0.088713]

Current weight:	-1.84786e-12
Current total acceptance ratio:	0.0701963
Current average ascend ratio:	0.00275282
Current average descend ratio:	0.0027528
Current average mutate ratio:	0.0646907

════════════════════
 MC step #39000000
════════════════════

In subspace: [V_0 V_3]
                   ^   
───────────────────────────────────────────────────
 Lattice spacetime coordinate (ID #0)
 • Position indices: (0, 0)
 • Rescaled imaginary time (tau / beta): 0
───────────────────────────────────────────────────
 Lattice spacetime coordinate (ID #1)
 • Position indices: (6, 58)
 • Rescaled imaginary time (tau / beta): 0.873348
───────────────────────────────────────────────────
 Lattice spacetime coordinate (ID #2)
 • Position indices: (2, 53)
 • Rescaled imaginary time (tau / beta): 0.934576
───────────────────────────────────────────────────
 Lattice spacetime coordinate (ID #3)
 • Position indices: (2, 53)
 • Rescaled imaginary time (tau / beta): 0.934576
───────────────────────────────────────────────────
 Lattice spacetime coordinate (ID #4)
 • Position indices: (2, 53)
 • Rescaled imaginary time (tau / beta): 0.912342
───────────────────────────────────────────────────
 Lattice spacetime coordinate (ID #5)
 • Position indices: (2, 53)
 • Rescaled imaginary time (tau / beta): 0.912342
───────────────────────────────────────────────────

Diagram pool size: 5
Diagram pool fermion loop numbers: ( 2 2 2 2 2 )
Constraints on spacetime coordinates: [x x x 2 x 4]

Subspace saved counts:	[8039752 30860248]
Subspace saved ratios:	[0.206677 0.793323]
Subspace average measured signs:	[1 -0.0883882]

Current weight:	9.96141e-11
Current total acceptance ratio:	0.0702219
Current average ascend ratio:	0.00273627
Current average descend ratio:	0.00273625
Current average mutate ratio:	0.0647494

════════════════════
 MC step #40000000
════════════════════

In subspace: [V_0 V_3]
                   ^   
───────────────────────────────────────────────────
 Lattice spacetime coordinate (ID #0)
 • Position indices: (0, 0)
 • Rescaled imaginary time (tau / beta): 0
───────────────────────────────────────────────────
 Lattice spacetime coordinate (ID #1)
 • Position indices: (60, 49)
 • Rescaled imaginary time (tau / beta): 0.822039
───────────────────────────────────────────────────
 Lattice spacetime coordinate (ID #2)
 • Position indices: (33, 22)
 • Rescaled imaginary time (tau / beta): 0.562536
───────────────────────────────────────────────────
 Lattice spacetime coordinate (ID #3)
 • Position indices: (33, 22)
 • Rescaled imaginary time (tau / beta): 0.562536
───────────────────────────────────────────────────
 Lattice spacetime coordinate (ID #4)
 • Position indices: (31, 23)
 • Rescaled imaginary time (tau / beta): 0.565266
───────────────────────────────────────────────────
 Lattice spacetime coordinate (ID #5)
 • Position indices: (31, 23)
 • Rescaled imaginary time (tau / beta): 0.565266
───────────────────────────────────────────────────

Diagram pool size: 5
Diagram pool fermion loop numbers: ( 2 2 2 2 2 )
Constraints on spacetime coordinates: [x x x 2 x 4]

Subspace saved counts:	[8217693 31682307]
Subspace saved ratios:	[0.205957 0.794043]
Subspace average measured signs:	[1 -0.0885361]

Current weight:	-1.22755e-12
Current total acceptance ratio:	0.0703113
Current average ascend ratio:	0.00272815
Current average descend ratio:	0.00272812
Current average mutate ratio:	0.0648551

════════════════════
 MC step #41000000
════════════════════

In subspace: [V_0 V_3]
                   ^   
───────────────────────────────────────────────────
 Lattice spacetime coordinate (ID #0)
 • Position indices: (0, 0)
 • Rescaled imaginary time (tau / beta): 0
───────────────────────────────────────────────────
 Lattice spacetime coordinate (ID #1)
 • Position indices: (13, 14)
 • Rescaled imaginary time (tau / beta): 0.90185
───────────────────────────────────────────────────
 Lattice spacetime coordinate (ID #2)
 • Position indices: (59, 54)
 • Rescaled imaginary time (tau / beta): 0.889358
───────────────────────────────────────────────────
 Lattice spacetime coordinate (ID #3)
 • Position indices: (59, 54)
 • Rescaled imaginary time (tau / beta): 0.889358
───────────────────────────────────────────────────
 Lattice spacetime coordinate (ID #4)
 • Position indices: (12, 7)
 • Rescaled imaginary time (tau / beta): 0.118277
───────────────────────────────────────────────────
 Lattice spacetime coordinate (ID #5)
 • Position indices: (12, 7)
 • Rescaled imaginary time (tau / beta): 0.118277
───────────────────────────────────────────────────

Diagram pool size: 5
Diagram pool fermion loop numbers: ( 2 2 2 2 2 )
Constraints on spacetime coordinates: [x x x 2 x 4]

Subspace saved counts:	[8321545 32578455]
Subspace saved ratios:	[0.203461 0.796539]
Subspace average measured signs:	[1 -0.0896506]

Current weight:	2.02051e-15
Current total acceptance ratio:	0.0704916
Current average ascend ratio:	0.00269496
Current average descend ratio:	0.00269494
Current average mutate ratio:	0.0651017

════════════════════
 MC step #42000000
════════════════════

In subspace: [V_0 V_3]
                   ^   
───────────────────────────────────────────────────
 Lattice spacetime coordinate (ID #0)
 • Position indices: (0, 0)
 • Rescaled imaginary time (tau / beta): 0
───────────────────────────────────────────────────
 Lattice spacetime coordinate (ID #1)
 • Position indices: (39, 23)
 • Rescaled imaginary time (tau / beta): 0.770462
───────────────────────────────────────────────────
 Lattice spacetime coordinate (ID #2)
 • Position indices: (16, 1)
 • Rescaled imaginary time (tau / beta): 0.243181
───────────────────────────────────────────────────
 Lattice spacetime coordinate (ID #3)
 • Position indices: (16, 1)
 • Rescaled imaginary time (tau / beta): 0.243181
───────────────────────────────────────────────────
 Lattice spacetime coordinate (ID #4)
 • Position indices: (4, 54)
 • Rescaled imaginary time (tau / beta): 0.255466
───────────────────────────────────────────────────
 Lattice spacetime coordinate (ID #5)
 • Position indices: (4, 54)
 • Rescaled imaginary time (tau / beta): 0.255466
───────────────────────────────────────────────────

Diagram pool size: 5
Diagram pool fermion loop numbers: ( 2 2 2 2 2 )
Constraints on spacetime coordinates: [x x x 2 x 4]

Subspace saved counts:	[8495395 33404605]
Subspace saved ratios:	[0.202754 0.797246]
Subspace average measured signs:	[1 -0.0889321]

Current weight:	-7.76092e-16
Current total acceptance ratio:	0.0705084
Current average ascend ratio:	0.0026869
Current average descend ratio:	0.00268687
Current average mutate ratio:	0.0651347

════════════════════
 MC step #43000000
════════════════════

In subspace: [V_0 V_3]
                   ^   
───────────────────────────────────────────────────
 Lattice spacetime coordinate (ID #0)
 • Position indices: (0, 0)
 • Rescaled imaginary time (tau / beta): 0
───────────────────────────────────────────────────
 Lattice spacetime coordinate (ID #1)
 • Position indices: (14, 14)
 • Rescaled imaginary time (tau / beta): 0.594557
───────────────────────────────────────────────────
 Lattice spacetime coordinate (ID #2)
 • Position indices: (45, 47)
 • Rescaled imaginary time (tau / beta): 0.458755
───────────────────────────────────────────────────
 Lattice spacetime coordinate (ID #3)
 • Position indices: (45, 47)
 • Rescaled imaginary time (tau / beta): 0.458755
───────────────────────────────────────────────────
 Lattice spacetime coordinate (ID #4)
 • Position indices: (46, 46)
 • Rescaled imaginary time (tau / beta): 0.469615
───────────────────────────────────────────────────
 Lattice spacetime coordinate (ID #5)
 • Position indices: (46, 46)
 • Rescaled imaginary time (tau / beta): 0.469615
───────────────────────────────────────────────────

Diagram pool size: 5
Diagram pool fermion loop numbers: ( 2 2 2 2 2 )
Constraints on spacetime coordinates: [x x x 2 x 4]

Subspace saved counts:	[8676116 34223884]
Subspace saved ratios:	[0.20224 0.79776]
Subspace average measured signs:	[1 -0.0894335]

Current weight:	-1.07478e-10
Current total acceptance ratio:	0.0707334
Current average ascend ratio:	0.00267949
Current average descend ratio:	0.00267946
Current average mutate ratio:	0.0653745

════════════════════
 MC step #44000000
════════════════════

In subspace: [V_0 V_3]
                   ^   
───────────────────────────────────────────────────
 Lattice spacetime coordinate (ID #0)
 • Position indices: (0, 0)
 • Rescaled imaginary time (tau / beta): 0
───────────────────────────────────────────────────
 Lattice spacetime coordinate (ID #1)
 • Position indices: (42, 42)
 • Rescaled imaginary time (tau / beta): 0.308407
───────────────────────────────────────────────────
 Lattice spacetime coordinate (ID #2)
 • Position indices: (37, 47)
 • Rescaled imaginary time (tau / beta): 0.609913
───────────────────────────────────────────────────
 Lattice spacetime coordinate (ID #3)
 • Position indices: (37, 47)
 • Rescaled imaginary time (tau / beta): 0.609913
───────────────────────────────────────────────────
 Lattice spacetime coordinate (ID #4)
 • Position indices: (38, 48)
 • Rescaled imaginary time (tau / beta): 0.734725
───────────────────────────────────────────────────
 Lattice spacetime coordinate (ID #5)
 • Position indices: (38, 48)
 • Rescaled imaginary time (tau / beta): 0.734725
───────────────────────────────────────────────────

Diagram pool size: 5
Diagram pool fermion loop numbers: ( 2 2 2 2 2 )
Constraints on spacetime coordinates: [x x x 2 x 4]

Subspace saved counts:	[8735993 35164007]
Subspace saved ratios:	[0.198998 0.801002]
Subspace average measured signs:	[1 -0.0903727]

Current weight:	-1.32801e-13
Current total acceptance ratio:	0.0709794
Current average ascend ratio:	0.00263633
Current average descend ratio:	0.00263631
Current average mutate ratio:	0.0657067

════════════════════
 MC step #45000000
════════════════════

In subspace: [V_0 V_3]
                   ^   
───────────────────────────────────────────────────
 Lattice spacetime coordinate (ID #0)
 • Position indices: (0, 0)
 • Rescaled imaginary time (tau / beta): 0
───────────────────────────────────────────────────
 Lattice spacetime coordinate (ID #1)
 • Position indices: (31, 37)
 • Rescaled imaginary time (tau / beta): 0.586682
───────────────────────────────────────────────────
 Lattice spacetime coordinate (ID #2)
 • Position indices: (7, 12)
 • Rescaled imaginary time (tau / beta): 0.257069
───────────────────────────────────────────────────
 Lattice spacetime coordinate (ID #3)
 • Position indices: (7, 12)
 • Rescaled imaginary time (tau / beta): 0.257069
───────────────────────────────────────────────────
 Lattice spacetime coordinate (ID #4)
 • Position indices: (6, 12)
 • Rescaled imaginary time (tau / beta): 0.258278
───────────────────────────────────────────────────
 Lattice spacetime coordinate (ID #5)
 • Position indices: (6, 12)
 • Rescaled imaginary time (tau / beta): 0.258278
───────────────────────────────────────────────────

Diagram pool size: 5
Diagram pool fermion loop numbers: ( 2 2 2 2 2 )
Constraints on spacetime coordinates: [x x x 2 x 4]

Subspace saved counts:	[8953969 35946031]
Subspace saved ratios:	[0.19942 0.80058]
Subspace average measured signs:	[1 -0.0911486]

Current weight:	-5.66582e-11
Current total acceptance ratio:	0.0709167
Current average ascend ratio:	0.00264283
Current average descend ratio:	0.00264281
Current average mutate ratio:	0.065631

════════════════════
 MC step #46000000
════════════════════

In subspace: [V_0 V_3]
                   ^   
───────────────────────────────────────────────────
 Lattice spacetime coordinate (ID #0)
 • Position indices: (0, 0)
 • Rescaled imaginary time (tau / beta): 0
───────────────────────────────────────────────────
 Lattice spacetime coordinate (ID #1)
 • Position indices: (14, 16)
 • Rescaled imaginary time (tau / beta): 0.408132
───────────────────────────────────────────────────
 Lattice spacetime coordinate (ID #2)
 • Position indices: (15, 15)
 • Rescaled imaginary time (tau / beta): 0.397642
───────────────────────────────────────────────────
 Lattice spacetime coordinate (ID #3)
 • Position indices: (15, 15)
 • Rescaled imaginary time (tau / beta): 0.397642
───────────────────────────────────────────────────
 Lattice spacetime coordinate (ID #4)
 • Position indices: (15, 15)
 • Rescaled imaginary time (tau / beta): 0.39772
───────────────────────────────────────────────────
 Lattice spacetime coordinate (ID #5)
 • Position indices: (15, 15)
 • Rescaled imaginary time (tau / beta): 0.39772
───────────────────────────────────────────────────

Diagram pool size: 5
Diagram pool fermion loop numbers: ( 2 2 2 2 2 )
Constraints on spacetime coordinates: [x x x 2 x 4]

Subspace saved counts:	[9194796 36705204]
Subspace saved ratios:	[0.200322 0.799678]
Subspace average measured signs:	[1 -0.090457]

Current weight:	-1.01359e-07
Current total acceptance ratio:	0.0708481
Current average ascend ratio:	0.00265497
Current average descend ratio:	0.00265495
Current average mutate ratio:	0.0655382

════════════════════
 MC step #47000000
════════════════════

In subspace: [V_0 V_3]
                   ^   
───────────────────────────────────────────────────
 Lattice spacetime coordinate (ID #0)
 • Position indices: (0, 0)
 • Rescaled imaginary time (tau / beta): 0
───────────────────────────────────────────────────
 Lattice spacetime coordinate (ID #1)
 • Position indices: (63, 3)
 • Rescaled imaginary time (tau / beta): 0.130762
───────────────────────────────────────────────────
 Lattice spacetime coordinate (ID #2)
 • Position indices: (62, 2)
 • Rescaled imaginary time (tau / beta): 0.106377
───────────────────────────────────────────────────
 Lattice spacetime coordinate (ID #3)
 • Position indices: (62, 2)
 • Rescaled imaginary time (tau / beta): 0.106377
───────────────────────────────────────────────────
 Lattice spacetime coordinate (ID #4)
 • Position indices: (62, 2)
 • Rescaled imaginary time (tau / beta): 0.100209
───────────────────────────────────────────────────
 Lattice spacetime coordinate (ID #5)
 • Position indices: (62, 2)
 • Rescaled imaginary time (tau / beta): 0.100209
───────────────────────────────────────────────────

Diagram pool size: 5
Diagram pool fermion loop numbers: ( 2 2 2 2 2 )
Constraints on spacetime coordinates: [x x x 2 x 4]

Subspace saved counts:	[9357231 37542769]
Subspace saved ratios:	[0.199515 0.800485]
Subspace average measured signs:	[1 -0.091792]

Current weight:	-4.2765e-08
Current total acceptance ratio:	0.0708333
Current average ascend ratio:	0.00264431
Current average descend ratio:	0.00264429
Current average mutate ratio:	0.0655447

════════════════════
 MC step #48000000
════════════════════

In subspace: [V_0 V_3]
                   ^   
───────────────────────────────────────────────────
 Lattice spacetime coordinate (ID #0)
 • Position indices: (0, 0)
 • Rescaled imaginary time (tau / beta): 0
───────────────────────────────────────────────────
 Lattice spacetime coordinate (ID #1)
 • Position indices: (7, 60)
 • Rescaled imaginary time (tau / beta): 0.015502
───────────────────────────────────────────────────
 Lattice spacetime coordinate (ID #2)
 • Position indices: (4, 62)
 • Rescaled imaginary time (tau / beta): 0.833441
───────────────────────────────────────────────────
 Lattice spacetime coordinate (ID #3)
 • Position indices: (4, 62)
 • Rescaled imaginary time (tau / beta): 0.833441
───────────────────────────────────────────────────
 Lattice spacetime coordinate (ID #4)
 • Position indices: (4, 63)
 • Rescaled imaginary time (tau / beta): 0.836962
───────────────────────────────────────────────────
 Lattice spacetime coordinate (ID #5)
 • Position indices: (4, 63)
 • Rescaled imaginary time (tau / beta): 0.836962
───────────────────────────────────────────────────

Diagram pool size: 5
Diagram pool fermion loop numbers: ( 2 2 2 2 2 )
Constraints on spacetime coordinates: [x x x 2 x 4]

Subspace saved counts:	[9583617 38316383]
Subspace saved ratios:	[0.200076 0.799924]
Subspace average measured signs:	[1 -0.0915676]

Current weight:	3.06645e-10
Current total acceptance ratio:	0.0707972
Current average ascend ratio:	0.00265361
Current average descend ratio:	0.00265359
Current average mutate ratio:	0.06549

════════════════════
 MC step #49000000
════════════════════

In subspace: [V_0 V_3]
                   ^   
───────────────────────────────────────────────────
 Lattice spacetime coordinate (ID #0)
 • Position indices: (0, 0)
 • Rescaled imaginary time (tau / beta): 0
───────────────────────────────────────────────────
 Lattice spacetime coordinate (ID #1)
 • Position indices: (38, 38)
 • Rescaled imaginary time (tau / beta): 0.470839
───────────────────────────────────────────────────
 Lattice spacetime coordinate (ID #2)
 • Position indices: (13, 62)
 • Rescaled imaginary time (tau / beta): 0.925573
───────────────────────────────────────────────────
 Lattice spacetime coordinate (ID #3)
 • Position indices: (13, 62)
 • Rescaled imaginary time (tau / beta): 0.925573
───────────────────────────────────────────────────
 Lattice spacetime coordinate (ID #4)
 • Position indices: (10, 0)
 • Rescaled imaginary time (tau / beta): 0.933721
───────────────────────────────────────────────────
 Lattice spacetime coordinate (ID #5)
 • Position indices: (10, 0)
 • Rescaled imaginary time (tau / beta): 0.933721
───────────────────────────────────────────────────

Diagram pool size: 5
Diagram pool fermion loop numbers: ( 2 2 2 2 2 )
Constraints on spacetime coordinates: [x x x 2 x 4]

Subspace saved counts:	[9810627 39089373]
Subspace saved ratios:	[0.200626 0.799374]
Subspace average measured signs:	[1 -0.0905428]

Current weight:	4.84253e-13
Current total acceptance ratio:	0.0706852
Current average ascend ratio:	0.00266237
Current average descend ratio:	0.00266235
Current average mutate ratio:	0.0653605

════════════════════
 MC step #50000000
════════════════════

In subspace: [V_0 V_3]
               ^       
Diagram pool size: 1
Diagram pool fermion loop numbers: ( 0 )
Constraints on spacetime coordinates: [x x x 2 x 4]

Subspace saved counts:	[10035744 39864256]
Subspace saved ratios:	[0.201117 0.798883]
Subspace average measured signs:	[1 -0.0901278]

Current weight:	2.03847
Current total acceptance ratio:	0.0705888
Current average ascend ratio:	0.00266942
Current average descend ratio:	0.00266942
Current average mutate ratio:	0.06525
Final results:
════════════════════
 MC step #50100000
════════════════════

In subspace: [V_0 V_3]
                   ^   
───────────────────────────────────────────────────
 Lattice spacetime coordinate (ID #0)
 • Position indices: (0, 0)
 • Rescaled imaginary time (tau / beta): 0
───────────────────────────────────────────────────
 Lattice spacetime coordinate (ID #1)
 • Position indices: (51, 56)
 • Rescaled imaginary time (tau / beta): 0.235888
───────────────────────────────────────────────────
 Lattice spacetime coordinate (ID #2)
 • Position indices: (30, 34)
 • Rescaled imaginary time (tau / beta): 0.630617
───────────────────────────────────────────────────
 Lattice spacetime coordinate (ID #3)
 • Position indices: (30, 34)
 • Rescaled imaginary time (tau / beta): 0.630617
───────────────────────────────────────────────────
 Lattice spacetime coordinate (ID #4)
 • Position indices: (55, 59)
 • Rescaled imaginary time (tau / beta): 0.297711
───────────────────────────────────────────────────
 Lattice spacetime coordinate (ID #5)
 • Position indices: (55, 59)
 • Rescaled imaginary time (tau / beta): 0.297711
───────────────────────────────────────────────────

Diagram pool size: 5
Diagram pool fermion loop numbers: ( 2 2 2 2 2 )
Constraints on spacetime coordinates: [x x x 2 x 4]

Subspace saved counts:	[10039330 39960670]
Subspace saved ratios:	[0.200787 0.799213]
Subspace average measured signs:	[1 -0.0901856]

Current weight:	1.23457e-14
Current total acceptance ratio:	0.0706415
Current average ascend ratio:	0.00266498
Current average descend ratio:	0.00266496
Current average mutate ratio:	0.0653115

Normalization constant: C / N_{s,0} =2.03048e-07

Job ended at:	Mon Jun 28 20:00:14 2021
Elapsed time:	875 seconds
