MPI run with 1 thread(s)
Job started at:	Mon Jul 19 17:45:11 2021
UNIX timestamp:	1626731111

════════════════════
 MC step #1000000
════════════════════

In subspace: [V_0 V_3]
                   ^   
───────────────────────────────────────────────────
 Lattice spacetime coordinate (ID #0)
 • Position indices: (0, 0)
 • Rescaled imaginary time (tau / beta): 0
───────────────────────────────────────────────────
 Lattice spacetime coordinate (ID #1)
 • Position indices: (29, 1)
 • Rescaled imaginary time (tau / beta): 0.347377
───────────────────────────────────────────────────
 Lattice spacetime coordinate (ID #2)
 • Position indices: (2, 28)
 • Rescaled imaginary time (tau / beta): 0.958918
───────────────────────────────────────────────────
 Lattice spacetime coordinate (ID #3)
 • Position indices: (2, 28)
 • Rescaled imaginary time (tau / beta): 0.958918
───────────────────────────────────────────────────
 Lattice spacetime coordinate (ID #4)
 • Position indices: (2, 28)
 • Rescaled imaginary time (tau / beta): 0.0190988
───────────────────────────────────────────────────
 Lattice spacetime coordinate (ID #5)
 • Position indices: (2, 28)
 • Rescaled imaginary time (tau / beta): 0.0190988
───────────────────────────────────────────────────

Diagram pool size: 5
Diagram pool fermion loop numbers: ( 2 2 2 2 2 )
Constraints on spacetime coordinates: [x x x 2 x 4]

Subspace saved counts:	[106076 793924]
Subspace saved ratios:	[0.117862 0.882137]
Subspace average measured signs:	[1 -0.0722361]

Current weight:	-9.10086e-07
Current total acceptance ratio:	0.102903
Current average ascend ratio:	0.00563777
Current average descend ratio:	0.00563777
Current average mutate ratio:	0.0916277

════════════════════
 MC step #2000000
════════════════════

In subspace: [V_0 V_3]
                   ^   
───────────────────────────────────────────────────
 Lattice spacetime coordinate (ID #0)
 • Position indices: (0, 0)
 • Rescaled imaginary time (tau / beta): 0
───────────────────────────────────────────────────
 Lattice spacetime coordinate (ID #1)
 • Position indices: (1, 29)
 • Rescaled imaginary time (tau / beta): 0.0599431
───────────────────────────────────────────────────
 Lattice spacetime coordinate (ID #2)
 • Position indices: (1, 29)
 • Rescaled imaginary time (tau / beta): 0.948707
───────────────────────────────────────────────────
 Lattice spacetime coordinate (ID #3)
 • Position indices: (1, 29)
 • Rescaled imaginary time (tau / beta): 0.948707
───────────────────────────────────────────────────
 Lattice spacetime coordinate (ID #4)
 • Position indices: (1, 29)
 • Rescaled imaginary time (tau / beta): 0.948948
───────────────────────────────────────────────────
 Lattice spacetime coordinate (ID #5)
 • Position indices: (1, 29)
 • Rescaled imaginary time (tau / beta): 0.948948
───────────────────────────────────────────────────

Diagram pool size: 5
Diagram pool fermion loop numbers: ( 2 2 2 2 2 )
Constraints on spacetime coordinates: [x x x 2 x 4]

Subspace saved counts:	[232665 1667335]
Subspace saved ratios:	[0.122455 0.877544]
Subspace average measured signs:	[1 -0.0725031]

Current weight:	-4.77512e-05
Current total acceptance ratio:	0.103557
Current average ascend ratio:	0.00585894
Current average descend ratio:	0.00585894
Current average mutate ratio:	0.0918389

════════════════════
 MC step #3000000
════════════════════

In subspace: [V_0 V_3]
                   ^   
───────────────────────────────────────────────────
 Lattice spacetime coordinate (ID #0)
 • Position indices: (0, 0)
 • Rescaled imaginary time (tau / beta): 0
───────────────────────────────────────────────────
 Lattice spacetime coordinate (ID #1)
 • Position indices: (29, 26)
 • Rescaled imaginary time (tau / beta): 0.188001
───────────────────────────────────────────────────
 Lattice spacetime coordinate (ID #2)
 • Position indices: (0, 28)
 • Rescaled imaginary time (tau / beta): 0.0787402
───────────────────────────────────────────────────
 Lattice spacetime coordinate (ID #3)
 • Position indices: (0, 28)
 • Rescaled imaginary time (tau / beta): 0.0787402
───────────────────────────────────────────────────
 Lattice spacetime coordinate (ID #4)
 • Position indices: (0, 28)
 • Rescaled imaginary time (tau / beta): 0.625158
───────────────────────────────────────────────────
 Lattice spacetime coordinate (ID #5)
 • Position indices: (0, 28)
 • Rescaled imaginary time (tau / beta): 0.625158
───────────────────────────────────────────────────

Diagram pool size: 5
Diagram pool fermion loop numbers: ( 2 2 2 2 2 )
Constraints on spacetime coordinates: [x x x 2 x 4]

Subspace saved counts:	[351256 2548744]
Subspace saved ratios:	[0.121123 0.878877]
Subspace average measured signs:	[1 -0.0712233]

Current weight:	2.56264e-09
Current total acceptance ratio:	0.103736
Current average ascend ratio:	0.00584069
Current average descend ratio:	0.00584069
Current average mutate ratio:	0.0920545

════════════════════
 MC step #4000000
════════════════════

In subspace: [V_0 V_3]
                   ^   
───────────────────────────────────────────────────
 Lattice spacetime coordinate (ID #0)
 • Position indices: (0, 0)
 • Rescaled imaginary time (tau / beta): 0
───────────────────────────────────────────────────
 Lattice spacetime coordinate (ID #1)
 • Position indices: (2, 27)
 • Rescaled imaginary time (tau / beta): 0.897373
───────────────────────────────────────────────────
 Lattice spacetime coordinate (ID #2)
 • Position indices: (4, 1)
 • Rescaled imaginary time (tau / beta): 0.82626
───────────────────────────────────────────────────
 Lattice spacetime coordinate (ID #3)
 • Position indices: (4, 1)
 • Rescaled imaginary time (tau / beta): 0.82626
───────────────────────────────────────────────────
 Lattice spacetime coordinate (ID #4)
 • Position indices: (4, 1)
 • Rescaled imaginary time (tau / beta): 0.920343
───────────────────────────────────────────────────
 Lattice spacetime coordinate (ID #5)
 • Position indices: (4, 1)
 • Rescaled imaginary time (tau / beta): 0.920343
───────────────────────────────────────────────────

Diagram pool size: 5
Diagram pool fermion loop numbers: ( 2 2 2 2 2 )
Constraints on spacetime coordinates: [x x x 2 x 4]

Subspace saved counts:	[482268 3417732]
Subspace saved ratios:	[0.123658 0.876341]
Subspace average measured signs:	[1 -0.0662521]

Current weight:	1.82908e-08
Current total acceptance ratio:	0.103493
Current average ascend ratio:	0.00596179
Current average descend ratio:	0.00596179
Current average mutate ratio:	0.0915692

════════════════════
 MC step #5000000
════════════════════

In subspace: [V_0 V_3]
                   ^   
───────────────────────────────────────────────────
 Lattice spacetime coordinate (ID #0)
 • Position indices: (0, 0)
 • Rescaled imaginary time (tau / beta): 0
───────────────────────────────────────────────────
 Lattice spacetime coordinate (ID #1)
 • Position indices: (23, 23)
 • Rescaled imaginary time (tau / beta): 0.469752
───────────────────────────────────────────────────
 Lattice spacetime coordinate (ID #2)
 • Position indices: (28, 28)
 • Rescaled imaginary time (tau / beta): 0.898806
───────────────────────────────────────────────────
 Lattice spacetime coordinate (ID #3)
 • Position indices: (28, 28)
 • Rescaled imaginary time (tau / beta): 0.898806
───────────────────────────────────────────────────
 Lattice spacetime coordinate (ID #4)
 • Position indices: (28, 28)
 • Rescaled imaginary time (tau / beta): 0.054881
───────────────────────────────────────────────────
 Lattice spacetime coordinate (ID #5)
 • Position indices: (28, 28)
 • Rescaled imaginary time (tau / beta): 0.054881
───────────────────────────────────────────────────

Diagram pool size: 5
Diagram pool fermion loop numbers: ( 2 2 2 2 2 )
Constraints on spacetime coordinates: [x x x 2 x 4]

Subspace saved counts:	[593136 4306864]
Subspace saved ratios:	[0.121048 0.878952]
Subspace average measured signs:	[1 -0.0607737]

Current weight:	-4.02896e-08
Current total acceptance ratio:	0.103164
Current average ascend ratio:	0.00583
Current average descend ratio:	0.00583
Current average mutate ratio:	0.0915039
Final results:
════════════════════
 MC step #5100000
════════════════════

In subspace: [V_0 V_3]
                   ^   
───────────────────────────────────────────────────
 Lattice spacetime coordinate (ID #0)
 • Position indices: (0, 0)
 • Rescaled imaginary time (tau / beta): 0
───────────────────────────────────────────────────
 Lattice spacetime coordinate (ID #1)
 • Position indices: (4, 25)
 • Rescaled imaginary time (tau / beta): 0.0374435
───────────────────────────────────────────────────
 Lattice spacetime coordinate (ID #2)
 • Position indices: (0, 0)
 • Rescaled imaginary time (tau / beta): 0.535838
───────────────────────────────────────────────────
 Lattice spacetime coordinate (ID #3)
 • Position indices: (0, 0)
 • Rescaled imaginary time (tau / beta): 0.535838
───────────────────────────────────────────────────
 Lattice spacetime coordinate (ID #4)
 • Position indices: (29, 29)
 • Rescaled imaginary time (tau / beta): 0.311425
───────────────────────────────────────────────────
 Lattice spacetime coordinate (ID #5)
 • Position indices: (29, 29)
 • Rescaled imaginary time (tau / beta): 0.311425
───────────────────────────────────────────────────

Diagram pool size: 5
Diagram pool fermion loop numbers: ( 2 2 2 2 2 )
Constraints on spacetime coordinates: [x x x 2 x 4]

Subspace saved counts:	[606859 4393141]
Subspace saved ratios:	[0.121372 0.878628]
Subspace average measured signs:	[1 -0.0610864]

Current weight:	-3.0275e-09
Current total acceptance ratio:	0.103156
Current average ascend ratio:	0.005843
Current average descend ratio:	0.005843
Current average mutate ratio:	0.0914704

Normalization constant: C / N_{s,0} =1.10345e-07

Job ended at:	Mon Jul 19 17:49:31 2021
Elapsed time:	260 seconds
