-----------------------------
Lattice G_0(r, tau) from FFT
-----------------------------
Job ID# (POSIX integer timestamp): 1625172882
Spatial dimension: d = 2
t (hopping parameter): 1.0
beta / t (inverse temperature): 2.0
U / t (onsite (Hubbard) interaction): 2.0
Magnetization ((n_up - n_down) / n_tot): 0.0
Lattice coordination number: z = 4
Bandwidth: w = 2zt = 8.0

Number of sites per direction: N = 30
Total number of electrons: N_e = 270
Lattice constant: a = 1.0
Lattice length: L = 30.0
Lattice UV cutoff: Lambda_{lat} = 9.869604401089358
Imaginary-time infinitesimal (for G_0 hard cutoff and limits): 1e-10

mu_tilde_H: -2.4295984470240257
mu_H: -2.129598447024026
n_0 = n = 0.3
r_s: 1.0300645387285057
e_F: -2.3382612127177165
{k_F} in the first quadrant: 
[k[4 5],	k[5 4]]

Number of nonuniform tau mesh points: 1024
Number of frequency mesh points: 1024

