MPI run with 16 thread(s)
Job started at:	Mon Jun 28 20:23:29 2021
UNIX timestamp:	1624926209

════════════════════
 MC step #1000000
════════════════════

In subspace: [V_0 V_3]
                   ^   
───────────────────────────────────────────────────
 Lattice spacetime coordinate (ID #0)
 • Position indices: (0, 0)
 • Rescaled imaginary time (tau / beta): 0
───────────────────────────────────────────────────
 Lattice spacetime coordinate (ID #1)
 • Position indices: (27, 26)
 • Rescaled imaginary time (tau / beta): 0.701715
───────────────────────────────────────────────────
 Lattice spacetime coordinate (ID #2)
 • Position indices: (0, 29)
 • Rescaled imaginary time (tau / beta): 0.0658492
───────────────────────────────────────────────────
 Lattice spacetime coordinate (ID #3)
 • Position indices: (0, 29)
 • Rescaled imaginary time (tau / beta): 0.0658492
───────────────────────────────────────────────────
 Lattice spacetime coordinate (ID #4)
 • Position indices: (0, 29)
 • Rescaled imaginary time (tau / beta): 0.0394589
───────────────────────────────────────────────────
 Lattice spacetime coordinate (ID #5)
 • Position indices: (0, 29)
 • Rescaled imaginary time (tau / beta): 0.0394589
───────────────────────────────────────────────────

Diagram pool size: 5
Diagram pool fermion loop numbers: ( 2 2 2 2 2 )
Constraints on spacetime coordinates: [x x x 2 x 4]

Subspace saved counts:	[237866 662134]
Subspace saved ratios:	[0.264295 0.735704]
Subspace average measured signs:	[1 -0.0836658]

Current weight:	1.1041e-08
Current total acceptance ratio:	0.0944588
Current average ascend ratio:	0.00902777
Current average descend ratio:	0.00902777
Current average mutate ratio:	0.0764032

════════════════════
 MC step #2000000
════════════════════

In subspace: [V_0 V_3]
                   ^   
───────────────────────────────────────────────────
 Lattice spacetime coordinate (ID #0)
 • Position indices: (0, 0)
 • Rescaled imaginary time (tau / beta): 0
───────────────────────────────────────────────────
 Lattice spacetime coordinate (ID #1)
 • Position indices: (2, 1)
 • Rescaled imaginary time (tau / beta): 0.937216
───────────────────────────────────────────────────
 Lattice spacetime coordinate (ID #2)
 • Position indices: (27, 6)
 • Rescaled imaginary time (tau / beta): 0.297638
───────────────────────────────────────────────────
 Lattice spacetime coordinate (ID #3)
 • Position indices: (27, 6)
 • Rescaled imaginary time (tau / beta): 0.297638
───────────────────────────────────────────────────
 Lattice spacetime coordinate (ID #4)
 • Position indices: (27, 5)
 • Rescaled imaginary time (tau / beta): 0.302598
───────────────────────────────────────────────────
 Lattice spacetime coordinate (ID #5)
 • Position indices: (27, 5)
 • Rescaled imaginary time (tau / beta): 0.302598
───────────────────────────────────────────────────

Diagram pool size: 5
Diagram pool fermion loop numbers: ( 2 2 2 2 2 )
Constraints on spacetime coordinates: [x x x 2 x 4]

Subspace saved counts:	[493968 1406032]
Subspace saved ratios:	[0.259983 0.740016]
Subspace average measured signs:	[1 -0.082752]

Current weight:	-2.24798e-10
Current total acceptance ratio:	0.0945363
Current average ascend ratio:	0.00890894
Current average descend ratio:	0.00890894
Current average mutate ratio:	0.0767184

════════════════════
 MC step #3000000
════════════════════

In subspace: [V_0 V_3]
                   ^   
───────────────────────────────────────────────────
 Lattice spacetime coordinate (ID #0)
 • Position indices: (0, 0)
 • Rescaled imaginary time (tau / beta): 0
───────────────────────────────────────────────────
 Lattice spacetime coordinate (ID #1)
 • Position indices: (1, 28)
 • Rescaled imaginary time (tau / beta): 0.122259
───────────────────────────────────────────────────
 Lattice spacetime coordinate (ID #2)
 • Position indices: (1, 28)
 • Rescaled imaginary time (tau / beta): 0.919178
───────────────────────────────────────────────────
 Lattice spacetime coordinate (ID #3)
 • Position indices: (1, 28)
 • Rescaled imaginary time (tau / beta): 0.919178
───────────────────────────────────────────────────
 Lattice spacetime coordinate (ID #4)
 • Position indices: (1, 28)
 • Rescaled imaginary time (tau / beta): 0.971596
───────────────────────────────────────────────────
 Lattice spacetime coordinate (ID #5)
 • Position indices: (1, 28)
 • Rescaled imaginary time (tau / beta): 0.971596
───────────────────────────────────────────────────

Diagram pool size: 5
Diagram pool fermion loop numbers: ( 2 2 2 2 2 )
Constraints on spacetime coordinates: [x x x 2 x 4]

Subspace saved counts:	[773629 2126371]
Subspace saved ratios:	[0.266769 0.733231]
Subspace average measured signs:	[1 -0.0742048]

Current weight:	5.33354e-08
Current total acceptance ratio:	0.0942365
Current average ascend ratio:	0.00908896
Current average descend ratio:	0.00908896
Current average mutate ratio:	0.0760586

════════════════════
 MC step #4000000
════════════════════

In subspace: [V_0 V_3]
                   ^   
───────────────────────────────────────────────────
 Lattice spacetime coordinate (ID #0)
 • Position indices: (0, 0)
 • Rescaled imaginary time (tau / beta): 0
───────────────────────────────────────────────────
 Lattice spacetime coordinate (ID #1)
 • Position indices: (29, 29)
 • Rescaled imaginary time (tau / beta): 0.301681
───────────────────────────────────────────────────
 Lattice spacetime coordinate (ID #2)
 • Position indices: (29, 29)
 • Rescaled imaginary time (tau / beta): 0.19399
───────────────────────────────────────────────────
 Lattice spacetime coordinate (ID #3)
 • Position indices: (29, 29)
 • Rescaled imaginary time (tau / beta): 0.19399
───────────────────────────────────────────────────
 Lattice spacetime coordinate (ID #4)
 • Position indices: (29, 29)
 • Rescaled imaginary time (tau / beta): 0.181191
───────────────────────────────────────────────────
 Lattice spacetime coordinate (ID #5)
 • Position indices: (29, 29)
 • Rescaled imaginary time (tau / beta): 0.181191
───────────────────────────────────────────────────

Diagram pool size: 5
Diagram pool fermion loop numbers: ( 2 2 2 2 2 )
Constraints on spacetime coordinates: [x x x 2 x 4]

Subspace saved counts:	[1029994 2870006]
Subspace saved ratios:	[0.264101 0.735899]
Subspace average measured signs:	[1 -0.0727302]

Current weight:	-2.15455e-07
Current total acceptance ratio:	0.0943548
Current average ascend ratio:	0.00896359
Current average descend ratio:	0.00896359
Current average mutate ratio:	0.0764277

════════════════════
 MC step #5000000
════════════════════

In subspace: [V_0 V_3]
               ^       
Diagram pool size: 1
Diagram pool fermion loop numbers: ( 0 )
Constraints on spacetime coordinates: [x x x 2 x 4]

Subspace saved counts:	[1291165 3608835]
Subspace saved ratios:	[0.263503 0.736497]
Subspace average measured signs:	[1 -0.0714316]

Current weight:	0.00174869
Current total acceptance ratio:	0.0942724
Current average ascend ratio:	0.00897245
Current average descend ratio:	0.00897265
Current average mutate ratio:	0.0763273

════════════════════
 MC step #6000000
════════════════════

In subspace: [V_0 V_3]
                   ^   
───────────────────────────────────────────────────
 Lattice spacetime coordinate (ID #0)
 • Position indices: (0, 0)
 • Rescaled imaginary time (tau / beta): 0
───────────────────────────────────────────────────
 Lattice spacetime coordinate (ID #1)
 • Position indices: (26, 4)
 • Rescaled imaginary time (tau / beta): 0.566497
───────────────────────────────────────────────────
 Lattice spacetime coordinate (ID #2)
 • Position indices: (29, 6)
 • Rescaled imaginary time (tau / beta): 0.645742
───────────────────────────────────────────────────
 Lattice spacetime coordinate (ID #3)
 • Position indices: (29, 6)
 • Rescaled imaginary time (tau / beta): 0.645742
───────────────────────────────────────────────────
 Lattice spacetime coordinate (ID #4)
 • Position indices: (26, 4)
 • Rescaled imaginary time (tau / beta): 0.663004
───────────────────────────────────────────────────
 Lattice spacetime coordinate (ID #5)
 • Position indices: (26, 4)
 • Rescaled imaginary time (tau / beta): 0.663004
───────────────────────────────────────────────────

Diagram pool size: 5
Diagram pool fermion loop numbers: ( 2 2 2 2 2 )
Constraints on spacetime coordinates: [x x x 2 x 4]

Subspace saved counts:	[1542402 4357598]
Subspace saved ratios:	[0.261424 0.738576]
Subspace average measured signs:	[1 -0.0675491]

Current weight:	-1.1209e-11
Current total acceptance ratio:	0.0945015
Current average ascend ratio:	0.00889424
Current average descend ratio:	0.00889424
Current average mutate ratio:	0.076713

════════════════════
 MC step #7000000
════════════════════

In subspace: [V_0 V_3]
                   ^   
───────────────────────────────────────────────────
 Lattice spacetime coordinate (ID #0)
 • Position indices: (0, 0)
 • Rescaled imaginary time (tau / beta): 0
───────────────────────────────────────────────────
 Lattice spacetime coordinate (ID #1)
 • Position indices: (29, 1)
 • Rescaled imaginary time (tau / beta): 0.500041
───────────────────────────────────────────────────
 Lattice spacetime coordinate (ID #2)
 • Position indices: (26, 27)
 • Rescaled imaginary time (tau / beta): 0.531414
───────────────────────────────────────────────────
 Lattice spacetime coordinate (ID #3)
 • Position indices: (26, 27)
 • Rescaled imaginary time (tau / beta): 0.531414
───────────────────────────────────────────────────
 Lattice spacetime coordinate (ID #4)
 • Position indices: (24, 25)
 • Rescaled imaginary time (tau / beta): 0.0196532
───────────────────────────────────────────────────
 Lattice spacetime coordinate (ID #5)
 • Position indices: (24, 25)
 • Rescaled imaginary time (tau / beta): 0.0196532
───────────────────────────────────────────────────

Diagram pool size: 5
Diagram pool fermion loop numbers: ( 2 2 2 2 2 )
Constraints on spacetime coordinates: [x x x 2 x 4]

Subspace saved counts:	[1793962 5106038]
Subspace saved ratios:	[0.259994 0.740005]
Subspace average measured signs:	[1 -0.0664911]

Current weight:	-1.00086e-11
Current total acceptance ratio:	0.0946407
Current average ascend ratio:	0.00886043
Current average descend ratio:	0.00886043
Current average mutate ratio:	0.0769198

════════════════════
 MC step #8000000
════════════════════

In subspace: [V_0 V_3]
               ^       
Diagram pool size: 1
Diagram pool fermion loop numbers: ( 0 )
Constraints on spacetime coordinates: [x x x 2 x 4]

Subspace saved counts:	[2057223 5842777]
Subspace saved ratios:	[0.260408 0.739592]
Subspace average measured signs:	[1 -0.0681]

Current weight:	0.00174869
Current total acceptance ratio:	0.0946406
Current average ascend ratio:	0.00886671
Current average descend ratio:	0.00886683
Current average mutate ratio:	0.0769071

════════════════════
 MC step #9000000
════════════════════

In subspace: [V_0 V_3]
                   ^   
───────────────────────────────────────────────────
 Lattice spacetime coordinate (ID #0)
 • Position indices: (0, 0)
 • Rescaled imaginary time (tau / beta): 0
───────────────────────────────────────────────────
 Lattice spacetime coordinate (ID #1)
 • Position indices: (17, 19)
 • Rescaled imaginary time (tau / beta): 0.508536
───────────────────────────────────────────────────
 Lattice spacetime coordinate (ID #2)
 • Position indices: (27, 1)
 • Rescaled imaginary time (tau / beta): 0.815609
───────────────────────────────────────────────────
 Lattice spacetime coordinate (ID #3)
 • Position indices: (27, 1)
 • Rescaled imaginary time (tau / beta): 0.815609
───────────────────────────────────────────────────
 Lattice spacetime coordinate (ID #4)
 • Position indices: (27, 1)
 • Rescaled imaginary time (tau / beta): 0.834295
───────────────────────────────────────────────────
 Lattice spacetime coordinate (ID #5)
 • Position indices: (27, 1)
 • Rescaled imaginary time (tau / beta): 0.834295
───────────────────────────────────────────────────

Diagram pool size: 5
Diagram pool fermion loop numbers: ( 2 2 2 2 2 )
Constraints on spacetime coordinates: [x x x 2 x 4]

Subspace saved counts:	[2314745 6585255]
Subspace saved ratios:	[0.260084 0.739916]
Subspace average measured signs:	[1 -0.070931]

Current weight:	-5.34398e-12
Current total acceptance ratio:	0.0945697
Current average ascend ratio:	0.00886775
Current average descend ratio:	0.00886775
Current average mutate ratio:	0.0768341

════════════════════
 MC step #10000000
════════════════════

In subspace: [V_0 V_3]
                   ^   
───────────────────────────────────────────────────
 Lattice spacetime coordinate (ID #0)
 • Position indices: (0, 0)
 • Rescaled imaginary time (tau / beta): 0
───────────────────────────────────────────────────
 Lattice spacetime coordinate (ID #1)
 • Position indices: (0, 29)
 • Rescaled imaginary time (tau / beta): 0.0482524
───────────────────────────────────────────────────
 Lattice spacetime coordinate (ID #2)
 • Position indices: (24, 4)
 • Rescaled imaginary time (tau / beta): 0.315901
───────────────────────────────────────────────────
 Lattice spacetime coordinate (ID #3)
 • Position indices: (24, 4)
 • Rescaled imaginary time (tau / beta): 0.315901
───────────────────────────────────────────────────
 Lattice spacetime coordinate (ID #4)
 • Position indices: (25, 4)
 • Rescaled imaginary time (tau / beta): 0.322234
───────────────────────────────────────────────────
 Lattice spacetime coordinate (ID #5)
 • Position indices: (25, 4)
 • Rescaled imaginary time (tau / beta): 0.322234
───────────────────────────────────────────────────

Diagram pool size: 5
Diagram pool fermion loop numbers: ( 2 2 2 2 2 )
Constraints on spacetime coordinates: [x x x 2 x 4]

Subspace saved counts:	[2581503 7318497]
Subspace saved ratios:	[0.260758 0.739242]
Subspace average measured signs:	[1 -0.0691201]

Current weight:	-6.67581e-10
Current total acceptance ratio:	0.0946138
Current average ascend ratio:	0.00889808
Current average descend ratio:	0.00889808
Current average mutate ratio:	0.0768177

════════════════════
 MC step #11000000
════════════════════

In subspace: [V_0 V_3]
                   ^   
───────────────────────────────────────────────────
 Lattice spacetime coordinate (ID #0)
 • Position indices: (0, 0)
 • Rescaled imaginary time (tau / beta): 0
───────────────────────────────────────────────────
 Lattice spacetime coordinate (ID #1)
 • Position indices: (2, 28)
 • Rescaled imaginary time (tau / beta): 0.824805
───────────────────────────────────────────────────
 Lattice spacetime coordinate (ID #2)
 • Position indices: (0, 0)
 • Rescaled imaginary time (tau / beta): 0.881717
───────────────────────────────────────────────────
 Lattice spacetime coordinate (ID #3)
 • Position indices: (0, 0)
 • Rescaled imaginary time (tau / beta): 0.881717
───────────────────────────────────────────────────
 Lattice spacetime coordinate (ID #4)
 • Position indices: (0, 0)
 • Rescaled imaginary time (tau / beta): 0.878712
───────────────────────────────────────────────────
 Lattice spacetime coordinate (ID #5)
 • Position indices: (0, 0)
 • Rescaled imaginary time (tau / beta): 0.878712
───────────────────────────────────────────────────

Diagram pool size: 5
Diagram pool fermion loop numbers: ( 2 2 2 2 2 )
Constraints on spacetime coordinates: [x x x 2 x 4]

Subspace saved counts:	[2815924 8084076]
Subspace saved ratios:	[0.258342 0.741658]
Subspace average measured signs:	[1 -0.067129]

Current weight:	-7.1287e-08
Current total acceptance ratio:	0.0947402
Current average ascend ratio:	0.00883422
Current average descend ratio:	0.00883422
Current average mutate ratio:	0.0770717

════════════════════
 MC step #12000000
════════════════════

In subspace: [V_0 V_3]
                   ^   
───────────────────────────────────────────────────
 Lattice spacetime coordinate (ID #0)
 • Position indices: (0, 0)
 • Rescaled imaginary time (tau / beta): 0
───────────────────────────────────────────────────
 Lattice spacetime coordinate (ID #1)
 • Position indices: (0, 28)
 • Rescaled imaginary time (tau / beta): 0.714514
───────────────────────────────────────────────────
 Lattice spacetime coordinate (ID #2)
 • Position indices: (0, 0)
 • Rescaled imaginary time (tau / beta): 0.684659
───────────────────────────────────────────────────
 Lattice spacetime coordinate (ID #3)
 • Position indices: (0, 0)
 • Rescaled imaginary time (tau / beta): 0.684659
───────────────────────────────────────────────────
 Lattice spacetime coordinate (ID #4)
 • Position indices: (0, 29)
 • Rescaled imaginary time (tau / beta): 0.692441
───────────────────────────────────────────────────
 Lattice spacetime coordinate (ID #5)
 • Position indices: (0, 29)
 • Rescaled imaginary time (tau / beta): 0.692441
───────────────────────────────────────────────────

Diagram pool size: 5
Diagram pool fermion loop numbers: ( 2 2 2 2 2 )
Constraints on spacetime coordinates: [x x x 2 x 4]

Subspace saved counts:	[3100289 8799711]
Subspace saved ratios:	[0.260528 0.739471]
Subspace average measured signs:	[1 -0.0667639]

Current weight:	-9.4033e-09
Current total acceptance ratio:	0.0947493
Current average ascend ratio:	0.00891386
Current average descend ratio:	0.00891386
Current average mutate ratio:	0.0769216

════════════════════
 MC step #13000000
════════════════════

In subspace: [V_0 V_3]
                   ^   
───────────────────────────────────────────────────
 Lattice spacetime coordinate (ID #0)
 • Position indices: (0, 0)
 • Rescaled imaginary time (tau / beta): 0
───────────────────────────────────────────────────
 Lattice spacetime coordinate (ID #1)
 • Position indices: (27, 2)
 • Rescaled imaginary time (tau / beta): 0.966785
───────────────────────────────────────────────────
 Lattice spacetime coordinate (ID #2)
 • Position indices: (1, 0)
 • Rescaled imaginary time (tau / beta): 0.196299
───────────────────────────────────────────────────
 Lattice spacetime coordinate (ID #3)
 • Position indices: (1, 0)
 • Rescaled imaginary time (tau / beta): 0.196299
───────────────────────────────────────────────────
 Lattice spacetime coordinate (ID #4)
 • Position indices: (1, 0)
 • Rescaled imaginary time (tau / beta): 0.947721
───────────────────────────────────────────────────
 Lattice spacetime coordinate (ID #5)
 • Position indices: (1, 0)
 • Rescaled imaginary time (tau / beta): 0.947721
───────────────────────────────────────────────────

Diagram pool size: 5
Diagram pool fermion loop numbers: ( 2 2 2 2 2 )
Constraints on spacetime coordinates: [x x x 2 x 4]

Subspace saved counts:	[3342163 9557837]
Subspace saved ratios:	[0.259082 0.740918]
Subspace average measured signs:	[1 -0.0677219]

Current weight:	-1.49155e-10
Current total acceptance ratio:	0.0947351
Current average ascend ratio:	0.00886333
Current average descend ratio:	0.00886333
Current average mutate ratio:	0.0770084

════════════════════
 MC step #14000000
════════════════════

In subspace: [V_0 V_3]
                   ^   
───────────────────────────────────────────────────
 Lattice spacetime coordinate (ID #0)
 • Position indices: (0, 0)
 • Rescaled imaginary time (tau / beta): 0
───────────────────────────────────────────────────
 Lattice spacetime coordinate (ID #1)
 • Position indices: (1, 1)
 • Rescaled imaginary time (tau / beta): 0.416117
───────────────────────────────────────────────────
 Lattice spacetime coordinate (ID #2)
 • Position indices: (0, 0)
 • Rescaled imaginary time (tau / beta): 0.40477
───────────────────────────────────────────────────
 Lattice spacetime coordinate (ID #3)
 • Position indices: (0, 0)
 • Rescaled imaginary time (tau / beta): 0.40477
───────────────────────────────────────────────────
 Lattice spacetime coordinate (ID #4)
 • Position indices: (0, 0)
 • Rescaled imaginary time (tau / beta): 0.386846
───────────────────────────────────────────────────
 Lattice spacetime coordinate (ID #5)
 • Position indices: (0, 0)
 • Rescaled imaginary time (tau / beta): 0.386846
───────────────────────────────────────────────────

Diagram pool size: 5
Diagram pool fermion loop numbers: ( 2 2 2 2 2 )
Constraints on spacetime coordinates: [x x x 2 x 4]

Subspace saved counts:	[3570598 10329402]
Subspace saved ratios:	[0.256878 0.743122]
Subspace average measured signs:	[1 -0.0674686]

Current weight:	-1.10467e-07
Current total acceptance ratio:	0.0947619
Current average ascend ratio:	0.00879352
Current average descend ratio:	0.00879352
Current average mutate ratio:	0.0771749

════════════════════
 MC step #15000000
════════════════════

In subspace: [V_0 V_3]
               ^       
Diagram pool size: 1
Diagram pool fermion loop numbers: ( 0 )
Constraints on spacetime coordinates: [x x x 2 x 4]

Subspace saved counts:	[3823236 11076764]
Subspace saved ratios:	[0.256593 0.743407]
Subspace average measured signs:	[1 -0.0678929]

Current weight:	0.00174869
Current total acceptance ratio:	0.0947929
Current average ascend ratio:	0.00879255
Current average descend ratio:	0.00879262
Current average mutate ratio:	0.0772077

════════════════════
 MC step #16000000
════════════════════

In subspace: [V_0 V_3]
               ^       
Diagram pool size: 1
Diagram pool fermion loop numbers: ( 0 )
Constraints on spacetime coordinates: [x x x 2 x 4]

Subspace saved counts:	[4087100 11812900]
Subspace saved ratios:	[0.25705 0.74295]
Subspace average measured signs:	[1 -0.067322]

Current weight:	0.00174869
Current total acceptance ratio:	0.0947897
Current average ascend ratio:	0.00880352
Current average descend ratio:	0.00880358
Current average mutate ratio:	0.0771826

════════════════════
 MC step #17000000
════════════════════

In subspace: [V_0 V_3]
                   ^   
───────────────────────────────────────────────────
 Lattice spacetime coordinate (ID #0)
 • Position indices: (0, 0)
 • Rescaled imaginary time (tau / beta): 0
───────────────────────────────────────────────────
 Lattice spacetime coordinate (ID #1)
 • Position indices: (0, 29)
 • Rescaled imaginary time (tau / beta): 0.975388
───────────────────────────────────────────────────
 Lattice spacetime coordinate (ID #2)
 • Position indices: (3, 3)
 • Rescaled imaginary time (tau / beta): 0.220341
───────────────────────────────────────────────────
 Lattice spacetime coordinate (ID #3)
 • Position indices: (3, 3)
 • Rescaled imaginary time (tau / beta): 0.220341
───────────────────────────────────────────────────
 Lattice spacetime coordinate (ID #4)
 • Position indices: (4, 4)
 • Rescaled imaginary time (tau / beta): 0.422997
───────────────────────────────────────────────────
 Lattice spacetime coordinate (ID #5)
 • Position indices: (4, 4)
 • Rescaled imaginary time (tau / beta): 0.422997
───────────────────────────────────────────────────

Diagram pool size: 5
Diagram pool fermion loop numbers: ( 2 2 2 2 2 )
Constraints on spacetime coordinates: [x x x 2 x 4]

Subspace saved counts:	[4357011 12542989]
Subspace saved ratios:	[0.257811 0.742189]
Subspace average measured signs:	[1 -0.0678329]

Current weight:	5.90473e-11
Current total acceptance ratio:	0.0947451
Current average ascend ratio:	0.00883385
Current average descend ratio:	0.00883385
Current average mutate ratio:	0.0770775

════════════════════
 MC step #18000000
════════════════════

In subspace: [V_0 V_3]
                   ^   
───────────────────────────────────────────────────
 Lattice spacetime coordinate (ID #0)
 • Position indices: (0, 0)
 • Rescaled imaginary time (tau / beta): 0
───────────────────────────────────────────────────
 Lattice spacetime coordinate (ID #1)
 • Position indices: (28, 29)
 • Rescaled imaginary time (tau / beta): 0.040108
───────────────────────────────────────────────────
 Lattice spacetime coordinate (ID #2)
 • Position indices: (1, 1)
 • Rescaled imaginary time (tau / beta): 0.919652
───────────────────────────────────────────────────
 Lattice spacetime coordinate (ID #3)
 • Position indices: (1, 1)
 • Rescaled imaginary time (tau / beta): 0.919652
───────────────────────────────────────────────────
 Lattice spacetime coordinate (ID #4)
 • Position indices: (2, 1)
 • Rescaled imaginary time (tau / beta): 0.907433
───────────────────────────────────────────────────
 Lattice spacetime coordinate (ID #5)
 • Position indices: (2, 1)
 • Rescaled imaginary time (tau / beta): 0.907433
───────────────────────────────────────────────────

Diagram pool size: 5
Diagram pool fermion loop numbers: ( 2 2 2 2 2 )
Constraints on spacetime coordinates: [x x x 2 x 4]

Subspace saved counts:	[4623104 13276896]
Subspace saved ratios:	[0.258274 0.741726]
Subspace average measured signs:	[1 -0.0667783]

Current weight:	3.7682e-09
Current total acceptance ratio:	0.0946755
Current average ascend ratio:	0.00885441
Current average descend ratio:	0.00885441
Current average mutate ratio:	0.0769666

════════════════════
 MC step #19000000
════════════════════

In subspace: [V_0 V_3]
               ^       
Diagram pool size: 1
Diagram pool fermion loop numbers: ( 0 )
Constraints on spacetime coordinates: [x x x 2 x 4]

Subspace saved counts:	[4885099 14014901]
Subspace saved ratios:	[0.258471 0.741529]
Subspace average measured signs:	[1 -0.0667898]

Current weight:	0.00174869
Current total acceptance ratio:	0.0947851
Current average ascend ratio:	0.00885979
Current average descend ratio:	0.00885984
Current average mutate ratio:	0.0770654

════════════════════
 MC step #20000000
════════════════════

In subspace: [V_0 V_3]
               ^       
Diagram pool size: 1
Diagram pool fermion loop numbers: ( 0 )
Constraints on spacetime coordinates: [x x x 2 x 4]

Subspace saved counts:	[5138371 14761629]
Subspace saved ratios:	[0.25821 0.74179]
Subspace average measured signs:	[1 -0.0673226]

Current weight:	0.00174869
Current total acceptance ratio:	0.0948385
Current average ascend ratio:	0.00884975
Current average descend ratio:	0.0088498
Current average mutate ratio:	0.077139

════════════════════
 MC step #21000000
════════════════════

In subspace: [V_0 V_3]
               ^       
Diagram pool size: 1
Diagram pool fermion loop numbers: ( 0 )
Constraints on spacetime coordinates: [x x x 2 x 4]

Subspace saved counts:	[5408237 15491763]
Subspace saved ratios:	[0.258767 0.741233]
Subspace average measured signs:	[1 -0.0668742]

Current weight:	0.00174869
Current total acceptance ratio:	0.0948023
Current average ascend ratio:	0.00886469
Current average descend ratio:	0.00886474
Current average mutate ratio:	0.0770729

════════════════════
 MC step #22000000
════════════════════

In subspace: [V_0 V_3]
                   ^   
───────────────────────────────────────────────────
 Lattice spacetime coordinate (ID #0)
 • Position indices: (0, 0)
 • Rescaled imaginary time (tau / beta): 0
───────────────────────────────────────────────────
 Lattice spacetime coordinate (ID #1)
 • Position indices: (26, 4)
 • Rescaled imaginary time (tau / beta): 0.495408
───────────────────────────────────────────────────
 Lattice spacetime coordinate (ID #2)
 • Position indices: (26, 4)
 • Rescaled imaginary time (tau / beta): 0.874844
───────────────────────────────────────────────────
 Lattice spacetime coordinate (ID #3)
 • Position indices: (26, 4)
 • Rescaled imaginary time (tau / beta): 0.874844
───────────────────────────────────────────────────
 Lattice spacetime coordinate (ID #4)
 • Position indices: (26, 4)
 • Rescaled imaginary time (tau / beta): 0.969903
───────────────────────────────────────────────────
 Lattice spacetime coordinate (ID #5)
 • Position indices: (26, 4)
 • Rescaled imaginary time (tau / beta): 0.969903
───────────────────────────────────────────────────

Diagram pool size: 5
Diagram pool fermion loop numbers: ( 2 2 2 2 2 )
Constraints on spacetime coordinates: [x x x 2 x 4]

Subspace saved counts:	[5696130 16203870]
Subspace saved ratios:	[0.260097 0.739903]
Subspace average measured signs:	[1 -0.0672654]

Current weight:	-1.9515e-09
Current total acceptance ratio:	0.0947207
Current average ascend ratio:	0.00890854
Current average descend ratio:	0.00890854
Current average mutate ratio:	0.0769036

════════════════════
 MC step #23000000
════════════════════

In subspace: [V_0 V_3]
               ^       
Diagram pool size: 1
Diagram pool fermion loop numbers: ( 0 )
Constraints on spacetime coordinates: [x x x 2 x 4]

Subspace saved counts:	[5938166 16961834]
Subspace saved ratios:	[0.259309 0.740691]
Subspace average measured signs:	[1 -0.0667961]

Current weight:	0.00174869
Current total acceptance ratio:	0.0948
Current average ascend ratio:	0.00887908
Current average descend ratio:	0.00887913
Current average mutate ratio:	0.0770418

════════════════════
 MC step #24000000
════════════════════

In subspace: [V_0 V_3]
               ^       
Diagram pool size: 1
Diagram pool fermion loop numbers: ( 0 )
Constraints on spacetime coordinates: [x x x 2 x 4]

Subspace saved counts:	[6183623 17716377]
Subspace saved ratios:	[0.258729 0.741271]
Subspace average measured signs:	[1 -0.0660743]

Current weight:	0.00174869
Current total acceptance ratio:	0.0948165
Current average ascend ratio:	0.00886192
Current average descend ratio:	0.00886197
Current average mutate ratio:	0.0770926

════════════════════
 MC step #25000000
════════════════════

In subspace: [V_0 V_3]
                   ^   
───────────────────────────────────────────────────
 Lattice spacetime coordinate (ID #0)
 • Position indices: (0, 0)
 • Rescaled imaginary time (tau / beta): 0
───────────────────────────────────────────────────
 Lattice spacetime coordinate (ID #1)
 • Position indices: (27, 28)
 • Rescaled imaginary time (tau / beta): 0.0252561
───────────────────────────────────────────────────
 Lattice spacetime coordinate (ID #2)
 • Position indices: (28, 29)
 • Rescaled imaginary time (tau / beta): 0.0977383
───────────────────────────────────────────────────
 Lattice spacetime coordinate (ID #3)
 • Position indices: (28, 29)
 • Rescaled imaginary time (tau / beta): 0.0977383
───────────────────────────────────────────────────
 Lattice spacetime coordinate (ID #4)
 • Position indices: (28, 29)
 • Rescaled imaginary time (tau / beta): 0.0823916
───────────────────────────────────────────────────
 Lattice spacetime coordinate (ID #5)
 • Position indices: (28, 29)
 • Rescaled imaginary time (tau / beta): 0.0823916
───────────────────────────────────────────────────

Diagram pool size: 5
Diagram pool fermion loop numbers: ( 2 2 2 2 2 )
Constraints on spacetime coordinates: [x x x 2 x 4]

Subspace saved counts:	[6414412 18485588]
Subspace saved ratios:	[0.257607 0.742393]
Subspace average measured signs:	[1 -0.0665023]

Current weight:	3.27099e-08
Current total acceptance ratio:	0.0947732
Current average ascend ratio:	0.00882811
Current average descend ratio:	0.00882811
Current average mutate ratio:	0.077117

════════════════════
 MC step #26000000
════════════════════

In subspace: [V_0 V_3]
                   ^   
───────────────────────────────────────────────────
 Lattice spacetime coordinate (ID #0)
 • Position indices: (0, 0)
 • Rescaled imaginary time (tau / beta): 0
───────────────────────────────────────────────────
 Lattice spacetime coordinate (ID #1)
 • Position indices: (1, 1)
 • Rescaled imaginary time (tau / beta): 0.404038
───────────────────────────────────────────────────
 Lattice spacetime coordinate (ID #2)
 • Position indices: (3, 2)
 • Rescaled imaginary time (tau / beta): 0.602569
───────────────────────────────────────────────────
 Lattice spacetime coordinate (ID #3)
 • Position indices: (3, 2)
 • Rescaled imaginary time (tau / beta): 0.602569
───────────────────────────────────────────────────
 Lattice spacetime coordinate (ID #4)
 • Position indices: (4, 1)
 • Rescaled imaginary time (tau / beta): 0.515602
───────────────────────────────────────────────────
 Lattice spacetime coordinate (ID #5)
 • Position indices: (4, 1)
 • Rescaled imaginary time (tau / beta): 0.515602
───────────────────────────────────────────────────

Diagram pool size: 5
Diagram pool fermion loop numbers: ( 2 2 2 2 2 )
Constraints on spacetime coordinates: [x x x 2 x 4]

Subspace saved counts:	[6684042 19215958]
Subspace saved ratios:	[0.258071 0.741929]
Subspace average measured signs:	[1 -0.0660233]

Current weight:	1.25812e-11
Current total acceptance ratio:	0.0947404
Current average ascend ratio:	0.00883849
Current average descend ratio:	0.00883849
Current average mutate ratio:	0.0770634

════════════════════
 MC step #27000000
════════════════════

In subspace: [V_0 V_3]
                   ^   
───────────────────────────────────────────────────
 Lattice spacetime coordinate (ID #0)
 • Position indices: (0, 0)
 • Rescaled imaginary time (tau / beta): 0
───────────────────────────────────────────────────
 Lattice spacetime coordinate (ID #1)
 • Position indices: (2, 2)
 • Rescaled imaginary time (tau / beta): 0.746084
───────────────────────────────────────────────────
 Lattice spacetime coordinate (ID #2)
 • Position indices: (1, 1)
 • Rescaled imaginary time (tau / beta): 0.990591
───────────────────────────────────────────────────
 Lattice spacetime coordinate (ID #3)
 • Position indices: (1, 1)
 • Rescaled imaginary time (tau / beta): 0.990591
───────────────────────────────────────────────────
 Lattice spacetime coordinate (ID #4)
 • Position indices: (1, 2)
 • Rescaled imaginary time (tau / beta): 0.999564
───────────────────────────────────────────────────
 Lattice spacetime coordinate (ID #5)
 • Position indices: (1, 2)
 • Rescaled imaginary time (tau / beta): 0.999564
───────────────────────────────────────────────────

Diagram pool size: 5
Diagram pool fermion loop numbers: ( 2 2 2 2 2 )
Constraints on spacetime coordinates: [x x x 2 x 4]

Subspace saved counts:	[6942600 19957400]
Subspace saved ratios:	[0.258089 0.741911]
Subspace average measured signs:	[1 -0.0666092]

Current weight:	-9.80608e-09
Current total acceptance ratio:	0.094722
Current average ascend ratio:	0.00883874
Current average descend ratio:	0.00883874
Current average mutate ratio:	0.0770445

════════════════════
 MC step #28000000
════════════════════

In subspace: [V_0 V_3]
                   ^   
───────────────────────────────────────────────────
 Lattice spacetime coordinate (ID #0)
 • Position indices: (0, 0)
 • Rescaled imaginary time (tau / beta): 0
───────────────────────────────────────────────────
 Lattice spacetime coordinate (ID #1)
 • Position indices: (0, 28)
 • Rescaled imaginary time (tau / beta): 0.101928
───────────────────────────────────────────────────
 Lattice spacetime coordinate (ID #2)
 • Position indices: (29, 29)
 • Rescaled imaginary time (tau / beta): 0.779819
───────────────────────────────────────────────────
 Lattice spacetime coordinate (ID #3)
 • Position indices: (29, 29)
 • Rescaled imaginary time (tau / beta): 0.779819
───────────────────────────────────────────────────
 Lattice spacetime coordinate (ID #4)
 • Position indices: (29, 29)
 • Rescaled imaginary time (tau / beta): 0.770435
───────────────────────────────────────────────────
 Lattice spacetime coordinate (ID #5)
 • Position indices: (29, 29)
 • Rescaled imaginary time (tau / beta): 0.770435
───────────────────────────────────────────────────

Diagram pool size: 5
Diagram pool fermion loop numbers: ( 2 2 2 2 2 )
Constraints on spacetime coordinates: [x x x 2 x 4]

Subspace saved counts:	[7202274 20697726]
Subspace saved ratios:	[0.258146 0.741854]
Subspace average measured signs:	[1 -0.0662904]

Current weight:	-2.28185e-08
Current total acceptance ratio:	0.0946993
Current average ascend ratio:	0.00884251
Current average descend ratio:	0.00884251
Current average mutate ratio:	0.0770143

════════════════════
 MC step #29000000
════════════════════

In subspace: [V_0 V_3]
               ^       
Diagram pool size: 1
Diagram pool fermion loop numbers: ( 0 )
Constraints on spacetime coordinates: [x x x 2 x 4]

Subspace saved counts:	[7448038 21451962]
Subspace saved ratios:	[0.257718 0.742282]
Subspace average measured signs:	[1 -0.0657718]

Current weight:	0.00174869
Current total acceptance ratio:	0.0947001
Current average ascend ratio:	0.00883197
Current average descend ratio:	0.00883201
Current average mutate ratio:	0.0770361

════════════════════
 MC step #30000000
════════════════════

In subspace: [V_0 V_3]
                   ^   
───────────────────────────────────────────────────
 Lattice spacetime coordinate (ID #0)
 • Position indices: (0, 0)
 • Rescaled imaginary time (tau / beta): 0
───────────────────────────────────────────────────
 Lattice spacetime coordinate (ID #1)
 • Position indices: (0, 29)
 • Rescaled imaginary time (tau / beta): 0.951636
───────────────────────────────────────────────────
 Lattice spacetime coordinate (ID #2)
 • Position indices: (1, 29)
 • Rescaled imaginary time (tau / beta): 0.892649
───────────────────────────────────────────────────
 Lattice spacetime coordinate (ID #3)
 • Position indices: (1, 29)
 • Rescaled imaginary time (tau / beta): 0.892649
───────────────────────────────────────────────────
 Lattice spacetime coordinate (ID #4)
 • Position indices: (1, 28)
 • Rescaled imaginary time (tau / beta): 0.950774
───────────────────────────────────────────────────
 Lattice spacetime coordinate (ID #5)
 • Position indices: (1, 28)
 • Rescaled imaginary time (tau / beta): 0.950774
───────────────────────────────────────────────────

Diagram pool size: 5
Diagram pool fermion loop numbers: ( 2 2 2 2 2 )
Constraints on spacetime coordinates: [x x x 2 x 4]

Subspace saved counts:	[7713593 22186407]
Subspace saved ratios:	[0.25798 0.74202]
Subspace average measured signs:	[1 -0.0656106]

Current weight:	-7.57461e-10
Current total acceptance ratio:	0.094669
Current average ascend ratio:	0.00883689
Current average descend ratio:	0.00883689
Current average mutate ratio:	0.0769952

════════════════════
 MC step #31000000
════════════════════

In subspace: [V_0 V_3]
               ^       
Diagram pool size: 1
Diagram pool fermion loop numbers: ( 0 )
Constraints on spacetime coordinates: [x x x 2 x 4]

Subspace saved counts:	[7966923 22933077]
Subspace saved ratios:	[0.257829 0.742171]
Subspace average measured signs:	[1 -0.065164]

Current weight:	0.00174869
Current total acceptance ratio:	0.0946536
Current average ascend ratio:	0.0088354
Current average descend ratio:	0.00883544
Current average mutate ratio:	0.0769827

════════════════════
 MC step #32000000
════════════════════

In subspace: [V_0 V_3]
                   ^   
───────────────────────────────────────────────────
 Lattice spacetime coordinate (ID #0)
 • Position indices: (0, 0)
 • Rescaled imaginary time (tau / beta): 0
───────────────────────────────────────────────────
 Lattice spacetime coordinate (ID #1)
 • Position indices: (28, 25)
 • Rescaled imaginary time (tau / beta): 0.0568375
───────────────────────────────────────────────────
 Lattice spacetime coordinate (ID #2)
 • Position indices: (23, 21)
 • Rescaled imaginary time (tau / beta): 0.0415571
───────────────────────────────────────────────────
 Lattice spacetime coordinate (ID #3)
 • Position indices: (23, 21)
 • Rescaled imaginary time (tau / beta): 0.0415571
───────────────────────────────────────────────────
 Lattice spacetime coordinate (ID #4)
 • Position indices: (23, 22)
 • Rescaled imaginary time (tau / beta): 0.0667402
───────────────────────────────────────────────────
 Lattice spacetime coordinate (ID #5)
 • Position indices: (23, 22)
 • Rescaled imaginary time (tau / beta): 0.0667402
───────────────────────────────────────────────────

Diagram pool size: 5
Diagram pool fermion loop numbers: ( 2 2 2 2 2 )
Constraints on spacetime coordinates: [x x x 2 x 4]

Subspace saved counts:	[8246881 23653119]
Subspace saved ratios:	[0.258523 0.741477]
Subspace average measured signs:	[1 -0.0649859]

Current weight:	-2.24794e-11
Current total acceptance ratio:	0.0946243
Current average ascend ratio:	0.00886147
Current average descend ratio:	0.00886147
Current average mutate ratio:	0.0769013

════════════════════
 MC step #33000000
════════════════════

In subspace: [V_0 V_3]
                   ^   
───────────────────────────────────────────────────
 Lattice spacetime coordinate (ID #0)
 • Position indices: (0, 0)
 • Rescaled imaginary time (tau / beta): 0
───────────────────────────────────────────────────
 Lattice spacetime coordinate (ID #1)
 • Position indices: (3, 27)
 • Rescaled imaginary time (tau / beta): 0.0540221
───────────────────────────────────────────────────
 Lattice spacetime coordinate (ID #2)
 • Position indices: (0, 1)
 • Rescaled imaginary time (tau / beta): 0.984979
───────────────────────────────────────────────────
 Lattice spacetime coordinate (ID #3)
 • Position indices: (0, 1)
 • Rescaled imaginary time (tau / beta): 0.984979
───────────────────────────────────────────────────
 Lattice spacetime coordinate (ID #4)
 • Position indices: (0, 1)
 • Rescaled imaginary time (tau / beta): 0.959118
───────────────────────────────────────────────────
 Lattice spacetime coordinate (ID #5)
 • Position indices: (0, 1)
 • Rescaled imaginary time (tau / beta): 0.959118
───────────────────────────────────────────────────

Diagram pool size: 5
Diagram pool fermion loop numbers: ( 2 2 2 2 2 )
Constraints on spacetime coordinates: [x x x 2 x 4]

Subspace saved counts:	[8525572 24374428]
Subspace saved ratios:	[0.259136 0.740864]
Subspace average measured signs:	[1 -0.0648709]

Current weight:	-2.2831e-08
Current total acceptance ratio:	0.094645
Current average ascend ratio:	0.00888353
Current average descend ratio:	0.00888353
Current average mutate ratio:	0.0768779

════════════════════
 MC step #34000000
════════════════════

In subspace: [V_0 V_3]
               ^       
Diagram pool size: 1
Diagram pool fermion loop numbers: ( 0 )
Constraints on spacetime coordinates: [x x x 2 x 4]

Subspace saved counts:	[8812263 25087737]
Subspace saved ratios:	[0.259949 0.740051]
Subspace average measured signs:	[1 -0.0641301]

Current weight:	0.00174869
Current total acceptance ratio:	0.0946556
Current average ascend ratio:	0.00890755
Current average descend ratio:	0.00890758
Current average mutate ratio:	0.0768404

════════════════════
 MC step #35000000
════════════════════

In subspace: [V_0 V_3]
                   ^   
───────────────────────────────────────────────────
 Lattice spacetime coordinate (ID #0)
 • Position indices: (0, 0)
 • Rescaled imaginary time (tau / beta): 0
───────────────────────────────────────────────────
 Lattice spacetime coordinate (ID #1)
 • Position indices: (26, 3)
 • Rescaled imaginary time (tau / beta): 0.162286
───────────────────────────────────────────────────
 Lattice spacetime coordinate (ID #2)
 • Position indices: (21, 22)
 • Rescaled imaginary time (tau / beta): 0.0757232
───────────────────────────────────────────────────
 Lattice spacetime coordinate (ID #3)
 • Position indices: (21, 22)
 • Rescaled imaginary time (tau / beta): 0.0757232
───────────────────────────────────────────────────
 Lattice spacetime coordinate (ID #4)
 • Position indices: (16, 28)
 • Rescaled imaginary time (tau / beta): 0.998464
───────────────────────────────────────────────────
 Lattice spacetime coordinate (ID #5)
 • Position indices: (16, 28)
 • Rescaled imaginary time (tau / beta): 0.998464
───────────────────────────────────────────────────

Diagram pool size: 5
Diagram pool fermion loop numbers: ( 2 2 2 2 2 )
Constraints on spacetime coordinates: [x x x 2 x 4]

Subspace saved counts:	[9070402 25829598]
Subspace saved ratios:	[0.259897 0.740103]
Subspace average measured signs:	[1 -0.0646056]

Current weight:	2.22746e-15
Current total acceptance ratio:	0.0946502
Current average ascend ratio:	0.00890708
Current average descend ratio:	0.00890708
Current average mutate ratio:	0.0768361

════════════════════
 MC step #36000000
════════════════════

In subspace: [V_0 V_3]
                   ^   
───────────────────────────────────────────────────
 Lattice spacetime coordinate (ID #0)
 • Position indices: (0, 0)
 • Rescaled imaginary time (tau / beta): 0
───────────────────────────────────────────────────
 Lattice spacetime coordinate (ID #1)
 • Position indices: (28, 28)
 • Rescaled imaginary time (tau / beta): 0.739814
───────────────────────────────────────────────────
 Lattice spacetime coordinate (ID #2)
 • Position indices: (0, 0)
 • Rescaled imaginary time (tau / beta): 0.945372
───────────────────────────────────────────────────
 Lattice spacetime coordinate (ID #3)
 • Position indices: (0, 0)
 • Rescaled imaginary time (tau / beta): 0.945372
───────────────────────────────────────────────────
 Lattice spacetime coordinate (ID #4)
 • Position indices: (0, 0)
 • Rescaled imaginary time (tau / beta): 0.966014
───────────────────────────────────────────────────
 Lattice spacetime coordinate (ID #5)
 • Position indices: (0, 0)
 • Rescaled imaginary time (tau / beta): 0.966014
───────────────────────────────────────────────────

Diagram pool size: 5
Diagram pool fermion loop numbers: ( 2 2 2 2 2 )
Constraints on spacetime coordinates: [x x x 2 x 4]

Subspace saved counts:	[9320618 26579382]
Subspace saved ratios:	[0.259627 0.740373]
Subspace average measured signs:	[1 -0.0647099]

Current weight:	-1.86641e-07
Current total acceptance ratio:	0.094648
Current average ascend ratio:	0.0088993
Current average descend ratio:	0.0088993
Current average mutate ratio:	0.0768494

════════════════════
 MC step #37000000
════════════════════

In subspace: [V_0 V_3]
                   ^   
───────────────────────────────────────────────────
 Lattice spacetime coordinate (ID #0)
 • Position indices: (0, 0)
 • Rescaled imaginary time (tau / beta): 0
───────────────────────────────────────────────────
 Lattice spacetime coordinate (ID #1)
 • Position indices: (29, 29)
 • Rescaled imaginary time (tau / beta): 0.823181
───────────────────────────────────────────────────
 Lattice spacetime coordinate (ID #2)
 • Position indices: (29, 29)
 • Rescaled imaginary time (tau / beta): 0.589144
───────────────────────────────────────────────────
 Lattice spacetime coordinate (ID #3)
 • Position indices: (29, 29)
 • Rescaled imaginary time (tau / beta): 0.589144
───────────────────────────────────────────────────
 Lattice spacetime coordinate (ID #4)
 • Position indices: (0, 0)
 • Rescaled imaginary time (tau / beta): 0.646842
───────────────────────────────────────────────────
 Lattice spacetime coordinate (ID #5)
 • Position indices: (0, 0)
 • Rescaled imaginary time (tau / beta): 0.646842
───────────────────────────────────────────────────

Diagram pool size: 5
Diagram pool fermion loop numbers: ( 2 2 2 2 2 )
Constraints on spacetime coordinates: [x x x 2 x 4]

Subspace saved counts:	[9572792 27327208]
Subspace saved ratios:	[0.259425 0.740575]
Subspace average measured signs:	[1 -0.0645698]

Current weight:	-3.2243e-09
Current total acceptance ratio:	0.0946251
Current average ascend ratio:	0.00888897
Current average descend ratio:	0.00888897
Current average mutate ratio:	0.0768472

════════════════════
 MC step #38000000
════════════════════

In subspace: [V_0 V_3]
                   ^   
───────────────────────────────────────────────────
 Lattice spacetime coordinate (ID #0)
 • Position indices: (0, 0)
 • Rescaled imaginary time (tau / beta): 0
───────────────────────────────────────────────────
 Lattice spacetime coordinate (ID #1)
 • Position indices: (28, 3)
 • Rescaled imaginary time (tau / beta): 0.0263738
───────────────────────────────────────────────────
 Lattice spacetime coordinate (ID #2)
 • Position indices: (25, 6)
 • Rescaled imaginary time (tau / beta): 0.0201756
───────────────────────────────────────────────────
 Lattice spacetime coordinate (ID #3)
 • Position indices: (25, 6)
 • Rescaled imaginary time (tau / beta): 0.0201756
───────────────────────────────────────────────────
 Lattice spacetime coordinate (ID #4)
 • Position indices: (27, 4)
 • Rescaled imaginary time (tau / beta): 0.813764
───────────────────────────────────────────────────
 Lattice spacetime coordinate (ID #5)
 • Position indices: (27, 4)
 • Rescaled imaginary time (tau / beta): 0.813764
───────────────────────────────────────────────────

Diagram pool size: 5
Diagram pool fermion loop numbers: ( 2 2 2 2 2 )
Constraints on spacetime coordinates: [x x x 2 x 4]

Subspace saved counts:	[9805008 28094992]
Subspace saved ratios:	[0.258707 0.741293]
Subspace average measured signs:	[1 -0.065067]

Current weight:	2.42307e-11
Current total acceptance ratio:	0.0946426
Current average ascend ratio:	0.0088704
Current average descend ratio:	0.0088704
Current average mutate ratio:	0.0769018

════════════════════
 MC step #39000000
════════════════════

In subspace: [V_0 V_3]
               ^       
Diagram pool size: 1
Diagram pool fermion loop numbers: ( 0 )
Constraints on spacetime coordinates: [x x x 2 x 4]

Subspace saved counts:	[10077200 28822800]
Subspace saved ratios:	[0.259054 0.740946]
Subspace average measured signs:	[1 -0.0646079]

Current weight:	0.00174869
Current total acceptance ratio:	0.0946409
Current average ascend ratio:	0.00888357
Current average descend ratio:	0.0088836
Current average mutate ratio:	0.0768737

════════════════════
 MC step #40000000
════════════════════

In subspace: [V_0 V_3]
                   ^   
───────────────────────────────────────────────────
 Lattice spacetime coordinate (ID #0)
 • Position indices: (0, 0)
 • Rescaled imaginary time (tau / beta): 0
───────────────────────────────────────────────────
 Lattice spacetime coordinate (ID #1)
 • Position indices: (27, 27)
 • Rescaled imaginary time (tau / beta): 0.218708
───────────────────────────────────────────────────
 Lattice spacetime coordinate (ID #2)
 • Position indices: (27, 29)
 • Rescaled imaginary time (tau / beta): 0.777242
───────────────────────────────────────────────────
 Lattice spacetime coordinate (ID #3)
 • Position indices: (27, 29)
 • Rescaled imaginary time (tau / beta): 0.777242
───────────────────────────────────────────────────
 Lattice spacetime coordinate (ID #4)
 • Position indices: (27, 0)
 • Rescaled imaginary time (tau / beta): 0.757129
───────────────────────────────────────────────────
 Lattice spacetime coordinate (ID #5)
 • Position indices: (27, 0)
 • Rescaled imaginary time (tau / beta): 0.757129
───────────────────────────────────────────────────

Diagram pool size: 5
Diagram pool fermion loop numbers: ( 2 2 2 2 2 )
Constraints on spacetime coordinates: [x x x 2 x 4]

Subspace saved counts:	[10343939 29556061]
Subspace saved ratios:	[0.259247 0.740753]
Subspace average measured signs:	[1 -0.064766]

Current weight:	1.08865e-10
Current total acceptance ratio:	0.0946369
Current average ascend ratio:	0.00889005
Current average descend ratio:	0.00889005
Current average mutate ratio:	0.0768568

════════════════════
 MC step #41000000
════════════════════

In subspace: [V_0 V_3]
                   ^   
───────────────────────────────────────────────────
 Lattice spacetime coordinate (ID #0)
 • Position indices: (0, 0)
 • Rescaled imaginary time (tau / beta): 0
───────────────────────────────────────────────────
 Lattice spacetime coordinate (ID #1)
 • Position indices: (1, 29)
 • Rescaled imaginary time (tau / beta): 0.635119
───────────────────────────────────────────────────
 Lattice spacetime coordinate (ID #2)
 • Position indices: (2, 25)
 • Rescaled imaginary time (tau / beta): 0.918012
───────────────────────────────────────────────────
 Lattice spacetime coordinate (ID #3)
 • Position indices: (2, 25)
 • Rescaled imaginary time (tau / beta): 0.918012
───────────────────────────────────────────────────
 Lattice spacetime coordinate (ID #4)
 • Position indices: (3, 27)
 • Rescaled imaginary time (tau / beta): 0.882329
───────────────────────────────────────────────────
 Lattice spacetime coordinate (ID #5)
 • Position indices: (3, 27)
 • Rescaled imaginary time (tau / beta): 0.882329
───────────────────────────────────────────────────

Diagram pool size: 5
Diagram pool fermion loop numbers: ( 2 2 2 2 2 )
Constraints on spacetime coordinates: [x x x 2 x 4]

Subspace saved counts:	[10614213 30285787]
Subspace saved ratios:	[0.259516 0.740484]
Subspace average measured signs:	[1 -0.0646849]

Current weight:	-4.69162e-11
Current total acceptance ratio:	0.0946614
Current average ascend ratio:	0.00890372
Current average descend ratio:	0.00890372
Current average mutate ratio:	0.076854

════════════════════
 MC step #42000000
════════════════════

In subspace: [V_0 V_3]
                   ^   
───────────────────────────────────────────────────
 Lattice spacetime coordinate (ID #0)
 • Position indices: (0, 0)
 • Rescaled imaginary time (tau / beta): 0
───────────────────────────────────────────────────
 Lattice spacetime coordinate (ID #1)
 • Position indices: (2, 1)
 • Rescaled imaginary time (tau / beta): 0.466592
───────────────────────────────────────────────────
 Lattice spacetime coordinate (ID #2)
 • Position indices: (1, 2)
 • Rescaled imaginary time (tau / beta): 0.00243618
───────────────────────────────────────────────────
 Lattice spacetime coordinate (ID #3)
 • Position indices: (1, 2)
 • Rescaled imaginary time (tau / beta): 0.00243618
───────────────────────────────────────────────────
 Lattice spacetime coordinate (ID #4)
 • Position indices: (1, 2)
 • Rescaled imaginary time (tau / beta): 0.0217832
───────────────────────────────────────────────────
 Lattice spacetime coordinate (ID #5)
 • Position indices: (1, 2)
 • Rescaled imaginary time (tau / beta): 0.0217832
───────────────────────────────────────────────────

Diagram pool size: 5
Diagram pool fermion loop numbers: ( 2 2 2 2 2 )
Constraints on spacetime coordinates: [x x x 2 x 4]

Subspace saved counts:	[10874408 31025592]
Subspace saved ratios:	[0.259532 0.740468]
Subspace average measured signs:	[1 -0.0644481]

Current weight:	2.12563e-08
Current total acceptance ratio:	0.0946685
Current average ascend ratio:	0.00890403
Current average descend ratio:	0.00890403
Current average mutate ratio:	0.0768604

════════════════════
 MC step #43000000
════════════════════

In subspace: [V_0 V_3]
                   ^   
───────────────────────────────────────────────────
 Lattice spacetime coordinate (ID #0)
 • Position indices: (0, 0)
 • Rescaled imaginary time (tau / beta): 0
───────────────────────────────────────────────────
 Lattice spacetime coordinate (ID #1)
 • Position indices: (2, 2)
 • Rescaled imaginary time (tau / beta): 0.122029
───────────────────────────────────────────────────
 Lattice spacetime coordinate (ID #2)
 • Position indices: (28, 0)
 • Rescaled imaginary time (tau / beta): 0.43339
───────────────────────────────────────────────────
 Lattice spacetime coordinate (ID #3)
 • Position indices: (28, 0)
 • Rescaled imaginary time (tau / beta): 0.43339
───────────────────────────────────────────────────
 Lattice spacetime coordinate (ID #4)
 • Position indices: (27, 29)
 • Rescaled imaginary time (tau / beta): 0.817071
───────────────────────────────────────────────────
 Lattice spacetime coordinate (ID #5)
 • Position indices: (27, 29)
 • Rescaled imaginary time (tau / beta): 0.817071
───────────────────────────────────────────────────

Diagram pool size: 5
Diagram pool fermion loop numbers: ( 2 2 2 2 2 )
Constraints on spacetime coordinates: [x x x 2 x 4]

Subspace saved counts:	[11166623 31733377]
Subspace saved ratios:	[0.260294 0.739706]
Subspace average measured signs:	[1 -0.0650491]

Current weight:	2.69514e-12
Current total acceptance ratio:	0.094645
Current average ascend ratio:	0.00892646
Current average descend ratio:	0.00892646
Current average mutate ratio:	0.0767921

════════════════════
 MC step #44000000
════════════════════

In subspace: [V_0 V_3]
                   ^   
───────────────────────────────────────────────────
 Lattice spacetime coordinate (ID #0)
 • Position indices: (0, 0)
 • Rescaled imaginary time (tau / beta): 0
───────────────────────────────────────────────────
 Lattice spacetime coordinate (ID #1)
 • Position indices: (0, 0)
 • Rescaled imaginary time (tau / beta): 0.721421
───────────────────────────────────────────────────
 Lattice spacetime coordinate (ID #2)
 • Position indices: (29, 1)
 • Rescaled imaginary time (tau / beta): 0.0304705
───────────────────────────────────────────────────
 Lattice spacetime coordinate (ID #3)
 • Position indices: (29, 1)
 • Rescaled imaginary time (tau / beta): 0.0304705
───────────────────────────────────────────────────
 Lattice spacetime coordinate (ID #4)
 • Position indices: (0, 1)
 • Rescaled imaginary time (tau / beta): 0.00503436
───────────────────────────────────────────────────
 Lattice spacetime coordinate (ID #5)
 • Position indices: (0, 1)
 • Rescaled imaginary time (tau / beta): 0.00503436
───────────────────────────────────────────────────

Diagram pool size: 5
Diagram pool fermion loop numbers: ( 2 2 2 2 2 )
Constraints on spacetime coordinates: [x x x 2 x 4]

Subspace saved counts:	[11412929 32487071]
Subspace saved ratios:	[0.259976 0.740024]
Subspace average measured signs:	[1 -0.0654937]

Current weight:	2.01404e-08
Current total acceptance ratio:	0.0946426
Current average ascend ratio:	0.00891451
Current average descend ratio:	0.00891451
Current average mutate ratio:	0.0768136

════════════════════
 MC step #45000000
════════════════════

In subspace: [V_0 V_3]
               ^       
Diagram pool size: 1
Diagram pool fermion loop numbers: ( 0 )
Constraints on spacetime coordinates: [x x x 2 x 4]

Subspace saved counts:	[11666136 33233864]
Subspace saved ratios:	[0.259825 0.740175]
Subspace average measured signs:	[1 -0.0655802]

Current weight:	0.00174869
Current total acceptance ratio:	0.0946572
Current average ascend ratio:	0.00891285
Current average descend ratio:	0.00891287
Current average mutate ratio:	0.0768314

════════════════════
 MC step #46000000
════════════════════

In subspace: [V_0 V_3]
               ^       
Diagram pool size: 1
Diagram pool fermion loop numbers: ( 0 )
Constraints on spacetime coordinates: [x x x 2 x 4]

Subspace saved counts:	[11908701 33991299]
Subspace saved ratios:	[0.259449 0.740551]
Subspace average measured signs:	[1 -0.0659885]

Current weight:	0.00174869
Current total acceptance ratio:	0.0946775
Current average ascend ratio:	0.00889985
Current average descend ratio:	0.00889987
Current average mutate ratio:	0.0768778

════════════════════
 MC step #47000000
════════════════════

In subspace: [V_0 V_3]
                   ^   
───────────────────────────────────────────────────
 Lattice spacetime coordinate (ID #0)
 • Position indices: (0, 0)
 • Rescaled imaginary time (tau / beta): 0
───────────────────────────────────────────────────
 Lattice spacetime coordinate (ID #1)
 • Position indices: (27, 2)
 • Rescaled imaginary time (tau / beta): 0.190762
───────────────────────────────────────────────────
 Lattice spacetime coordinate (ID #2)
 • Position indices: (20, 10)
 • Rescaled imaginary time (tau / beta): 0.998662
───────────────────────────────────────────────────
 Lattice spacetime coordinate (ID #3)
 • Position indices: (20, 10)
 • Rescaled imaginary time (tau / beta): 0.998662
───────────────────────────────────────────────────
 Lattice spacetime coordinate (ID #4)
 • Position indices: (20, 10)
 • Rescaled imaginary time (tau / beta): 0.943788
───────────────────────────────────────────────────
 Lattice spacetime coordinate (ID #5)
 • Position indices: (20, 10)
 • Rescaled imaginary time (tau / beta): 0.943788
───────────────────────────────────────────────────

Diagram pool size: 5
Diagram pool fermion loop numbers: ( 2 2 2 2 2 )
Constraints on spacetime coordinates: [x x x 2 x 4]

Subspace saved counts:	[12172938 34727062]
Subspace saved ratios:	[0.259551 0.740449]
Subspace average measured signs:	[1 -0.0661086]

Current weight:	-3.9349e-11
Current total acceptance ratio:	0.0946873
Current average ascend ratio:	0.00890211
Current average descend ratio:	0.00890211
Current average mutate ratio:	0.076883

════════════════════
 MC step #48000000
════════════════════

In subspace: [V_0 V_3]
                   ^   
───────────────────────────────────────────────────
 Lattice spacetime coordinate (ID #0)
 • Position indices: (0, 0)
 • Rescaled imaginary time (tau / beta): 0
───────────────────────────────────────────────────
 Lattice spacetime coordinate (ID #1)
 • Position indices: (0, 0)
 • Rescaled imaginary time (tau / beta): 0.0306983
───────────────────────────────────────────────────
 Lattice spacetime coordinate (ID #2)
 • Position indices: (0, 0)
 • Rescaled imaginary time (tau / beta): 0.0161667
───────────────────────────────────────────────────
 Lattice spacetime coordinate (ID #3)
 • Position indices: (0, 0)
 • Rescaled imaginary time (tau / beta): 0.0161667
───────────────────────────────────────────────────
 Lattice spacetime coordinate (ID #4)
 • Position indices: (0, 0)
 • Rescaled imaginary time (tau / beta): 0.0328867
───────────────────────────────────────────────────
 Lattice spacetime coordinate (ID #5)
 • Position indices: (0, 0)
 • Rescaled imaginary time (tau / beta): 0.0328867
───────────────────────────────────────────────────

Diagram pool size: 5
Diagram pool fermion loop numbers: ( 2 2 2 2 2 )
Constraints on spacetime coordinates: [x x x 2 x 4]

Subspace saved counts:	[12401088 35498912]
Subspace saved ratios:	[0.258895 0.741105]
Subspace average measured signs:	[1 -0.0659097]

Current weight:	-4.80308e-05
Current total acceptance ratio:	0.0947017
Current average ascend ratio:	0.00888186
Current average descend ratio:	0.00888186
Current average mutate ratio:	0.076938

════════════════════
 MC step #49000000
════════════════════

In subspace: [V_0 V_3]
               ^       
Diagram pool size: 1
Diagram pool fermion loop numbers: ( 0 )
Constraints on spacetime coordinates: [x x x 2 x 4]

Subspace saved counts:	[12629886 36270114]
Subspace saved ratios:	[0.25828 0.74172]
Subspace average measured signs:	[1 -0.0659387]

Current weight:	0.00174869
Current total acceptance ratio:	0.094735
Current average ascend ratio:	0.00886072
Current average descend ratio:	0.00886074
Current average mutate ratio:	0.0770135

════════════════════
 MC step #50000000
════════════════════

In subspace: [V_0 V_3]
               ^       
Diagram pool size: 1
Diagram pool fermion loop numbers: ( 0 )
Constraints on spacetime coordinates: [x x x 2 x 4]

Subspace saved counts:	[12855389 37044611]
Subspace saved ratios:	[0.257623 0.742377]
Subspace average measured signs:	[1 -0.0665989]

Current weight:	0.00174869
Current total acceptance ratio:	0.0947591
Current average ascend ratio:	0.00883709
Current average descend ratio:	0.00883711
Current average mutate ratio:	0.0770849
Final results:
════════════════════
 MC step #50100000
════════════════════

In subspace: [V_0 V_3]
               ^       
Diagram pool size: 1
Diagram pool fermion loop numbers: ( 0 )
Constraints on spacetime coordinates: [x x x 2 x 4]

Subspace saved counts:	[12885562 37114438]
Subspace saved ratios:	[0.257711 0.742289]
Subspace average measured signs:	[1 -0.0665978]

Current weight:	0.00174869
Current total acceptance ratio:	0.0947554
Current average ascend ratio:	0.00884006
Current average descend ratio:	0.00884008
Current average mutate ratio:	0.0770753

Normalization constant: C / N_{s,0} =1.35709e-10

Job ended at:	Mon Jun 28 20:32:19 2021
Elapsed time:	530 seconds
