MPI run with 1 thread(s)
Job started at:	Tue Jun 29 18:48:33 2021
UNIX timestamp:	1625006913

════════════════════
 MC step #1000000
════════════════════

In subspace: [V_0 V_3]
                   ^   
───────────────────────────────────────────────────
 Lattice spacetime coordinate (ID #0)
 • Position indices: (0, 0)
 • Rescaled imaginary time (tau / beta): 0
───────────────────────────────────────────────────
 Lattice spacetime coordinate (ID #1)
 • Position indices: (28, 36)
 • Rescaled imaginary time (tau / beta): 0.119537
───────────────────────────────────────────────────
 Lattice spacetime coordinate (ID #2)
 • Position indices: (26, 34)
 • Rescaled imaginary time (tau / beta): 0.41576
───────────────────────────────────────────────────
 Lattice spacetime coordinate (ID #3)
 • Position indices: (26, 34)
 • Rescaled imaginary time (tau / beta): 0.41576
───────────────────────────────────────────────────
 Lattice spacetime coordinate (ID #4)
 • Position indices: (25, 35)
 • Rescaled imaginary time (tau / beta): 0.426483
───────────────────────────────────────────────────
 Lattice spacetime coordinate (ID #5)
 • Position indices: (25, 35)
 • Rescaled imaginary time (tau / beta): 0.426483
───────────────────────────────────────────────────

Diagram pool size: 5
Diagram pool fermion loop numbers: ( 2 2 2 2 2 )
Constraints on spacetime coordinates: [x x x 2 x 4]

Subspace saved counts:	[133585 766415]
Subspace saved ratios:	[0.148428 0.851571]
Subspace average measured signs:	[1 -0.081602]

Current weight:	-1.86133e-11
Current total acceptance ratio:	0.0772844
Current average ascend ratio:	0.00197889
Current average descend ratio:	0.00197778
Current average mutate ratio:	0.0733277

════════════════════
 MC step #2000000
════════════════════

In subspace: [V_0 V_3]
               ^       
Diagram pool size: 1
Diagram pool fermion loop numbers: ( 0 )
Constraints on spacetime coordinates: [x x x 2 x 4]

Subspace saved counts:	[204407 1695593]
Subspace saved ratios:	[0.107583 0.892417]
Subspace average measured signs:	[1 -0.0852404]

Current weight:	2.03847
Current total acceptance ratio:	0.0806205
Current average ascend ratio:	0.00142684
Current average descend ratio:	0.00142684
Current average mutate ratio:	0.0777668

════════════════════
 MC step #3000000
════════════════════

In subspace: [V_0 V_3]
                   ^   
───────────────────────────────────────────────────
 Lattice spacetime coordinate (ID #0)
 • Position indices: (0, 0)
 • Rescaled imaginary time (tau / beta): 0
───────────────────────────────────────────────────
 Lattice spacetime coordinate (ID #1)
 • Position indices: (34, 38)
 • Rescaled imaginary time (tau / beta): 0.187703
───────────────────────────────────────────────────
 Lattice spacetime coordinate (ID #2)
 • Position indices: (1, 7)
 • Rescaled imaginary time (tau / beta): 0.600217
───────────────────────────────────────────────────
 Lattice spacetime coordinate (ID #3)
 • Position indices: (1, 7)
 • Rescaled imaginary time (tau / beta): 0.600217
───────────────────────────────────────────────────
 Lattice spacetime coordinate (ID #4)
 • Position indices: (29, 43)
 • Rescaled imaginary time (tau / beta): 0.280988
───────────────────────────────────────────────────
 Lattice spacetime coordinate (ID #5)
 • Position indices: (29, 43)
 • Rescaled imaginary time (tau / beta): 0.280988
───────────────────────────────────────────────────

Diagram pool size: 5
Diagram pool fermion loop numbers: ( 2 2 2 2 2 )
Constraints on spacetime coordinates: [x x x 2 x 4]

Subspace saved counts:	[366829 2533171]
Subspace saved ratios:	[0.126493 0.873507]
Subspace average measured signs:	[1 -0.105201]

Current weight:	-3.73215e-15
Current total acceptance ratio:	0.0799589
Current average ascend ratio:	0.00166241
Current average descend ratio:	0.00166207
Current average mutate ratio:	0.0766345

════════════════════
 MC step #4000000
════════════════════

In subspace: [V_0 V_3]
                   ^   
───────────────────────────────────────────────────
 Lattice spacetime coordinate (ID #0)
 • Position indices: (0, 0)
 • Rescaled imaginary time (tau / beta): 0
───────────────────────────────────────────────────
 Lattice spacetime coordinate (ID #1)
 • Position indices: (60, 63)
 • Rescaled imaginary time (tau / beta): 0.252645
───────────────────────────────────────────────────
 Lattice spacetime coordinate (ID #2)
 • Position indices: (63, 1)
 • Rescaled imaginary time (tau / beta): 0.281092
───────────────────────────────────────────────────
 Lattice spacetime coordinate (ID #3)
 • Position indices: (63, 1)
 • Rescaled imaginary time (tau / beta): 0.281092
───────────────────────────────────────────────────
 Lattice spacetime coordinate (ID #4)
 • Position indices: (63, 2)
 • Rescaled imaginary time (tau / beta): 0.281981
───────────────────────────────────────────────────
 Lattice spacetime coordinate (ID #5)
 • Position indices: (63, 2)
 • Rescaled imaginary time (tau / beta): 0.281981
───────────────────────────────────────────────────

Diagram pool size: 5
Diagram pool fermion loop numbers: ( 2 2 2 2 2 )
Constraints on spacetime coordinates: [x x x 2 x 4]

Subspace saved counts:	[591491 3308509]
Subspace saved ratios:	[0.151664 0.848335]
Subspace average measured signs:	[1 -0.0917256]

Current weight:	1.19485e-09
Current total acceptance ratio:	0.0783636
Current average ascend ratio:	0.00201692
Current average descend ratio:	0.00201667
Current average mutate ratio:	0.07433

════════════════════
 MC step #5000000
════════════════════

In subspace: [V_0 V_3]
                   ^   
───────────────────────────────────────────────────
 Lattice spacetime coordinate (ID #0)
 • Position indices: (0, 0)
 • Rescaled imaginary time (tau / beta): 0
───────────────────────────────────────────────────
 Lattice spacetime coordinate (ID #1)
 • Position indices: (45, 19)
 • Rescaled imaginary time (tau / beta): 0.33181
───────────────────────────────────────────────────
 Lattice spacetime coordinate (ID #2)
 • Position indices: (56, 11)
 • Rescaled imaginary time (tau / beta): 0.0982588
───────────────────────────────────────────────────
 Lattice spacetime coordinate (ID #3)
 • Position indices: (56, 11)
 • Rescaled imaginary time (tau / beta): 0.0982588
───────────────────────────────────────────────────
 Lattice spacetime coordinate (ID #4)
 • Position indices: (53, 8)
 • Rescaled imaginary time (tau / beta): 0.36187
───────────────────────────────────────────────────
 Lattice spacetime coordinate (ID #5)
 • Position indices: (53, 8)
 • Rescaled imaginary time (tau / beta): 0.36187
───────────────────────────────────────────────────

Diagram pool size: 5
Diagram pool fermion loop numbers: ( 2 2 2 2 2 )
Constraints on spacetime coordinates: [x x x 2 x 4]

Subspace saved counts:	[691754 4208246]
Subspace saved ratios:	[0.141174 0.858826]
Subspace average measured signs:	[1 -0.0896497]

Current weight:	1.39361e-13
Current total acceptance ratio:	0.0777488
Current average ascend ratio:	0.00187653
Current average descend ratio:	0.00187633
Current average mutate ratio:	0.0739959

════════════════════
 MC step #6000000
════════════════════

In subspace: [V_0 V_3]
                   ^   
───────────────────────────────────────────────────
 Lattice spacetime coordinate (ID #0)
 • Position indices: (0, 0)
 • Rescaled imaginary time (tau / beta): 0
───────────────────────────────────────────────────
 Lattice spacetime coordinate (ID #1)
 • Position indices: (0, 0)
 • Rescaled imaginary time (tau / beta): 0.155499
───────────────────────────────────────────────────
 Lattice spacetime coordinate (ID #2)
 • Position indices: (63, 63)
 • Rescaled imaginary time (tau / beta): 0.00664096
───────────────────────────────────────────────────
 Lattice spacetime coordinate (ID #3)
 • Position indices: (63, 63)
 • Rescaled imaginary time (tau / beta): 0.00664096
───────────────────────────────────────────────────
 Lattice spacetime coordinate (ID #4)
 • Position indices: (63, 63)
 • Rescaled imaginary time (tau / beta): 0.00826726
───────────────────────────────────────────────────
 Lattice spacetime coordinate (ID #5)
 • Position indices: (63, 63)
 • Rescaled imaginary time (tau / beta): 0.00826726
───────────────────────────────────────────────────

Diagram pool size: 5
Diagram pool fermion loop numbers: ( 2 2 2 2 2 )
Constraints on spacetime coordinates: [x x x 2 x 4]

Subspace saved counts:	[937505 4962495]
Subspace saved ratios:	[0.158899 0.841101]
Subspace average measured signs:	[1 -0.091534]

Current weight:	-3.07318e-07
Current total acceptance ratio:	0.07609
Current average ascend ratio:	0.00211814
Current average descend ratio:	0.00211797
Current average mutate ratio:	0.0718539

════════════════════
 MC step #7000000
════════════════════

In subspace: [V_0 V_3]
                   ^   
───────────────────────────────────────────────────
 Lattice spacetime coordinate (ID #0)
 • Position indices: (0, 0)
 • Rescaled imaginary time (tau / beta): 0
───────────────────────────────────────────────────
 Lattice spacetime coordinate (ID #1)
 • Position indices: (63, 1)
 • Rescaled imaginary time (tau / beta): 0.741619
───────────────────────────────────────────────────
 Lattice spacetime coordinate (ID #2)
 • Position indices: (6, 58)
 • Rescaled imaginary time (tau / beta): 0.507558
───────────────────────────────────────────────────
 Lattice spacetime coordinate (ID #3)
 • Position indices: (6, 58)
 • Rescaled imaginary time (tau / beta): 0.507558
───────────────────────────────────────────────────
 Lattice spacetime coordinate (ID #4)
 • Position indices: (6, 57)
 • Rescaled imaginary time (tau / beta): 0.510033
───────────────────────────────────────────────────
 Lattice spacetime coordinate (ID #5)
 • Position indices: (6, 57)
 • Rescaled imaginary time (tau / beta): 0.510033
───────────────────────────────────────────────────

Diagram pool size: 5
Diagram pool fermion loop numbers: ( 2 2 2 2 2 )
Constraints on spacetime coordinates: [x x x 2 x 4]

Subspace saved counts:	[1196607 5703393]
Subspace saved ratios:	[0.173421 0.826579]
Subspace average measured signs:	[1 -0.0895104]

Current weight:	-1.4137e-10
Current total acceptance ratio:	0.0741822
Current average ascend ratio:	0.00231478
Current average descend ratio:	0.00231464
Current average mutate ratio:	0.0695527

════════════════════
 MC step #8000000
════════════════════

In subspace: [V_0 V_3]
                   ^   
───────────────────────────────────────────────────
 Lattice spacetime coordinate (ID #0)
 • Position indices: (0, 0)
 • Rescaled imaginary time (tau / beta): 0
───────────────────────────────────────────────────
 Lattice spacetime coordinate (ID #1)
 • Position indices: (0, 62)
 • Rescaled imaginary time (tau / beta): 0.735948
───────────────────────────────────────────────────
 Lattice spacetime coordinate (ID #2)
 • Position indices: (1, 63)
 • Rescaled imaginary time (tau / beta): 0.784126
───────────────────────────────────────────────────
 Lattice spacetime coordinate (ID #3)
 • Position indices: (1, 63)
 • Rescaled imaginary time (tau / beta): 0.784126
───────────────────────────────────────────────────
 Lattice spacetime coordinate (ID #4)
 • Position indices: (1, 63)
 • Rescaled imaginary time (tau / beta): 0.788522
───────────────────────────────────────────────────
 Lattice spacetime coordinate (ID #5)
 • Position indices: (1, 63)
 • Rescaled imaginary time (tau / beta): 0.788522
───────────────────────────────────────────────────

Diagram pool size: 5
Diagram pool fermion loop numbers: ( 2 2 2 2 2 )
Constraints on spacetime coordinates: [x x x 2 x 4]

Subspace saved counts:	[1430765 6469235]
Subspace saved ratios:	[0.181109 0.81889]
Subspace average measured signs:	[1 -0.0901555]

Current weight:	-1.94929e-08
Current total acceptance ratio:	0.0733113
Current average ascend ratio:	0.00241405
Current average descend ratio:	0.00241392
Current average mutate ratio:	0.0684833

════════════════════
 MC step #9000000
════════════════════

In subspace: [V_0 V_3]
                   ^   
───────────────────────────────────────────────────
 Lattice spacetime coordinate (ID #0)
 • Position indices: (0, 0)
 • Rescaled imaginary time (tau / beta): 0
───────────────────────────────────────────────────
 Lattice spacetime coordinate (ID #1)
 • Position indices: (24, 40)
 • Rescaled imaginary time (tau / beta): 0.373734
───────────────────────────────────────────────────
 Lattice spacetime coordinate (ID #2)
 • Position indices: (10, 54)
 • Rescaled imaginary time (tau / beta): 0.0139037
───────────────────────────────────────────────────
 Lattice spacetime coordinate (ID #3)
 • Position indices: (10, 54)
 • Rescaled imaginary time (tau / beta): 0.0139037
───────────────────────────────────────────────────
 Lattice spacetime coordinate (ID #4)
 • Position indices: (10, 54)
 • Rescaled imaginary time (tau / beta): 0.0117904
───────────────────────────────────────────────────
 Lattice spacetime coordinate (ID #5)
 • Position indices: (10, 54)
 • Rescaled imaginary time (tau / beta): 0.0117904
───────────────────────────────────────────────────

Diagram pool size: 5
Diagram pool fermion loop numbers: ( 2 2 2 2 2 )
Constraints on spacetime coordinates: [x x x 2 x 4]

Subspace saved counts:	[1746004 7153996]
Subspace saved ratios:	[0.19618 0.80382]
Subspace average measured signs:	[1 -0.0895248]

Current weight:	-2.32675e-09
Current total acceptance ratio:	0.0720748
Current average ascend ratio:	0.00260708
Current average descend ratio:	0.00260697
Current average mutate ratio:	0.0668608

════════════════════
 MC step #10000000
════════════════════

In subspace: [V_0 V_3]
               ^       
Diagram pool size: 1
Diagram pool fermion loop numbers: ( 0 )
Constraints on spacetime coordinates: [x x x 2 x 4]

Subspace saved counts:	[2000429 7899571]
Subspace saved ratios:	[0.202064 0.797936]
Subspace average measured signs:	[1 -0.0897772]

Current weight:	2.03847
Current total acceptance ratio:	0.0714259
Current average ascend ratio:	0.00268303
Current average descend ratio:	0.00268303
Current average mutate ratio:	0.0660598

════════════════════
 MC step #11000000
════════════════════

In subspace: [V_0 V_3]
                   ^   
───────────────────────────────────────────────────
 Lattice spacetime coordinate (ID #0)
 • Position indices: (0, 0)
 • Rescaled imaginary time (tau / beta): 0
───────────────────────────────────────────────────
 Lattice spacetime coordinate (ID #1)
 • Position indices: (5, 5)
 • Rescaled imaginary time (tau / beta): 0.791855
───────────────────────────────────────────────────
 Lattice spacetime coordinate (ID #2)
 • Position indices: (13, 14)
 • Rescaled imaginary time (tau / beta): 0.020227
───────────────────────────────────────────────────
 Lattice spacetime coordinate (ID #3)
 • Position indices: (13, 14)
 • Rescaled imaginary time (tau / beta): 0.020227
───────────────────────────────────────────────────
 Lattice spacetime coordinate (ID #4)
 • Position indices: (13, 14)
 • Rescaled imaginary time (tau / beta): 0.0887271
───────────────────────────────────────────────────
 Lattice spacetime coordinate (ID #5)
 • Position indices: (13, 14)
 • Rescaled imaginary time (tau / beta): 0.0887271
───────────────────────────────────────────────────

Diagram pool size: 5
Diagram pool fermion loop numbers: ( 2 2 2 2 2 )
Constraints on spacetime coordinates: [x x x 2 x 4]

Subspace saved counts:	[2262029 8637971]
Subspace saved ratios:	[0.207526 0.792474]
Subspace average measured signs:	[1 -0.0889245]

Current weight:	-2.68649e-13
Current total acceptance ratio:	0.0707962
Current average ascend ratio:	0.00275716
Current average descend ratio:	0.00275706
Current average mutate ratio:	0.065282

════════════════════
 MC step #12000000
════════════════════

In subspace: [V_0 V_3]
                   ^   
───────────────────────────────────────────────────
 Lattice spacetime coordinate (ID #0)
 • Position indices: (0, 0)
 • Rescaled imaginary time (tau / beta): 0
───────────────────────────────────────────────────
 Lattice spacetime coordinate (ID #1)
 • Position indices: (53, 11)
 • Rescaled imaginary time (tau / beta): 0.400717
───────────────────────────────────────────────────
 Lattice spacetime coordinate (ID #2)
 • Position indices: (0, 2)
 • Rescaled imaginary time (tau / beta): 0.570073
───────────────────────────────────────────────────
 Lattice spacetime coordinate (ID #3)
 • Position indices: (0, 2)
 • Rescaled imaginary time (tau / beta): 0.570073
───────────────────────────────────────────────────
 Lattice spacetime coordinate (ID #4)
 • Position indices: (0, 2)
 • Rescaled imaginary time (tau / beta): 0.330536
───────────────────────────────────────────────────
 Lattice spacetime coordinate (ID #5)
 • Position indices: (0, 2)
 • Rescaled imaginary time (tau / beta): 0.330536
───────────────────────────────────────────────────

Diagram pool size: 5
Diagram pool fermion loop numbers: ( 2 2 2 2 2 )
Constraints on spacetime coordinates: [x x x 2 x 4]

Subspace saved counts:	[2409565 9490435]
Subspace saved ratios:	[0.202484 0.797515]
Subspace average measured signs:	[1 -0.0889303]

Current weight:	5.19027e-13
Current total acceptance ratio:	0.0711152
Current average ascend ratio:	0.0026926
Current average descend ratio:	0.00269252
Current average mutate ratio:	0.0657301

════════════════════
 MC step #13000000
════════════════════

In subspace: [V_0 V_3]
               ^       
Diagram pool size: 1
Diagram pool fermion loop numbers: ( 0 )
Constraints on spacetime coordinates: [x x x 2 x 4]

Subspace saved counts:	[2578098 10321902]
Subspace saved ratios:	[0.199853 0.800147]
Subspace average measured signs:	[1 -0.0893399]

Current weight:	2.03847
Current total acceptance ratio:	0.0713608
Current average ascend ratio:	0.00266077
Current average descend ratio:	0.00266077
Current average mutate ratio:	0.0660393

════════════════════
 MC step #14000000
════════════════════

In subspace: [V_0 V_3]
                   ^   
───────────────────────────────────────────────────
 Lattice spacetime coordinate (ID #0)
 • Position indices: (0, 0)
 • Rescaled imaginary time (tau / beta): 0
───────────────────────────────────────────────────
 Lattice spacetime coordinate (ID #1)
 • Position indices: (25, 25)
 • Rescaled imaginary time (tau / beta): 0.313999
───────────────────────────────────────────────────
 Lattice spacetime coordinate (ID #2)
 • Position indices: (26, 27)
 • Rescaled imaginary time (tau / beta): 0.3186
───────────────────────────────────────────────────
 Lattice spacetime coordinate (ID #3)
 • Position indices: (26, 27)
 • Rescaled imaginary time (tau / beta): 0.3186
───────────────────────────────────────────────────
 Lattice spacetime coordinate (ID #4)
 • Position indices: (25, 28)
 • Rescaled imaginary time (tau / beta): 0.333702
───────────────────────────────────────────────────
 Lattice spacetime coordinate (ID #5)
 • Position indices: (25, 28)
 • Rescaled imaginary time (tau / beta): 0.333702
───────────────────────────────────────────────────

Diagram pool size: 5
Diagram pool fermion loop numbers: ( 2 2 2 2 2 )
Constraints on spacetime coordinates: [x x x 2 x 4]

Subspace saved counts:	[2625128 11274872]
Subspace saved ratios:	[0.188858 0.811142]
Subspace average measured signs:	[1 -0.0916057]

Current weight:	-1.53651e-11
Current total acceptance ratio:	0.0725455
Current average ascend ratio:	0.00251381
Current average descend ratio:	0.00251374
Current average mutate ratio:	0.0675179

════════════════════
 MC step #15000000
════════════════════

In subspace: [V_0 V_3]
                   ^   
───────────────────────────────────────────────────
 Lattice spacetime coordinate (ID #0)
 • Position indices: (0, 0)
 • Rescaled imaginary time (tau / beta): 0
───────────────────────────────────────────────────
 Lattice spacetime coordinate (ID #1)
 • Position indices: (48, 19)
 • Rescaled imaginary time (tau / beta): 0.987996
───────────────────────────────────────────────────
 Lattice spacetime coordinate (ID #2)
 • Position indices: (5, 58)
 • Rescaled imaginary time (tau / beta): 0.98505
───────────────────────────────────────────────────
 Lattice spacetime coordinate (ID #3)
 • Position indices: (5, 58)
 • Rescaled imaginary time (tau / beta): 0.98505
───────────────────────────────────────────────────
 Lattice spacetime coordinate (ID #4)
 • Position indices: (5, 59)
 • Rescaled imaginary time (tau / beta): 0.984266
───────────────────────────────────────────────────
 Lattice spacetime coordinate (ID #5)
 • Position indices: (5, 59)
 • Rescaled imaginary time (tau / beta): 0.984266
───────────────────────────────────────────────────

Diagram pool size: 5
Diagram pool fermion loop numbers: ( 2 2 2 2 2 )
Constraints on spacetime coordinates: [x x x 2 x 4]

Subspace saved counts:	[2786296 12113704]
Subspace saved ratios:	[0.187 0.813]
Subspace average measured signs:	[1 -0.0919871]

Current weight:	1.41493e-10
Current total acceptance ratio:	0.0725512
Current average ascend ratio:	0.00249275
Current average descend ratio:	0.00249268
Current average mutate ratio:	0.0675658

════════════════════
 MC step #16000000
════════════════════

In subspace: [V_0 V_3]
               ^       
Diagram pool size: 1
Diagram pool fermion loop numbers: ( 0 )
Constraints on spacetime coordinates: [x x x 2 x 4]

Subspace saved counts:	[2988893 12911107]
Subspace saved ratios:	[0.187981 0.812019]
Subspace average measured signs:	[1 -0.0895712]

Current weight:	2.03847
Current total acceptance ratio:	0.0724432
Current average ascend ratio:	0.00250748
Current average descend ratio:	0.00250748
Current average mutate ratio:	0.0674282

════════════════════
 MC step #17000000
════════════════════

In subspace: [V_0 V_3]
               ^       
Diagram pool size: 1
Diagram pool fermion loop numbers: ( 0 )
Constraints on spacetime coordinates: [x x x 2 x 4]

Subspace saved counts:	[3130781 13769219]
Subspace saved ratios:	[0.185253 0.814747]
Subspace average measured signs:	[1 -0.0891783]

Current weight:	2.03847
Current total acceptance ratio:	0.0724609
Current average ascend ratio:	0.00246988
Current average descend ratio:	0.00246988
Current average mutate ratio:	0.0675211

════════════════════
 MC step #18000000
════════════════════

In subspace: [V_0 V_3]
                   ^   
───────────────────────────────────────────────────
 Lattice spacetime coordinate (ID #0)
 • Position indices: (0, 0)
 • Rescaled imaginary time (tau / beta): 0
───────────────────────────────────────────────────
 Lattice spacetime coordinate (ID #1)
 • Position indices: (39, 25)
 • Rescaled imaginary time (tau / beta): 0.452666
───────────────────────────────────────────────────
 Lattice spacetime coordinate (ID #2)
 • Position indices: (2, 61)
 • Rescaled imaginary time (tau / beta): 0.990448
───────────────────────────────────────────────────
 Lattice spacetime coordinate (ID #3)
 • Position indices: (2, 61)
 • Rescaled imaginary time (tau / beta): 0.990448
───────────────────────────────────────────────────
 Lattice spacetime coordinate (ID #4)
 • Position indices: (11, 53)
 • Rescaled imaginary time (tau / beta): 0.0125541
───────────────────────────────────────────────────
 Lattice spacetime coordinate (ID #5)
 • Position indices: (11, 53)
 • Rescaled imaginary time (tau / beta): 0.0125541
───────────────────────────────────────────────────

Diagram pool size: 5
Diagram pool fermion loop numbers: ( 2 2 2 2 2 )
Constraints on spacetime coordinates: [x x x 2 x 4]

Subspace saved counts:	[3318827 14581173]
Subspace saved ratios:	[0.185409 0.814591]
Subspace average measured signs:	[1 -0.0895088]

Current weight:	2.03151e-12
Current total acceptance ratio:	0.0723955
Current average ascend ratio:	0.00247307
Current average descend ratio:	0.00247302
Current average mutate ratio:	0.0674494

════════════════════
 MC step #19000000
════════════════════

In subspace: [V_0 V_3]
                   ^   
───────────────────────────────────────────────────
 Lattice spacetime coordinate (ID #0)
 • Position indices: (0, 0)
 • Rescaled imaginary time (tau / beta): 0
───────────────────────────────────────────────────
 Lattice spacetime coordinate (ID #1)
 • Position indices: (43, 21)
 • Rescaled imaginary time (tau / beta): 0.111291
───────────────────────────────────────────────────
 Lattice spacetime coordinate (ID #2)
 • Position indices: (9, 46)
 • Rescaled imaginary time (tau / beta): 0.92102
───────────────────────────────────────────────────
 Lattice spacetime coordinate (ID #3)
 • Position indices: (9, 46)
 • Rescaled imaginary time (tau / beta): 0.92102
───────────────────────────────────────────────────
 Lattice spacetime coordinate (ID #4)
 • Position indices: (53, 26)
 • Rescaled imaginary time (tau / beta): 0.240432
───────────────────────────────────────────────────
 Lattice spacetime coordinate (ID #5)
 • Position indices: (53, 26)
 • Rescaled imaginary time (tau / beta): 0.240432
───────────────────────────────────────────────────

Diagram pool size: 5
Diagram pool fermion loop numbers: ( 2 2 2 2 2 )
Constraints on spacetime coordinates: [x x x 2 x 4]

Subspace saved counts:	[3459856 15440144]
Subspace saved ratios:	[0.183061 0.816939]
Subspace average measured signs:	[1 -0.0900705]

Current weight:	-2.84949e-15
Current total acceptance ratio:	0.0726513
Current average ascend ratio:	0.00244095
Current average descend ratio:	0.0024409
Current average mutate ratio:	0.0677694

════════════════════
 MC step #20000000
════════════════════

In subspace: [V_0 V_3]
                   ^   
───────────────────────────────────────────────────
 Lattice spacetime coordinate (ID #0)
 • Position indices: (0, 0)
 • Rescaled imaginary time (tau / beta): 0
───────────────────────────────────────────────────
 Lattice spacetime coordinate (ID #1)
 • Position indices: (38, 19)
 • Rescaled imaginary time (tau / beta): 0.0727454
───────────────────────────────────────────────────
 Lattice spacetime coordinate (ID #2)
 • Position indices: (61, 61)
 • Rescaled imaginary time (tau / beta): 0.109261
───────────────────────────────────────────────────
 Lattice spacetime coordinate (ID #3)
 • Position indices: (61, 61)
 • Rescaled imaginary time (tau / beta): 0.109261
───────────────────────────────────────────────────
 Lattice spacetime coordinate (ID #4)
 • Position indices: (61, 61)
 • Rescaled imaginary time (tau / beta): 0.113718
───────────────────────────────────────────────────
 Lattice spacetime coordinate (ID #5)
 • Position indices: (61, 61)
 • Rescaled imaginary time (tau / beta): 0.113718
───────────────────────────────────────────────────

Diagram pool size: 5
Diagram pool fermion loop numbers: ( 2 2 2 2 2 )
Constraints on spacetime coordinates: [x x x 2 x 4]

Subspace saved counts:	[3735558 16164442]
Subspace saved ratios:	[0.187716 0.812283]
Subspace average measured signs:	[1 -0.0906839]

Current weight:	1.44026e-10
Current total acceptance ratio:	0.0722875
Current average ascend ratio:	0.00250151
Current average descend ratio:	0.00250146
Current average mutate ratio:	0.0672846

════════════════════
 MC step #21000000
════════════════════

In subspace: [V_0 V_3]
                   ^   
───────────────────────────────────────────────────
 Lattice spacetime coordinate (ID #0)
 • Position indices: (0, 0)
 • Rescaled imaginary time (tau / beta): 0
───────────────────────────────────────────────────
 Lattice spacetime coordinate (ID #1)
 • Position indices: (61, 61)
 • Rescaled imaginary time (tau / beta): 0.427709
───────────────────────────────────────────────────
 Lattice spacetime coordinate (ID #2)
 • Position indices: (60, 59)
 • Rescaled imaginary time (tau / beta): 0.425081
───────────────────────────────────────────────────
 Lattice spacetime coordinate (ID #3)
 • Position indices: (60, 59)
 • Rescaled imaginary time (tau / beta): 0.425081
───────────────────────────────────────────────────
 Lattice spacetime coordinate (ID #4)
 • Position indices: (3, 1)
 • Rescaled imaginary time (tau / beta): 0.41517
───────────────────────────────────────────────────
 Lattice spacetime coordinate (ID #5)
 • Position indices: (3, 1)
 • Rescaled imaginary time (tau / beta): 0.41517
───────────────────────────────────────────────────

Diagram pool size: 5
Diagram pool fermion loop numbers: ( 2 2 2 2 2 )
Constraints on spacetime coordinates: [x x x 2 x 4]

Subspace saved counts:	[4038958 16861042]
Subspace saved ratios:	[0.193252 0.806748]
Subspace average measured signs:	[1 -0.0904935]

Current weight:	7.12824e-12
Current total acceptance ratio:	0.0717744
Current average ascend ratio:	0.00256966
Current average descend ratio:	0.00256962
Current average mutate ratio:	0.0666351

════════════════════
 MC step #22000000
════════════════════

In subspace: [V_0 V_3]
                   ^   
───────────────────────────────────────────────────
 Lattice spacetime coordinate (ID #0)
 • Position indices: (0, 0)
 • Rescaled imaginary time (tau / beta): 0
───────────────────────────────────────────────────
 Lattice spacetime coordinate (ID #1)
 • Position indices: (1, 61)
 • Rescaled imaginary time (tau / beta): 0.59447
───────────────────────────────────────────────────
 Lattice spacetime coordinate (ID #2)
 • Position indices: (36, 25)
 • Rescaled imaginary time (tau / beta): 0.294792
───────────────────────────────────────────────────
 Lattice spacetime coordinate (ID #3)
 • Position indices: (36, 25)
 • Rescaled imaginary time (tau / beta): 0.294792
───────────────────────────────────────────────────
 Lattice spacetime coordinate (ID #4)
 • Position indices: (37, 25)
 • Rescaled imaginary time (tau / beta): 0.294085
───────────────────────────────────────────────────
 Lattice spacetime coordinate (ID #5)
 • Position indices: (37, 25)
 • Rescaled imaginary time (tau / beta): 0.294085
───────────────────────────────────────────────────

Diagram pool size: 5
Diagram pool fermion loop numbers: ( 2 2 2 2 2 )
Constraints on spacetime coordinates: [x x x 2 x 4]

Subspace saved counts:	[4288408 17611592]
Subspace saved ratios:	[0.195818 0.804182]
Subspace average measured signs:	[1 -0.0901393]

Current weight:	-2.35357e-11
Current total acceptance ratio:	0.0715587
Current average ascend ratio:	0.00260037
Current average descend ratio:	0.00260032
Current average mutate ratio:	0.066358

════════════════════
 MC step #23000000
════════════════════

In subspace: [V_0 V_3]
                   ^   
───────────────────────────────────────────────────
 Lattice spacetime coordinate (ID #0)
 • Position indices: (0, 0)
 • Rescaled imaginary time (tau / beta): 0
───────────────────────────────────────────────────
 Lattice spacetime coordinate (ID #1)
 • Position indices: (50, 14)
 • Rescaled imaginary time (tau / beta): 0.432763
───────────────────────────────────────────────────
 Lattice spacetime coordinate (ID #2)
 • Position indices: (56, 18)
 • Rescaled imaginary time (tau / beta): 0.0159574
───────────────────────────────────────────────────
 Lattice spacetime coordinate (ID #3)
 • Position indices: (56, 18)
 • Rescaled imaginary time (tau / beta): 0.0159574
───────────────────────────────────────────────────
 Lattice spacetime coordinate (ID #4)
 • Position indices: (56, 17)
 • Rescaled imaginary time (tau / beta): 0.0159258
───────────────────────────────────────────────────
 Lattice spacetime coordinate (ID #5)
 • Position indices: (56, 17)
 • Rescaled imaginary time (tau / beta): 0.0159258
───────────────────────────────────────────────────

Diagram pool size: 5
Diagram pool fermion loop numbers: ( 2 2 2 2 2 )
Constraints on spacetime coordinates: [x x x 2 x 4]

Subspace saved counts:	[4467842 18432158]
Subspace saved ratios:	[0.195102 0.804898]
Subspace average measured signs:	[1 -0.0888251]

Current weight:	-6.47592e-11
Current total acceptance ratio:	0.0715551
Current average ascend ratio:	0.00258943
Current average descend ratio:	0.00258939
Current average mutate ratio:	0.0663763

════════════════════
 MC step #24000000
════════════════════

In subspace: [V_0 V_3]
                   ^   
───────────────────────────────────────────────────
 Lattice spacetime coordinate (ID #0)
 • Position indices: (0, 0)
 • Rescaled imaginary time (tau / beta): 0
───────────────────────────────────────────────────
 Lattice spacetime coordinate (ID #1)
 • Position indices: (59, 59)
 • Rescaled imaginary time (tau / beta): 0.516339
───────────────────────────────────────────────────
 Lattice spacetime coordinate (ID #2)
 • Position indices: (20, 20)
 • Rescaled imaginary time (tau / beta): 0.0736637
───────────────────────────────────────────────────
 Lattice spacetime coordinate (ID #3)
 • Position indices: (20, 20)
 • Rescaled imaginary time (tau / beta): 0.0736637
───────────────────────────────────────────────────
 Lattice spacetime coordinate (ID #4)
 • Position indices: (19, 20)
 • Rescaled imaginary time (tau / beta): 0.0748658
───────────────────────────────────────────────────
 Lattice spacetime coordinate (ID #5)
 • Position indices: (19, 20)
 • Rescaled imaginary time (tau / beta): 0.0748658
───────────────────────────────────────────────────

Diagram pool size: 5
Diagram pool fermion loop numbers: ( 2 2 2 2 2 )
Constraints on spacetime coordinates: [x x x 2 x 4]

Subspace saved counts:	[4546979 19353021]
Subspace saved ratios:	[0.19025 0.80975]
Subspace average measured signs:	[1 -0.089876]

Current weight:	9.33571e-10
Current total acceptance ratio:	0.0718716
Current average ascend ratio:	0.00252611
Current average descend ratio:	0.00252607
Current average mutate ratio:	0.0668195

════════════════════
 MC step #25000000
════════════════════

In subspace: [V_0 V_3]
                   ^   
───────────────────────────────────────────────────
 Lattice spacetime coordinate (ID #0)
 • Position indices: (0, 0)
 • Rescaled imaginary time (tau / beta): 0
───────────────────────────────────────────────────
 Lattice spacetime coordinate (ID #1)
 • Position indices: (55, 59)
 • Rescaled imaginary time (tau / beta): 0.400766
───────────────────────────────────────────────────
 Lattice spacetime coordinate (ID #2)
 • Position indices: (61, 1)
 • Rescaled imaginary time (tau / beta): 0.991675
───────────────────────────────────────────────────
 Lattice spacetime coordinate (ID #3)
 • Position indices: (61, 1)
 • Rescaled imaginary time (tau / beta): 0.991675
───────────────────────────────────────────────────
 Lattice spacetime coordinate (ID #4)
 • Position indices: (62, 2)
 • Rescaled imaginary time (tau / beta): 0.951865
───────────────────────────────────────────────────
 Lattice spacetime coordinate (ID #5)
 • Position indices: (62, 2)
 • Rescaled imaginary time (tau / beta): 0.951865
───────────────────────────────────────────────────

Diagram pool size: 5
Diagram pool fermion loop numbers: ( 2 2 2 2 2 )
Constraints on spacetime coordinates: [x x x 2 x 4]

Subspace saved counts:	[4738753 20161247]
Subspace saved ratios:	[0.190311 0.809689]
Subspace average measured signs:	[1 -0.089758]

Current weight:	1.96758e-11
Current total acceptance ratio:	0.0718417
Current average ascend ratio:	0.00252904
Current average descend ratio:	0.002529
Current average mutate ratio:	0.0667837

════════════════════
 MC step #26000000
════════════════════

In subspace: [V_0 V_3]
               ^       
Diagram pool size: 1
Diagram pool fermion loop numbers: ( 0 )
Constraints on spacetime coordinates: [x x x 2 x 4]

Subspace saved counts:	[4978561 20921439]
Subspace saved ratios:	[0.192222 0.807778]
Subspace average measured signs:	[1 -0.089616]

Current weight:	2.03847
Current total acceptance ratio:	0.071603
Current average ascend ratio:	0.00255313
Current average descend ratio:	0.00255313
Current average mutate ratio:	0.0664967

════════════════════
 MC step #27000000
════════════════════

In subspace: [V_0 V_3]
                   ^   
───────────────────────────────────────────────────
 Lattice spacetime coordinate (ID #0)
 • Position indices: (0, 0)
 • Rescaled imaginary time (tau / beta): 0
───────────────────────────────────────────────────
 Lattice spacetime coordinate (ID #1)
 • Position indices: (52, 31)
 • Rescaled imaginary time (tau / beta): 0.423959
───────────────────────────────────────────────────
 Lattice spacetime coordinate (ID #2)
 • Position indices: (16, 61)
 • Rescaled imaginary time (tau / beta): 0.894424
───────────────────────────────────────────────────
 Lattice spacetime coordinate (ID #3)
 • Position indices: (16, 61)
 • Rescaled imaginary time (tau / beta): 0.894424
───────────────────────────────────────────────────
 Lattice spacetime coordinate (ID #4)
 • Position indices: (6, 6)
 • Rescaled imaginary time (tau / beta): 0.928178
───────────────────────────────────────────────────
 Lattice spacetime coordinate (ID #5)
 • Position indices: (6, 6)
 • Rescaled imaginary time (tau / beta): 0.928178
───────────────────────────────────────────────────

Diagram pool size: 5
Diagram pool fermion loop numbers: ( 2 2 2 2 2 )
Constraints on spacetime coordinates: [x x x 2 x 4]

Subspace saved counts:	[5239553 21660447]
Subspace saved ratios:	[0.194779 0.805221]
Subspace average measured signs:	[1 -0.0898596]

Current weight:	4.06609e-16
Current total acceptance ratio:	0.0714063
Current average ascend ratio:	0.00258803
Current average descend ratio:	0.00258799
Current average mutate ratio:	0.0662303

════════════════════
 MC step #28000000
════════════════════

In subspace: [V_0 V_3]
                   ^   
───────────────────────────────────────────────────
 Lattice spacetime coordinate (ID #0)
 • Position indices: (0, 0)
 • Rescaled imaginary time (tau / beta): 0
───────────────────────────────────────────────────
 Lattice spacetime coordinate (ID #1)
 • Position indices: (10, 10)
 • Rescaled imaginary time (tau / beta): 0.23722
───────────────────────────────────────────────────
 Lattice spacetime coordinate (ID #2)
 • Position indices: (58, 60)
 • Rescaled imaginary time (tau / beta): 0.23009
───────────────────────────────────────────────────
 Lattice spacetime coordinate (ID #3)
 • Position indices: (58, 60)
 • Rescaled imaginary time (tau / beta): 0.23009
───────────────────────────────────────────────────
 Lattice spacetime coordinate (ID #4)
 • Position indices: (62, 63)
 • Rescaled imaginary time (tau / beta): 0.228204
───────────────────────────────────────────────────
 Lattice spacetime coordinate (ID #5)
 • Position indices: (62, 63)
 • Rescaled imaginary time (tau / beta): 0.228204
───────────────────────────────────────────────────

Diagram pool size: 5
Diagram pool fermion loop numbers: ( 2 2 2 2 2 )
Constraints on spacetime coordinates: [x x x 2 x 4]

Subspace saved counts:	[5372735 22527265]
Subspace saved ratios:	[0.192571 0.807429]
Subspace average measured signs:	[1 -0.0904683]

Current weight:	-3.85078e-12
Current total acceptance ratio:	0.0715367
Current average ascend ratio:	0.00255789
Current average descend ratio:	0.00255785
Current average mutate ratio:	0.066421

════════════════════
 MC step #29000000
════════════════════

In subspace: [V_0 V_3]
                   ^   
───────────────────────────────────────────────────
 Lattice spacetime coordinate (ID #0)
 • Position indices: (0, 0)
 • Rescaled imaginary time (tau / beta): 0
───────────────────────────────────────────────────
 Lattice spacetime coordinate (ID #1)
 • Position indices: (4, 61)
 • Rescaled imaginary time (tau / beta): 0.0384133
───────────────────────────────────────────────────
 Lattice spacetime coordinate (ID #2)
 • Position indices: (8, 57)
 • Rescaled imaginary time (tau / beta): 0.956887
───────────────────────────────────────────────────
 Lattice spacetime coordinate (ID #3)
 • Position indices: (8, 57)
 • Rescaled imaginary time (tau / beta): 0.956887
───────────────────────────────────────────────────
 Lattice spacetime coordinate (ID #4)
 • Position indices: (4, 61)
 • Rescaled imaginary time (tau / beta): 0.0192957
───────────────────────────────────────────────────
 Lattice spacetime coordinate (ID #5)
 • Position indices: (4, 61)
 • Rescaled imaginary time (tau / beta): 0.0192957
───────────────────────────────────────────────────

Diagram pool size: 5
Diagram pool fermion loop numbers: ( 2 2 2 2 2 )
Constraints on spacetime coordinates: [x x x 2 x 4]

Subspace saved counts:	[5586425 23313575]
Subspace saved ratios:	[0.193302 0.806698]
Subspace average measured signs:	[1 -0.0893301]

Current weight:	5.1289e-11
Current total acceptance ratio:	0.0715177
Current average ascend ratio:	0.00256664
Current average descend ratio:	0.00256661
Current average mutate ratio:	0.0663844

════════════════════
 MC step #30000000
════════════════════

In subspace: [V_0 V_3]
                   ^   
───────────────────────────────────────────────────
 Lattice spacetime coordinate (ID #0)
 • Position indices: (0, 0)
 • Rescaled imaginary time (tau / beta): 0
───────────────────────────────────────────────────
 Lattice spacetime coordinate (ID #1)
 • Position indices: (5, 10)
 • Rescaled imaginary time (tau / beta): 0.83039
───────────────────────────────────────────────────
 Lattice spacetime coordinate (ID #2)
 • Position indices: (0, 7)
 • Rescaled imaginary time (tau / beta): 0.921438
───────────────────────────────────────────────────
 Lattice spacetime coordinate (ID #3)
 • Position indices: (0, 7)
 • Rescaled imaginary time (tau / beta): 0.921438
───────────────────────────────────────────────────
 Lattice spacetime coordinate (ID #4)
 • Position indices: (1, 5)
 • Rescaled imaginary time (tau / beta): 0.923797
───────────────────────────────────────────────────
 Lattice spacetime coordinate (ID #5)
 • Position indices: (1, 5)
 • Rescaled imaginary time (tau / beta): 0.923797
───────────────────────────────────────────────────

Diagram pool size: 5
Diagram pool fermion loop numbers: ( 2 2 2 2 2 )
Constraints on spacetime coordinates: [x x x 2 x 4]

Subspace saved counts:	[5941509 23958491]
Subspace saved ratios:	[0.198713 0.801287]
Subspace average measured signs:	[1 -0.089633]

Current weight:	6.40056e-12
Current total acceptance ratio:	0.071117
Current average ascend ratio:	0.00264241
Current average descend ratio:	0.00264237
Current average mutate ratio:	0.0658322

════════════════════
 MC step #31000000
════════════════════

In subspace: [V_0 V_3]
                   ^   
───────────────────────────────────────────────────
 Lattice spacetime coordinate (ID #0)
 • Position indices: (0, 0)
 • Rescaled imaginary time (tau / beta): 0
───────────────────────────────────────────────────
 Lattice spacetime coordinate (ID #1)
 • Position indices: (62, 61)
 • Rescaled imaginary time (tau / beta): 0.976049
───────────────────────────────────────────────────
 Lattice spacetime coordinate (ID #2)
 • Position indices: (3, 63)
 • Rescaled imaginary time (tau / beta): 0.947482
───────────────────────────────────────────────────
 Lattice spacetime coordinate (ID #3)
 • Position indices: (3, 63)
 • Rescaled imaginary time (tau / beta): 0.947482
───────────────────────────────────────────────────
 Lattice spacetime coordinate (ID #4)
 • Position indices: (38, 34)
 • Rescaled imaginary time (tau / beta): 0.801662
───────────────────────────────────────────────────
 Lattice spacetime coordinate (ID #5)
 • Position indices: (38, 34)
 • Rescaled imaginary time (tau / beta): 0.801662
───────────────────────────────────────────────────

Diagram pool size: 5
Diagram pool fermion loop numbers: ( 2 2 2 2 2 )
Constraints on spacetime coordinates: [x x x 2 x 4]

Subspace saved counts:	[6101573 24798427]
Subspace saved ratios:	[0.197462 0.802538]
Subspace average measured signs:	[1 -0.0888035]

Current weight:	2.13348e-14
Current total acceptance ratio:	0.0712071
Current average ascend ratio:	0.00262482
Current average descend ratio:	0.00262479
Current average mutate ratio:	0.0659575

════════════════════
 MC step #32000000
════════════════════

In subspace: [V_0 V_3]
                   ^   
───────────────────────────────────────────────────
 Lattice spacetime coordinate (ID #0)
 • Position indices: (0, 0)
 • Rescaled imaginary time (tau / beta): 0
───────────────────────────────────────────────────
 Lattice spacetime coordinate (ID #1)
 • Position indices: (33, 31)
 • Rescaled imaginary time (tau / beta): 0.430987
───────────────────────────────────────────────────
 Lattice spacetime coordinate (ID #2)
 • Position indices: (9, 55)
 • Rescaled imaginary time (tau / beta): 0.368916
───────────────────────────────────────────────────
 Lattice spacetime coordinate (ID #3)
 • Position indices: (9, 55)
 • Rescaled imaginary time (tau / beta): 0.368916
───────────────────────────────────────────────────
 Lattice spacetime coordinate (ID #4)
 • Position indices: (9, 55)
 • Rescaled imaginary time (tau / beta): 0.782735
───────────────────────────────────────────────────
 Lattice spacetime coordinate (ID #5)
 • Position indices: (9, 55)
 • Rescaled imaginary time (tau / beta): 0.782735
───────────────────────────────────────────────────

Diagram pool size: 5
Diagram pool fermion loop numbers: ( 2 2 2 2 2 )
Constraints on spacetime coordinates: [x x x 2 x 4]

Subspace saved counts:	[6227999 25672001]
Subspace saved ratios:	[0.195235 0.804765]
Subspace average measured signs:	[1 -0.0882114]

Current weight:	-4.55261e-12
Current total acceptance ratio:	0.0714094
Current average ascend ratio:	0.00259467
Current average descend ratio:	0.00259464
Current average mutate ratio:	0.0662201

════════════════════
 MC step #33000000
════════════════════

In subspace: [V_0 V_3]
                   ^   
───────────────────────────────────────────────────
 Lattice spacetime coordinate (ID #0)
 • Position indices: (0, 0)
 • Rescaled imaginary time (tau / beta): 0
───────────────────────────────────────────────────
 Lattice spacetime coordinate (ID #1)
 • Position indices: (37, 13)
 • Rescaled imaginary time (tau / beta): 0.136635
───────────────────────────────────────────────────
 Lattice spacetime coordinate (ID #2)
 • Position indices: (44, 20)
 • Rescaled imaginary time (tau / beta): 0.239984
───────────────────────────────────────────────────
 Lattice spacetime coordinate (ID #3)
 • Position indices: (44, 20)
 • Rescaled imaginary time (tau / beta): 0.239984
───────────────────────────────────────────────────
 Lattice spacetime coordinate (ID #4)
 • Position indices: (45, 19)
 • Rescaled imaginary time (tau / beta): 0.311828
───────────────────────────────────────────────────
 Lattice spacetime coordinate (ID #5)
 • Position indices: (45, 19)
 • Rescaled imaginary time (tau / beta): 0.311828
───────────────────────────────────────────────────

Diagram pool size: 5
Diagram pool fermion loop numbers: ( 2 2 2 2 2 )
Constraints on spacetime coordinates: [x x x 2 x 4]

Subspace saved counts:	[6472888 26427112]
Subspace saved ratios:	[0.196744 0.803256]
Subspace average measured signs:	[1 -0.0885311]

Current weight:	-4.26059e-13
Current total acceptance ratio:	0.0713397
Current average ascend ratio:	0.00261334
Current average descend ratio:	0.00261331
Current average mutate ratio:	0.066113

════════════════════
 MC step #34000000
════════════════════

In subspace: [V_0 V_3]
               ^       
Diagram pool size: 1
Diagram pool fermion loop numbers: ( 0 )
Constraints on spacetime coordinates: [x x x 2 x 4]

Subspace saved counts:	[6700270 27199730]
Subspace saved ratios:	[0.197648 0.802352]
Subspace average measured signs:	[1 -0.0879906]

Current weight:	2.03847
Current total acceptance ratio:	0.0712561
Current average ascend ratio:	0.00262304
Current average descend ratio:	0.00262304
Current average mutate ratio:	0.06601

════════════════════
 MC step #35000000
════════════════════

In subspace: [V_0 V_3]
                   ^   
───────────────────────────────────────────────────
 Lattice spacetime coordinate (ID #0)
 • Position indices: (0, 0)
 • Rescaled imaginary time (tau / beta): 0
───────────────────────────────────────────────────
 Lattice spacetime coordinate (ID #1)
 • Position indices: (0, 3)
 • Rescaled imaginary time (tau / beta): 0.955489
───────────────────────────────────────────────────
 Lattice spacetime coordinate (ID #2)
 • Position indices: (62, 2)
 • Rescaled imaginary time (tau / beta): 0.162435
───────────────────────────────────────────────────
 Lattice spacetime coordinate (ID #3)
 • Position indices: (62, 2)
 • Rescaled imaginary time (tau / beta): 0.162435
───────────────────────────────────────────────────
 Lattice spacetime coordinate (ID #4)
 • Position indices: (57, 61)
 • Rescaled imaginary time (tau / beta): 0.0755063
───────────────────────────────────────────────────
 Lattice spacetime coordinate (ID #5)
 • Position indices: (57, 61)
 • Rescaled imaginary time (tau / beta): 0.0755063
───────────────────────────────────────────────────

Diagram pool size: 5
Diagram pool fermion loop numbers: ( 2 2 2 2 2 )
Constraints on spacetime coordinates: [x x x 2 x 4]

Subspace saved counts:	[6872559 28027441]
Subspace saved ratios:	[0.196921 0.803079]
Subspace average measured signs:	[1 -0.0887949]

Current weight:	-6.16898e-13
Current total acceptance ratio:	0.0713389
Current average ascend ratio:	0.00261312
Current average descend ratio:	0.00261309
Current average mutate ratio:	0.0661127

════════════════════
 MC step #36000000
════════════════════

In subspace: [V_0 V_3]
                   ^   
───────────────────────────────────────────────────
 Lattice spacetime coordinate (ID #0)
 • Position indices: (0, 0)
 • Rescaled imaginary time (tau / beta): 0
───────────────────────────────────────────────────
 Lattice spacetime coordinate (ID #1)
 • Position indices: (9, 10)
 • Rescaled imaginary time (tau / beta): 0.794807
───────────────────────────────────────────────────
 Lattice spacetime coordinate (ID #2)
 • Position indices: (3, 4)
 • Rescaled imaginary time (tau / beta): 0.966837
───────────────────────────────────────────────────
 Lattice spacetime coordinate (ID #3)
 • Position indices: (3, 4)
 • Rescaled imaginary time (tau / beta): 0.966837
───────────────────────────────────────────────────
 Lattice spacetime coordinate (ID #4)
 • Position indices: (3, 4)
 • Rescaled imaginary time (tau / beta): 0.971584
───────────────────────────────────────────────────
 Lattice spacetime coordinate (ID #5)
 • Position indices: (3, 4)
 • Rescaled imaginary time (tau / beta): 0.971584
───────────────────────────────────────────────────

Diagram pool size: 5
Diagram pool fermion loop numbers: ( 2 2 2 2 2 )
Constraints on spacetime coordinates: [x x x 2 x 4]

Subspace saved counts:	[7090474 28809526]
Subspace saved ratios:	[0.197506 0.802494]
Subspace average measured signs:	[1 -0.0913472]

Current weight:	1.0154e-09
Current total acceptance ratio:	0.0715045
Current average ascend ratio:	0.00261724
Current average descend ratio:	0.00261721
Current average mutate ratio:	0.0662701

════════════════════
 MC step #37000000
════════════════════

In subspace: [V_0 V_3]
                   ^   
───────────────────────────────────────────────────
 Lattice spacetime coordinate (ID #0)
 • Position indices: (0, 0)
 • Rescaled imaginary time (tau / beta): 0
───────────────────────────────────────────────────
 Lattice spacetime coordinate (ID #1)
 • Position indices: (5, 54)
 • Rescaled imaginary time (tau / beta): 0.313836
───────────────────────────────────────────────────
 Lattice spacetime coordinate (ID #2)
 • Position indices: (9, 55)
 • Rescaled imaginary time (tau / beta): 0.181812
───────────────────────────────────────────────────
 Lattice spacetime coordinate (ID #3)
 • Position indices: (9, 55)
 • Rescaled imaginary time (tau / beta): 0.181812
───────────────────────────────────────────────────
 Lattice spacetime coordinate (ID #4)
 • Position indices: (11, 53)
 • Rescaled imaginary time (tau / beta): 0.344292
───────────────────────────────────────────────────
 Lattice spacetime coordinate (ID #5)
 • Position indices: (11, 53)
 • Rescaled imaginary time (tau / beta): 0.344292
───────────────────────────────────────────────────

Diagram pool size: 5
Diagram pool fermion loop numbers: ( 2 2 2 2 2 )
Constraints on spacetime coordinates: [x x x 2 x 4]

Subspace saved counts:	[7290663 29609337]
Subspace saved ratios:	[0.197579 0.802421]
Subspace average measured signs:	[1 -0.091885]

Current weight:	3.57021e-13
Current total acceptance ratio:	0.0713656
Current average ascend ratio:	0.00261818
Current average descend ratio:	0.00261816
Current average mutate ratio:	0.0661292

════════════════════
 MC step #38000000
════════════════════

In subspace: [V_0 V_3]
                   ^   
───────────────────────────────────────────────────
 Lattice spacetime coordinate (ID #0)
 • Position indices: (0, 0)
 • Rescaled imaginary time (tau / beta): 0
───────────────────────────────────────────────────
 Lattice spacetime coordinate (ID #1)
 • Position indices: (63, 0)
 • Rescaled imaginary time (tau / beta): 0.930753
───────────────────────────────────────────────────
 Lattice spacetime coordinate (ID #2)
 • Position indices: (1, 2)
 • Rescaled imaginary time (tau / beta): 0.00415823
───────────────────────────────────────────────────
 Lattice spacetime coordinate (ID #3)
 • Position indices: (1, 2)
 • Rescaled imaginary time (tau / beta): 0.00415823
───────────────────────────────────────────────────
 Lattice spacetime coordinate (ID #4)
 • Position indices: (1, 2)
 • Rescaled imaginary time (tau / beta): 0.998117
───────────────────────────────────────────────────
 Lattice spacetime coordinate (ID #5)
 • Position indices: (1, 2)
 • Rescaled imaginary time (tau / beta): 0.998117
───────────────────────────────────────────────────

Diagram pool size: 5
Diagram pool fermion loop numbers: ( 2 2 2 2 2 )
Constraints on spacetime coordinates: [x x x 2 x 4]

Subspace saved counts:	[7582800 30317200]
Subspace saved ratios:	[0.200074 0.799926]
Subspace average measured signs:	[1 -0.0919734]

Current weight:	1.48561e-07
Current total acceptance ratio:	0.0711407
Current average ascend ratio:	0.00264974
Current average descend ratio:	0.00264971
Current average mutate ratio:	0.0658413

════════════════════
 MC step #39000000
════════════════════

In subspace: [V_0 V_3]
                   ^   
───────────────────────────────────────────────────
 Lattice spacetime coordinate (ID #0)
 • Position indices: (0, 0)
 • Rescaled imaginary time (tau / beta): 0
───────────────────────────────────────────────────
 Lattice spacetime coordinate (ID #1)
 • Position indices: (3, 3)
 • Rescaled imaginary time (tau / beta): 0.260215
───────────────────────────────────────────────────
 Lattice spacetime coordinate (ID #2)
 • Position indices: (0, 6)
 • Rescaled imaginary time (tau / beta): 0.967887
───────────────────────────────────────────────────
 Lattice spacetime coordinate (ID #3)
 • Position indices: (0, 6)
 • Rescaled imaginary time (tau / beta): 0.967887
───────────────────────────────────────────────────
 Lattice spacetime coordinate (ID #4)
 • Position indices: (2, 5)
 • Rescaled imaginary time (tau / beta): 0.96928
───────────────────────────────────────────────────
 Lattice spacetime coordinate (ID #5)
 • Position indices: (2, 5)
 • Rescaled imaginary time (tau / beta): 0.96928
───────────────────────────────────────────────────

Diagram pool size: 5
Diagram pool fermion loop numbers: ( 2 2 2 2 2 )
Constraints on spacetime coordinates: [x x x 2 x 4]

Subspace saved counts:	[7704228 31195772]
Subspace saved ratios:	[0.198052 0.801948]
Subspace average measured signs:	[1 -0.0922222]

Current weight:	5.25198e-10
Current total acceptance ratio:	0.071263
Current average ascend ratio:	0.0026237
Current average descend ratio:	0.00262368
Current average mutate ratio:	0.0660156

════════════════════
 MC step #40000000
════════════════════

In subspace: [V_0 V_3]
                   ^   
───────────────────────────────────────────────────
 Lattice spacetime coordinate (ID #0)
 • Position indices: (0, 0)
 • Rescaled imaginary time (tau / beta): 0
───────────────────────────────────────────────────
 Lattice spacetime coordinate (ID #1)
 • Position indices: (4, 60)
 • Rescaled imaginary time (tau / beta): 0.14475
───────────────────────────────────────────────────
 Lattice spacetime coordinate (ID #2)
 • Position indices: (43, 21)
 • Rescaled imaginary time (tau / beta): 0.0834903
───────────────────────────────────────────────────
 Lattice spacetime coordinate (ID #3)
 • Position indices: (43, 21)
 • Rescaled imaginary time (tau / beta): 0.0834903
───────────────────────────────────────────────────
 Lattice spacetime coordinate (ID #4)
 • Position indices: (40, 18)
 • Rescaled imaginary time (tau / beta): 0.105522
───────────────────────────────────────────────────
 Lattice spacetime coordinate (ID #5)
 • Position indices: (40, 18)
 • Rescaled imaginary time (tau / beta): 0.105522
───────────────────────────────────────────────────

Diagram pool size: 5
Diagram pool fermion loop numbers: ( 2 2 2 2 2 )
Constraints on spacetime coordinates: [x x x 2 x 4]

Subspace saved counts:	[7966271 31933729]
Subspace saved ratios:	[0.199656 0.800344]
Subspace average measured signs:	[1 -0.0912209]

Current weight:	1.03951e-13
Current total acceptance ratio:	0.0711081
Current average ascend ratio:	0.00264444
Current average descend ratio:	0.00264441
Current average mutate ratio:	0.0658193

════════════════════
 MC step #41000000
════════════════════

In subspace: [V_0 V_3]
                   ^   
───────────────────────────────────────────────────
 Lattice spacetime coordinate (ID #0)
 • Position indices: (0, 0)
 • Rescaled imaginary time (tau / beta): 0
───────────────────────────────────────────────────
 Lattice spacetime coordinate (ID #1)
 • Position indices: (5, 7)
 • Rescaled imaginary time (tau / beta): 0.0226516
───────────────────────────────────────────────────
 Lattice spacetime coordinate (ID #2)
 • Position indices: (63, 1)
 • Rescaled imaginary time (tau / beta): 0.0558983
───────────────────────────────────────────────────
 Lattice spacetime coordinate (ID #3)
 • Position indices: (63, 1)
 • Rescaled imaginary time (tau / beta): 0.0558983
───────────────────────────────────────────────────
 Lattice spacetime coordinate (ID #4)
 • Position indices: (62, 1)
 • Rescaled imaginary time (tau / beta): 0.0569075
───────────────────────────────────────────────────
 Lattice spacetime coordinate (ID #5)
 • Position indices: (62, 1)
 • Rescaled imaginary time (tau / beta): 0.0569075
───────────────────────────────────────────────────

Diagram pool size: 5
Diagram pool fermion loop numbers: ( 2 2 2 2 2 )
Constraints on spacetime coordinates: [x x x 2 x 4]

Subspace saved counts:	[8080684 32819316]
Subspace saved ratios:	[0.197572 0.802428]
Subspace average measured signs:	[1 -0.0913635]

Current weight:	3.80866e-09
Current total acceptance ratio:	0.0712633
Current average ascend ratio:	0.00261709
Current average descend ratio:	0.00261707
Current average mutate ratio:	0.0660292

════════════════════
 MC step #42000000
════════════════════

In subspace: [V_0 V_3]
                   ^   
───────────────────────────────────────────────────
 Lattice spacetime coordinate (ID #0)
 • Position indices: (0, 0)
 • Rescaled imaginary time (tau / beta): 0
───────────────────────────────────────────────────
 Lattice spacetime coordinate (ID #1)
 • Position indices: (48, 12)
 • Rescaled imaginary time (tau / beta): 0.657195
───────────────────────────────────────────────────
 Lattice spacetime coordinate (ID #2)
 • Position indices: (60, 3)
 • Rescaled imaginary time (tau / beta): 0.543241
───────────────────────────────────────────────────
 Lattice spacetime coordinate (ID #3)
 • Position indices: (60, 3)
 • Rescaled imaginary time (tau / beta): 0.543241
───────────────────────────────────────────────────
 Lattice spacetime coordinate (ID #4)
 • Position indices: (61, 3)
 • Rescaled imaginary time (tau / beta): 0.544103
───────────────────────────────────────────────────
 Lattice spacetime coordinate (ID #5)
 • Position indices: (61, 3)
 • Rescaled imaginary time (tau / beta): 0.544103
───────────────────────────────────────────────────

Diagram pool size: 5
Diagram pool fermion loop numbers: ( 2 2 2 2 2 )
Constraints on spacetime coordinates: [x x x 2 x 4]

Subspace saved counts:	[8286725 33613275]
Subspace saved ratios:	[0.197774 0.802226]
Subspace average measured signs:	[1 -0.0911951]

Current weight:	8.4923e-11
Current total acceptance ratio:	0.0711756
Current average ascend ratio:	0.00261809
Current average descend ratio:	0.00261807
Current average mutate ratio:	0.0659395

════════════════════
 MC step #43000000
════════════════════

In subspace: [V_0 V_3]
                   ^   
───────────────────────────────────────────────────
 Lattice spacetime coordinate (ID #0)
 • Position indices: (0, 0)
 • Rescaled imaginary time (tau / beta): 0
───────────────────────────────────────────────────
 Lattice spacetime coordinate (ID #1)
 • Position indices: (8, 8)
 • Rescaled imaginary time (tau / beta): 0.417521
───────────────────────────────────────────────────
 Lattice spacetime coordinate (ID #2)
 • Position indices: (52, 52)
 • Rescaled imaginary time (tau / beta): 0.657256
───────────────────────────────────────────────────
 Lattice spacetime coordinate (ID #3)
 • Position indices: (52, 52)
 • Rescaled imaginary time (tau / beta): 0.657256
───────────────────────────────────────────────────
 Lattice spacetime coordinate (ID #4)
 • Position indices: (52, 53)
 • Rescaled imaginary time (tau / beta): 0.657315
───────────────────────────────────────────────────
 Lattice spacetime coordinate (ID #5)
 • Position indices: (52, 53)
 • Rescaled imaginary time (tau / beta): 0.657315
───────────────────────────────────────────────────

Diagram pool size: 5
Diagram pool fermion loop numbers: ( 2 2 2 2 2 )
Constraints on spacetime coordinates: [x x x 2 x 4]

Subspace saved counts:	[8518287 34381713]
Subspace saved ratios:	[0.198561 0.801439]
Subspace average measured signs:	[1 -0.0906894]

Current weight:	5.21591e-10
Current total acceptance ratio:	0.0710679
Current average ascend ratio:	0.00262685
Current average descend ratio:	0.00262683
Current average mutate ratio:	0.0658142

════════════════════
 MC step #44000000
════════════════════

In subspace: [V_0 V_3]
                   ^   
───────────────────────────────────────────────────
 Lattice spacetime coordinate (ID #0)
 • Position indices: (0, 0)
 • Rescaled imaginary time (tau / beta): 0
───────────────────────────────────────────────────
 Lattice spacetime coordinate (ID #1)
 • Position indices: (43, 37)
 • Rescaled imaginary time (tau / beta): 0.483254
───────────────────────────────────────────────────
 Lattice spacetime coordinate (ID #2)
 • Position indices: (28, 16)
 • Rescaled imaginary time (tau / beta): 0.34013
───────────────────────────────────────────────────
 Lattice spacetime coordinate (ID #3)
 • Position indices: (28, 16)
 • Rescaled imaginary time (tau / beta): 0.34013
───────────────────────────────────────────────────
 Lattice spacetime coordinate (ID #4)
 • Position indices: (38, 26)
 • Rescaled imaginary time (tau / beta): 0.140769
───────────────────────────────────────────────────
 Lattice spacetime coordinate (ID #5)
 • Position indices: (38, 26)
 • Rescaled imaginary time (tau / beta): 0.140769
───────────────────────────────────────────────────

Diagram pool size: 5
Diagram pool fermion loop numbers: ( 2 2 2 2 2 )
Constraints on spacetime coordinates: [x x x 2 x 4]

Subspace saved counts:	[8663951 35236049]
Subspace saved ratios:	[0.197357 0.802643]
Subspace average measured signs:	[1 -0.0910665]

Current weight:	1.40809e-15
Current total acceptance ratio:	0.0711574
Current average ascend ratio:	0.00261128
Current average descend ratio:	0.00261125
Current average mutate ratio:	0.0659348

════════════════════
 MC step #45000000
════════════════════

In subspace: [V_0 V_3]
                   ^   
───────────────────────────────────────────────────
 Lattice spacetime coordinate (ID #0)
 • Position indices: (0, 0)
 • Rescaled imaginary time (tau / beta): 0
───────────────────────────────────────────────────
 Lattice spacetime coordinate (ID #1)
 • Position indices: (25, 47)
 • Rescaled imaginary time (tau / beta): 0.67807
───────────────────────────────────────────────────
 Lattice spacetime coordinate (ID #2)
 • Position indices: (5, 5)
 • Rescaled imaginary time (tau / beta): 0.802044
───────────────────────────────────────────────────
 Lattice spacetime coordinate (ID #3)
 • Position indices: (5, 5)
 • Rescaled imaginary time (tau / beta): 0.802044
───────────────────────────────────────────────────
 Lattice spacetime coordinate (ID #4)
 • Position indices: (5, 5)
 • Rescaled imaginary time (tau / beta): 0.801214
───────────────────────────────────────────────────
 Lattice spacetime coordinate (ID #5)
 • Position indices: (5, 5)
 • Rescaled imaginary time (tau / beta): 0.801214
───────────────────────────────────────────────────

Diagram pool size: 5
Diagram pool fermion loop numbers: ( 2 2 2 2 2 )
Constraints on spacetime coordinates: [x x x 2 x 4]

Subspace saved counts:	[8722876 36177124]
Subspace saved ratios:	[0.194273 0.805727]
Subspace average measured signs:	[1 -0.0920092]

Current weight:	-6.3616e-11
Current total acceptance ratio:	0.0713896
Current average ascend ratio:	0.00257038
Current average descend ratio:	0.00257036
Current average mutate ratio:	0.0662489

════════════════════
 MC step #46000000
════════════════════

In subspace: [V_0 V_3]
               ^       
Diagram pool size: 1
Diagram pool fermion loop numbers: ( 0 )
Constraints on spacetime coordinates: [x x x 2 x 4]

Subspace saved counts:	[9030251 36869749]
Subspace saved ratios:	[0.196737 0.803262]
Subspace average measured signs:	[1 -0.0914823]

Current weight:	2.03847
Current total acceptance ratio:	0.0712699
Current average ascend ratio:	0.00260477
Current average descend ratio:	0.00260477
Current average mutate ratio:	0.0660603

════════════════════
 MC step #47000000
════════════════════

In subspace: [V_0 V_3]
                   ^   
───────────────────────────────────────────────────
 Lattice spacetime coordinate (ID #0)
 • Position indices: (0, 0)
 • Rescaled imaginary time (tau / beta): 0
───────────────────────────────────────────────────
 Lattice spacetime coordinate (ID #1)
 • Position indices: (48, 8)
 • Rescaled imaginary time (tau / beta): 0.868961
───────────────────────────────────────────────────
 Lattice spacetime coordinate (ID #2)
 • Position indices: (4, 57)
 • Rescaled imaginary time (tau / beta): 0.183133
───────────────────────────────────────────────────
 Lattice spacetime coordinate (ID #3)
 • Position indices: (4, 57)
 • Rescaled imaginary time (tau / beta): 0.183133
───────────────────────────────────────────────────
 Lattice spacetime coordinate (ID #4)
 • Position indices: (36, 25)
 • Rescaled imaginary time (tau / beta): 0.521136
───────────────────────────────────────────────────
 Lattice spacetime coordinate (ID #5)
 • Position indices: (36, 25)
 • Rescaled imaginary time (tau / beta): 0.521136
───────────────────────────────────────────────────

Diagram pool size: 5
Diagram pool fermion loop numbers: ( 2 2 2 2 2 )
Constraints on spacetime coordinates: [x x x 2 x 4]

Subspace saved counts:	[9197066 37702934]
Subspace saved ratios:	[0.196099 0.8039]
Subspace average measured signs:	[1 -0.0918689]

Current weight:	-8.82124e-16
Current total acceptance ratio:	0.0714545
Current average ascend ratio:	0.00259567
Current average descend ratio:	0.00259565
Current average mutate ratio:	0.0662632

════════════════════
 MC step #48000000
════════════════════

In subspace: [V_0 V_3]
                   ^   
───────────────────────────────────────────────────
 Lattice spacetime coordinate (ID #0)
 • Position indices: (0, 0)
 • Rescaled imaginary time (tau / beta): 0
───────────────────────────────────────────────────
 Lattice spacetime coordinate (ID #1)
 • Position indices: (24, 28)
 • Rescaled imaginary time (tau / beta): 0.289874
───────────────────────────────────────────────────
 Lattice spacetime coordinate (ID #2)
 • Position indices: (63, 1)
 • Rescaled imaginary time (tau / beta): 0.958613
───────────────────────────────────────────────────
 Lattice spacetime coordinate (ID #3)
 • Position indices: (63, 1)
 • Rescaled imaginary time (tau / beta): 0.958613
───────────────────────────────────────────────────
 Lattice spacetime coordinate (ID #4)
 • Position indices: (2, 5)
 • Rescaled imaginary time (tau / beta): 0.974517
───────────────────────────────────────────────────
 Lattice spacetime coordinate (ID #5)
 • Position indices: (2, 5)
 • Rescaled imaginary time (tau / beta): 0.974517
───────────────────────────────────────────────────

Diagram pool size: 5
Diagram pool fermion loop numbers: ( 2 2 2 2 2 )
Constraints on spacetime coordinates: [x x x 2 x 4]

Subspace saved counts:	[9386108 38513892]
Subspace saved ratios:	[0.195952 0.804048]
Subspace average measured signs:	[1 -0.0911881]

Current weight:	-1.64295e-13
Current total acceptance ratio:	0.0715842
Current average ascend ratio:	0.00259468
Current average descend ratio:	0.00259466
Current average mutate ratio:	0.0663949

════════════════════
 MC step #49000000
════════════════════

In subspace: [V_0 V_3]
               ^       
Diagram pool size: 1
Diagram pool fermion loop numbers: ( 0 )
Constraints on spacetime coordinates: [x x x 2 x 4]

Subspace saved counts:	[9650921 39249079]
Subspace saved ratios:	[0.19736 0.80264]
Subspace average measured signs:	[1 -0.0908988]

Current weight:	2.03847
Current total acceptance ratio:	0.071502
Current average ascend ratio:	0.00261311
Current average descend ratio:	0.00261311
Current average mutate ratio:	0.0662758

════════════════════
 MC step #50000000
════════════════════

In subspace: [V_0 V_3]
                   ^   
───────────────────────────────────────────────────
 Lattice spacetime coordinate (ID #0)
 • Position indices: (0, 0)
 • Rescaled imaginary time (tau / beta): 0
───────────────────────────────────────────────────
 Lattice spacetime coordinate (ID #1)
 • Position indices: (54, 53)
 • Rescaled imaginary time (tau / beta): 0.0847793
───────────────────────────────────────────────────
 Lattice spacetime coordinate (ID #2)
 • Position indices: (6, 5)
 • Rescaled imaginary time (tau / beta): 0.0869564
───────────────────────────────────────────────────
 Lattice spacetime coordinate (ID #3)
 • Position indices: (6, 5)
 • Rescaled imaginary time (tau / beta): 0.0869564
───────────────────────────────────────────────────
 Lattice spacetime coordinate (ID #4)
 • Position indices: (7, 5)
 • Rescaled imaginary time (tau / beta): 0.0895606
───────────────────────────────────────────────────
 Lattice spacetime coordinate (ID #5)
 • Position indices: (7, 5)
 • Rescaled imaginary time (tau / beta): 0.0895606
───────────────────────────────────────────────────

Diagram pool size: 5
Diagram pool fermion loop numbers: ( 2 2 2 2 2 )
Constraints on spacetime coordinates: [x x x 2 x 4]

Subspace saved counts:	[9858377 40041623]
Subspace saved ratios:	[0.197563 0.802437]
Subspace average measured signs:	[1 -0.0903742]

Current weight:	-1.11195e-10
Current total acceptance ratio:	0.0714376
Current average ascend ratio:	0.00261521
Current average descend ratio:	0.00261519
Current average mutate ratio:	0.0662072
Final results:
════════════════════
 MC step #50100000
════════════════════

In subspace: [V_0 V_3]
                   ^   
───────────────────────────────────────────────────
 Lattice spacetime coordinate (ID #0)
 • Position indices: (0, 0)
 • Rescaled imaginary time (tau / beta): 0
───────────────────────────────────────────────────
 Lattice spacetime coordinate (ID #1)
 • Position indices: (10, 57)
 • Rescaled imaginary time (tau / beta): 0.0759444
───────────────────────────────────────────────────
 Lattice spacetime coordinate (ID #2)
 • Position indices: (11, 55)
 • Rescaled imaginary time (tau / beta): 0.0738155
───────────────────────────────────────────────────
 Lattice spacetime coordinate (ID #3)
 • Position indices: (11, 55)
 • Rescaled imaginary time (tau / beta): 0.0738155
───────────────────────────────────────────────────
 Lattice spacetime coordinate (ID #4)
 • Position indices: (13, 56)
 • Rescaled imaginary time (tau / beta): 0.110544
───────────────────────────────────────────────────
 Lattice spacetime coordinate (ID #5)
 • Position indices: (13, 56)
 • Rescaled imaginary time (tau / beta): 0.110544
───────────────────────────────────────────────────

Diagram pool size: 5
Diagram pool fermion loop numbers: ( 2 2 2 2 2 )
Constraints on spacetime coordinates: [x x x 2 x 4]

Subspace saved counts:	[9884566 40115434]
Subspace saved ratios:	[0.197691 0.802309]
Subspace average measured signs:	[1 -0.0902238]

Current weight:	-1.44005e-13
Current total acceptance ratio:	0.0714301
Current average ascend ratio:	0.00261722
Current average descend ratio:	0.0026172
Current average mutate ratio:	0.0661957

Normalization constant: C / N_{s,0} =2.06227e-07

Job ended at:	Tue Jun 29 18:51:57 2021
Elapsed time:	204 seconds
