MPI run with 1 thread(s)
Job started at:	Mon Jul 19 17:56:24 2021
UNIX timestamp:	1626731784

════════════════════
 MC step #1000000
════════════════════

In subspace: [V_0 V_3]
                   ^   
───────────────────────────────────────────────────
 Lattice spacetime coordinate (ID #0)
 • Position indices: (0, 0)
 • Rescaled imaginary time (tau / beta): 0
───────────────────────────────────────────────────
 Lattice spacetime coordinate (ID #1)
 • Position indices: (2, 2)
 • Rescaled imaginary time (tau / beta): 0.923902
───────────────────────────────────────────────────
 Lattice spacetime coordinate (ID #2)
 • Position indices: (0, 1)
 • Rescaled imaginary time (tau / beta): 0.00952365
───────────────────────────────────────────────────
 Lattice spacetime coordinate (ID #3)
 • Position indices: (0, 1)
 • Rescaled imaginary time (tau / beta): 0.00952365
───────────────────────────────────────────────────
 Lattice spacetime coordinate (ID #4)
 • Position indices: (0, 1)
 • Rescaled imaginary time (tau / beta): 0.00492463
───────────────────────────────────────────────────
 Lattice spacetime coordinate (ID #5)
 • Position indices: (0, 1)
 • Rescaled imaginary time (tau / beta): 0.00492463
───────────────────────────────────────────────────

Diagram pool size: 5
Diagram pool fermion loop numbers: ( 2 2 2 2 2 )
Constraints on spacetime coordinates: [x x x 2 x 4]

Subspace saved counts:	[93717 806283]
Subspace saved ratios:	[0.10413 0.895869]
Subspace average measured signs:	[1 -0.0637952]

Current weight:	-1.41922e-05
Current total acceptance ratio:	0.103343
Current average ascend ratio:	0.00512222
Current average descend ratio:	0.00512222
Current average mutate ratio:	0.0930988

════════════════════
 MC step #2000000
════════════════════

In subspace: [V_0 V_3]
                   ^   
───────────────────────────────────────────────────
 Lattice spacetime coordinate (ID #0)
 • Position indices: (0, 0)
 • Rescaled imaginary time (tau / beta): 0
───────────────────────────────────────────────────
 Lattice spacetime coordinate (ID #1)
 • Position indices: (6, 5)
 • Rescaled imaginary time (tau / beta): 0.126099
───────────────────────────────────────────────────
 Lattice spacetime coordinate (ID #2)
 • Position indices: (0, 0)
 • Rescaled imaginary time (tau / beta): 0.593126
───────────────────────────────────────────────────
 Lattice spacetime coordinate (ID #3)
 • Position indices: (0, 0)
 • Rescaled imaginary time (tau / beta): 0.593126
───────────────────────────────────────────────────
 Lattice spacetime coordinate (ID #4)
 • Position indices: (0, 0)
 • Rescaled imaginary time (tau / beta): 0.950927
───────────────────────────────────────────────────
 Lattice spacetime coordinate (ID #5)
 • Position indices: (0, 0)
 • Rescaled imaginary time (tau / beta): 0.950927
───────────────────────────────────────────────────

Diagram pool size: 5
Diagram pool fermion loop numbers: ( 2 2 2 2 2 )
Constraints on spacetime coordinates: [x x x 2 x 4]

Subspace saved counts:	[216626 1683374]
Subspace saved ratios:	[0.114014 0.885986]
Subspace average measured signs:	[1 -0.0737947]

Current weight:	9.87417e-09
Current total acceptance ratio:	0.103006
Current average ascend ratio:	0.00554737
Current average descend ratio:	0.00554737
Current average mutate ratio:	0.091911

════════════════════
 MC step #3000000
════════════════════

In subspace: [V_0 V_3]
                   ^   
───────────────────────────────────────────────────
 Lattice spacetime coordinate (ID #0)
 • Position indices: (0, 0)
 • Rescaled imaginary time (tau / beta): 0
───────────────────────────────────────────────────
 Lattice spacetime coordinate (ID #1)
 • Position indices: (4, 25)
 • Rescaled imaginary time (tau / beta): 0.802465
───────────────────────────────────────────────────
 Lattice spacetime coordinate (ID #2)
 • Position indices: (5, 1)
 • Rescaled imaginary time (tau / beta): 0.522806
───────────────────────────────────────────────────
 Lattice spacetime coordinate (ID #3)
 • Position indices: (5, 1)
 • Rescaled imaginary time (tau / beta): 0.522806
───────────────────────────────────────────────────
 Lattice spacetime coordinate (ID #4)
 • Position indices: (5, 0)
 • Rescaled imaginary time (tau / beta): 0.509382
───────────────────────────────────────────────────
 Lattice spacetime coordinate (ID #5)
 • Position indices: (5, 0)
 • Rescaled imaginary time (tau / beta): 0.509382
───────────────────────────────────────────────────

Diagram pool size: 5
Diagram pool fermion loop numbers: ( 2 2 2 2 2 )
Constraints on spacetime coordinates: [x x x 2 x 4]

Subspace saved counts:	[331389 2568611]
Subspace saved ratios:	[0.114272 0.885728]
Subspace average measured signs:	[1 -0.0695461]

Current weight:	-8.58799e-10
Current total acceptance ratio:	0.103706
Current average ascend ratio:	0.00554586
Current average descend ratio:	0.00554586
Current average mutate ratio:	0.0926141

════════════════════
 MC step #4000000
════════════════════

In subspace: [V_0 V_3]
               ^       
Diagram pool size: 1
Diagram pool fermion loop numbers: ( 0 )
Constraints on spacetime coordinates: [x x x 2 x 4]

Subspace saved counts:	[445944 3454056]
Subspace saved ratios:	[0.114345 0.885655]
Subspace average measured signs:	[1 -0.070535]

Current weight:	0.066964
Current total acceptance ratio:	0.103654
Current average ascend ratio:	0.00555487
Current average descend ratio:	0.00555513
Current average mutate ratio:	0.0925438

════════════════════
 MC step #5000000
════════════════════

In subspace: [V_0 V_3]
                   ^   
───────────────────────────────────────────────────
 Lattice spacetime coordinate (ID #0)
 • Position indices: (0, 0)
 • Rescaled imaginary time (tau / beta): 0
───────────────────────────────────────────────────
 Lattice spacetime coordinate (ID #1)
 • Position indices: (5, 5)
 • Rescaled imaginary time (tau / beta): 0.0640913
───────────────────────────────────────────────────
 Lattice spacetime coordinate (ID #2)
 • Position indices: (1, 0)
 • Rescaled imaginary time (tau / beta): 0.109534
───────────────────────────────────────────────────
 Lattice spacetime coordinate (ID #3)
 • Position indices: (1, 0)
 • Rescaled imaginary time (tau / beta): 0.109534
───────────────────────────────────────────────────
 Lattice spacetime coordinate (ID #4)
 • Position indices: (0, 0)
 • Rescaled imaginary time (tau / beta): 0.102441
───────────────────────────────────────────────────
 Lattice spacetime coordinate (ID #5)
 • Position indices: (0, 0)
 • Rescaled imaginary time (tau / beta): 0.102441
───────────────────────────────────────────────────

Diagram pool size: 5
Diagram pool fermion loop numbers: ( 2 2 2 2 2 )
Constraints on spacetime coordinates: [x x x 2 x 4]

Subspace saved counts:	[538734 4361266]
Subspace saved ratios:	[0.109946 0.890054]
Subspace average measured signs:	[1 -0.0724858]

Current weight:	1.87574e-07
Current total acceptance ratio:	0.103036
Current average ascend ratio:	0.00535755
Current average descend ratio:	0.00535755
Current average mutate ratio:	0.0923208
Final results:
════════════════════
 MC step #5100000
════════════════════

In subspace: [V_0 V_3]
                   ^   
───────────────────────────────────────────────────
 Lattice spacetime coordinate (ID #0)
 • Position indices: (0, 0)
 • Rescaled imaginary time (tau / beta): 0
───────────────────────────────────────────────────
 Lattice spacetime coordinate (ID #1)
 • Position indices: (29, 0)
 • Rescaled imaginary time (tau / beta): 0.01391
───────────────────────────────────────────────────
 Lattice spacetime coordinate (ID #2)
 • Position indices: (28, 1)
 • Rescaled imaginary time (tau / beta): 0.275747
───────────────────────────────────────────────────
 Lattice spacetime coordinate (ID #3)
 • Position indices: (28, 1)
 • Rescaled imaginary time (tau / beta): 0.275747
───────────────────────────────────────────────────
 Lattice spacetime coordinate (ID #4)
 • Position indices: (27, 3)
 • Rescaled imaginary time (tau / beta): 0.300767
───────────────────────────────────────────────────
 Lattice spacetime coordinate (ID #5)
 • Position indices: (27, 3)
 • Rescaled imaginary time (tau / beta): 0.300767
───────────────────────────────────────────────────

Diagram pool size: 5
Diagram pool fermion loop numbers: ( 2 2 2 2 2 )
Constraints on spacetime coordinates: [x x x 2 x 4]

Subspace saved counts:	[545131 4454869]
Subspace saved ratios:	[0.109026 0.890974]
Subspace average measured signs:	[1 -0.0713603]

Current weight:	8.07671e-08
Current total acceptance ratio:	0.103016
Current average ascend ratio:	0.0053148
Current average descend ratio:	0.0053148
Current average mutate ratio:	0.0923866

Normalization constant: C / N_{s,0} =1.2284e-07

Job ended at:	Mon Jul 19 17:56:43 2021
Elapsed time:	19 seconds
