MPI run with 16 thread(s)
Job started at:	Thu Jul  1 16:56:23 2021
UNIX timestamp:	1625172983

════════════════════
 MC step #1000000
════════════════════

In subspace: [V_0 V_2]
                   ^   
───────────────────────────────────────────────────
 Lattice spacetime coordinate (ID #0)
 • Position indices: (0, 0)
 • Rescaled imaginary time (tau / beta): 0
───────────────────────────────────────────────────
 Lattice spacetime coordinate (ID #1)
 • Position indices: (0, 0)
 • Rescaled imaginary time (tau / beta): 0.0795904
───────────────────────────────────────────────────
 Lattice spacetime coordinate (ID #2)
 • Position indices: (0, 0)
 • Rescaled imaginary time (tau / beta): 0
───────────────────────────────────────────────────
 Lattice spacetime coordinate (ID #3)
 • Position indices: (0, 0)
 • Rescaled imaginary time (tau / beta): 0.0795904
───────────────────────────────────────────────────

Diagram pool size: 1
Diagram pool fermion loop numbers: ( 1 )
Constraints on spacetime coordinates: [x x 0 1]

Subspace saved counts:	[153521 746479]
Subspace saved ratios:	[0.170579 0.82942]
Subspace average measured signs:	[1 -0.944609]

Current weight:	-0.172801
Current total acceptance ratio:	0.0949377
Current average ascend ratio:	0.00977888
Current average descend ratio:	0.00977888
Current average mutate ratio:	0.0753799

════════════════════
 MC step #2000000
════════════════════

In subspace: [V_0 V_2]
               ^       
Diagram pool size: 1
Diagram pool fermion loop numbers: ( 0 )
Constraints on spacetime coordinates: [x x 0 1]

Subspace saved counts:	[332145 1567855]
Subspace saved ratios:	[0.174813 0.825186]
Subspace average measured signs:	[1 -0.944463]

Current weight:	0.026788
Current total acceptance ratio:	0.0949057
Current average ascend ratio:	0.00985157
Current average descend ratio:	0.0098521
Current average mutate ratio:	0.0752021

════════════════════
 MC step #3000000
════════════════════

In subspace: [V_0 V_2]
                   ^   
───────────────────────────────────────────────────
 Lattice spacetime coordinate (ID #0)
 • Position indices: (0, 0)
 • Rescaled imaginary time (tau / beta): 0
───────────────────────────────────────────────────
 Lattice spacetime coordinate (ID #1)
 • Position indices: (0, 1)
 • Rescaled imaginary time (tau / beta): 0.677887
───────────────────────────────────────────────────
 Lattice spacetime coordinate (ID #2)
 • Position indices: (0, 0)
 • Rescaled imaginary time (tau / beta): 0
───────────────────────────────────────────────────
 Lattice spacetime coordinate (ID #3)
 • Position indices: (0, 1)
 • Rescaled imaginary time (tau / beta): 0.677887
───────────────────────────────────────────────────

Diagram pool size: 1
Diagram pool fermion loop numbers: ( 1 )
Constraints on spacetime coordinates: [x x 0 1]

Subspace saved counts:	[505610 2394390]
Subspace saved ratios:	[0.174348 0.825651]
Subspace average measured signs:	[1 -0.944784]

Current weight:	-0.00146112
Current total acceptance ratio:	0.0950789
Current average ascend ratio:	0.00986689
Current average descend ratio:	0.00986689
Current average mutate ratio:	0.0753451

════════════════════
 MC step #4000000
════════════════════

In subspace: [V_0 V_2]
                   ^   
───────────────────────────────────────────────────
 Lattice spacetime coordinate (ID #0)
 • Position indices: (0, 0)
 • Rescaled imaginary time (tau / beta): 0
───────────────────────────────────────────────────
 Lattice spacetime coordinate (ID #1)
 • Position indices: (0, 0)
 • Rescaled imaginary time (tau / beta): 0.0459922
───────────────────────────────────────────────────
 Lattice spacetime coordinate (ID #2)
 • Position indices: (0, 0)
 • Rescaled imaginary time (tau / beta): 0
───────────────────────────────────────────────────
 Lattice spacetime coordinate (ID #3)
 • Position indices: (0, 0)
 • Rescaled imaginary time (tau / beta): 0.0459922
───────────────────────────────────────────────────

Diagram pool size: 1
Diagram pool fermion loop numbers: ( 1 )
Constraints on spacetime coordinates: [x x 0 1]

Subspace saved counts:	[678205 3221795]
Subspace saved ratios:	[0.173899 0.826101]
Subspace average measured signs:	[1 -0.944632]

Current weight:	-0.249757
Current total acceptance ratio:	0.0950689
Current average ascend ratio:	0.00983974
Current average descend ratio:	0.00983974
Current average mutate ratio:	0.0753895

════════════════════
 MC step #5000000
════════════════════

In subspace: [V_0 V_2]
                   ^   
───────────────────────────────────────────────────
 Lattice spacetime coordinate (ID #0)
 • Position indices: (0, 0)
 • Rescaled imaginary time (tau / beta): 0
───────────────────────────────────────────────────
 Lattice spacetime coordinate (ID #1)
 • Position indices: (0, 0)
 • Rescaled imaginary time (tau / beta): 0.0729373
───────────────────────────────────────────────────
 Lattice spacetime coordinate (ID #2)
 • Position indices: (0, 0)
 • Rescaled imaginary time (tau / beta): 0
───────────────────────────────────────────────────
 Lattice spacetime coordinate (ID #3)
 • Position indices: (0, 0)
 • Rescaled imaginary time (tau / beta): 0.0729373
───────────────────────────────────────────────────

Diagram pool size: 1
Diagram pool fermion loop numbers: ( 1 )
Constraints on spacetime coordinates: [x x 0 1]

Subspace saved counts:	[853807 4046193]
Subspace saved ratios:	[0.174246 0.825754]
Subspace average measured signs:	[1 -0.944357]

Current weight:	-0.185454
Current total acceptance ratio:	0.0951661
Current average ascend ratio:	0.00986061
Current average descend ratio:	0.00986061
Current average mutate ratio:	0.0754449

════════════════════
 MC step #6000000
════════════════════

In subspace: [V_0 V_2]
               ^       
Diagram pool size: 1
Diagram pool fermion loop numbers: ( 0 )
Constraints on spacetime coordinates: [x x 0 1]

Subspace saved counts:	[1031784 4868216]
Subspace saved ratios:	[0.174879 0.825121]
Subspace average measured signs:	[1 -0.944173]

Current weight:	0.026788
Current total acceptance ratio:	0.0952141
Current average ascend ratio:	0.00990712
Current average descend ratio:	0.00990729
Current average mutate ratio:	0.0753996

════════════════════
 MC step #7000000
════════════════════

In subspace: [V_0 V_2]
                   ^   
───────────────────────────────────────────────────
 Lattice spacetime coordinate (ID #0)
 • Position indices: (0, 0)
 • Rescaled imaginary time (tau / beta): 0
───────────────────────────────────────────────────
 Lattice spacetime coordinate (ID #1)
 • Position indices: (0, 0)
 • Rescaled imaginary time (tau / beta): 0.00895746
───────────────────────────────────────────────────
 Lattice spacetime coordinate (ID #2)
 • Position indices: (0, 0)
 • Rescaled imaginary time (tau / beta): 0
───────────────────────────────────────────────────
 Lattice spacetime coordinate (ID #3)
 • Position indices: (0, 0)
 • Rescaled imaginary time (tau / beta): 0.00895746
───────────────────────────────────────────────────

Diagram pool size: 1
Diagram pool fermion loop numbers: ( 1 )
Constraints on spacetime coordinates: [x x 0 1]

Subspace saved counts:	[1213319 5686681]
Subspace saved ratios:	[0.175843 0.824157]
Subspace average measured signs:	[1 -0.943617]

Current weight:	-0.387608
Current total acceptance ratio:	0.0952852
Current average ascend ratio:	0.00997043
Current average descend ratio:	0.00997043
Current average mutate ratio:	0.0753443

════════════════════
 MC step #8000000
════════════════════

In subspace: [V_0 V_2]
                   ^   
───────────────────────────────────────────────────
 Lattice spacetime coordinate (ID #0)
 • Position indices: (0, 0)
 • Rescaled imaginary time (tau / beta): 0
───────────────────────────────────────────────────
 Lattice spacetime coordinate (ID #1)
 • Position indices: (0, 0)
 • Rescaled imaginary time (tau / beta): 0.0288189
───────────────────────────────────────────────────
 Lattice spacetime coordinate (ID #2)
 • Position indices: (0, 0)
 • Rescaled imaginary time (tau / beta): 0
───────────────────────────────────────────────────
 Lattice spacetime coordinate (ID #3)
 • Position indices: (0, 0)
 • Rescaled imaginary time (tau / beta): 0.0288189
───────────────────────────────────────────────────

Diagram pool size: 1
Diagram pool fermion loop numbers: ( 1 )
Constraints on spacetime coordinates: [x x 0 1]

Subspace saved counts:	[1389569 6510431]
Subspace saved ratios:	[0.175895 0.824105]
Subspace average measured signs:	[1 -0.943538]

Current weight:	-0.304873
Current total acceptance ratio:	0.0952256
Current average ascend ratio:	0.00997164
Current average descend ratio:	0.00997164
Current average mutate ratio:	0.0752823

════════════════════
 MC step #9000000
════════════════════

In subspace: [V_0 V_2]
                   ^   
───────────────────────────────────────────────────
 Lattice spacetime coordinate (ID #0)
 • Position indices: (0, 0)
 • Rescaled imaginary time (tau / beta): 0
───────────────────────────────────────────────────
 Lattice spacetime coordinate (ID #1)
 • Position indices: (0, 0)
 • Rescaled imaginary time (tau / beta): 0.115757
───────────────────────────────────────────────────
 Lattice spacetime coordinate (ID #2)
 • Position indices: (0, 0)
 • Rescaled imaginary time (tau / beta): 0
───────────────────────────────────────────────────
 Lattice spacetime coordinate (ID #3)
 • Position indices: (0, 0)
 • Rescaled imaginary time (tau / beta): 0.115757
───────────────────────────────────────────────────

Diagram pool size: 1
Diagram pool fermion loop numbers: ( 1 )
Constraints on spacetime coordinates: [x x 0 1]

Subspace saved counts:	[1562121 7337879]
Subspace saved ratios:	[0.175519 0.824481]
Subspace average measured signs:	[1 -0.943651]

Current weight:	-0.119989
Current total acceptance ratio:	0.095249
Current average ascend ratio:	0.00995371
Current average descend ratio:	0.00995371
Current average mutate ratio:	0.0753416

════════════════════
 MC step #10000000
════════════════════

In subspace: [V_0 V_2]
                   ^   
───────────────────────────────────────────────────
 Lattice spacetime coordinate (ID #0)
 • Position indices: (0, 0)
 • Rescaled imaginary time (tau / beta): 0
───────────────────────────────────────────────────
 Lattice spacetime coordinate (ID #1)
 • Position indices: (0, 0)
 • Rescaled imaginary time (tau / beta): 0.342318
───────────────────────────────────────────────────
 Lattice spacetime coordinate (ID #2)
 • Position indices: (0, 0)
 • Rescaled imaginary time (tau / beta): 0
───────────────────────────────────────────────────
 Lattice spacetime coordinate (ID #3)
 • Position indices: (0, 0)
 • Rescaled imaginary time (tau / beta): 0.342318
───────────────────────────────────────────────────

Diagram pool size: 1
Diagram pool fermion loop numbers: ( 1 )
Constraints on spacetime coordinates: [x x 0 1]

Subspace saved counts:	[1730115 8169885]
Subspace saved ratios:	[0.174759 0.825241]
Subspace average measured signs:	[1 -0.943855]

Current weight:	-0.0246304
Current total acceptance ratio:	0.0951873
Current average ascend ratio:	0.00991293
Current average descend ratio:	0.00991293
Current average mutate ratio:	0.0753614

════════════════════
 MC step #11000000
════════════════════

In subspace: [V_0 V_2]
                   ^   
───────────────────────────────────────────────────
 Lattice spacetime coordinate (ID #0)
 • Position indices: (0, 0)
 • Rescaled imaginary time (tau / beta): 0
───────────────────────────────────────────────────
 Lattice spacetime coordinate (ID #1)
 • Position indices: (0, 1)
 • Rescaled imaginary time (tau / beta): 0.139596
───────────────────────────────────────────────────
 Lattice spacetime coordinate (ID #2)
 • Position indices: (0, 0)
 • Rescaled imaginary time (tau / beta): 0
───────────────────────────────────────────────────
 Lattice spacetime coordinate (ID #3)
 • Position indices: (0, 1)
 • Rescaled imaginary time (tau / beta): 0.139596
───────────────────────────────────────────────────

Diagram pool size: 1
Diagram pool fermion loop numbers: ( 1 )
Constraints on spacetime coordinates: [x x 0 1]

Subspace saved counts:	[1901493 8998507]
Subspace saved ratios:	[0.174449 0.825551]
Subspace average measured signs:	[1 -0.944168]

Current weight:	-0.000283528
Current total acceptance ratio:	0.0950994
Current average ascend ratio:	0.00988349
Current average descend ratio:	0.00988349
Current average mutate ratio:	0.0753325

════════════════════
 MC step #12000000
════════════════════

In subspace: [V_0 V_2]
                   ^   
───────────────────────────────────────────────────
 Lattice spacetime coordinate (ID #0)
 • Position indices: (0, 0)
 • Rescaled imaginary time (tau / beta): 0
───────────────────────────────────────────────────
 Lattice spacetime coordinate (ID #1)
 • Position indices: (0, 0)
 • Rescaled imaginary time (tau / beta): 0.0250349
───────────────────────────────────────────────────
 Lattice spacetime coordinate (ID #2)
 • Position indices: (0, 0)
 • Rescaled imaginary time (tau / beta): 0
───────────────────────────────────────────────────
 Lattice spacetime coordinate (ID #3)
 • Position indices: (0, 0)
 • Rescaled imaginary time (tau / beta): 0.0250349
───────────────────────────────────────────────────

Diagram pool size: 1
Diagram pool fermion loop numbers: ( 1 )
Constraints on spacetime coordinates: [x x 0 1]

Subspace saved counts:	[2072624 9827376]
Subspace saved ratios:	[0.17417 0.82583]
Subspace average measured signs:	[1 -0.944297]

Current weight:	-0.318893
Current total acceptance ratio:	0.0951015
Current average ascend ratio:	0.00986773
Current average descend ratio:	0.00986773
Current average mutate ratio:	0.075366

════════════════════
 MC step #13000000
════════════════════

In subspace: [V_0 V_2]
                   ^   
───────────────────────────────────────────────────
 Lattice spacetime coordinate (ID #0)
 • Position indices: (0, 0)
 • Rescaled imaginary time (tau / beta): 0
───────────────────────────────────────────────────
 Lattice spacetime coordinate (ID #1)
 • Position indices: (0, 0)
 • Rescaled imaginary time (tau / beta): 0.928834
───────────────────────────────────────────────────
 Lattice spacetime coordinate (ID #2)
 • Position indices: (0, 0)
 • Rescaled imaginary time (tau / beta): 0
───────────────────────────────────────────────────
 Lattice spacetime coordinate (ID #3)
 • Position indices: (0, 0)
 • Rescaled imaginary time (tau / beta): 0.928834
───────────────────────────────────────────────────

Diagram pool size: 1
Diagram pool fermion loop numbers: ( 1 )
Constraints on spacetime coordinates: [x x 0 1]

Subspace saved counts:	[2253462 10646538]
Subspace saved ratios:	[0.174687 0.825313]
Subspace average measured signs:	[1 -0.944077]

Current weight:	-0.0466328
Current total acceptance ratio:	0.0950977
Current average ascend ratio:	0.00989791
Current average descend ratio:	0.00989791
Current average mutate ratio:	0.0753019

════════════════════
 MC step #14000000
════════════════════

In subspace: [V_0 V_2]
                   ^   
───────────────────────────────────────────────────
 Lattice spacetime coordinate (ID #0)
 • Position indices: (0, 0)
 • Rescaled imaginary time (tau / beta): 0
───────────────────────────────────────────────────
 Lattice spacetime coordinate (ID #1)
 • Position indices: (0, 0)
 • Rescaled imaginary time (tau / beta): 0.506764
───────────────────────────────────────────────────
 Lattice spacetime coordinate (ID #2)
 • Position indices: (0, 0)
 • Rescaled imaginary time (tau / beta): 0
───────────────────────────────────────────────────
 Lattice spacetime coordinate (ID #3)
 • Position indices: (0, 0)
 • Rescaled imaginary time (tau / beta): 0.506764
───────────────────────────────────────────────────

Diagram pool size: 1
Diagram pool fermion loop numbers: ( 1 )
Constraints on spacetime coordinates: [x x 0 1]

Subspace saved counts:	[2422184 11477816]
Subspace saved ratios:	[0.174258 0.825742]
Subspace average measured signs:	[1 -0.944294]

Current weight:	-0.0154862
Current total acceptance ratio:	0.09504
Current average ascend ratio:	0.00987237
Current average descend ratio:	0.00987237
Current average mutate ratio:	0.0752952

════════════════════
 MC step #15000000
════════════════════

In subspace: [V_0 V_2]
                   ^   
───────────────────────────────────────────────────
 Lattice spacetime coordinate (ID #0)
 • Position indices: (0, 0)
 • Rescaled imaginary time (tau / beta): 0
───────────────────────────────────────────────────
 Lattice spacetime coordinate (ID #1)
 • Position indices: (0, 0)
 • Rescaled imaginary time (tau / beta): 0.0334553
───────────────────────────────────────────────────
 Lattice spacetime coordinate (ID #2)
 • Position indices: (0, 0)
 • Rescaled imaginary time (tau / beta): 0
───────────────────────────────────────────────────
 Lattice spacetime coordinate (ID #3)
 • Position indices: (0, 0)
 • Rescaled imaginary time (tau / beta): 0.0334553
───────────────────────────────────────────────────

Diagram pool size: 1
Diagram pool fermion loop numbers: ( 1 )
Constraints on spacetime coordinates: [x x 0 1]

Subspace saved counts:	[2587160 12312840]
Subspace saved ratios:	[0.173635 0.826365]
Subspace average measured signs:	[1 -0.944625]

Current weight:	-0.288678
Current total acceptance ratio:	0.0950114
Current average ascend ratio:	0.00984638
Current average descend ratio:	0.00984638
Current average mutate ratio:	0.0753187

════════════════════
 MC step #16000000
════════════════════

In subspace: [V_0 V_2]
                   ^   
───────────────────────────────────────────────────
 Lattice spacetime coordinate (ID #0)
 • Position indices: (0, 0)
 • Rescaled imaginary time (tau / beta): 0
───────────────────────────────────────────────────
 Lattice spacetime coordinate (ID #1)
 • Position indices: (0, 0)
 • Rescaled imaginary time (tau / beta): 0.0394077
───────────────────────────────────────────────────
 Lattice spacetime coordinate (ID #2)
 • Position indices: (0, 0)
 • Rescaled imaginary time (tau / beta): 0
───────────────────────────────────────────────────
 Lattice spacetime coordinate (ID #3)
 • Position indices: (0, 0)
 • Rescaled imaginary time (tau / beta): 0.0394077
───────────────────────────────────────────────────

Diagram pool size: 1
Diagram pool fermion loop numbers: ( 1 )
Constraints on spacetime coordinates: [x x 0 1]

Subspace saved counts:	[2758526 13141474]
Subspace saved ratios:	[0.173492 0.826508]
Subspace average measured signs:	[1 -0.944532]

Current weight:	-0.269359
Current total acceptance ratio:	0.0949901
Current average ascend ratio:	0.00983748
Current average descend ratio:	0.00983748
Current average mutate ratio:	0.0753152

════════════════════
 MC step #17000000
════════════════════

In subspace: [V_0 V_2]
                   ^   
───────────────────────────────────────────────────
 Lattice spacetime coordinate (ID #0)
 • Position indices: (0, 0)
 • Rescaled imaginary time (tau / beta): 0
───────────────────────────────────────────────────
 Lattice spacetime coordinate (ID #1)
 • Position indices: (0, 0)
 • Rescaled imaginary time (tau / beta): 0.994374
───────────────────────────────────────────────────
 Lattice spacetime coordinate (ID #2)
 • Position indices: (0, 0)
 • Rescaled imaginary time (tau / beta): 0
───────────────────────────────────────────────────
 Lattice spacetime coordinate (ID #3)
 • Position indices: (0, 0)
 • Rescaled imaginary time (tau / beta): 0.994374
───────────────────────────────────────────────────

Diagram pool size: 1
Diagram pool fermion loop numbers: ( 1 )
Constraints on spacetime coordinates: [x x 0 1]

Subspace saved counts:	[2938554 13961446]
Subspace saved ratios:	[0.173879 0.826121]
Subspace average measured signs:	[1 -0.944533]

Current weight:	-0.0732786
Current total acceptance ratio:	0.0949846
Current average ascend ratio:	0.00985112
Current average descend ratio:	0.00985112
Current average mutate ratio:	0.0752824

════════════════════
 MC step #18000000
════════════════════

In subspace: [V_0 V_2]
                   ^   
───────────────────────────────────────────────────
 Lattice spacetime coordinate (ID #0)
 • Position indices: (0, 0)
 • Rescaled imaginary time (tau / beta): 0
───────────────────────────────────────────────────
 Lattice spacetime coordinate (ID #1)
 • Position indices: (0, 0)
 • Rescaled imaginary time (tau / beta): 0.0538285
───────────────────────────────────────────────────
 Lattice spacetime coordinate (ID #2)
 • Position indices: (0, 0)
 • Rescaled imaginary time (tau / beta): 0
───────────────────────────────────────────────────
 Lattice spacetime coordinate (ID #3)
 • Position indices: (0, 0)
 • Rescaled imaginary time (tau / beta): 0.0538285
───────────────────────────────────────────────────

Diagram pool size: 1
Diagram pool fermion loop numbers: ( 1 )
Constraints on spacetime coordinates: [x x 0 1]

Subspace saved counts:	[3112763 14787237]
Subspace saved ratios:	[0.173897 0.826103]
Subspace average measured signs:	[1 -0.944427]

Current weight:	-0.228607
Current total acceptance ratio:	0.0949776
Current average ascend ratio:	0.00985352
Current average descend ratio:	0.00985352
Current average mutate ratio:	0.0752706

════════════════════
 MC step #19000000
════════════════════

In subspace: [V_0 V_2]
                   ^   
───────────────────────────────────────────────────
 Lattice spacetime coordinate (ID #0)
 • Position indices: (0, 0)
 • Rescaled imaginary time (tau / beta): 0
───────────────────────────────────────────────────
 Lattice spacetime coordinate (ID #1)
 • Position indices: (0, 0)
 • Rescaled imaginary time (tau / beta): 0.0234666
───────────────────────────────────────────────────
 Lattice spacetime coordinate (ID #2)
 • Position indices: (0, 0)
 • Rescaled imaginary time (tau / beta): 0
───────────────────────────────────────────────────
 Lattice spacetime coordinate (ID #3)
 • Position indices: (0, 0)
 • Rescaled imaginary time (tau / beta): 0.0234666
───────────────────────────────────────────────────

Diagram pool size: 1
Diagram pool fermion loop numbers: ( 1 )
Constraints on spacetime coordinates: [x x 0 1]

Subspace saved counts:	[3285391 15614609]
Subspace saved ratios:	[0.17383 0.82617]
Subspace average measured signs:	[1 -0.944558]

Current weight:	-0.324925
Current total acceptance ratio:	0.0949882
Current average ascend ratio:	0.00985434
Current average descend ratio:	0.00985434
Current average mutate ratio:	0.0752795

════════════════════
 MC step #20000000
════════════════════

In subspace: [V_0 V_2]
               ^       
Diagram pool size: 1
Diagram pool fermion loop numbers: ( 0 )
Constraints on spacetime coordinates: [x x 0 1]

Subspace saved counts:	[3466214 16433786]
Subspace saved ratios:	[0.174182 0.825818]
Subspace average measured signs:	[1 -0.944499]

Current weight:	0.026788
Current total acceptance ratio:	0.095008
Current average ascend ratio:	0.00986849
Current average descend ratio:	0.00986854
Current average mutate ratio:	0.075271

════════════════════
 MC step #21000000
════════════════════

In subspace: [V_0 V_2]
                   ^   
───────────────────────────────────────────────────
 Lattice spacetime coordinate (ID #0)
 • Position indices: (0, 0)
 • Rescaled imaginary time (tau / beta): 0
───────────────────────────────────────────────────
 Lattice spacetime coordinate (ID #1)
 • Position indices: (0, 0)
 • Rescaled imaginary time (tau / beta): 0.0501961
───────────────────────────────────────────────────
 Lattice spacetime coordinate (ID #2)
 • Position indices: (0, 0)
 • Rescaled imaginary time (tau / beta): 0
───────────────────────────────────────────────────
 Lattice spacetime coordinate (ID #3)
 • Position indices: (0, 0)
 • Rescaled imaginary time (tau / beta): 0.0501961
───────────────────────────────────────────────────

Diagram pool size: 1
Diagram pool fermion loop numbers: ( 1 )
Constraints on spacetime coordinates: [x x 0 1]

Subspace saved counts:	[3641399 17258601]
Subspace saved ratios:	[0.17423 0.82577]
Subspace average measured signs:	[1 -0.944526]

Current weight:	-0.238132
Current total acceptance ratio:	0.0949633
Current average ascend ratio:	0.00986464
Current average descend ratio:	0.00986464
Current average mutate ratio:	0.075234

════════════════════
 MC step #22000000
════════════════════

In subspace: [V_0 V_2]
                   ^   
───────────────────────────────────────────────────
 Lattice spacetime coordinate (ID #0)
 • Position indices: (0, 0)
 • Rescaled imaginary time (tau / beta): 0
───────────────────────────────────────────────────
 Lattice spacetime coordinate (ID #1)
 • Position indices: (0, 0)
 • Rescaled imaginary time (tau / beta): 0.0468502
───────────────────────────────────────────────────
 Lattice spacetime coordinate (ID #2)
 • Position indices: (0, 0)
 • Rescaled imaginary time (tau / beta): 0
───────────────────────────────────────────────────
 Lattice spacetime coordinate (ID #3)
 • Position indices: (0, 0)
 • Rescaled imaginary time (tau / beta): 0.0468502
───────────────────────────────────────────────────

Diagram pool size: 1
Diagram pool fermion loop numbers: ( 1 )
Constraints on spacetime coordinates: [x x 0 1]

Subspace saved counts:	[3817237 18082763]
Subspace saved ratios:	[0.174303 0.825697]
Subspace average measured signs:	[1 -0.944481]

Current weight:	-0.247329
Current total acceptance ratio:	0.0949819
Current average ascend ratio:	0.00987205
Current average descend ratio:	0.00987205
Current average mutate ratio:	0.0752378

════════════════════
 MC step #23000000
════════════════════

In subspace: [V_0 V_2]
                   ^   
───────────────────────────────────────────────────
 Lattice spacetime coordinate (ID #0)
 • Position indices: (0, 0)
 • Rescaled imaginary time (tau / beta): 0
───────────────────────────────────────────────────
 Lattice spacetime coordinate (ID #1)
 • Position indices: (0, 0)
 • Rescaled imaginary time (tau / beta): 0.39527
───────────────────────────────────────────────────
 Lattice spacetime coordinate (ID #2)
 • Position indices: (0, 0)
 • Rescaled imaginary time (tau / beta): 0
───────────────────────────────────────────────────
 Lattice spacetime coordinate (ID #3)
 • Position indices: (0, 0)
 • Rescaled imaginary time (tau / beta): 0.39527
───────────────────────────────────────────────────

Diagram pool size: 1
Diagram pool fermion loop numbers: ( 1 )
Constraints on spacetime coordinates: [x x 0 1]

Subspace saved counts:	[3990213 18909787]
Subspace saved ratios:	[0.174245 0.825755]
Subspace average measured signs:	[1 -0.944518]

Current weight:	-0.0199955
Current total acceptance ratio:	0.0949354
Current average ascend ratio:	0.00986009
Current average descend ratio:	0.00986009
Current average mutate ratio:	0.0752152

════════════════════
 MC step #24000000
════════════════════

In subspace: [V_0 V_2]
               ^       
Diagram pool size: 1
Diagram pool fermion loop numbers: ( 0 )
Constraints on spacetime coordinates: [x x 0 1]

Subspace saved counts:	[4166927 19733073]
Subspace saved ratios:	[0.174348 0.825652]
Subspace average measured signs:	[1 -0.944503]

Current weight:	0.026788
Current total acceptance ratio:	0.0949562
Current average ascend ratio:	0.00986184
Current average descend ratio:	0.00986188
Current average mutate ratio:	0.0752325

════════════════════
 MC step #25000000
════════════════════

In subspace: [V_0 V_2]
                   ^   
───────────────────────────────────────────────────
 Lattice spacetime coordinate (ID #0)
 • Position indices: (0, 0)
 • Rescaled imaginary time (tau / beta): 0
───────────────────────────────────────────────────
 Lattice spacetime coordinate (ID #1)
 • Position indices: (0, 0)
 • Rescaled imaginary time (tau / beta): 0.0944844
───────────────────────────────────────────────────
 Lattice spacetime coordinate (ID #2)
 • Position indices: (0, 0)
 • Rescaled imaginary time (tau / beta): 0
───────────────────────────────────────────────────
 Lattice spacetime coordinate (ID #3)
 • Position indices: (0, 0)
 • Rescaled imaginary time (tau / beta): 0.0944844
───────────────────────────────────────────────────

Diagram pool size: 1
Diagram pool fermion loop numbers: ( 1 )
Constraints on spacetime coordinates: [x x 0 1]

Subspace saved counts:	[4344755 20555245]
Subspace saved ratios:	[0.174488 0.825512]
Subspace average measured signs:	[1 -0.944486]

Current weight:	-0.148113
Current total acceptance ratio:	0.0949716
Current average ascend ratio:	0.00987345
Current average descend ratio:	0.00987345
Current average mutate ratio:	0.0752247

════════════════════
 MC step #26000000
════════════════════

In subspace: [V_0 V_2]
                   ^   
───────────────────────────────────────────────────
 Lattice spacetime coordinate (ID #0)
 • Position indices: (0, 0)
 • Rescaled imaginary time (tau / beta): 0
───────────────────────────────────────────────────
 Lattice spacetime coordinate (ID #1)
 • Position indices: (0, 0)
 • Rescaled imaginary time (tau / beta): 0.0975686
───────────────────────────────────────────────────
 Lattice spacetime coordinate (ID #2)
 • Position indices: (0, 0)
 • Rescaled imaginary time (tau / beta): 0
───────────────────────────────────────────────────
 Lattice spacetime coordinate (ID #3)
 • Position indices: (0, 0)
 • Rescaled imaginary time (tau / beta): 0.0975686
───────────────────────────────────────────────────

Diagram pool size: 1
Diagram pool fermion loop numbers: ( 1 )
Constraints on spacetime coordinates: [x x 0 1]

Subspace saved counts:	[4519380 21380620]
Subspace saved ratios:	[0.174493 0.825507]
Subspace average measured signs:	[1 -0.944518]

Current weight:	-0.14356
Current total acceptance ratio:	0.0949466
Current average ascend ratio:	0.00986749
Current average descend ratio:	0.00986749
Current average mutate ratio:	0.0752116

════════════════════
 MC step #27000000
════════════════════

In subspace: [V_0 V_2]
                   ^   
───────────────────────────────────────────────────
 Lattice spacetime coordinate (ID #0)
 • Position indices: (0, 0)
 • Rescaled imaginary time (tau / beta): 0
───────────────────────────────────────────────────
 Lattice spacetime coordinate (ID #1)
 • Position indices: (0, 0)
 • Rescaled imaginary time (tau / beta): 0.804315
───────────────────────────────────────────────────
 Lattice spacetime coordinate (ID #2)
 • Position indices: (0, 0)
 • Rescaled imaginary time (tau / beta): 0
───────────────────────────────────────────────────
 Lattice spacetime coordinate (ID #3)
 • Position indices: (0, 0)
 • Rescaled imaginary time (tau / beta): 0.804315
───────────────────────────────────────────────────

Diagram pool size: 1
Diagram pool fermion loop numbers: ( 1 )
Constraints on spacetime coordinates: [x x 0 1]

Subspace saved counts:	[4693838 22206162]
Subspace saved ratios:	[0.174492 0.825508]
Subspace average measured signs:	[1 -0.944577]

Current weight:	-0.0242747
Current total acceptance ratio:	0.0949186
Current average ascend ratio:	0.00986019
Current average descend ratio:	0.00986019
Current average mutate ratio:	0.0751982

════════════════════
 MC step #28000000
════════════════════

In subspace: [V_0 V_2]
                   ^   
───────────────────────────────────────────────────
 Lattice spacetime coordinate (ID #0)
 • Position indices: (0, 0)
 • Rescaled imaginary time (tau / beta): 0
───────────────────────────────────────────────────
 Lattice spacetime coordinate (ID #1)
 • Position indices: (0, 0)
 • Rescaled imaginary time (tau / beta): 0.00589987
───────────────────────────────────────────────────
 Lattice spacetime coordinate (ID #2)
 • Position indices: (0, 0)
 • Rescaled imaginary time (tau / beta): 0
───────────────────────────────────────────────────
 Lattice spacetime coordinate (ID #3)
 • Position indices: (0, 0)
 • Rescaled imaginary time (tau / beta): 0.00589987
───────────────────────────────────────────────────

Diagram pool size: 1
Diagram pool fermion loop numbers: ( 1 )
Constraints on spacetime coordinates: [x x 0 1]

Subspace saved counts:	[4872935 23027065]
Subspace saved ratios:	[0.174657 0.825343]
Subspace average measured signs:	[1 -0.944433]

Current weight:	-0.402568
Current total acceptance ratio:	0.0949477
Current average ascend ratio:	0.00986864
Current average descend ratio:	0.00986864
Current average mutate ratio:	0.0752104

════════════════════
 MC step #29000000
════════════════════

In subspace: [V_0 V_2]
               ^       
Diagram pool size: 1
Diagram pool fermion loop numbers: ( 0 )
Constraints on spacetime coordinates: [x x 0 1]

Subspace saved counts:	[5054186 23845814]
Subspace saved ratios:	[0.174885 0.825115]
Subspace average measured signs:	[1 -0.944369]

Current weight:	0.026788
Current total acceptance ratio:	0.0949418
Current average ascend ratio:	0.00987907
Current average descend ratio:	0.0098791
Current average mutate ratio:	0.0751837

════════════════════
 MC step #30000000
════════════════════

In subspace: [V_0 V_2]
                   ^   
───────────────────────────────────────────────────
 Lattice spacetime coordinate (ID #0)
 • Position indices: (0, 0)
 • Rescaled imaginary time (tau / beta): 0
───────────────────────────────────────────────────
 Lattice spacetime coordinate (ID #1)
 • Position indices: (0, 0)
 • Rescaled imaginary time (tau / beta): 0.43209
───────────────────────────────────────────────────
 Lattice spacetime coordinate (ID #2)
 • Position indices: (0, 0)
 • Rescaled imaginary time (tau / beta): 0
───────────────────────────────────────────────────
 Lattice spacetime coordinate (ID #3)
 • Position indices: (0, 0)
 • Rescaled imaginary time (tau / beta): 0.43209
───────────────────────────────────────────────────

Diagram pool size: 1
Diagram pool fermion loop numbers: ( 1 )
Constraints on spacetime coordinates: [x x 0 1]

Subspace saved counts:	[5230024 24669976]
Subspace saved ratios:	[0.174917 0.825083]
Subspace average measured signs:	[1 -0.944386]

Current weight:	-0.0178873
Current total acceptance ratio:	0.094921
Current average ascend ratio:	0.00987635
Current average descend ratio:	0.00987635
Current average mutate ratio:	0.0751683

════════════════════
 MC step #31000000
════════════════════

In subspace: [V_0 V_2]
                   ^   
───────────────────────────────────────────────────
 Lattice spacetime coordinate (ID #0)
 • Position indices: (0, 0)
 • Rescaled imaginary time (tau / beta): 0
───────────────────────────────────────────────────
 Lattice spacetime coordinate (ID #1)
 • Position indices: (0, 0)
 • Rescaled imaginary time (tau / beta): 0.0123263
───────────────────────────────────────────────────
 Lattice spacetime coordinate (ID #2)
 • Position indices: (0, 0)
 • Rescaled imaginary time (tau / beta): 0
───────────────────────────────────────────────────
 Lattice spacetime coordinate (ID #3)
 • Position indices: (0, 0)
 • Rescaled imaginary time (tau / beta): 0.0123263
───────────────────────────────────────────────────

Diagram pool size: 1
Diagram pool fermion loop numbers: ( 1 )
Constraints on spacetime coordinates: [x x 0 1]

Subspace saved counts:	[5400915 25499085]
Subspace saved ratios:	[0.174787 0.825213]
Subspace average measured signs:	[1 -0.944338]

Current weight:	-0.371872
Current total acceptance ratio:	0.09489
Current average ascend ratio:	0.00986854
Current average descend ratio:	0.00986854
Current average mutate ratio:	0.0751529

════════════════════
 MC step #32000000
════════════════════

In subspace: [V_0 V_2]
                   ^   
───────────────────────────────────────────────────
 Lattice spacetime coordinate (ID #0)
 • Position indices: (0, 0)
 • Rescaled imaginary time (tau / beta): 0
───────────────────────────────────────────────────
 Lattice spacetime coordinate (ID #1)
 • Position indices: (0, 0)
 • Rescaled imaginary time (tau / beta): 0.0694773
───────────────────────────────────────────────────
 Lattice spacetime coordinate (ID #2)
 • Position indices: (0, 0)
 • Rescaled imaginary time (tau / beta): 0
───────────────────────────────────────────────────
 Lattice spacetime coordinate (ID #3)
 • Position indices: (0, 0)
 • Rescaled imaginary time (tau / beta): 0.0694773
───────────────────────────────────────────────────

Diagram pool size: 1
Diagram pool fermion loop numbers: ( 1 )
Constraints on spacetime coordinates: [x x 0 1]

Subspace saved counts:	[5568774 26331226]
Subspace saved ratios:	[0.17457 0.82543]
Subspace average measured signs:	[1 -0.944395]

Current weight:	-0.192482
Current total acceptance ratio:	0.0948797
Current average ascend ratio:	0.00985887
Current average descend ratio:	0.00985887
Current average mutate ratio:	0.075162

════════════════════
 MC step #33000000
════════════════════

In subspace: [V_0 V_2]
                   ^   
───────────────────────────────────────────────────
 Lattice spacetime coordinate (ID #0)
 • Position indices: (0, 0)
 • Rescaled imaginary time (tau / beta): 0
───────────────────────────────────────────────────
 Lattice spacetime coordinate (ID #1)
 • Position indices: (0, 0)
 • Rescaled imaginary time (tau / beta): 0.355367
───────────────────────────────────────────────────
 Lattice spacetime coordinate (ID #2)
 • Position indices: (0, 0)
 • Rescaled imaginary time (tau / beta): 0
───────────────────────────────────────────────────
 Lattice spacetime coordinate (ID #3)
 • Position indices: (0, 0)
 • Rescaled imaginary time (tau / beta): 0.355367
───────────────────────────────────────────────────

Diagram pool size: 1
Diagram pool fermion loop numbers: ( 1 )
Constraints on spacetime coordinates: [x x 0 1]

Subspace saved counts:	[5742893 27157107]
Subspace saved ratios:	[0.174556 0.825444]
Subspace average measured signs:	[1 -0.944361]

Current weight:	-0.0232712
Current total acceptance ratio:	0.0948833
Current average ascend ratio:	0.00985802
Current average descend ratio:	0.00985802
Current average mutate ratio:	0.0751673

════════════════════
 MC step #34000000
════════════════════

In subspace: [V_0 V_2]
                   ^   
───────────────────────────────────────────────────
 Lattice spacetime coordinate (ID #0)
 • Position indices: (0, 0)
 • Rescaled imaginary time (tau / beta): 0
───────────────────────────────────────────────────
 Lattice spacetime coordinate (ID #1)
 • Position indices: (0, 0)
 • Rescaled imaginary time (tau / beta): 0.854469
───────────────────────────────────────────────────
 Lattice spacetime coordinate (ID #2)
 • Position indices: (0, 0)
 • Rescaled imaginary time (tau / beta): 0
───────────────────────────────────────────────────
 Lattice spacetime coordinate (ID #3)
 • Position indices: (0, 0)
 • Rescaled imaginary time (tau / beta): 0.854469
───────────────────────────────────────────────────

Diagram pool size: 1
Diagram pool fermion loop numbers: ( 1 )
Constraints on spacetime coordinates: [x x 0 1]

Subspace saved counts:	[5914126 27985874]
Subspace saved ratios:	[0.174458 0.825542]
Subspace average measured signs:	[1 -0.944422]

Current weight:	-0.0305657
Current total acceptance ratio:	0.0948746
Current average ascend ratio:	0.00984962
Current average descend ratio:	0.00984962
Current average mutate ratio:	0.0751754

════════════════════
 MC step #35000000
════════════════════

In subspace: [V_0 V_2]
                   ^   
───────────────────────────────────────────────────
 Lattice spacetime coordinate (ID #0)
 • Position indices: (0, 0)
 • Rescaled imaginary time (tau / beta): 0
───────────────────────────────────────────────────
 Lattice spacetime coordinate (ID #1)
 • Position indices: (0, 0)
 • Rescaled imaginary time (tau / beta): 0.871032
───────────────────────────────────────────────────
 Lattice spacetime coordinate (ID #2)
 • Position indices: (0, 0)
 • Rescaled imaginary time (tau / beta): 0
───────────────────────────────────────────────────
 Lattice spacetime coordinate (ID #3)
 • Position indices: (0, 0)
 • Rescaled imaginary time (tau / beta): 0.871032
───────────────────────────────────────────────────

Diagram pool size: 1
Diagram pool fermion loop numbers: ( 1 )
Constraints on spacetime coordinates: [x x 0 1]

Subspace saved counts:	[6089767 28810233]
Subspace saved ratios:	[0.174492 0.825508]
Subspace average measured signs:	[1 -0.944294]

Current weight:	-0.033302
Current total acceptance ratio:	0.0948691
Current average ascend ratio:	0.00985375
Current average descend ratio:	0.00985375
Current average mutate ratio:	0.0751615

════════════════════
 MC step #36000000
════════════════════

In subspace: [V_0 V_2]
                   ^   
───────────────────────────────────────────────────
 Lattice spacetime coordinate (ID #0)
 • Position indices: (0, 0)
 • Rescaled imaginary time (tau / beta): 0
───────────────────────────────────────────────────
 Lattice spacetime coordinate (ID #1)
 • Position indices: (0, 0)
 • Rescaled imaginary time (tau / beta): 0.950099
───────────────────────────────────────────────────
 Lattice spacetime coordinate (ID #2)
 • Position indices: (0, 0)
 • Rescaled imaginary time (tau / beta): 0
───────────────────────────────────────────────────
 Lattice spacetime coordinate (ID #3)
 • Position indices: (0, 0)
 • Rescaled imaginary time (tau / beta): 0.950099
───────────────────────────────────────────────────

Diagram pool size: 1
Diagram pool fermion loop numbers: ( 1 )
Constraints on spacetime coordinates: [x x 0 1]

Subspace saved counts:	[6257526 29642474]
Subspace saved ratios:	[0.174304 0.825696]
Subspace average measured signs:	[1 -0.944356]

Current weight:	-0.0535597
Current total acceptance ratio:	0.0948604
Current average ascend ratio:	0.0098439
Current average descend ratio:	0.0098439
Current average mutate ratio:	0.0751726

════════════════════
 MC step #37000000
════════════════════

In subspace: [V_0 V_2]
                   ^   
───────────────────────────────────────────────────
 Lattice spacetime coordinate (ID #0)
 • Position indices: (0, 0)
 • Rescaled imaginary time (tau / beta): 0
───────────────────────────────────────────────────
 Lattice spacetime coordinate (ID #1)
 • Position indices: (0, 0)
 • Rescaled imaginary time (tau / beta): 0.960917
───────────────────────────────────────────────────
 Lattice spacetime coordinate (ID #2)
 • Position indices: (0, 0)
 • Rescaled imaginary time (tau / beta): 0
───────────────────────────────────────────────────
 Lattice spacetime coordinate (ID #3)
 • Position indices: (0, 0)
 • Rescaled imaginary time (tau / beta): 0.960917
───────────────────────────────────────────────────

Diagram pool size: 1
Diagram pool fermion loop numbers: ( 1 )
Constraints on spacetime coordinates: [x x 0 1]

Subspace saved counts:	[6421858 30478142]
Subspace saved ratios:	[0.174034 0.825966]
Subspace average measured signs:	[1 -0.944401]

Current weight:	-0.0576424
Current total acceptance ratio:	0.0948369
Current average ascend ratio:	0.0098329
Current average descend ratio:	0.0098329
Current average mutate ratio:	0.0751711

════════════════════
 MC step #38000000
════════════════════

In subspace: [V_0 V_2]
                   ^   
───────────────────────────────────────────────────
 Lattice spacetime coordinate (ID #0)
 • Position indices: (0, 0)
 • Rescaled imaginary time (tau / beta): 0
───────────────────────────────────────────────────
 Lattice spacetime coordinate (ID #1)
 • Position indices: (0, 0)
 • Rescaled imaginary time (tau / beta): 0.870458
───────────────────────────────────────────────────
 Lattice spacetime coordinate (ID #2)
 • Position indices: (0, 0)
 • Rescaled imaginary time (tau / beta): 0
───────────────────────────────────────────────────
 Lattice spacetime coordinate (ID #3)
 • Position indices: (0, 0)
 • Rescaled imaginary time (tau / beta): 0.870458
───────────────────────────────────────────────────

Diagram pool size: 1
Diagram pool fermion loop numbers: ( 1 )
Constraints on spacetime coordinates: [x x 0 1]

Subspace saved counts:	[6592931 31307069]
Subspace saved ratios:	[0.173956 0.826044]
Subspace average measured signs:	[1 -0.944407]

Current weight:	-0.0332007
Current total acceptance ratio:	0.0948285
Current average ascend ratio:	0.00982823
Current average descend ratio:	0.00982823
Current average mutate ratio:	0.075172

════════════════════
 MC step #39000000
════════════════════

In subspace: [V_0 V_2]
                   ^   
───────────────────────────────────────────────────
 Lattice spacetime coordinate (ID #0)
 • Position indices: (0, 0)
 • Rescaled imaginary time (tau / beta): 0
───────────────────────────────────────────────────
 Lattice spacetime coordinate (ID #1)
 • Position indices: (0, 0)
 • Rescaled imaginary time (tau / beta): 0.581508
───────────────────────────────────────────────────
 Lattice spacetime coordinate (ID #2)
 • Position indices: (0, 0)
 • Rescaled imaginary time (tau / beta): 0
───────────────────────────────────────────────────
 Lattice spacetime coordinate (ID #3)
 • Position indices: (0, 0)
 • Rescaled imaginary time (tau / beta): 0.581508
───────────────────────────────────────────────────

Diagram pool size: 1
Diagram pool fermion loop numbers: ( 1 )
Constraints on spacetime coordinates: [x x 0 1]

Subspace saved counts:	[6764448 32135552]
Subspace saved ratios:	[0.173893 0.826107]
Subspace average measured signs:	[1 -0.94441]

Current weight:	-0.0149084
Current total acceptance ratio:	0.094832
Current average ascend ratio:	0.0098209
Current average descend ratio:	0.0098209
Current average mutate ratio:	0.0751902

════════════════════
 MC step #40000000
════════════════════

In subspace: [V_0 V_2]
                   ^   
───────────────────────────────────────────────────
 Lattice spacetime coordinate (ID #0)
 • Position indices: (0, 0)
 • Rescaled imaginary time (tau / beta): 0
───────────────────────────────────────────────────
 Lattice spacetime coordinate (ID #1)
 • Position indices: (0, 0)
 • Rescaled imaginary time (tau / beta): 0.21408
───────────────────────────────────────────────────
 Lattice spacetime coordinate (ID #2)
 • Position indices: (0, 0)
 • Rescaled imaginary time (tau / beta): 0
───────────────────────────────────────────────────
 Lattice spacetime coordinate (ID #3)
 • Position indices: (0, 0)
 • Rescaled imaginary time (tau / beta): 0.21408
───────────────────────────────────────────────────

Diagram pool size: 1
Diagram pool fermion loop numbers: ( 1 )
Constraints on spacetime coordinates: [x x 0 1]

Subspace saved counts:	[6939675 32960325]
Subspace saved ratios:	[0.173927 0.826073]
Subspace average measured signs:	[1 -0.94438]

Current weight:	-0.0522707
Current total acceptance ratio:	0.0948317
Current average ascend ratio:	0.00982138
Current average descend ratio:	0.00982138
Current average mutate ratio:	0.0751889

════════════════════
 MC step #41000000
════════════════════

In subspace: [V_0 V_2]
                   ^   
───────────────────────────────────────────────────
 Lattice spacetime coordinate (ID #0)
 • Position indices: (0, 0)
 • Rescaled imaginary time (tau / beta): 0
───────────────────────────────────────────────────
 Lattice spacetime coordinate (ID #1)
 • Position indices: (0, 0)
 • Rescaled imaginary time (tau / beta): 0.733893
───────────────────────────────────────────────────
 Lattice spacetime coordinate (ID #2)
 • Position indices: (0, 0)
 • Rescaled imaginary time (tau / beta): 0
───────────────────────────────────────────────────
 Lattice spacetime coordinate (ID #3)
 • Position indices: (0, 0)
 • Rescaled imaginary time (tau / beta): 0.733893
───────────────────────────────────────────────────

Diagram pool size: 1
Diagram pool fermion loop numbers: ( 1 )
Constraints on spacetime coordinates: [x x 0 1]

Subspace saved counts:	[7109500 33790500]
Subspace saved ratios:	[0.173826 0.826174]
Subspace average measured signs:	[1 -0.944374]

Current weight:	-0.0189188
Current total acceptance ratio:	0.0948289
Current average ascend ratio:	0.00981518
Current average descend ratio:	0.00981518
Current average mutate ratio:	0.0751985

════════════════════
 MC step #42000000
════════════════════

In subspace: [V_0 V_2]
                   ^   
───────────────────────────────────────────────────
 Lattice spacetime coordinate (ID #0)
 • Position indices: (0, 0)
 • Rescaled imaginary time (tau / beta): 0
───────────────────────────────────────────────────
 Lattice spacetime coordinate (ID #1)
 • Position indices: (0, 29)
 • Rescaled imaginary time (tau / beta): 0.755965
───────────────────────────────────────────────────
 Lattice spacetime coordinate (ID #2)
 • Position indices: (0, 0)
 • Rescaled imaginary time (tau / beta): 0
───────────────────────────────────────────────────
 Lattice spacetime coordinate (ID #3)
 • Position indices: (0, 29)
 • Rescaled imaginary time (tau / beta): 0.755965
───────────────────────────────────────────────────

Diagram pool size: 1
Diagram pool fermion loop numbers: ( 1 )
Constraints on spacetime coordinates: [x x 0 1]

Subspace saved counts:	[7284157 34615843]
Subspace saved ratios:	[0.173846 0.826154]
Subspace average measured signs:	[1 -0.944353]

Current weight:	-0.00145231
Current total acceptance ratio:	0.0948434
Current average ascend ratio:	0.00981637
Current average descend ratio:	0.00981637
Current average mutate ratio:	0.0752107

════════════════════
 MC step #43000000
════════════════════

In subspace: [V_0 V_2]
                   ^   
───────────────────────────────────────────────────
 Lattice spacetime coordinate (ID #0)
 • Position indices: (0, 0)
 • Rescaled imaginary time (tau / beta): 0
───────────────────────────────────────────────────
 Lattice spacetime coordinate (ID #1)
 • Position indices: (0, 0)
 • Rescaled imaginary time (tau / beta): 0.0633363
───────────────────────────────────────────────────
 Lattice spacetime coordinate (ID #2)
 • Position indices: (0, 0)
 • Rescaled imaginary time (tau / beta): 0
───────────────────────────────────────────────────
 Lattice spacetime coordinate (ID #3)
 • Position indices: (0, 0)
 • Rescaled imaginary time (tau / beta): 0.0633363
───────────────────────────────────────────────────

Diagram pool size: 1
Diagram pool fermion loop numbers: ( 1 )
Constraints on spacetime coordinates: [x x 0 1]

Subspace saved counts:	[7459250 35440750]
Subspace saved ratios:	[0.173875 0.826125]
Subspace average measured signs:	[1 -0.944327]

Current weight:	-0.20577
Current total acceptance ratio:	0.0948549
Current average ascend ratio:	0.00982319
Current average descend ratio:	0.00982319
Current average mutate ratio:	0.0752085

════════════════════
 MC step #44000000
════════════════════

In subspace: [V_0 V_2]
                   ^   
───────────────────────────────────────────────────
 Lattice spacetime coordinate (ID #0)
 • Position indices: (0, 0)
 • Rescaled imaginary time (tau / beta): 0
───────────────────────────────────────────────────
 Lattice spacetime coordinate (ID #1)
 • Position indices: (0, 0)
 • Rescaled imaginary time (tau / beta): 0.391197
───────────────────────────────────────────────────
 Lattice spacetime coordinate (ID #2)
 • Position indices: (0, 0)
 • Rescaled imaginary time (tau / beta): 0
───────────────────────────────────────────────────
 Lattice spacetime coordinate (ID #3)
 • Position indices: (0, 0)
 • Rescaled imaginary time (tau / beta): 0.391197
───────────────────────────────────────────────────

Diagram pool size: 1
Diagram pool fermion loop numbers: ( 1 )
Constraints on spacetime coordinates: [x x 0 1]

Subspace saved counts:	[7642087 36257913]
Subspace saved ratios:	[0.174079 0.825921]
Subspace average measured signs:	[1 -0.944294]

Current weight:	-0.0202772
Current total acceptance ratio:	0.0948633
Current average ascend ratio:	0.00983191
Current average descend ratio:	0.00983191
Current average mutate ratio:	0.0751995

════════════════════
 MC step #45000000
════════════════════

In subspace: [V_0 V_2]
                   ^   
───────────────────────────────────────────────────
 Lattice spacetime coordinate (ID #0)
 • Position indices: (0, 0)
 • Rescaled imaginary time (tau / beta): 0
───────────────────────────────────────────────────
 Lattice spacetime coordinate (ID #1)
 • Position indices: (0, 0)
 • Rescaled imaginary time (tau / beta): 0.0367953
───────────────────────────────────────────────────
 Lattice spacetime coordinate (ID #2)
 • Position indices: (0, 0)
 • Rescaled imaginary time (tau / beta): 0
───────────────────────────────────────────────────
 Lattice spacetime coordinate (ID #3)
 • Position indices: (0, 0)
 • Rescaled imaginary time (tau / beta): 0.0367953
───────────────────────────────────────────────────

Diagram pool size: 1
Diagram pool fermion loop numbers: ( 1 )
Constraints on spacetime coordinates: [x x 0 1]

Subspace saved counts:	[7820142 37079858]
Subspace saved ratios:	[0.174168 0.825832]
Subspace average measured signs:	[1 -0.944291]

Current weight:	-0.277642
Current total acceptance ratio:	0.0948649
Current average ascend ratio:	0.00983359
Current average descend ratio:	0.00983359
Current average mutate ratio:	0.0751977

════════════════════
 MC step #46000000
════════════════════

In subspace: [V_0 V_2]
               ^       
Diagram pool size: 1
Diagram pool fermion loop numbers: ( 0 )
Constraints on spacetime coordinates: [x x 0 1]

Subspace saved counts:	[7991710 37908290]
Subspace saved ratios:	[0.174111 0.825889]
Subspace average measured signs:	[1 -0.944291]

Current weight:	0.026788
Current total acceptance ratio:	0.0948495
Current average ascend ratio:	0.0098295
Current average descend ratio:	0.00982952
Current average mutate ratio:	0.0751905

════════════════════
 MC step #47000000
════════════════════

In subspace: [V_0 V_2]
                   ^   
───────────────────────────────────────────────────
 Lattice spacetime coordinate (ID #0)
 • Position indices: (0, 0)
 • Rescaled imaginary time (tau / beta): 0
───────────────────────────────────────────────────
 Lattice spacetime coordinate (ID #1)
 • Position indices: (0, 0)
 • Rescaled imaginary time (tau / beta): 0.031528
───────────────────────────────────────────────────
 Lattice spacetime coordinate (ID #2)
 • Position indices: (0, 0)
 • Rescaled imaginary time (tau / beta): 0
───────────────────────────────────────────────────
 Lattice spacetime coordinate (ID #3)
 • Position indices: (0, 0)
 • Rescaled imaginary time (tau / beta): 0.031528
───────────────────────────────────────────────────

Diagram pool size: 1
Diagram pool fermion loop numbers: ( 1 )
Constraints on spacetime coordinates: [x x 0 1]

Subspace saved counts:	[8173366 38726634]
Subspace saved ratios:	[0.174272 0.825728]
Subspace average measured signs:	[1 -0.944211]

Current weight:	-0.295283
Current total acceptance ratio:	0.0948607
Current average ascend ratio:	0.00983669
Current average descend ratio:	0.00983669
Current average mutate ratio:	0.0751873

════════════════════
 MC step #48000000
════════════════════

In subspace: [V_0 V_2]
                   ^   
───────────────────────────────────────────────────
 Lattice spacetime coordinate (ID #0)
 • Position indices: (0, 0)
 • Rescaled imaginary time (tau / beta): 0
───────────────────────────────────────────────────
 Lattice spacetime coordinate (ID #1)
 • Position indices: (0, 0)
 • Rescaled imaginary time (tau / beta): 0.0946593
───────────────────────────────────────────────────
 Lattice spacetime coordinate (ID #2)
 • Position indices: (0, 0)
 • Rescaled imaginary time (tau / beta): 0
───────────────────────────────────────────────────
 Lattice spacetime coordinate (ID #3)
 • Position indices: (0, 0)
 • Rescaled imaginary time (tau / beta): 0.0946593
───────────────────────────────────────────────────

Diagram pool size: 1
Diagram pool fermion loop numbers: ( 1 )
Constraints on spacetime coordinates: [x x 0 1]

Subspace saved counts:	[8338782 39561218]
Subspace saved ratios:	[0.174087 0.825913]
Subspace average measured signs:	[1 -0.944266]

Current weight:	-0.147851
Current total acceptance ratio:	0.0948548
Current average ascend ratio:	0.00982739
Current average descend ratio:	0.00982739
Current average mutate ratio:	0.0752

════════════════════
 MC step #49000000
════════════════════

In subspace: [V_0 V_2]
                   ^   
───────────────────────────────────────────────────
 Lattice spacetime coordinate (ID #0)
 • Position indices: (0, 0)
 • Rescaled imaginary time (tau / beta): 0
───────────────────────────────────────────────────
 Lattice spacetime coordinate (ID #1)
 • Position indices: (0, 0)
 • Rescaled imaginary time (tau / beta): 0.931827
───────────────────────────────────────────────────
 Lattice spacetime coordinate (ID #2)
 • Position indices: (0, 0)
 • Rescaled imaginary time (tau / beta): 0
───────────────────────────────────────────────────
 Lattice spacetime coordinate (ID #3)
 • Position indices: (0, 0)
 • Rescaled imaginary time (tau / beta): 0.931827
───────────────────────────────────────────────────

Diagram pool size: 1
Diagram pool fermion loop numbers: ( 1 )
Constraints on spacetime coordinates: [x x 0 1]

Subspace saved counts:	[8512273 40387727]
Subspace saved ratios:	[0.174075 0.825925]
Subspace average measured signs:	[1 -0.944252]

Current weight:	-0.0475282
Current total acceptance ratio:	0.094851
Current average ascend ratio:	0.00982693
Current average descend ratio:	0.00982693
Current average mutate ratio:	0.0751971

════════════════════
 MC step #50000000
════════════════════

In subspace: [V_0 V_2]
                   ^   
───────────────────────────────────────────────────
 Lattice spacetime coordinate (ID #0)
 • Position indices: (0, 0)
 • Rescaled imaginary time (tau / beta): 0
───────────────────────────────────────────────────
 Lattice spacetime coordinate (ID #1)
 • Position indices: (0, 0)
 • Rescaled imaginary time (tau / beta): 0.0509404
───────────────────────────────────────────────────
 Lattice spacetime coordinate (ID #2)
 • Position indices: (0, 0)
 • Rescaled imaginary time (tau / beta): 0
───────────────────────────────────────────────────
 Lattice spacetime coordinate (ID #3)
 • Position indices: (0, 0)
 • Rescaled imaginary time (tau / beta): 0.0509404
───────────────────────────────────────────────────

Diagram pool size: 1
Diagram pool fermion loop numbers: ( 1 )
Constraints on spacetime coordinates: [x x 0 1]

Subspace saved counts:	[8694803 41205197]
Subspace saved ratios:	[0.174245 0.825755]
Subspace average measured signs:	[1 -0.944198]

Current weight:	-0.236142
Current total acceptance ratio:	0.094876
Current average ascend ratio:	0.00983709
Current average descend ratio:	0.00983709
Current average mutate ratio:	0.0752018
Final results:
════════════════════
 MC step #50100000
════════════════════

In subspace: [V_0 V_2]
               ^       
Diagram pool size: 1
Diagram pool fermion loop numbers: ( 0 )
Constraints on spacetime coordinates: [x x 0 1]

Subspace saved counts:	[8713158 41286842]
Subspace saved ratios:	[0.174263 0.825737]
Subspace average measured signs:	[1 -0.944177]

Current weight:	0.026788
Current total acceptance ratio:	0.0948781
Current average ascend ratio:	0.00983788
Current average descend ratio:	0.0098379
Current average mutate ratio:	0.0752023

Normalization constant: C / N_{s,0} =3.07443e-09

Job ended at:	Thu Jul  1 17:10:50 2021
Elapsed time:	867 seconds
