MPI run with 1 thread(s)
Job started at:	Tue Jun 29 19:02:21 2021
UNIX timestamp:	1625007741

════════════════════
 MC step #1000000
════════════════════

In subspace: [V_0 V_3]
                   ^   
───────────────────────────────────────────────────
 Lattice spacetime coordinate (ID #0)
 • Position indices: (0, 0)
 • Rescaled imaginary time (tau / beta): 0
───────────────────────────────────────────────────
 Lattice spacetime coordinate (ID #1)
 • Position indices: (54, 10)
 • Rescaled imaginary time (tau / beta): 0.148755
───────────────────────────────────────────────────
 Lattice spacetime coordinate (ID #2)
 • Position indices: (53, 9)
 • Rescaled imaginary time (tau / beta): 0.145186
───────────────────────────────────────────────────
 Lattice spacetime coordinate (ID #3)
 • Position indices: (53, 9)
 • Rescaled imaginary time (tau / beta): 0.145186
───────────────────────────────────────────────────
 Lattice spacetime coordinate (ID #4)
 • Position indices: (53, 8)
 • Rescaled imaginary time (tau / beta): 0.144471
───────────────────────────────────────────────────
 Lattice spacetime coordinate (ID #5)
 • Position indices: (53, 8)
 • Rescaled imaginary time (tau / beta): 0.144471
───────────────────────────────────────────────────

Diagram pool size: 5
Diagram pool fermion loop numbers: ( 2 2 2 2 2 )
Constraints on spacetime coordinates: [x x x 2 x 4]

Subspace saved counts:	[251630 648370]
Subspace saved ratios:	[0.279589 0.72041]
Subspace average measured signs:	[1 -0.0739701]

Current weight:	9.56653e-09
Current total acceptance ratio:	0.0644255
Current average ascend ratio:	0.00366666
Current average descend ratio:	0.00366666
Current average mutate ratio:	0.0570922

════════════════════
 MC step #2000000
════════════════════

In subspace: [V_0 V_3]
                   ^   
───────────────────────────────────────────────────
 Lattice spacetime coordinate (ID #0)
 • Position indices: (0, 0)
 • Rescaled imaginary time (tau / beta): 0
───────────────────────────────────────────────────
 Lattice spacetime coordinate (ID #1)
 • Position indices: (37, 25)
 • Rescaled imaginary time (tau / beta): 0.0997899
───────────────────────────────────────────────────
 Lattice spacetime coordinate (ID #2)
 • Position indices: (25, 31)
 • Rescaled imaginary time (tau / beta): 0.932591
───────────────────────────────────────────────────
 Lattice spacetime coordinate (ID #3)
 • Position indices: (25, 31)
 • Rescaled imaginary time (tau / beta): 0.932591
───────────────────────────────────────────────────
 Lattice spacetime coordinate (ID #4)
 • Position indices: (26, 29)
 • Rescaled imaginary time (tau / beta): 0.94267
───────────────────────────────────────────────────
 Lattice spacetime coordinate (ID #5)
 • Position indices: (26, 29)
 • Rescaled imaginary time (tau / beta): 0.94267
───────────────────────────────────────────────────

Diagram pool size: 5
Diagram pool fermion loop numbers: ( 2 2 2 2 2 )
Constraints on spacetime coordinates: [x x x 2 x 4]

Subspace saved counts:	[410950 1489050]
Subspace saved ratios:	[0.216289 0.78371]
Subspace average measured signs:	[1 -0.0816145]

Current weight:	-4.4042e-14
Current total acceptance ratio:	0.0681068
Current average ascend ratio:	0.00285526
Current average descend ratio:	0.00285526
Current average mutate ratio:	0.0623963

════════════════════
 MC step #3000000
════════════════════

In subspace: [V_0 V_3]
                   ^   
───────────────────────────────────────────────────
 Lattice spacetime coordinate (ID #0)
 • Position indices: (0, 0)
 • Rescaled imaginary time (tau / beta): 0
───────────────────────────────────────────────────
 Lattice spacetime coordinate (ID #1)
 • Position indices: (61, 6)
 • Rescaled imaginary time (tau / beta): 0.984356
───────────────────────────────────────────────────
 Lattice spacetime coordinate (ID #2)
 • Position indices: (14, 14)
 • Rescaled imaginary time (tau / beta): 0.150184
───────────────────────────────────────────────────
 Lattice spacetime coordinate (ID #3)
 • Position indices: (14, 14)
 • Rescaled imaginary time (tau / beta): 0.150184
───────────────────────────────────────────────────
 Lattice spacetime coordinate (ID #4)
 • Position indices: (13, 15)
 • Rescaled imaginary time (tau / beta): 0.158594
───────────────────────────────────────────────────
 Lattice spacetime coordinate (ID #5)
 • Position indices: (13, 15)
 • Rescaled imaginary time (tau / beta): 0.158594
───────────────────────────────────────────────────

Diagram pool size: 5
Diagram pool fermion loop numbers: ( 2 2 2 2 2 )
Constraints on spacetime coordinates: [x x x 2 x 4]

Subspace saved counts:	[530653 2369347]
Subspace saved ratios:	[0.182984 0.817016]
Subspace average measured signs:	[1 -0.090611]

Current weight:	2.54411e-11
Current total acceptance ratio:	0.0694751
Current average ascend ratio:	0.00240586
Current average descend ratio:	0.00240586
Current average mutate ratio:	0.0646634

════════════════════
 MC step #4000000
════════════════════

In subspace: [V_0 V_3]
                   ^   
───────────────────────────────────────────────────
 Lattice spacetime coordinate (ID #0)
 • Position indices: (0, 0)
 • Rescaled imaginary time (tau / beta): 0
───────────────────────────────────────────────────
 Lattice spacetime coordinate (ID #1)
 • Position indices: (19, 40)
 • Rescaled imaginary time (tau / beta): 0.288941
───────────────────────────────────────────────────
 Lattice spacetime coordinate (ID #2)
 • Position indices: (22, 42)
 • Rescaled imaginary time (tau / beta): 0.222511
───────────────────────────────────────────────────
 Lattice spacetime coordinate (ID #3)
 • Position indices: (22, 42)
 • Rescaled imaginary time (tau / beta): 0.222511
───────────────────────────────────────────────────
 Lattice spacetime coordinate (ID #4)
 • Position indices: (21, 43)
 • Rescaled imaginary time (tau / beta): 0.2424
───────────────────────────────────────────────────
 Lattice spacetime coordinate (ID #5)
 • Position indices: (21, 43)
 • Rescaled imaginary time (tau / beta): 0.2424
───────────────────────────────────────────────────

Diagram pool size: 5
Diagram pool fermion loop numbers: ( 2 2 2 2 2 )
Constraints on spacetime coordinates: [x x x 2 x 4]

Subspace saved counts:	[728542 3171458]
Subspace saved ratios:	[0.186806 0.813194]
Subspace average measured signs:	[1 -0.0878132]

Current weight:	-8.466e-12
Current total acceptance ratio:	0.0697595
Current average ascend ratio:	0.00247359
Current average descend ratio:	0.00247359
Current average mutate ratio:	0.0648123

════════════════════
 MC step #5000000
════════════════════

In subspace: [V_0 V_3]
                   ^   
───────────────────────────────────────────────────
 Lattice spacetime coordinate (ID #0)
 • Position indices: (0, 0)
 • Rescaled imaginary time (tau / beta): 0
───────────────────────────────────────────────────
 Lattice spacetime coordinate (ID #1)
 • Position indices: (0, 0)
 • Rescaled imaginary time (tau / beta): 0.950208
───────────────────────────────────────────────────
 Lattice spacetime coordinate (ID #2)
 • Position indices: (9, 52)
 • Rescaled imaginary time (tau / beta): 0.903725
───────────────────────────────────────────────────
 Lattice spacetime coordinate (ID #3)
 • Position indices: (9, 52)
 • Rescaled imaginary time (tau / beta): 0.903725
───────────────────────────────────────────────────
 Lattice spacetime coordinate (ID #4)
 • Position indices: (10, 50)
 • Rescaled imaginary time (tau / beta): 0.909858
───────────────────────────────────────────────────
 Lattice spacetime coordinate (ID #5)
 • Position indices: (10, 50)
 • Rescaled imaginary time (tau / beta): 0.909858
───────────────────────────────────────────────────

Diagram pool size: 5
Diagram pool fermion loop numbers: ( 2 2 2 2 2 )
Constraints on spacetime coordinates: [x x x 2 x 4]

Subspace saved counts:	[931931 3968069]
Subspace saved ratios:	[0.19019 0.80981]
Subspace average measured signs:	[1 -0.0881867]

Current weight:	1.32546e-11
Current total acceptance ratio:	0.0703412
Current average ascend ratio:	0.00251694
Current average descend ratio:	0.00251694
Current average mutate ratio:	0.0653073

════════════════════
 MC step #6000000
════════════════════

In subspace: [V_0 V_3]
                   ^   
───────────────────────────────────────────────────
 Lattice spacetime coordinate (ID #0)
 • Position indices: (0, 0)
 • Rescaled imaginary time (tau / beta): 0
───────────────────────────────────────────────────
 Lattice spacetime coordinate (ID #1)
 • Position indices: (61, 60)
 • Rescaled imaginary time (tau / beta): 0.99677
───────────────────────────────────────────────────
 Lattice spacetime coordinate (ID #2)
 • Position indices: (61, 60)
 • Rescaled imaginary time (tau / beta): 0.991733
───────────────────────────────────────────────────
 Lattice spacetime coordinate (ID #3)
 • Position indices: (61, 60)
 • Rescaled imaginary time (tau / beta): 0.991733
───────────────────────────────────────────────────
 Lattice spacetime coordinate (ID #4)
 • Position indices: (61, 60)
 • Rescaled imaginary time (tau / beta): 0.991255
───────────────────────────────────────────────────
 Lattice spacetime coordinate (ID #5)
 • Position indices: (61, 60)
 • Rescaled imaginary time (tau / beta): 0.991255
───────────────────────────────────────────────────

Diagram pool size: 5
Diagram pool fermion loop numbers: ( 2 2 2 2 2 )
Constraints on spacetime coordinates: [x x x 2 x 4]

Subspace saved counts:	[1146126 4753874]
Subspace saved ratios:	[0.194259 0.805741]
Subspace average measured signs:	[1 -0.0856729]

Current weight:	1.5495e-05
Current total acceptance ratio:	0.0704042
Current average ascend ratio:	0.00257983
Current average descend ratio:	0.00257983
Current average mutate ratio:	0.0652446

════════════════════
 MC step #7000000
════════════════════

In subspace: [V_0 V_3]
                   ^   
───────────────────────────────────────────────────
 Lattice spacetime coordinate (ID #0)
 • Position indices: (0, 0)
 • Rescaled imaginary time (tau / beta): 0
───────────────────────────────────────────────────
 Lattice spacetime coordinate (ID #1)
 • Position indices: (45, 43)
 • Rescaled imaginary time (tau / beta): 0.851962
───────────────────────────────────────────────────
 Lattice spacetime coordinate (ID #2)
 • Position indices: (1, 0)
 • Rescaled imaginary time (tau / beta): 0.0372723
───────────────────────────────────────────────────
 Lattice spacetime coordinate (ID #3)
 • Position indices: (1, 0)
 • Rescaled imaginary time (tau / beta): 0.0372723
───────────────────────────────────────────────────
 Lattice spacetime coordinate (ID #4)
 • Position indices: (1, 1)
 • Rescaled imaginary time (tau / beta): 0.0340455
───────────────────────────────────────────────────
 Lattice spacetime coordinate (ID #5)
 • Position indices: (1, 1)
 • Rescaled imaginary time (tau / beta): 0.0340455
───────────────────────────────────────────────────

Diagram pool size: 5
Diagram pool fermion loop numbers: ( 2 2 2 2 2 )
Constraints on spacetime coordinates: [x x x 2 x 4]

Subspace saved counts:	[1267585 5632415]
Subspace saved ratios:	[0.183708 0.816292]
Subspace average measured signs:	[1 -0.0857563]

Current weight:	-4.44267e-11
Current total acceptance ratio:	0.0708697
Current average ascend ratio:	0.00243971
Current average descend ratio:	0.00243971
Current average mutate ratio:	0.0659903

════════════════════
 MC step #8000000
════════════════════

In subspace: [V_0 V_3]
                   ^   
───────────────────────────────────────────────────
 Lattice spacetime coordinate (ID #0)
 • Position indices: (0, 0)
 • Rescaled imaginary time (tau / beta): 0
───────────────────────────────────────────────────
 Lattice spacetime coordinate (ID #1)
 • Position indices: (47, 47)
 • Rescaled imaginary time (tau / beta): 0.0948823
───────────────────────────────────────────────────
 Lattice spacetime coordinate (ID #2)
 • Position indices: (44, 49)
 • Rescaled imaginary time (tau / beta): 0.00704861
───────────────────────────────────────────────────
 Lattice spacetime coordinate (ID #3)
 • Position indices: (44, 49)
 • Rescaled imaginary time (tau / beta): 0.00704861
───────────────────────────────────────────────────
 Lattice spacetime coordinate (ID #4)
 • Position indices: (45, 48)
 • Rescaled imaginary time (tau / beta): 0.698319
───────────────────────────────────────────────────
 Lattice spacetime coordinate (ID #5)
 • Position indices: (45, 48)
 • Rescaled imaginary time (tau / beta): 0.698319
───────────────────────────────────────────────────

Diagram pool size: 5
Diagram pool fermion loop numbers: ( 2 2 2 2 2 )
Constraints on spacetime coordinates: [x x x 2 x 4]

Subspace saved counts:	[1448645 6451355]
Subspace saved ratios:	[0.183373 0.816627]
Subspace average measured signs:	[1 -0.0831613]

Current weight:	1.26768e-14
Current total acceptance ratio:	0.0710142
Current average ascend ratio:	0.00243076
Current average descend ratio:	0.00243076
Current average mutate ratio:	0.0661526

════════════════════
 MC step #9000000
════════════════════

In subspace: [V_0 V_3]
                   ^   
───────────────────────────────────────────────────
 Lattice spacetime coordinate (ID #0)
 • Position indices: (0, 0)
 • Rescaled imaginary time (tau / beta): 0
───────────────────────────────────────────────────
 Lattice spacetime coordinate (ID #1)
 • Position indices: (27, 35)
 • Rescaled imaginary time (tau / beta): 0.884568
───────────────────────────────────────────────────
 Lattice spacetime coordinate (ID #2)
 • Position indices: (27, 35)
 • Rescaled imaginary time (tau / beta): 0.200653
───────────────────────────────────────────────────
 Lattice spacetime coordinate (ID #3)
 • Position indices: (27, 35)
 • Rescaled imaginary time (tau / beta): 0.200653
───────────────────────────────────────────────────
 Lattice spacetime coordinate (ID #4)
 • Position indices: (28, 36)
 • Rescaled imaginary time (tau / beta): 0.862769
───────────────────────────────────────────────────
 Lattice spacetime coordinate (ID #5)
 • Position indices: (28, 36)
 • Rescaled imaginary time (tau / beta): 0.862769
───────────────────────────────────────────────────

Diagram pool size: 5
Diagram pool fermion loop numbers: ( 2 2 2 2 2 )
Constraints on spacetime coordinates: [x x x 2 x 4]

Subspace saved counts:	[1633509 7266491]
Subspace saved ratios:	[0.18354 0.81646]
Subspace average measured signs:	[1 -0.0868817]

Current weight:	2.26747e-12
Current total acceptance ratio:	0.0708148
Current average ascend ratio:	0.00243595
Current average descend ratio:	0.00243595
Current average mutate ratio:	0.0659429

════════════════════
 MC step #10000000
════════════════════

In subspace: [V_0 V_3]
                   ^   
───────────────────────────────────────────────────
 Lattice spacetime coordinate (ID #0)
 • Position indices: (0, 0)
 • Rescaled imaginary time (tau / beta): 0
───────────────────────────────────────────────────
 Lattice spacetime coordinate (ID #1)
 • Position indices: (35, 29)
 • Rescaled imaginary time (tau / beta): 0.363528
───────────────────────────────────────────────────
 Lattice spacetime coordinate (ID #2)
 • Position indices: (16, 17)
 • Rescaled imaginary time (tau / beta): 0.371013
───────────────────────────────────────────────────
 Lattice spacetime coordinate (ID #3)
 • Position indices: (16, 17)
 • Rescaled imaginary time (tau / beta): 0.371013
───────────────────────────────────────────────────
 Lattice spacetime coordinate (ID #4)
 • Position indices: (16, 16)
 • Rescaled imaginary time (tau / beta): 0.3715
───────────────────────────────────────────────────
 Lattice spacetime coordinate (ID #5)
 • Position indices: (16, 16)
 • Rescaled imaginary time (tau / beta): 0.3715
───────────────────────────────────────────────────

Diagram pool size: 5
Diagram pool fermion loop numbers: ( 2 2 2 2 2 )
Constraints on spacetime coordinates: [x x x 2 x 4]

Subspace saved counts:	[1806975 8093025]
Subspace saved ratios:	[0.182523 0.817477]
Subspace average measured signs:	[1 -0.0893232]

Current weight:	2.50883e-10
Current total acceptance ratio:	0.0710558
Current average ascend ratio:	0.00242384
Current average descend ratio:	0.00242384
Current average mutate ratio:	0.0662081

════════════════════
 MC step #11000000
════════════════════

In subspace: [V_0 V_3]
                   ^   
───────────────────────────────────────────────────
 Lattice spacetime coordinate (ID #0)
 • Position indices: (0, 0)
 • Rescaled imaginary time (tau / beta): 0
───────────────────────────────────────────────────
 Lattice spacetime coordinate (ID #1)
 • Position indices: (34, 29)
 • Rescaled imaginary time (tau / beta): 0.779
───────────────────────────────────────────────────
 Lattice spacetime coordinate (ID #2)
 • Position indices: (33, 28)
 • Rescaled imaginary time (tau / beta): 0.719257
───────────────────────────────────────────────────
 Lattice spacetime coordinate (ID #3)
 • Position indices: (33, 28)
 • Rescaled imaginary time (tau / beta): 0.719257
───────────────────────────────────────────────────
 Lattice spacetime coordinate (ID #4)
 • Position indices: (33, 29)
 • Rescaled imaginary time (tau / beta): 0.719481
───────────────────────────────────────────────────
 Lattice spacetime coordinate (ID #5)
 • Position indices: (33, 29)
 • Rescaled imaginary time (tau / beta): 0.719481
───────────────────────────────────────────────────

Diagram pool size: 5
Diagram pool fermion loop numbers: ( 2 2 2 2 2 )
Constraints on spacetime coordinates: [x x x 2 x 4]

Subspace saved counts:	[1969044 8930956]
Subspace saved ratios:	[0.180646 0.819354]
Subspace average measured signs:	[1 -0.0889609]

Current weight:	-9.51728e-11
Current total acceptance ratio:	0.0711056
Current average ascend ratio:	0.00240642
Current average descend ratio:	0.00240642
Current average mutate ratio:	0.0662927

════════════════════
 MC step #12000000
════════════════════

In subspace: [V_0 V_3]
                   ^   
───────────────────────────────────────────────────
 Lattice spacetime coordinate (ID #0)
 • Position indices: (0, 0)
 • Rescaled imaginary time (tau / beta): 0
───────────────────────────────────────────────────
 Lattice spacetime coordinate (ID #1)
 • Position indices: (56, 7)
 • Rescaled imaginary time (tau / beta): 0.866868
───────────────────────────────────────────────────
 Lattice spacetime coordinate (ID #2)
 • Position indices: (60, 3)
 • Rescaled imaginary time (tau / beta): 0.0357976
───────────────────────────────────────────────────
 Lattice spacetime coordinate (ID #3)
 • Position indices: (60, 3)
 • Rescaled imaginary time (tau / beta): 0.0357976
───────────────────────────────────────────────────
 Lattice spacetime coordinate (ID #4)
 • Position indices: (61, 4)
 • Rescaled imaginary time (tau / beta): 0.989549
───────────────────────────────────────────────────
 Lattice spacetime coordinate (ID #5)
 • Position indices: (61, 4)
 • Rescaled imaginary time (tau / beta): 0.989549
───────────────────────────────────────────────────

Diagram pool size: 5
Diagram pool fermion loop numbers: ( 2 2 2 2 2 )
Constraints on spacetime coordinates: [x x x 2 x 4]

Subspace saved counts:	[2135993 9764007]
Subspace saved ratios:	[0.179495 0.820505]
Subspace average measured signs:	[1 -0.087626]

Current weight:	-3.60426e-11
Current total acceptance ratio:	0.0711996
Current average ascend ratio:	0.00239042
Current average descend ratio:	0.00239042
Current average mutate ratio:	0.0664187

════════════════════
 MC step #13000000
════════════════════

In subspace: [V_0 V_3]
               ^       
Diagram pool size: 1
Diagram pool fermion loop numbers: ( 0 )
Constraints on spacetime coordinates: [x x x 2 x 4]

Subspace saved counts:	[2311990 10588010]
Subspace saved ratios:	[0.179224 0.820776]
Subspace average measured signs:	[1 -0.0888197]

Current weight:	2.03847
Current total acceptance ratio:	0.0713542
Current average ascend ratio:	0.00238465
Current average descend ratio:	0.00238473
Current average mutate ratio:	0.0665848

════════════════════
 MC step #14000000
════════════════════

In subspace: [V_0 V_3]
                   ^   
───────────────────────────────────────────────────
 Lattice spacetime coordinate (ID #0)
 • Position indices: (0, 0)
 • Rescaled imaginary time (tau / beta): 0
───────────────────────────────────────────────────
 Lattice spacetime coordinate (ID #1)
 • Position indices: (8, 59)
 • Rescaled imaginary time (tau / beta): 0.552401
───────────────────────────────────────────────────
 Lattice spacetime coordinate (ID #2)
 • Position indices: (2, 1)
 • Rescaled imaginary time (tau / beta): 0.00154615
───────────────────────────────────────────────────
 Lattice spacetime coordinate (ID #3)
 • Position indices: (2, 1)
 • Rescaled imaginary time (tau / beta): 0.00154615
───────────────────────────────────────────────────
 Lattice spacetime coordinate (ID #4)
 • Position indices: (2, 1)
 • Rescaled imaginary time (tau / beta): 0.00674197
───────────────────────────────────────────────────
 Lattice spacetime coordinate (ID #5)
 • Position indices: (2, 1)
 • Rescaled imaginary time (tau / beta): 0.00674197
───────────────────────────────────────────────────

Diagram pool size: 5
Diagram pool fermion loop numbers: ( 2 2 2 2 2 )
Constraints on spacetime coordinates: [x x x 2 x 4]

Subspace saved counts:	[2613601 11286399]
Subspace saved ratios:	[0.188029 0.811971]
Subspace average measured signs:	[1 -0.0877049]

Current weight:	2.87572e-08
Current total acceptance ratio:	0.0706719
Current average ascend ratio:	0.00249698
Current average descend ratio:	0.00249698
Current average mutate ratio:	0.0656779

════════════════════
 MC step #15000000
════════════════════

In subspace: [V_0 V_3]
                   ^   
───────────────────────────────────────────────────
 Lattice spacetime coordinate (ID #0)
 • Position indices: (0, 0)
 • Rescaled imaginary time (tau / beta): 0
───────────────────────────────────────────────────
 Lattice spacetime coordinate (ID #1)
 • Position indices: (61, 4)
 • Rescaled imaginary time (tau / beta): 0.494284
───────────────────────────────────────────────────
 Lattice spacetime coordinate (ID #2)
 • Position indices: (0, 7)
 • Rescaled imaginary time (tau / beta): 0.939448
───────────────────────────────────────────────────
 Lattice spacetime coordinate (ID #3)
 • Position indices: (0, 7)
 • Rescaled imaginary time (tau / beta): 0.939448
───────────────────────────────────────────────────
 Lattice spacetime coordinate (ID #4)
 • Position indices: (0, 7)
 • Rescaled imaginary time (tau / beta): 0.933276
───────────────────────────────────────────────────
 Lattice spacetime coordinate (ID #5)
 • Position indices: (0, 7)
 • Rescaled imaginary time (tau / beta): 0.933276
───────────────────────────────────────────────────

Diagram pool size: 5
Diagram pool fermion loop numbers: ( 2 2 2 2 2 )
Constraints on spacetime coordinates: [x x x 2 x 4]

Subspace saved counts:	[2789224 12110776]
Subspace saved ratios:	[0.187196 0.812804]
Subspace average measured signs:	[1 -0.0876167]

Current weight:	1.54806e-10
Current total acceptance ratio:	0.0708817
Current average ascend ratio:	0.00248087
Current average descend ratio:	0.00248087
Current average mutate ratio:	0.0659199

════════════════════
 MC step #16000000
════════════════════

In subspace: [V_0 V_3]
                   ^   
───────────────────────────────────────────────────
 Lattice spacetime coordinate (ID #0)
 • Position indices: (0, 0)
 • Rescaled imaginary time (tau / beta): 0
───────────────────────────────────────────────────
 Lattice spacetime coordinate (ID #1)
 • Position indices: (5, 2)
 • Rescaled imaginary time (tau / beta): 0.785802
───────────────────────────────────────────────────
 Lattice spacetime coordinate (ID #2)
 • Position indices: (53, 51)
 • Rescaled imaginary time (tau / beta): 0.630832
───────────────────────────────────────────────────
 Lattice spacetime coordinate (ID #3)
 • Position indices: (53, 51)
 • Rescaled imaginary time (tau / beta): 0.630832
───────────────────────────────────────────────────
 Lattice spacetime coordinate (ID #4)
 • Position indices: (52, 52)
 • Rescaled imaginary time (tau / beta): 0.726636
───────────────────────────────────────────────────
 Lattice spacetime coordinate (ID #5)
 • Position indices: (52, 52)
 • Rescaled imaginary time (tau / beta): 0.726636
───────────────────────────────────────────────────

Diagram pool size: 5
Diagram pool fermion loop numbers: ( 2 2 2 2 2 )
Constraints on spacetime coordinates: [x x x 2 x 4]

Subspace saved counts:	[3062345 12837655]
Subspace saved ratios:	[0.1926 0.8074]
Subspace average measured signs:	[1 -0.0852286]

Current weight:	-1.3135e-13
Current total acceptance ratio:	0.0704711
Current average ascend ratio:	0.00255333
Current average descend ratio:	0.00255333
Current average mutate ratio:	0.0653644

════════════════════
 MC step #17000000
════════════════════

In subspace: [V_0 V_3]
                   ^   
───────────────────────────────────────────────────
 Lattice spacetime coordinate (ID #0)
 • Position indices: (0, 0)
 • Rescaled imaginary time (tau / beta): 0
───────────────────────────────────────────────────
 Lattice spacetime coordinate (ID #1)
 • Position indices: (2, 16)
 • Rescaled imaginary time (tau / beta): 0.52248
───────────────────────────────────────────────────
 Lattice spacetime coordinate (ID #2)
 • Position indices: (9, 9)
 • Rescaled imaginary time (tau / beta): 0.480881
───────────────────────────────────────────────────
 Lattice spacetime coordinate (ID #3)
 • Position indices: (9, 9)
 • Rescaled imaginary time (tau / beta): 0.480881
───────────────────────────────────────────────────
 Lattice spacetime coordinate (ID #4)
 • Position indices: (9, 9)
 • Rescaled imaginary time (tau / beta): 0.477505
───────────────────────────────────────────────────
 Lattice spacetime coordinate (ID #5)
 • Position indices: (9, 9)
 • Rescaled imaginary time (tau / beta): 0.477505
───────────────────────────────────────────────────

Diagram pool size: 5
Diagram pool fermion loop numbers: ( 2 2 2 2 2 )
Constraints on spacetime coordinates: [x x x 2 x 4]

Subspace saved counts:	[3274551 13625449]
Subspace saved ratios:	[0.19376 0.80624]
Subspace average measured signs:	[1 -0.0859228]

Current weight:	-1.2807e-09
Current total acceptance ratio:	0.0705372
Current average ascend ratio:	0.00256964
Current average descend ratio:	0.00256964
Current average mutate ratio:	0.0653979

════════════════════
 MC step #18000000
════════════════════

In subspace: [V_0 V_3]
                   ^   
───────────────────────────────────────────────────
 Lattice spacetime coordinate (ID #0)
 • Position indices: (0, 0)
 • Rescaled imaginary time (tau / beta): 0
───────────────────────────────────────────────────
 Lattice spacetime coordinate (ID #1)
 • Position indices: (50, 14)
 • Rescaled imaginary time (tau / beta): 0.245243
───────────────────────────────────────────────────
 Lattice spacetime coordinate (ID #2)
 • Position indices: (4, 4)
 • Rescaled imaginary time (tau / beta): 0.0575061
───────────────────────────────────────────────────
 Lattice spacetime coordinate (ID #3)
 • Position indices: (4, 4)
 • Rescaled imaginary time (tau / beta): 0.0575061
───────────────────────────────────────────────────
 Lattice spacetime coordinate (ID #4)
 • Position indices: (3, 5)
 • Rescaled imaginary time (tau / beta): 0.0302841
───────────────────────────────────────────────────
 Lattice spacetime coordinate (ID #5)
 • Position indices: (3, 5)
 • Rescaled imaginary time (tau / beta): 0.0302841
───────────────────────────────────────────────────

Diagram pool size: 5
Diagram pool fermion loop numbers: ( 2 2 2 2 2 )
Constraints on spacetime coordinates: [x x x 2 x 4]

Subspace saved counts:	[3582433 14317567]
Subspace saved ratios:	[0.200136 0.799864]
Subspace average measured signs:	[1 -0.0855551]

Current weight:	9.17148e-12
Current total acceptance ratio:	0.0699102
Current average ascend ratio:	0.00264911
Current average descend ratio:	0.00264911
Current average mutate ratio:	0.064612

════════════════════
 MC step #19000000
════════════════════

In subspace: [V_0 V_3]
                   ^   
───────────────────────────────────────────────────
 Lattice spacetime coordinate (ID #0)
 • Position indices: (0, 0)
 • Rescaled imaginary time (tau / beta): 0
───────────────────────────────────────────────────
 Lattice spacetime coordinate (ID #1)
 • Position indices: (62, 62)
 • Rescaled imaginary time (tau / beta): 0.815613
───────────────────────────────────────────────────
 Lattice spacetime coordinate (ID #2)
 • Position indices: (63, 2)
 • Rescaled imaginary time (tau / beta): 0.906063
───────────────────────────────────────────────────
 Lattice spacetime coordinate (ID #3)
 • Position indices: (63, 2)
 • Rescaled imaginary time (tau / beta): 0.906063
───────────────────────────────────────────────────
 Lattice spacetime coordinate (ID #4)
 • Position indices: (0, 3)
 • Rescaled imaginary time (tau / beta): 0.992369
───────────────────────────────────────────────────
 Lattice spacetime coordinate (ID #5)
 • Position indices: (0, 3)
 • Rescaled imaginary time (tau / beta): 0.992369
───────────────────────────────────────────────────

Diagram pool size: 5
Diagram pool fermion loop numbers: ( 2 2 2 2 2 )
Constraints on spacetime coordinates: [x x x 2 x 4]

Subspace saved counts:	[3892313 15007687]
Subspace saved ratios:	[0.205942 0.794057]
Subspace average measured signs:	[1 -0.0852776]

Current weight:	1.78045e-11
Current total acceptance ratio:	0.0695908
Current average ascend ratio:	0.00273053
Current average descend ratio:	0.00273053
Current average mutate ratio:	0.0641297

════════════════════
 MC step #20000000
════════════════════

In subspace: [V_0 V_3]
                   ^   
───────────────────────────────────────────────────
 Lattice spacetime coordinate (ID #0)
 • Position indices: (0, 0)
 • Rescaled imaginary time (tau / beta): 0
───────────────────────────────────────────────────
 Lattice spacetime coordinate (ID #1)
 • Position indices: (28, 28)
 • Rescaled imaginary time (tau / beta): 0.8265
───────────────────────────────────────────────────
 Lattice spacetime coordinate (ID #2)
 • Position indices: (28, 28)
 • Rescaled imaginary time (tau / beta): 0.87967
───────────────────────────────────────────────────
 Lattice spacetime coordinate (ID #3)
 • Position indices: (28, 28)
 • Rescaled imaginary time (tau / beta): 0.87967
───────────────────────────────────────────────────
 Lattice spacetime coordinate (ID #4)
 • Position indices: (28, 28)
 • Rescaled imaginary time (tau / beta): 0.859158
───────────────────────────────────────────────────
 Lattice spacetime coordinate (ID #5)
 • Position indices: (28, 28)
 • Rescaled imaginary time (tau / beta): 0.859158
───────────────────────────────────────────────────

Diagram pool size: 5
Diagram pool fermion loop numbers: ( 2 2 2 2 2 )
Constraints on spacetime coordinates: [x x x 2 x 4]

Subspace saved counts:	[4100275 15799725]
Subspace saved ratios:	[0.206044 0.793956]
Subspace average measured signs:	[1 -0.0856157]

Current weight:	-7.31952e-10
Current total acceptance ratio:	0.0695506
Current average ascend ratio:	0.00273543
Current average descend ratio:	0.00273543
Current average mutate ratio:	0.0640798

════════════════════
 MC step #21000000
════════════════════

In subspace: [V_0 V_3]
                   ^   
───────────────────────────────────────────────────
 Lattice spacetime coordinate (ID #0)
 • Position indices: (0, 0)
 • Rescaled imaginary time (tau / beta): 0
───────────────────────────────────────────────────
 Lattice spacetime coordinate (ID #1)
 • Position indices: (62, 59)
 • Rescaled imaginary time (tau / beta): 0.0197002
───────────────────────────────────────────────────
 Lattice spacetime coordinate (ID #2)
 • Position indices: (61, 57)
 • Rescaled imaginary time (tau / beta): 0.999449
───────────────────────────────────────────────────
 Lattice spacetime coordinate (ID #3)
 • Position indices: (61, 57)
 • Rescaled imaginary time (tau / beta): 0.999449
───────────────────────────────────────────────────
 Lattice spacetime coordinate (ID #4)
 • Position indices: (59, 58)
 • Rescaled imaginary time (tau / beta): 0.994357
───────────────────────────────────────────────────
 Lattice spacetime coordinate (ID #5)
 • Position indices: (59, 58)
 • Rescaled imaginary time (tau / beta): 0.994357
───────────────────────────────────────────────────

Diagram pool size: 5
Diagram pool fermion loop numbers: ( 2 2 2 2 2 )
Constraints on spacetime coordinates: [x x x 2 x 4]

Subspace saved counts:	[4290834 16609166]
Subspace saved ratios:	[0.205303 0.794697]
Subspace average measured signs:	[1 -0.0853591]

Current weight:	-6.88829e-10
Current total acceptance ratio:	0.0696858
Current average ascend ratio:	0.00272478
Current average descend ratio:	0.00272478
Current average mutate ratio:	0.0642363

════════════════════
 MC step #22000000
════════════════════

In subspace: [V_0 V_3]
                   ^   
───────────────────────────────────────────────────
 Lattice spacetime coordinate (ID #0)
 • Position indices: (0, 0)
 • Rescaled imaginary time (tau / beta): 0
───────────────────────────────────────────────────
 Lattice spacetime coordinate (ID #1)
 • Position indices: (61, 58)
 • Rescaled imaginary time (tau / beta): 0.961044
───────────────────────────────────────────────────
 Lattice spacetime coordinate (ID #2)
 • Position indices: (32, 30)
 • Rescaled imaginary time (tau / beta): 0.325005
───────────────────────────────────────────────────
 Lattice spacetime coordinate (ID #3)
 • Position indices: (32, 30)
 • Rescaled imaginary time (tau / beta): 0.325005
───────────────────────────────────────────────────
 Lattice spacetime coordinate (ID #4)
 • Position indices: (32, 29)
 • Rescaled imaginary time (tau / beta): 0.325043
───────────────────────────────────────────────────
 Lattice spacetime coordinate (ID #5)
 • Position indices: (32, 29)
 • Rescaled imaginary time (tau / beta): 0.325043
───────────────────────────────────────────────────

Diagram pool size: 5
Diagram pool fermion loop numbers: ( 2 2 2 2 2 )
Constraints on spacetime coordinates: [x x x 2 x 4]

Subspace saved counts:	[4447622 17452378]
Subspace saved ratios:	[0.203088 0.796912]
Subspace average measured signs:	[1 -0.0858641]

Current weight:	1.53218e-09
Current total acceptance ratio:	0.0697789
Current average ascend ratio:	0.00269589
Current average descend ratio:	0.00269589
Current average mutate ratio:	0.0643871

════════════════════
 MC step #23000000
════════════════════

In subspace: [V_0 V_3]
                   ^   
───────────────────────────────────────────────────
 Lattice spacetime coordinate (ID #0)
 • Position indices: (0, 0)
 • Rescaled imaginary time (tau / beta): 0
───────────────────────────────────────────────────
 Lattice spacetime coordinate (ID #1)
 • Position indices: (36, 28)
 • Rescaled imaginary time (tau / beta): 0.218747
───────────────────────────────────────────────────
 Lattice spacetime coordinate (ID #2)
 • Position indices: (1, 63)
 • Rescaled imaginary time (tau / beta): 0.295389
───────────────────────────────────────────────────
 Lattice spacetime coordinate (ID #3)
 • Position indices: (1, 63)
 • Rescaled imaginary time (tau / beta): 0.295389
───────────────────────────────────────────────────
 Lattice spacetime coordinate (ID #4)
 • Position indices: (1, 63)
 • Rescaled imaginary time (tau / beta): 0.295269
───────────────────────────────────────────────────
 Lattice spacetime coordinate (ID #5)
 • Position indices: (1, 63)
 • Rescaled imaginary time (tau / beta): 0.295269
───────────────────────────────────────────────────

Diagram pool size: 5
Diagram pool fermion loop numbers: ( 2 2 2 2 2 )
Constraints on spacetime coordinates: [x x x 2 x 4]

Subspace saved counts:	[4702650 18197350]
Subspace saved ratios:	[0.205356 0.794644]
Subspace average measured signs:	[1 -0.0852869]

Current weight:	-1.35793e-09
Current total acceptance ratio:	0.0695614
Current average ascend ratio:	0.00272498
Current average descend ratio:	0.00272498
Current average mutate ratio:	0.0641114

════════════════════
 MC step #24000000
════════════════════

In subspace: [V_0 V_3]
                   ^   
───────────────────────────────────────────────────
 Lattice spacetime coordinate (ID #0)
 • Position indices: (0, 0)
 • Rescaled imaginary time (tau / beta): 0
───────────────────────────────────────────────────
 Lattice spacetime coordinate (ID #1)
 • Position indices: (4, 62)
 • Rescaled imaginary time (tau / beta): 0.183015
───────────────────────────────────────────────────
 Lattice spacetime coordinate (ID #2)
 • Position indices: (23, 41)
 • Rescaled imaginary time (tau / beta): 0.86692
───────────────────────────────────────────────────
 Lattice spacetime coordinate (ID #3)
 • Position indices: (23, 41)
 • Rescaled imaginary time (tau / beta): 0.86692
───────────────────────────────────────────────────
 Lattice spacetime coordinate (ID #4)
 • Position indices: (23, 41)
 • Rescaled imaginary time (tau / beta): 0.848897
───────────────────────────────────────────────────
 Lattice spacetime coordinate (ID #5)
 • Position indices: (23, 41)
 • Rescaled imaginary time (tau / beta): 0.848897
───────────────────────────────────────────────────

Diagram pool size: 5
Diagram pool fermion loop numbers: ( 2 2 2 2 2 )
Constraints on spacetime coordinates: [x x x 2 x 4]

Subspace saved counts:	[4867745 19032255]
Subspace saved ratios:	[0.203671 0.796329]
Subspace average measured signs:	[1 -0.0861101]

Current weight:	2.5314e-12
Current total acceptance ratio:	0.0696985
Current average ascend ratio:	0.00270456
Current average descend ratio:	0.00270456
Current average mutate ratio:	0.0642894

════════════════════
 MC step #25000000
════════════════════

In subspace: [V_0 V_3]
                   ^   
───────────────────────────────────────────────────
 Lattice spacetime coordinate (ID #0)
 • Position indices: (0, 0)
 • Rescaled imaginary time (tau / beta): 0
───────────────────────────────────────────────────
 Lattice spacetime coordinate (ID #1)
 • Position indices: (57, 6)
 • Rescaled imaginary time (tau / beta): 0.990756
───────────────────────────────────────────────────
 Lattice spacetime coordinate (ID #2)
 • Position indices: (57, 6)
 • Rescaled imaginary time (tau / beta): 0.996833
───────────────────────────────────────────────────
 Lattice spacetime coordinate (ID #3)
 • Position indices: (57, 6)
 • Rescaled imaginary time (tau / beta): 0.996833
───────────────────────────────────────────────────
 Lattice spacetime coordinate (ID #4)
 • Position indices: (57, 6)
 • Rescaled imaginary time (tau / beta): 0.00452975
───────────────────────────────────────────────────
 Lattice spacetime coordinate (ID #5)
 • Position indices: (57, 6)
 • Rescaled imaginary time (tau / beta): 0.00452975
───────────────────────────────────────────────────

Diagram pool size: 5
Diagram pool fermion loop numbers: ( 2 2 2 2 2 )
Constraints on spacetime coordinates: [x x x 2 x 4]

Subspace saved counts:	[5099677 19800323]
Subspace saved ratios:	[0.204806 0.795194]
Subspace average measured signs:	[1 -0.0859353]

Current weight:	2.3782e-07
Current total acceptance ratio:	0.0696964
Current average ascend ratio:	0.0027188
Current average descend ratio:	0.0027188
Current average mutate ratio:	0.0642588

════════════════════
 MC step #26000000
════════════════════

In subspace: [V_0 V_3]
               ^       
Diagram pool size: 1
Diagram pool fermion loop numbers: ( 0 )
Constraints on spacetime coordinates: [x x x 2 x 4]

Subspace saved counts:	[5357812 20542188]
Subspace saved ratios:	[0.206865 0.793135]
Subspace average measured signs:	[1 -0.0862217]

Current weight:	2.03847
Current total acceptance ratio:	0.0695869
Current average ascend ratio:	0.00274761
Current average descend ratio:	0.00274764
Current average mutate ratio:	0.0640917

════════════════════
 MC step #27000000
════════════════════

In subspace: [V_0 V_3]
                   ^   
───────────────────────────────────────────────────
 Lattice spacetime coordinate (ID #0)
 • Position indices: (0, 0)
 • Rescaled imaginary time (tau / beta): 0
───────────────────────────────────────────────────
 Lattice spacetime coordinate (ID #1)
 • Position indices: (59, 6)
 • Rescaled imaginary time (tau / beta): 0.315377
───────────────────────────────────────────────────
 Lattice spacetime coordinate (ID #2)
 • Position indices: (58, 5)
 • Rescaled imaginary time (tau / beta): 0.0152912
───────────────────────────────────────────────────
 Lattice spacetime coordinate (ID #3)
 • Position indices: (58, 5)
 • Rescaled imaginary time (tau / beta): 0.0152912
───────────────────────────────────────────────────
 Lattice spacetime coordinate (ID #4)
 • Position indices: (62, 9)
 • Rescaled imaginary time (tau / beta): 0.0425717
───────────────────────────────────────────────────
 Lattice spacetime coordinate (ID #5)
 • Position indices: (62, 9)
 • Rescaled imaginary time (tau / beta): 0.0425717
───────────────────────────────────────────────────

Diagram pool size: 5
Diagram pool fermion loop numbers: ( 2 2 2 2 2 )
Constraints on spacetime coordinates: [x x x 2 x 4]

Subspace saved counts:	[5622982 21277018]
Subspace saved ratios:	[0.209033 0.790967]
Subspace average measured signs:	[1 -0.0862221]

Current weight:	-2.30216e-12
Current total acceptance ratio:	0.0694354
Current average ascend ratio:	0.00277033
Current average descend ratio:	0.00277033
Current average mutate ratio:	0.0638948

════════════════════
 MC step #28000000
════════════════════

In subspace: [V_0 V_3]
                   ^   
───────────────────────────────────────────────────
 Lattice spacetime coordinate (ID #0)
 • Position indices: (0, 0)
 • Rescaled imaginary time (tau / beta): 0
───────────────────────────────────────────────────
 Lattice spacetime coordinate (ID #1)
 • Position indices: (1, 56)
 • Rescaled imaginary time (tau / beta): 0.865191
───────────────────────────────────────────────────
 Lattice spacetime coordinate (ID #2)
 • Position indices: (38, 19)
 • Rescaled imaginary time (tau / beta): 0.0560992
───────────────────────────────────────────────────
 Lattice spacetime coordinate (ID #3)
 • Position indices: (38, 19)
 • Rescaled imaginary time (tau / beta): 0.0560992
───────────────────────────────────────────────────
 Lattice spacetime coordinate (ID #4)
 • Position indices: (42, 22)
 • Rescaled imaginary time (tau / beta): 0.0680591
───────────────────────────────────────────────────
 Lattice spacetime coordinate (ID #5)
 • Position indices: (42, 22)
 • Rescaled imaginary time (tau / beta): 0.0680591
───────────────────────────────────────────────────

Diagram pool size: 5
Diagram pool fermion loop numbers: ( 2 2 2 2 2 )
Constraints on spacetime coordinates: [x x x 2 x 4]

Subspace saved counts:	[5836528 22063472]
Subspace saved ratios:	[0.209195 0.790805]
Subspace average measured signs:	[1 -0.087547]

Current weight:	9.02678e-13
Current total acceptance ratio:	0.0694112
Current average ascend ratio:	0.002771
Current average descend ratio:	0.002771
Current average mutate ratio:	0.0638692

════════════════════
 MC step #29000000
════════════════════

In subspace: [V_0 V_3]
                   ^   
───────────────────────────────────────────────────
 Lattice spacetime coordinate (ID #0)
 • Position indices: (0, 0)
 • Rescaled imaginary time (tau / beta): 0
───────────────────────────────────────────────────
 Lattice spacetime coordinate (ID #1)
 • Position indices: (4, 3)
 • Rescaled imaginary time (tau / beta): 0.212968
───────────────────────────────────────────────────
 Lattice spacetime coordinate (ID #2)
 • Position indices: (20, 20)
 • Rescaled imaginary time (tau / beta): 0.864545
───────────────────────────────────────────────────
 Lattice spacetime coordinate (ID #3)
 • Position indices: (20, 20)
 • Rescaled imaginary time (tau / beta): 0.864545
───────────────────────────────────────────────────
 Lattice spacetime coordinate (ID #4)
 • Position indices: (17, 16)
 • Rescaled imaginary time (tau / beta): 0.868268
───────────────────────────────────────────────────
 Lattice spacetime coordinate (ID #5)
 • Position indices: (17, 16)
 • Rescaled imaginary time (tau / beta): 0.868268
───────────────────────────────────────────────────

Diagram pool size: 5
Diagram pool fermion loop numbers: ( 2 2 2 2 2 )
Constraints on spacetime coordinates: [x x x 2 x 4]

Subspace saved counts:	[6016305 22883695]
Subspace saved ratios:	[0.208177 0.791823]
Subspace average measured signs:	[1 -0.0879144]

Current weight:	7.36353e-13
Current total acceptance ratio:	0.0694982
Current average ascend ratio:	0.0027581
Current average descend ratio:	0.0027581
Current average mutate ratio:	0.063982

════════════════════
 MC step #30000000
════════════════════

In subspace: [V_0 V_3]
                   ^   
───────────────────────────────────────────────────
 Lattice spacetime coordinate (ID #0)
 • Position indices: (0, 0)
 • Rescaled imaginary time (tau / beta): 0
───────────────────────────────────────────────────
 Lattice spacetime coordinate (ID #1)
 • Position indices: (56, 51)
 • Rescaled imaginary time (tau / beta): 0.998422
───────────────────────────────────────────────────
 Lattice spacetime coordinate (ID #2)
 • Position indices: (31, 33)
 • Rescaled imaginary time (tau / beta): 0.238847
───────────────────────────────────────────────────
 Lattice spacetime coordinate (ID #3)
 • Position indices: (31, 33)
 • Rescaled imaginary time (tau / beta): 0.238847
───────────────────────────────────────────────────
 Lattice spacetime coordinate (ID #4)
 • Position indices: (33, 34)
 • Rescaled imaginary time (tau / beta): 0.247018
───────────────────────────────────────────────────
 Lattice spacetime coordinate (ID #5)
 • Position indices: (33, 34)
 • Rescaled imaginary time (tau / beta): 0.247018
───────────────────────────────────────────────────

Diagram pool size: 5
Diagram pool fermion loop numbers: ( 2 2 2 2 2 )
Constraints on spacetime coordinates: [x x x 2 x 4]

Subspace saved counts:	[6202749 23697251]
Subspace saved ratios:	[0.20745 0.79255]
Subspace average measured signs:	[1 -0.0880611]

Current weight:	-4.46588e-13
Current total acceptance ratio:	0.0695847
Current average ascend ratio:	0.00274893
Current average descend ratio:	0.00274893
Current average mutate ratio:	0.0640869

════════════════════
 MC step #31000000
════════════════════

In subspace: [V_0 V_3]
                   ^   
───────────────────────────────────────────────────
 Lattice spacetime coordinate (ID #0)
 • Position indices: (0, 0)
 • Rescaled imaginary time (tau / beta): 0
───────────────────────────────────────────────────
 Lattice spacetime coordinate (ID #1)
 • Position indices: (62, 61)
 • Rescaled imaginary time (tau / beta): 0.00734197
───────────────────────────────────────────────────
 Lattice spacetime coordinate (ID #2)
 • Position indices: (62, 61)
 • Rescaled imaginary time (tau / beta): 0.00223171
───────────────────────────────────────────────────
 Lattice spacetime coordinate (ID #3)
 • Position indices: (62, 61)
 • Rescaled imaginary time (tau / beta): 0.00223171
───────────────────────────────────────────────────
 Lattice spacetime coordinate (ID #4)
 • Position indices: (62, 61)
 • Rescaled imaginary time (tau / beta): 0.000640797
───────────────────────────────────────────────────
 Lattice spacetime coordinate (ID #5)
 • Position indices: (62, 61)
 • Rescaled imaginary time (tau / beta): 0.000640797
───────────────────────────────────────────────────

Diagram pool size: 5
Diagram pool fermion loop numbers: ( 2 2 2 2 2 )
Constraints on spacetime coordinates: [x x x 2 x 4]

Subspace saved counts:	[6383788 24516212]
Subspace saved ratios:	[0.206595 0.793405]
Subspace average measured signs:	[1 -0.0880798]

Current weight:	2.1144e-05
Current total acceptance ratio:	0.0696186
Current average ascend ratio:	0.00273731
Current average descend ratio:	0.00273731
Current average mutate ratio:	0.064144

════════════════════
 MC step #32000000
════════════════════

In subspace: [V_0 V_3]
                   ^   
───────────────────────────────────────────────────
 Lattice spacetime coordinate (ID #0)
 • Position indices: (0, 0)
 • Rescaled imaginary time (tau / beta): 0
───────────────────────────────────────────────────
 Lattice spacetime coordinate (ID #1)
 • Position indices: (54, 53)
 • Rescaled imaginary time (tau / beta): 0.812455
───────────────────────────────────────────────────
 Lattice spacetime coordinate (ID #2)
 • Position indices: (55, 54)
 • Rescaled imaginary time (tau / beta): 0.838314
───────────────────────────────────────────────────
 Lattice spacetime coordinate (ID #3)
 • Position indices: (55, 54)
 • Rescaled imaginary time (tau / beta): 0.838314
───────────────────────────────────────────────────
 Lattice spacetime coordinate (ID #4)
 • Position indices: (55, 55)
 • Rescaled imaginary time (tau / beta): 0.83923
───────────────────────────────────────────────────
 Lattice spacetime coordinate (ID #5)
 • Position indices: (55, 55)
 • Rescaled imaginary time (tau / beta): 0.83923
───────────────────────────────────────────────────

Diagram pool size: 5
Diagram pool fermion loop numbers: ( 2 2 2 2 2 )
Constraints on spacetime coordinates: [x x x 2 x 4]

Subspace saved counts:	[6638096 25261904]
Subspace saved ratios:	[0.208091 0.791909]
Subspace average measured signs:	[1 -0.0869968]

Current weight:	2.49408e-09
Current total acceptance ratio:	0.0696053
Current average ascend ratio:	0.00275624
Current average descend ratio:	0.00275624
Current average mutate ratio:	0.0640928

════════════════════
 MC step #33000000
════════════════════

In subspace: [V_0 V_3]
                   ^   
───────────────────────────────────────────────────
 Lattice spacetime coordinate (ID #0)
 • Position indices: (0, 0)
 • Rescaled imaginary time (tau / beta): 0
───────────────────────────────────────────────────
 Lattice spacetime coordinate (ID #1)
 • Position indices: (2, 2)
 • Rescaled imaginary time (tau / beta): 0.984249
───────────────────────────────────────────────────
 Lattice spacetime coordinate (ID #2)
 • Position indices: (0, 0)
 • Rescaled imaginary time (tau / beta): 0.998657
───────────────────────────────────────────────────
 Lattice spacetime coordinate (ID #3)
 • Position indices: (0, 0)
 • Rescaled imaginary time (tau / beta): 0.998657
───────────────────────────────────────────────────
 Lattice spacetime coordinate (ID #4)
 • Position indices: (0, 0)
 • Rescaled imaginary time (tau / beta): 0.997709
───────────────────────────────────────────────────
 Lattice spacetime coordinate (ID #5)
 • Position indices: (0, 0)
 • Rescaled imaginary time (tau / beta): 0.997709
───────────────────────────────────────────────────

Diagram pool size: 5
Diagram pool fermion loop numbers: ( 2 2 2 2 2 )
Constraints on spacetime coordinates: [x x x 2 x 4]

Subspace saved counts:	[6771163 26128837]
Subspace saved ratios:	[0.20581 0.79419]
Subspace average measured signs:	[1 -0.0883137]

Current weight:	-5.0862e-05
Current total acceptance ratio:	0.0698266
Current average ascend ratio:	0.00272574
Current average descend ratio:	0.00272574
Current average mutate ratio:	0.0643751

════════════════════
 MC step #34000000
════════════════════

In subspace: [V_0 V_3]
               ^       
Diagram pool size: 1
Diagram pool fermion loop numbers: ( 0 )
Constraints on spacetime coordinates: [x x x 2 x 4]

Subspace saved counts:	[6986289 26913711]
Subspace saved ratios:	[0.206085 0.793915]
Subspace average measured signs:	[1 -0.0882257]

Current weight:	2.03847
Current total acceptance ratio:	0.0698152
Current average ascend ratio:	0.00273369
Current average descend ratio:	0.00273372
Current average mutate ratio:	0.0643478

════════════════════
 MC step #35000000
════════════════════

In subspace: [V_0 V_3]
                   ^   
───────────────────────────────────────────────────
 Lattice spacetime coordinate (ID #0)
 • Position indices: (0, 0)
 • Rescaled imaginary time (tau / beta): 0
───────────────────────────────────────────────────
 Lattice spacetime coordinate (ID #1)
 • Position indices: (3, 61)
 • Rescaled imaginary time (tau / beta): 0.346642
───────────────────────────────────────────────────
 Lattice spacetime coordinate (ID #2)
 • Position indices: (40, 25)
 • Rescaled imaginary time (tau / beta): 0.971079
───────────────────────────────────────────────────
 Lattice spacetime coordinate (ID #3)
 • Position indices: (40, 25)
 • Rescaled imaginary time (tau / beta): 0.971079
───────────────────────────────────────────────────
 Lattice spacetime coordinate (ID #4)
 • Position indices: (44, 20)
 • Rescaled imaginary time (tau / beta): 0.943612
───────────────────────────────────────────────────
 Lattice spacetime coordinate (ID #5)
 • Position indices: (44, 20)
 • Rescaled imaginary time (tau / beta): 0.943612
───────────────────────────────────────────────────

Diagram pool size: 5
Diagram pool fermion loop numbers: ( 2 2 2 2 2 )
Constraints on spacetime coordinates: [x x x 2 x 4]

Subspace saved counts:	[7139653 27760347]
Subspace saved ratios:	[0.204575 0.795425]
Subspace average measured signs:	[1 -0.0881715]

Current weight:	-3.73869e-13
Current total acceptance ratio:	0.0700065
Current average ascend ratio:	0.00271309
Current average descend ratio:	0.00271309
Current average mutate ratio:	0.0645803

════════════════════
 MC step #36000000
════════════════════

In subspace: [V_0 V_3]
                   ^   
───────────────────────────────────────────────────
 Lattice spacetime coordinate (ID #0)
 • Position indices: (0, 0)
 • Rescaled imaginary time (tau / beta): 0
───────────────────────────────────────────────────
 Lattice spacetime coordinate (ID #1)
 • Position indices: (57, 60)
 • Rescaled imaginary time (tau / beta): 0.860445
───────────────────────────────────────────────────
 Lattice spacetime coordinate (ID #2)
 • Position indices: (43, 46)
 • Rescaled imaginary time (tau / beta): 0.192339
───────────────────────────────────────────────────
 Lattice spacetime coordinate (ID #3)
 • Position indices: (43, 46)
 • Rescaled imaginary time (tau / beta): 0.192339
───────────────────────────────────────────────────
 Lattice spacetime coordinate (ID #4)
 • Position indices: (45, 44)
 • Rescaled imaginary time (tau / beta): 0.0988053
───────────────────────────────────────────────────
 Lattice spacetime coordinate (ID #5)
 • Position indices: (45, 44)
 • Rescaled imaginary time (tau / beta): 0.0988053
───────────────────────────────────────────────────

Diagram pool size: 5
Diagram pool fermion loop numbers: ( 2 2 2 2 2 )
Constraints on spacetime coordinates: [x x x 2 x 4]

Subspace saved counts:	[7262296 28637704]
Subspace saved ratios:	[0.202292 0.797708]
Subspace average measured signs:	[1 -0.0889936]

Current weight:	-2.48281e-13
Current total acceptance ratio:	0.0701128
Current average ascend ratio:	0.00268446
Current average descend ratio:	0.00268446
Current average mutate ratio:	0.0647438

════════════════════
 MC step #37000000
════════════════════

In subspace: [V_0 V_3]
               ^       
Diagram pool size: 1
Diagram pool fermion loop numbers: ( 0 )
Constraints on spacetime coordinates: [x x x 2 x 4]

Subspace saved counts:	[7434181 29465819]
Subspace saved ratios:	[0.201468 0.798532]
Subspace average measured signs:	[1 -0.0893319]

Current weight:	2.03847
Current total acceptance ratio:	0.0702886
Current average ascend ratio:	0.00267453
Current average descend ratio:	0.00267455
Current average mutate ratio:	0.0649395

════════════════════
 MC step #38000000
════════════════════

In subspace: [V_0 V_3]
                   ^   
───────────────────────────────────────────────────
 Lattice spacetime coordinate (ID #0)
 • Position indices: (0, 0)
 • Rescaled imaginary time (tau / beta): 0
───────────────────────────────────────────────────
 Lattice spacetime coordinate (ID #1)
 • Position indices: (48, 50)
 • Rescaled imaginary time (tau / beta): 0.909391
───────────────────────────────────────────────────
 Lattice spacetime coordinate (ID #2)
 • Position indices: (47, 51)
 • Rescaled imaginary time (tau / beta): 0.0916815
───────────────────────────────────────────────────
 Lattice spacetime coordinate (ID #3)
 • Position indices: (47, 51)
 • Rescaled imaginary time (tau / beta): 0.0916815
───────────────────────────────────────────────────
 Lattice spacetime coordinate (ID #4)
 • Position indices: (51, 47)
 • Rescaled imaginary time (tau / beta): 0.910654
───────────────────────────────────────────────────
 Lattice spacetime coordinate (ID #5)
 • Position indices: (51, 47)
 • Rescaled imaginary time (tau / beta): 0.910654
───────────────────────────────────────────────────

Diagram pool size: 5
Diagram pool fermion loop numbers: ( 2 2 2 2 2 )
Constraints on spacetime coordinates: [x x x 2 x 4]

Subspace saved counts:	[7662382 30237618]
Subspace saved ratios:	[0.202174 0.797826]
Subspace average measured signs:	[1 -0.0887275]

Current weight:	-3.18168e-14
Current total acceptance ratio:	0.0702092
Current average ascend ratio:	0.00268383
Current average descend ratio:	0.00268383
Current average mutate ratio:	0.0648415

════════════════════
 MC step #39000000
════════════════════

In subspace: [V_0 V_3]
                   ^   
───────────────────────────────────────────────────
 Lattice spacetime coordinate (ID #0)
 • Position indices: (0, 0)
 • Rescaled imaginary time (tau / beta): 0
───────────────────────────────────────────────────
 Lattice spacetime coordinate (ID #1)
 • Position indices: (38, 32)
 • Rescaled imaginary time (tau / beta): 0.797839
───────────────────────────────────────────────────
 Lattice spacetime coordinate (ID #2)
 • Position indices: (27, 25)
 • Rescaled imaginary time (tau / beta): 0.570614
───────────────────────────────────────────────────
 Lattice spacetime coordinate (ID #3)
 • Position indices: (27, 25)
 • Rescaled imaginary time (tau / beta): 0.570614
───────────────────────────────────────────────────
 Lattice spacetime coordinate (ID #4)
 • Position indices: (28, 27)
 • Rescaled imaginary time (tau / beta): 0.585123
───────────────────────────────────────────────────
 Lattice spacetime coordinate (ID #5)
 • Position indices: (28, 27)
 • Rescaled imaginary time (tau / beta): 0.585123
───────────────────────────────────────────────────

Diagram pool size: 5
Diagram pool fermion loop numbers: ( 2 2 2 2 2 )
Constraints on spacetime coordinates: [x x x 2 x 4]

Subspace saved counts:	[7844693 31055307]
Subspace saved ratios:	[0.201663 0.798337]
Subspace average measured signs:	[1 -0.0889426]

Current weight:	2.67887e-14
Current total acceptance ratio:	0.0702716
Current average ascend ratio:	0.0026745
Current average descend ratio:	0.0026745
Current average mutate ratio:	0.0649226

════════════════════
 MC step #40000000
════════════════════

In subspace: [V_0 V_3]
               ^       
Diagram pool size: 1
Diagram pool fermion loop numbers: ( 0 )
Constraints on spacetime coordinates: [x x x 2 x 4]

Subspace saved counts:	[8037946 31862054]
Subspace saved ratios:	[0.201452 0.798548]
Subspace average measured signs:	[1 -0.0881133]

Current weight:	2.03847
Current total acceptance ratio:	0.0704484
Current average ascend ratio:	0.00267378
Current average descend ratio:	0.00267381
Current average mutate ratio:	0.0651008

════════════════════
 MC step #41000000
════════════════════

In subspace: [V_0 V_3]
               ^       
Diagram pool size: 1
Diagram pool fermion loop numbers: ( 0 )
Constraints on spacetime coordinates: [x x x 2 x 4]

Subspace saved counts:	[8216429 32683571]
Subspace saved ratios:	[0.200891 0.799109]
Subspace average measured signs:	[1 -0.0879258]

Current weight:	2.03847
Current total acceptance ratio:	0.0704261
Current average ascend ratio:	0.00266619
Current average descend ratio:	0.00266621
Current average mutate ratio:	0.0650937

════════════════════
 MC step #42000000
════════════════════

In subspace: [V_0 V_3]
                   ^   
───────────────────────────────────────────────────
 Lattice spacetime coordinate (ID #0)
 • Position indices: (0, 0)
 • Rescaled imaginary time (tau / beta): 0
───────────────────────────────────────────────────
 Lattice spacetime coordinate (ID #1)
 • Position indices: (63, 1)
 • Rescaled imaginary time (tau / beta): 0.339028
───────────────────────────────────────────────────
 Lattice spacetime coordinate (ID #2)
 • Position indices: (63, 1)
 • Rescaled imaginary time (tau / beta): 0.994746
───────────────────────────────────────────────────
 Lattice spacetime coordinate (ID #3)
 • Position indices: (63, 1)
 • Rescaled imaginary time (tau / beta): 0.994746
───────────────────────────────────────────────────
 Lattice spacetime coordinate (ID #4)
 • Position indices: (63, 1)
 • Rescaled imaginary time (tau / beta): 0.0089746
───────────────────────────────────────────────────
 Lattice spacetime coordinate (ID #5)
 • Position indices: (63, 1)
 • Rescaled imaginary time (tau / beta): 0.0089746
───────────────────────────────────────────────────

Diagram pool size: 5
Diagram pool fermion loop numbers: ( 2 2 2 2 2 )
Constraints on spacetime coordinates: [x x x 2 x 4]

Subspace saved counts:	[8556899 33343101]
Subspace saved ratios:	[0.204222 0.795778]
Subspace average measured signs:	[1 -0.087461]

Current weight:	-7.07525e-08
Current total acceptance ratio:	0.0702075
Current average ascend ratio:	0.00271062
Current average descend ratio:	0.00271062
Current average mutate ratio:	0.0647863

════════════════════
 MC step #43000000
════════════════════

In subspace: [V_0 V_3]
                   ^   
───────────────────────────────────────────────────
 Lattice spacetime coordinate (ID #0)
 • Position indices: (0, 0)
 • Rescaled imaginary time (tau / beta): 0
───────────────────────────────────────────────────
 Lattice spacetime coordinate (ID #1)
 • Position indices: (63, 0)
 • Rescaled imaginary time (tau / beta): 0.99956
───────────────────────────────────────────────────
 Lattice spacetime coordinate (ID #2)
 • Position indices: (49, 49)
 • Rescaled imaginary time (tau / beta): 0.746559
───────────────────────────────────────────────────
 Lattice spacetime coordinate (ID #3)
 • Position indices: (49, 49)
 • Rescaled imaginary time (tau / beta): 0.746559
───────────────────────────────────────────────────
 Lattice spacetime coordinate (ID #4)
 • Position indices: (49, 48)
 • Rescaled imaginary time (tau / beta): 0.746658
───────────────────────────────────────────────────
 Lattice spacetime coordinate (ID #5)
 • Position indices: (49, 48)
 • Rescaled imaginary time (tau / beta): 0.746658
───────────────────────────────────────────────────

Diagram pool size: 5
Diagram pool fermion loop numbers: ( 2 2 2 2 2 )
Constraints on spacetime coordinates: [x x x 2 x 4]

Subspace saved counts:	[8695320 34204680]
Subspace saved ratios:	[0.202688 0.797312]
Subspace average measured signs:	[1 -0.0880213]

Current weight:	-1.33914e-08
Current total acceptance ratio:	0.070317
Current average ascend ratio:	0.00269152
Current average descend ratio:	0.00269152
Current average mutate ratio:	0.064934

════════════════════
 MC step #44000000
════════════════════

In subspace: [V_0 V_3]
                   ^   
───────────────────────────────────────────────────
 Lattice spacetime coordinate (ID #0)
 • Position indices: (0, 0)
 • Rescaled imaginary time (tau / beta): 0
───────────────────────────────────────────────────
 Lattice spacetime coordinate (ID #1)
 • Position indices: (63, 8)
 • Rescaled imaginary time (tau / beta): 0.808767
───────────────────────────────────────────────────
 Lattice spacetime coordinate (ID #2)
 • Position indices: (59, 52)
 • Rescaled imaginary time (tau / beta): 0.830809
───────────────────────────────────────────────────
 Lattice spacetime coordinate (ID #3)
 • Position indices: (59, 52)
 • Rescaled imaginary time (tau / beta): 0.830809
───────────────────────────────────────────────────
 Lattice spacetime coordinate (ID #4)
 • Position indices: (59, 52)
 • Rescaled imaginary time (tau / beta): 0.88332
───────────────────────────────────────────────────
 Lattice spacetime coordinate (ID #5)
 • Position indices: (59, 52)
 • Rescaled imaginary time (tau / beta): 0.88332
───────────────────────────────────────────────────

Diagram pool size: 5
Diagram pool fermion loop numbers: ( 2 2 2 2 2 )
Constraints on spacetime coordinates: [x x x 2 x 4]

Subspace saved counts:	[8844383 35055617]
Subspace saved ratios:	[0.201467 0.798533]
Subspace average measured signs:	[1 -0.0878299]

Current weight:	-1.7945e-14
Current total acceptance ratio:	0.0704082
Current average ascend ratio:	0.00267601
Current average descend ratio:	0.00267601
Current average mutate ratio:	0.0650562

════════════════════
 MC step #45000000
════════════════════

In subspace: [V_0 V_3]
                   ^   
───────────────────────────────────────────────────
 Lattice spacetime coordinate (ID #0)
 • Position indices: (0, 0)
 • Rescaled imaginary time (tau / beta): 0
───────────────────────────────────────────────────
 Lattice spacetime coordinate (ID #1)
 • Position indices: (33, 39)
 • Rescaled imaginary time (tau / beta): 0.0995421
───────────────────────────────────────────────────
 Lattice spacetime coordinate (ID #2)
 • Position indices: (63, 4)
 • Rescaled imaginary time (tau / beta): 0.959098
───────────────────────────────────────────────────
 Lattice spacetime coordinate (ID #3)
 • Position indices: (63, 4)
 • Rescaled imaginary time (tau / beta): 0.959098
───────────────────────────────────────────────────
 Lattice spacetime coordinate (ID #4)
 • Position indices: (1, 7)
 • Rescaled imaginary time (tau / beta): 0.955499
───────────────────────────────────────────────────
 Lattice spacetime coordinate (ID #5)
 • Position indices: (1, 7)
 • Rescaled imaginary time (tau / beta): 0.955499
───────────────────────────────────────────────────

Diagram pool size: 5
Diagram pool fermion loop numbers: ( 2 2 2 2 2 )
Constraints on spacetime coordinates: [x x x 2 x 4]

Subspace saved counts:	[9216640 35683360]
Subspace saved ratios:	[0.20527 0.79473]
Subspace average measured signs:	[1 -0.0879596]

Current weight:	2.51347e-12
Current total acceptance ratio:	0.0701434
Current average ascend ratio:	0.00272715
Current average descend ratio:	0.00272715
Current average mutate ratio:	0.0646891

════════════════════
 MC step #46000000
════════════════════

In subspace: [V_0 V_3]
                   ^   
───────────────────────────────────────────────────
 Lattice spacetime coordinate (ID #0)
 • Position indices: (0, 0)
 • Rescaled imaginary time (tau / beta): 0
───────────────────────────────────────────────────
 Lattice spacetime coordinate (ID #1)
 • Position indices: (17, 47)
 • Rescaled imaginary time (tau / beta): 0.916718
───────────────────────────────────────────────────
 Lattice spacetime coordinate (ID #2)
 • Position indices: (17, 47)
 • Rescaled imaginary time (tau / beta): 0.973378
───────────────────────────────────────────────────
 Lattice spacetime coordinate (ID #3)
 • Position indices: (17, 47)
 • Rescaled imaginary time (tau / beta): 0.973378
───────────────────────────────────────────────────
 Lattice spacetime coordinate (ID #4)
 • Position indices: (18, 47)
 • Rescaled imaginary time (tau / beta): 0.975662
───────────────────────────────────────────────────
 Lattice spacetime coordinate (ID #5)
 • Position indices: (18, 47)
 • Rescaled imaginary time (tau / beta): 0.975662
───────────────────────────────────────────────────

Diagram pool size: 5
Diagram pool fermion loop numbers: ( 2 2 2 2 2 )
Constraints on spacetime coordinates: [x x x 2 x 4]

Subspace saved counts:	[9389616 36510384]
Subspace saved ratios:	[0.204567 0.795433]
Subspace average measured signs:	[1 -0.0875744]

Current weight:	-3.26914e-09
Current total acceptance ratio:	0.0701675
Current average ascend ratio:	0.00271867
Current average descend ratio:	0.00271867
Current average mutate ratio:	0.0647302

════════════════════
 MC step #47000000
════════════════════

In subspace: [V_0 V_3]
                   ^   
───────────────────────────────────────────────────
 Lattice spacetime coordinate (ID #0)
 • Position indices: (0, 0)
 • Rescaled imaginary time (tau / beta): 0
───────────────────────────────────────────────────
 Lattice spacetime coordinate (ID #1)
 • Position indices: (2, 2)
 • Rescaled imaginary time (tau / beta): 0.0224377
───────────────────────────────────────────────────
 Lattice spacetime coordinate (ID #2)
 • Position indices: (0, 0)
 • Rescaled imaginary time (tau / beta): 0.997214
───────────────────────────────────────────────────
 Lattice spacetime coordinate (ID #3)
 • Position indices: (0, 0)
 • Rescaled imaginary time (tau / beta): 0.997214
───────────────────────────────────────────────────
 Lattice spacetime coordinate (ID #4)
 • Position indices: (0, 0)
 • Rescaled imaginary time (tau / beta): 0.998104
───────────────────────────────────────────────────
 Lattice spacetime coordinate (ID #5)
 • Position indices: (0, 0)
 • Rescaled imaginary time (tau / beta): 0.998104
───────────────────────────────────────────────────

Diagram pool size: 5
Diagram pool fermion loop numbers: ( 2 2 2 2 2 )
Constraints on spacetime coordinates: [x x x 2 x 4]

Subspace saved counts:	[9654296 37245704]
Subspace saved ratios:	[0.205849 0.794151]
Subspace average measured signs:	[1 -0.0877208]

Current weight:	-4.01519e-05
Current total acceptance ratio:	0.0700602
Current average ascend ratio:	0.00273499
Current average descend ratio:	0.00273499
Current average mutate ratio:	0.0645902

════════════════════
 MC step #48000000
════════════════════

In subspace: [V_0 V_3]
                   ^   
───────────────────────────────────────────────────
 Lattice spacetime coordinate (ID #0)
 • Position indices: (0, 0)
 • Rescaled imaginary time (tau / beta): 0
───────────────────────────────────────────────────
 Lattice spacetime coordinate (ID #1)
 • Position indices: (61, 3)
 • Rescaled imaginary time (tau / beta): 0.33339
───────────────────────────────────────────────────
 Lattice spacetime coordinate (ID #2)
 • Position indices: (58, 6)
 • Rescaled imaginary time (tau / beta): 0.206332
───────────────────────────────────────────────────
 Lattice spacetime coordinate (ID #3)
 • Position indices: (58, 6)
 • Rescaled imaginary time (tau / beta): 0.206332
───────────────────────────────────────────────────
 Lattice spacetime coordinate (ID #4)
 • Position indices: (55, 0)
 • Rescaled imaginary time (tau / beta): 0.215587
───────────────────────────────────────────────────
 Lattice spacetime coordinate (ID #5)
 • Position indices: (55, 0)
 • Rescaled imaginary time (tau / beta): 0.215587
───────────────────────────────────────────────────

Diagram pool size: 5
Diagram pool fermion loop numbers: ( 2 2 2 2 2 )
Constraints on spacetime coordinates: [x x x 2 x 4]

Subspace saved counts:	[9901276 37998724]
Subspace saved ratios:	[0.206707 0.793293]
Subspace average measured signs:	[1 -0.0883807]

Current weight:	3.95723e-13
Current total acceptance ratio:	0.0700124
Current average ascend ratio:	0.00274839
Current average descend ratio:	0.00274839
Current average mutate ratio:	0.0645156

════════════════════
 MC step #49000000
════════════════════

In subspace: [V_0 V_3]
               ^       
Diagram pool size: 1
Diagram pool fermion loop numbers: ( 0 )
Constraints on spacetime coordinates: [x x x 2 x 4]

Subspace saved counts:	[10143893 38756107]
Subspace saved ratios:	[0.207442 0.792558]
Subspace average measured signs:	[1 -0.0885518]

Current weight:	2.03847
Current total acceptance ratio:	0.0699429
Current average ascend ratio:	0.00275798
Current average descend ratio:	0.002758
Current average mutate ratio:	0.064427

════════════════════
 MC step #50000000
════════════════════

In subspace: [V_0 V_3]
               ^       
Diagram pool size: 1
Diagram pool fermion loop numbers: ( 0 )
Constraints on spacetime coordinates: [x x x 2 x 4]

Subspace saved counts:	[10435918 39464082]
Subspace saved ratios:	[0.209137 0.790863]
Subspace average measured signs:	[1 -0.0887836]

Current weight:	2.03847
Current total acceptance ratio:	0.0697904
Current average ascend ratio:	0.00277944
Current average descend ratio:	0.00277946
Current average mutate ratio:	0.0642315
Final results:
════════════════════
 MC step #50100000
════════════════════

In subspace: [V_0 V_3]
                   ^   
───────────────────────────────────────────────────
 Lattice spacetime coordinate (ID #0)
 • Position indices: (0, 0)
 • Rescaled imaginary time (tau / beta): 0
───────────────────────────────────────────────────
 Lattice spacetime coordinate (ID #1)
 • Position indices: (62, 63)
 • Rescaled imaginary time (tau / beta): 0.894517
───────────────────────────────────────────────────
 Lattice spacetime coordinate (ID #2)
 • Position indices: (1, 1)
 • Rescaled imaginary time (tau / beta): 0.92037
───────────────────────────────────────────────────
 Lattice spacetime coordinate (ID #3)
 • Position indices: (1, 1)
 • Rescaled imaginary time (tau / beta): 0.92037
───────────────────────────────────────────────────
 Lattice spacetime coordinate (ID #4)
 • Position indices: (1, 1)
 • Rescaled imaginary time (tau / beta): 0.920519
───────────────────────────────────────────────────
 Lattice spacetime coordinate (ID #5)
 • Position indices: (1, 1)
 • Rescaled imaginary time (tau / beta): 0.920519
───────────────────────────────────────────────────

Diagram pool size: 5
Diagram pool fermion loop numbers: ( 2 2 2 2 2 )
Constraints on spacetime coordinates: [x x x 2 x 4]

Subspace saved counts:	[10467569 39532431]
Subspace saved ratios:	[0.209351 0.790649]
Subspace average measured signs:	[1 -0.0889227]

Current weight:	3.70323e-08
Current total acceptance ratio:	0.0697718
Current average ascend ratio:	0.0027824
Current average descend ratio:	0.0027824
Current average mutate ratio:	0.064207

Normalization constant: C / N_{s,0} =1.94741e-07

Job ended at:	Tue Jun 29 19:05:46 2021
Elapsed time:	205 seconds
