-----------------------------
Lattice G_0(r, tau) from FFT
-----------------------------
Job ID# (POSIX integer timestamp): 1624557670
Spatial dimension: d = 2
t (hopping parameter): 1.0
beta / t (inverse temperature): 10.0
U / t (onsite (Hubbard) interaction): 2.0
Magnetization ((n_up - n_down) / n_tot): 0.0
Lattice coordination number: z = 4
Bandwidth: w = 2zt = 8.0

Number of sites per direction: N = 30
Total number of electrons: N_e = 900
Lattice constant: a = 1.0
Lattice length: L = 30.0
Lattice UV cutoff: Lambda_{lat} = 9.869604401089358
Imaginary-time infinitesimal (for G_0 hard cutoff and limits): 1.0000000000000002e-10

mu_tilde_H: -0.0005260282400079141
mu_H: 0.9994739717599921
n_0 = n = 1.0
r_s: 0.5641895835477563
e_F: 0.0
{k_F} in the first quadrant: 
[k[ 0 15],	k[ 1 14],	k[ 2 13],	k[ 3 12],	
 k[ 4 11],	k[ 5 10],	k[6 9],	k[7 8],	
 k[8 7],	k[9 6],	k[10  5],	k[11  4],	
 k[12  3],	k[13  2],	k[14  1],	k[15  0]]

Number of nonuniform tau mesh points: 1024
Number of frequency mesh points: 1024

