MPI run with 16 thread(s)
Job started at:	Wed Jun 30 23:23:24 2021
UNIX timestamp:	1625109804

════════════════════
 MC step #1000000
════════════════════

In subspace: [V_0 V_2]
                   ^   
───────────────────────────────────────────────────
 Lattice spacetime coordinate (ID #0)
 • Position indices: (0, 0)
 • Rescaled imaginary time (tau / beta): 0
───────────────────────────────────────────────────
 Lattice spacetime coordinate (ID #1)
 • Position indices: (29, 1)
 • Rescaled imaginary time (tau / beta): 0.357889
───────────────────────────────────────────────────
 Lattice spacetime coordinate (ID #2)
 • Position indices: (0, 0)
 • Rescaled imaginary time (tau / beta): 0
───────────────────────────────────────────────────
 Lattice spacetime coordinate (ID #3)
 • Position indices: (29, 1)
 • Rescaled imaginary time (tau / beta): 0.357889
───────────────────────────────────────────────────

Diagram pool size: 1
Diagram pool fermion loop numbers: ( 1 )
Constraints on spacetime coordinates: [x x 0 1]

Subspace saved counts:	[69993 830007]
Subspace saved ratios:	[0.0777699 0.922229]
Subspace average measured signs:	[1 -0.857098]

Current weight:	0.00162881
Current total acceptance ratio:	0.106054
Current average ascend ratio:	0.00574999
Current average descend ratio:	0.00574999
Current average mutate ratio:	0.0945543

════════════════════
 MC step #2000000
════════════════════

In subspace: [V_0 V_2]
                   ^   
───────────────────────────────────────────────────
 Lattice spacetime coordinate (ID #0)
 • Position indices: (0, 0)
 • Rescaled imaginary time (tau / beta): 0
───────────────────────────────────────────────────
 Lattice spacetime coordinate (ID #1)
 • Position indices: (0, 0)
 • Rescaled imaginary time (tau / beta): 0.89225
───────────────────────────────────────────────────
 Lattice spacetime coordinate (ID #2)
 • Position indices: (0, 0)
 • Rescaled imaginary time (tau / beta): 0
───────────────────────────────────────────────────
 Lattice spacetime coordinate (ID #3)
 • Position indices: (0, 0)
 • Rescaled imaginary time (tau / beta): 0.89225
───────────────────────────────────────────────────

Diagram pool size: 1
Diagram pool fermion loop numbers: ( 1 )
Constraints on spacetime coordinates: [x x 0 1]

Subspace saved counts:	[140136 1759864]
Subspace saved ratios:	[0.0737558 0.926244]
Subspace average measured signs:	[1 -0.864638]

Current weight:	-0.214212
Current total acceptance ratio:	0.105378
Current average ascend ratio:	0.00548631
Current average descend ratio:	0.00548631
Current average mutate ratio:	0.0944057

════════════════════
 MC step #3000000
════════════════════

In subspace: [V_0 V_2]
                   ^   
───────────────────────────────────────────────────
 Lattice spacetime coordinate (ID #0)
 • Position indices: (0, 0)
 • Rescaled imaginary time (tau / beta): 0
───────────────────────────────────────────────────
 Lattice spacetime coordinate (ID #1)
 • Position indices: (0, 0)
 • Rescaled imaginary time (tau / beta): 0.865726
───────────────────────────────────────────────────
 Lattice spacetime coordinate (ID #2)
 • Position indices: (0, 0)
 • Rescaled imaginary time (tau / beta): 0
───────────────────────────────────────────────────
 Lattice spacetime coordinate (ID #3)
 • Position indices: (0, 0)
 • Rescaled imaginary time (tau / beta): 0.865726
───────────────────────────────────────────────────

Diagram pool size: 1
Diagram pool fermion loop numbers: ( 1 )
Constraints on spacetime coordinates: [x x 0 1]

Subspace saved counts:	[209820 2690180]
Subspace saved ratios:	[0.0723517 0.927648]
Subspace average measured signs:	[1 -0.866402]

Current weight:	-0.180316
Current total acceptance ratio:	0.105377
Current average ascend ratio:	0.00540103
Current average descend ratio:	0.00540103
Current average mutate ratio:	0.0945748

════════════════════
 MC step #4000000
════════════════════

In subspace: [V_0 V_2]
               ^       
Diagram pool size: 1
Diagram pool fermion loop numbers: ( 0 )
Constraints on spacetime coordinates: [x x 0 1]

Subspace saved counts:	[282311 3617689]
Subspace saved ratios:	[0.0723874 0.927612]
Subspace average measured signs:	[1 -0.866084]

Current weight:	0.026788
Current total acceptance ratio:	0.105308
Current average ascend ratio:	0.00537923
Current average descend ratio:	0.00537949
Current average mutate ratio:	0.094549

════════════════════
 MC step #5000000
════════════════════

In subspace: [V_0 V_2]
                   ^   
───────────────────────────────────────────────────
 Lattice spacetime coordinate (ID #0)
 • Position indices: (0, 0)
 • Rescaled imaginary time (tau / beta): 0
───────────────────────────────────────────────────
 Lattice spacetime coordinate (ID #1)
 • Position indices: (0, 0)
 • Rescaled imaginary time (tau / beta): 0.241068
───────────────────────────────────────────────────
 Lattice spacetime coordinate (ID #2)
 • Position indices: (0, 0)
 • Rescaled imaginary time (tau / beta): 0
───────────────────────────────────────────────────
 Lattice spacetime coordinate (ID #3)
 • Position indices: (0, 0)
 • Rescaled imaginary time (tau / beta): 0.241068
───────────────────────────────────────────────────

Diagram pool size: 1
Diagram pool fermion loop numbers: ( 1 )
Constraints on spacetime coordinates: [x x 0 1]

Subspace saved counts:	[359978 4540022]
Subspace saved ratios:	[0.0734649 0.926535]
Subspace average measured signs:	[1 -0.864165]

Current weight:	-0.103402
Current total acceptance ratio:	0.105454
Current average ascend ratio:	0.00545367
Current average descend ratio:	0.00545367
Current average mutate ratio:	0.0945465

════════════════════
 MC step #6000000
════════════════════

In subspace: [V_0 V_2]
                   ^   
───────────────────────────────────────────────────
 Lattice spacetime coordinate (ID #0)
 • Position indices: (0, 0)
 • Rescaled imaginary time (tau / beta): 0
───────────────────────────────────────────────────
 Lattice spacetime coordinate (ID #1)
 • Position indices: (0, 0)
 • Rescaled imaginary time (tau / beta): 0.769089
───────────────────────────────────────────────────
 Lattice spacetime coordinate (ID #2)
 • Position indices: (0, 0)
 • Rescaled imaginary time (tau / beta): 0
───────────────────────────────────────────────────
 Lattice spacetime coordinate (ID #3)
 • Position indices: (0, 0)
 • Rescaled imaginary time (tau / beta): 0.769089
───────────────────────────────────────────────────

Diagram pool size: 1
Diagram pool fermion loop numbers: ( 1 )
Constraints on spacetime coordinates: [x x 0 1]

Subspace saved counts:	[432500 5467500]
Subspace saved ratios:	[0.0733051 0.926695]
Subspace average measured signs:	[1 -0.863615]

Current weight:	-0.108015
Current total acceptance ratio:	0.105469
Current average ascend ratio:	0.00544542
Current average descend ratio:	0.00544542
Current average mutate ratio:	0.0945781

════════════════════
 MC step #7000000
════════════════════

In subspace: [V_0 V_2]
                   ^   
───────────────────────────────────────────────────
 Lattice spacetime coordinate (ID #0)
 • Position indices: (0, 0)
 • Rescaled imaginary time (tau / beta): 0
───────────────────────────────────────────────────
 Lattice spacetime coordinate (ID #1)
 • Position indices: (0, 0)
 • Rescaled imaginary time (tau / beta): 0.188706
───────────────────────────────────────────────────
 Lattice spacetime coordinate (ID #2)
 • Position indices: (0, 0)
 • Rescaled imaginary time (tau / beta): 0
───────────────────────────────────────────────────
 Lattice spacetime coordinate (ID #3)
 • Position indices: (0, 0)
 • Rescaled imaginary time (tau / beta): 0.188706
───────────────────────────────────────────────────

Diagram pool size: 1
Diagram pool fermion loop numbers: ( 1 )
Constraints on spacetime coordinates: [x x 0 1]

Subspace saved counts:	[506919 6393081]
Subspace saved ratios:	[0.0734665 0.926533]
Subspace average measured signs:	[1 -0.863909]

Current weight:	-0.132222
Current total acceptance ratio:	0.105419
Current average ascend ratio:	0.00545406
Current average descend ratio:	0.00545406
Current average mutate ratio:	0.0945106

════════════════════
 MC step #8000000
════════════════════

In subspace: [V_0 V_2]
                   ^   
───────────────────────────────────────────────────
 Lattice spacetime coordinate (ID #0)
 • Position indices: (0, 0)
 • Rescaled imaginary time (tau / beta): 0
───────────────────────────────────────────────────
 Lattice spacetime coordinate (ID #1)
 • Position indices: (0, 0)
 • Rescaled imaginary time (tau / beta): 0.0703812
───────────────────────────────────────────────────
 Lattice spacetime coordinate (ID #2)
 • Position indices: (0, 0)
 • Rescaled imaginary time (tau / beta): 0
───────────────────────────────────────────────────
 Lattice spacetime coordinate (ID #3)
 • Position indices: (0, 0)
 • Rescaled imaginary time (tau / beta): 0.0703812
───────────────────────────────────────────────────

Diagram pool size: 1
Diagram pool fermion loop numbers: ( 1 )
Constraints on spacetime coordinates: [x x 0 1]

Subspace saved counts:	[578836 7321164]
Subspace saved ratios:	[0.0732704 0.92673]
Subspace average measured signs:	[1 -0.863824]

Current weight:	-0.279755
Current total acceptance ratio:	0.105476
Current average ascend ratio:	0.00544177
Current average descend ratio:	0.00544177
Current average mutate ratio:	0.0945929

════════════════════
 MC step #9000000
════════════════════

In subspace: [V_0 V_2]
                   ^   
───────────────────────────────────────────────────
 Lattice spacetime coordinate (ID #0)
 • Position indices: (0, 0)
 • Rescaled imaginary time (tau / beta): 0
───────────────────────────────────────────────────
 Lattice spacetime coordinate (ID #1)
 • Position indices: (0, 0)
 • Rescaled imaginary time (tau / beta): 0.355663
───────────────────────────────────────────────────
 Lattice spacetime coordinate (ID #2)
 • Position indices: (0, 0)
 • Rescaled imaginary time (tau / beta): 0
───────────────────────────────────────────────────
 Lattice spacetime coordinate (ID #3)
 • Position indices: (0, 0)
 • Rescaled imaginary time (tau / beta): 0.355663
───────────────────────────────────────────────────

Diagram pool size: 1
Diagram pool fermion loop numbers: ( 1 )
Constraints on spacetime coordinates: [x x 0 1]

Subspace saved counts:	[653048 8246952]
Subspace saved ratios:	[0.0733762 0.926624]
Subspace average measured signs:	[1 -0.864087]

Current weight:	-0.0714598
Current total acceptance ratio:	0.105477
Current average ascend ratio:	0.00544674
Current average descend ratio:	0.00544674
Current average mutate ratio:	0.0945838

════════════════════
 MC step #10000000
════════════════════

In subspace: [V_0 V_2]
                   ^   
───────────────────────────────────────────────────
 Lattice spacetime coordinate (ID #0)
 • Position indices: (0, 0)
 • Rescaled imaginary time (tau / beta): 0
───────────────────────────────────────────────────
 Lattice spacetime coordinate (ID #1)
 • Position indices: (0, 0)
 • Rescaled imaginary time (tau / beta): 0.391609
───────────────────────────────────────────────────
 Lattice spacetime coordinate (ID #2)
 • Position indices: (0, 0)
 • Rescaled imaginary time (tau / beta): 0
───────────────────────────────────────────────────
 Lattice spacetime coordinate (ID #3)
 • Position indices: (0, 0)
 • Rescaled imaginary time (tau / beta): 0.391609
───────────────────────────────────────────────────

Diagram pool size: 1
Diagram pool fermion loop numbers: ( 1 )
Constraints on spacetime coordinates: [x x 0 1]

Subspace saved counts:	[727187 9172813]
Subspace saved ratios:	[0.0734532 0.926547]
Subspace average measured signs:	[1 -0.864169]

Current weight:	-0.0665657
Current total acceptance ratio:	0.105554
Current average ascend ratio:	0.00545808
Current average descend ratio:	0.00545808
Current average mutate ratio:	0.0946382

════════════════════
 MC step #11000000
════════════════════

In subspace: [V_0 V_2]
                   ^   
───────────────────────────────────────────────────
 Lattice spacetime coordinate (ID #0)
 • Position indices: (0, 0)
 • Rescaled imaginary time (tau / beta): 0
───────────────────────────────────────────────────
 Lattice spacetime coordinate (ID #1)
 • Position indices: (0, 0)
 • Rescaled imaginary time (tau / beta): 0.978731
───────────────────────────────────────────────────
 Lattice spacetime coordinate (ID #2)
 • Position indices: (0, 0)
 • Rescaled imaginary time (tau / beta): 0
───────────────────────────────────────────────────
 Lattice spacetime coordinate (ID #3)
 • Position indices: (0, 0)
 • Rescaled imaginary time (tau / beta): 0.978731
───────────────────────────────────────────────────

Diagram pool size: 1
Diagram pool fermion loop numbers: ( 1 )
Constraints on spacetime coordinates: [x x 0 1]

Subspace saved counts:	[797803 10102197]
Subspace saved ratios:	[0.0731929 0.926807]
Subspace average measured signs:	[1 -0.863875]

Current weight:	-0.414913
Current total acceptance ratio:	0.105491
Current average ascend ratio:	0.00544147
Current average descend ratio:	0.00544147
Current average mutate ratio:	0.0946079

════════════════════
 MC step #12000000
════════════════════

In subspace: [V_0 V_2]
                   ^   
───────────────────────────────────────────────────
 Lattice spacetime coordinate (ID #0)
 • Position indices: (0, 0)
 • Rescaled imaginary time (tau / beta): 0
───────────────────────────────────────────────────
 Lattice spacetime coordinate (ID #1)
 • Position indices: (0, 0)
 • Rescaled imaginary time (tau / beta): 0.0239821
───────────────────────────────────────────────────
 Lattice spacetime coordinate (ID #2)
 • Position indices: (0, 0)
 • Rescaled imaginary time (tau / beta): 0
───────────────────────────────────────────────────
 Lattice spacetime coordinate (ID #3)
 • Position indices: (0, 0)
 • Rescaled imaginary time (tau / beta): 0.0239821
───────────────────────────────────────────────────

Diagram pool size: 1
Diagram pool fermion loop numbers: ( 1 )
Constraints on spacetime coordinates: [x x 0 1]

Subspace saved counts:	[869316 11030684]
Subspace saved ratios:	[0.0730518 0.926948]
Subspace average measured signs:	[1 -0.863902]

Current weight:	-0.405525
Current total acceptance ratio:	0.105481
Current average ascend ratio:	0.00542681
Current average descend ratio:	0.00542681
Current average mutate ratio:	0.0946274

════════════════════
 MC step #13000000
════════════════════

In subspace: [V_0 V_2]
                   ^   
───────────────────────────────────────────────────
 Lattice spacetime coordinate (ID #0)
 • Position indices: (0, 0)
 • Rescaled imaginary time (tau / beta): 0
───────────────────────────────────────────────────
 Lattice spacetime coordinate (ID #1)
 • Position indices: (0, 0)
 • Rescaled imaginary time (tau / beta): 0.118666
───────────────────────────────────────────────────
 Lattice spacetime coordinate (ID #2)
 • Position indices: (0, 0)
 • Rescaled imaginary time (tau / beta): 0
───────────────────────────────────────────────────
 Lattice spacetime coordinate (ID #3)
 • Position indices: (0, 0)
 • Rescaled imaginary time (tau / beta): 0.118666
───────────────────────────────────────────────────

Diagram pool size: 1
Diagram pool fermion loop numbers: ( 1 )
Constraints on spacetime coordinates: [x x 0 1]

Subspace saved counts:	[944601 11955399]
Subspace saved ratios:	[0.0732249 0.926775]
Subspace average measured signs:	[1 -0.863872]

Current weight:	-0.199246
Current total acceptance ratio:	0.105536
Current average ascend ratio:	0.00543713
Current average descend ratio:	0.00543713
Current average mutate ratio:	0.0946619

════════════════════
 MC step #14000000
════════════════════

In subspace: [V_0 V_2]
                   ^   
───────────────────────────────────────────────────
 Lattice spacetime coordinate (ID #0)
 • Position indices: (0, 0)
 • Rescaled imaginary time (tau / beta): 0
───────────────────────────────────────────────────
 Lattice spacetime coordinate (ID #1)
 • Position indices: (0, 1)
 • Rescaled imaginary time (tau / beta): 0.923179
───────────────────────────────────────────────────
 Lattice spacetime coordinate (ID #2)
 • Position indices: (0, 0)
 • Rescaled imaginary time (tau / beta): 0
───────────────────────────────────────────────────
 Lattice spacetime coordinate (ID #3)
 • Position indices: (0, 1)
 • Rescaled imaginary time (tau / beta): 0.923179
───────────────────────────────────────────────────

Diagram pool size: 1
Diagram pool fermion loop numbers: ( 1 )
Constraints on spacetime coordinates: [x x 0 1]

Subspace saved counts:	[1018595 12881405]
Subspace saved ratios:	[0.0732802 0.92672]
Subspace average measured signs:	[1 -0.863786]

Current weight:	0.00777903
Current total acceptance ratio:	0.105545
Current average ascend ratio:	0.00544194
Current average descend ratio:	0.00544194
Current average mutate ratio:	0.0946609

════════════════════
 MC step #15000000
════════════════════

In subspace: [V_0 V_2]
                   ^   
───────────────────────────────────────────────────
 Lattice spacetime coordinate (ID #0)
 • Position indices: (0, 0)
 • Rescaled imaginary time (tau / beta): 0
───────────────────────────────────────────────────
 Lattice spacetime coordinate (ID #1)
 • Position indices: (1, 1)
 • Rescaled imaginary time (tau / beta): 0.680366
───────────────────────────────────────────────────
 Lattice spacetime coordinate (ID #2)
 • Position indices: (0, 0)
 • Rescaled imaginary time (tau / beta): 0
───────────────────────────────────────────────────
 Lattice spacetime coordinate (ID #3)
 • Position indices: (1, 1)
 • Rescaled imaginary time (tau / beta): 0.680366
───────────────────────────────────────────────────

Diagram pool size: 1
Diagram pool fermion loop numbers: ( 1 )
Constraints on spacetime coordinates: [x x 0 1]

Subspace saved counts:	[1096575 13803425]
Subspace saved ratios:	[0.0735956 0.926404]
Subspace average measured signs:	[1 -0.863489]

Current weight:	0.00151321
Current total acceptance ratio:	0.10559
Current average ascend ratio:	0.00546483
Current average descend ratio:	0.00546483
Current average mutate ratio:	0.0946605

════════════════════
 MC step #16000000
════════════════════

In subspace: [V_0 V_2]
                   ^   
───────────────────────────────────────────────────
 Lattice spacetime coordinate (ID #0)
 • Position indices: (0, 0)
 • Rescaled imaginary time (tau / beta): 0
───────────────────────────────────────────────────
 Lattice spacetime coordinate (ID #1)
 • Position indices: (0, 0)
 • Rescaled imaginary time (tau / beta): 0.00379981
───────────────────────────────────────────────────
 Lattice spacetime coordinate (ID #2)
 • Position indices: (0, 0)
 • Rescaled imaginary time (tau / beta): 0
───────────────────────────────────────────────────
 Lattice spacetime coordinate (ID #3)
 • Position indices: (0, 0)
 • Rescaled imaginary time (tau / beta): 0.00379981
───────────────────────────────────────────────────

Diagram pool size: 1
Diagram pool fermion loop numbers: ( 1 )
Constraints on spacetime coordinates: [x x 0 1]

Subspace saved counts:	[1169752 14730248]
Subspace saved ratios:	[0.0735693 0.926431]
Subspace average measured signs:	[1 -0.864076]

Current weight:	-0.483337
Current total acceptance ratio:	0.105577
Current average ascend ratio:	0.00545459
Current average descend ratio:	0.00545459
Current average mutate ratio:	0.0946679

════════════════════
 MC step #17000000
════════════════════

In subspace: [V_0 V_2]
                   ^   
───────────────────────────────────────────────────
 Lattice spacetime coordinate (ID #0)
 • Position indices: (0, 0)
 • Rescaled imaginary time (tau / beta): 0
───────────────────────────────────────────────────
 Lattice spacetime coordinate (ID #1)
 • Position indices: (0, 0)
 • Rescaled imaginary time (tau / beta): 0.946996
───────────────────────────────────────────────────
 Lattice spacetime coordinate (ID #2)
 • Position indices: (0, 0)
 • Rescaled imaginary time (tau / beta): 0
───────────────────────────────────────────────────
 Lattice spacetime coordinate (ID #3)
 • Position indices: (0, 0)
 • Rescaled imaginary time (tau / beta): 0.946996
───────────────────────────────────────────────────

Diagram pool size: 1
Diagram pool fermion loop numbers: ( 1 )
Constraints on spacetime coordinates: [x x 0 1]

Subspace saved counts:	[1242115 15657885]
Subspace saved ratios:	[0.0734979 0.926502]
Subspace average measured signs:	[1 -0.864136]

Current weight:	-0.319746
Current total acceptance ratio:	0.105581
Current average ascend ratio:	0.00544876
Current average descend ratio:	0.00544876
Current average mutate ratio:	0.0946831

════════════════════
 MC step #18000000
════════════════════

In subspace: [V_0 V_2]
                   ^   
───────────────────────────────────────────────────
 Lattice spacetime coordinate (ID #0)
 • Position indices: (0, 0)
 • Rescaled imaginary time (tau / beta): 0
───────────────────────────────────────────────────
 Lattice spacetime coordinate (ID #1)
 • Position indices: (0, 0)
 • Rescaled imaginary time (tau / beta): 0.957923
───────────────────────────────────────────────────
 Lattice spacetime coordinate (ID #2)
 • Position indices: (0, 0)
 • Rescaled imaginary time (tau / beta): 0
───────────────────────────────────────────────────
 Lattice spacetime coordinate (ID #3)
 • Position indices: (0, 0)
 • Rescaled imaginary time (tau / beta): 0.957923
───────────────────────────────────────────────────

Diagram pool size: 1
Diagram pool fermion loop numbers: ( 1 )
Constraints on spacetime coordinates: [x x 0 1]

Subspace saved counts:	[1315265 16584735]
Subspace saved ratios:	[0.0734785 0.926521]
Subspace average measured signs:	[1 -0.86441]

Current weight:	-0.348927
Current total acceptance ratio:	0.105595
Current average ascend ratio:	0.00544709
Current average descend ratio:	0.00544709
Current average mutate ratio:	0.0947006

════════════════════
 MC step #19000000
════════════════════

In subspace: [V_0 V_2]
                   ^   
───────────────────────────────────────────────────
 Lattice spacetime coordinate (ID #0)
 • Position indices: (0, 0)
 • Rescaled imaginary time (tau / beta): 0
───────────────────────────────────────────────────
 Lattice spacetime coordinate (ID #1)
 • Position indices: (0, 0)
 • Rescaled imaginary time (tau / beta): 0.536625
───────────────────────────────────────────────────
 Lattice spacetime coordinate (ID #2)
 • Position indices: (0, 0)
 • Rescaled imaginary time (tau / beta): 0
───────────────────────────────────────────────────
 Lattice spacetime coordinate (ID #3)
 • Position indices: (0, 0)
 • Rescaled imaginary time (tau / beta): 0.536625
───────────────────────────────────────────────────

Diagram pool size: 1
Diagram pool fermion loop numbers: ( 1 )
Constraints on spacetime coordinates: [x x 0 1]

Subspace saved counts:	[1388198 17511802]
Subspace saved ratios:	[0.0734496 0.92655]
Subspace average measured signs:	[1 -0.864515]

Current weight:	-0.0614136
Current total acceptance ratio:	0.105566
Current average ascend ratio:	0.00544074
Current average descend ratio:	0.00544074
Current average mutate ratio:	0.0946847

════════════════════
 MC step #20000000
════════════════════

In subspace: [V_0 V_2]
                   ^   
───────────────────────────────────────────────────
 Lattice spacetime coordinate (ID #0)
 • Position indices: (0, 0)
 • Rescaled imaginary time (tau / beta): 0
───────────────────────────────────────────────────
 Lattice spacetime coordinate (ID #1)
 • Position indices: (0, 0)
 • Rescaled imaginary time (tau / beta): 0.98467
───────────────────────────────────────────────────
 Lattice spacetime coordinate (ID #2)
 • Position indices: (0, 0)
 • Rescaled imaginary time (tau / beta): 0
───────────────────────────────────────────────────
 Lattice spacetime coordinate (ID #3)
 • Position indices: (0, 0)
 • Rescaled imaginary time (tau / beta): 0.98467
───────────────────────────────────────────────────

Diagram pool size: 1
Diagram pool fermion loop numbers: ( 1 )
Constraints on spacetime coordinates: [x x 0 1]

Subspace saved counts:	[1464377 18435623]
Subspace saved ratios:	[0.0735868 0.926413]
Subspace average measured signs:	[1 -0.864335]

Current weight:	-0.436665
Current total acceptance ratio:	0.105558
Current average ascend ratio:	0.00544824
Current average descend ratio:	0.00544824
Current average mutate ratio:	0.0946613

════════════════════
 MC step #21000000
════════════════════

In subspace: [V_0 V_2]
                   ^   
───────────────────────────────────────────────────
 Lattice spacetime coordinate (ID #0)
 • Position indices: (0, 0)
 • Rescaled imaginary time (tau / beta): 0
───────────────────────────────────────────────────
 Lattice spacetime coordinate (ID #1)
 • Position indices: (0, 0)
 • Rescaled imaginary time (tau / beta): 0.988944
───────────────────────────────────────────────────
 Lattice spacetime coordinate (ID #2)
 • Position indices: (0, 0)
 • Rescaled imaginary time (tau / beta): 0
───────────────────────────────────────────────────
 Lattice spacetime coordinate (ID #3)
 • Position indices: (0, 0)
 • Rescaled imaginary time (tau / beta): 0.988944
───────────────────────────────────────────────────

Diagram pool size: 1
Diagram pool fermion loop numbers: ( 1 )
Constraints on spacetime coordinates: [x x 0 1]

Subspace saved counts:	[1539292 19360708]
Subspace saved ratios:	[0.0736503 0.92635]
Subspace average measured signs:	[1 -0.864127]

Current weight:	-0.453231
Current total acceptance ratio:	0.10557
Current average ascend ratio:	0.00545062
Current average descend ratio:	0.00545062
Current average mutate ratio:	0.0946688

════════════════════
 MC step #22000000
════════════════════

In subspace: [V_0 V_2]
                   ^   
───────────────────────────────────────────────────
 Lattice spacetime coordinate (ID #0)
 • Position indices: (0, 0)
 • Rescaled imaginary time (tau / beta): 0
───────────────────────────────────────────────────
 Lattice spacetime coordinate (ID #1)
 • Position indices: (0, 0)
 • Rescaled imaginary time (tau / beta): 0.312919
───────────────────────────────────────────────────
 Lattice spacetime coordinate (ID #2)
 • Position indices: (0, 0)
 • Rescaled imaginary time (tau / beta): 0
───────────────────────────────────────────────────
 Lattice spacetime coordinate (ID #3)
 • Position indices: (0, 0)
 • Rescaled imaginary time (tau / beta): 0.312919
───────────────────────────────────────────────────

Diagram pool size: 1
Diagram pool fermion loop numbers: ( 1 )
Constraints on spacetime coordinates: [x x 0 1]

Subspace saved counts:	[1612207 20287793]
Subspace saved ratios:	[0.0736168 0.926383]
Subspace average measured signs:	[1 -0.863924]

Current weight:	-0.079909
Current total acceptance ratio:	0.105546
Current average ascend ratio:	0.00544703
Current average descend ratio:	0.00544703
Current average mutate ratio:	0.0946515

════════════════════
 MC step #23000000
════════════════════

In subspace: [V_0 V_2]
                   ^   
───────────────────────────────────────────────────
 Lattice spacetime coordinate (ID #0)
 • Position indices: (0, 0)
 • Rescaled imaginary time (tau / beta): 0
───────────────────────────────────────────────────
 Lattice spacetime coordinate (ID #1)
 • Position indices: (0, 0)
 • Rescaled imaginary time (tau / beta): 0.36832
───────────────────────────────────────────────────
 Lattice spacetime coordinate (ID #2)
 • Position indices: (0, 0)
 • Rescaled imaginary time (tau / beta): 0
───────────────────────────────────────────────────
 Lattice spacetime coordinate (ID #3)
 • Position indices: (0, 0)
 • Rescaled imaginary time (tau / beta): 0.36832
───────────────────────────────────────────────────

Diagram pool size: 1
Diagram pool fermion loop numbers: ( 1 )
Constraints on spacetime coordinates: [x x 0 1]

Subspace saved counts:	[1684441 21215559]
Subspace saved ratios:	[0.0735564 0.926444]
Subspace average measured signs:	[1 -0.86395]

Current weight:	-0.0695323
Current total acceptance ratio:	0.105543
Current average ascend ratio:	0.0054452
Current average descend ratio:	0.0054452
Current average mutate ratio:	0.0946524

════════════════════
 MC step #24000000
════════════════════

In subspace: [V_0 V_2]
                   ^   
───────────────────────────────────────────────────
 Lattice spacetime coordinate (ID #0)
 • Position indices: (0, 0)
 • Rescaled imaginary time (tau / beta): 0
───────────────────────────────────────────────────
 Lattice spacetime coordinate (ID #1)
 • Position indices: (0, 0)
 • Rescaled imaginary time (tau / beta): 0.453552
───────────────────────────────────────────────────
 Lattice spacetime coordinate (ID #2)
 • Position indices: (0, 0)
 • Rescaled imaginary time (tau / beta): 0
───────────────────────────────────────────────────
 Lattice spacetime coordinate (ID #3)
 • Position indices: (0, 0)
 • Rescaled imaginary time (tau / beta): 0.453552
───────────────────────────────────────────────────

Diagram pool size: 1
Diagram pool fermion loop numbers: ( 1 )
Constraints on spacetime coordinates: [x x 0 1]

Subspace saved counts:	[1758163 22141837]
Subspace saved ratios:	[0.0735633 0.926437]
Subspace average measured signs:	[1 -0.863968]

Current weight:	-0.0618022
Current total acceptance ratio:	0.105528
Current average ascend ratio:	0.00544213
Current average descend ratio:	0.00544213
Current average mutate ratio:	0.0946438

════════════════════
 MC step #25000000
════════════════════

In subspace: [V_0 V_2]
                   ^   
───────────────────────────────────────────────────
 Lattice spacetime coordinate (ID #0)
 • Position indices: (0, 0)
 • Rescaled imaginary time (tau / beta): 0
───────────────────────────────────────────────────
 Lattice spacetime coordinate (ID #1)
 • Position indices: (1, 0)
 • Rescaled imaginary time (tau / beta): 0.0126018
───────────────────────────────────────────────────
 Lattice spacetime coordinate (ID #2)
 • Position indices: (0, 0)
 • Rescaled imaginary time (tau / beta): 0
───────────────────────────────────────────────────
 Lattice spacetime coordinate (ID #3)
 • Position indices: (1, 0)
 • Rescaled imaginary time (tau / beta): 0.0126018
───────────────────────────────────────────────────

Diagram pool size: 1
Diagram pool fermion loop numbers: ( 1 )
Constraints on spacetime coordinates: [x x 0 1]

Subspace saved counts:	[1830543 23069457]
Subspace saved ratios:	[0.0735158 0.926484]
Subspace average measured signs:	[1 -0.864337]

Current weight:	-0.0214791
Current total acceptance ratio:	0.105542
Current average ascend ratio:	0.00544016
Current average descend ratio:	0.00544016
Current average mutate ratio:	0.0946618

════════════════════
 MC step #26000000
════════════════════

In subspace: [V_0 V_2]
                   ^   
───────────────────────────────────────────────────
 Lattice spacetime coordinate (ID #0)
 • Position indices: (0, 0)
 • Rescaled imaginary time (tau / beta): 0
───────────────────────────────────────────────────
 Lattice spacetime coordinate (ID #1)
 • Position indices: (0, 0)
 • Rescaled imaginary time (tau / beta): 0.0437508
───────────────────────────────────────────────────
 Lattice spacetime coordinate (ID #2)
 • Position indices: (0, 0)
 • Rescaled imaginary time (tau / beta): 0
───────────────────────────────────────────────────
 Lattice spacetime coordinate (ID #3)
 • Position indices: (0, 0)
 • Rescaled imaginary time (tau / beta): 0.0437508
───────────────────────────────────────────────────

Diagram pool size: 1
Diagram pool fermion loop numbers: ( 1 )
Constraints on spacetime coordinates: [x x 0 1]

Subspace saved counts:	[1903576 23996424]
Subspace saved ratios:	[0.0734971 0.926503]
Subspace average measured signs:	[1 -0.864378]

Current weight:	-0.344304
Current total acceptance ratio:	0.105528
Current average ascend ratio:	0.00543911
Current average descend ratio:	0.00543911
Current average mutate ratio:	0.0946494

════════════════════
 MC step #27000000
════════════════════

In subspace: [V_0 V_2]
                   ^   
───────────────────────────────────────────────────
 Lattice spacetime coordinate (ID #0)
 • Position indices: (0, 0)
 • Rescaled imaginary time (tau / beta): 0
───────────────────────────────────────────────────
 Lattice spacetime coordinate (ID #1)
 • Position indices: (0, 0)
 • Rescaled imaginary time (tau / beta): 0.915799
───────────────────────────────────────────────────
 Lattice spacetime coordinate (ID #2)
 • Position indices: (0, 0)
 • Rescaled imaginary time (tau / beta): 0
───────────────────────────────────────────────────
 Lattice spacetime coordinate (ID #3)
 • Position indices: (0, 0)
 • Rescaled imaginary time (tau / beta): 0.915799
───────────────────────────────────────────────────

Diagram pool size: 1
Diagram pool fermion loop numbers: ( 1 )
Constraints on spacetime coordinates: [x x 0 1]

Subspace saved counts:	[1978088 24921912]
Subspace saved ratios:	[0.0735349 0.926465]
Subspace average measured signs:	[1 -0.864221]

Current weight:	-0.252587
Current total acceptance ratio:	0.10554
Current average ascend ratio:	0.00544454
Current average descend ratio:	0.00544454
Current average mutate ratio:	0.0946506

════════════════════
 MC step #28000000
════════════════════

In subspace: [V_0 V_2]
                   ^   
───────────────────────────────────────────────────
 Lattice spacetime coordinate (ID #0)
 • Position indices: (0, 0)
 • Rescaled imaginary time (tau / beta): 0
───────────────────────────────────────────────────
 Lattice spacetime coordinate (ID #1)
 • Position indices: (0, 0)
 • Rescaled imaginary time (tau / beta): 0.925237
───────────────────────────────────────────────────
 Lattice spacetime coordinate (ID #2)
 • Position indices: (0, 0)
 • Rescaled imaginary time (tau / beta): 0
───────────────────────────────────────────────────
 Lattice spacetime coordinate (ID #3)
 • Position indices: (0, 0)
 • Rescaled imaginary time (tau / beta): 0.925237
───────────────────────────────────────────────────

Diagram pool size: 1
Diagram pool fermion loop numbers: ( 1 )
Constraints on spacetime coordinates: [x x 0 1]

Subspace saved counts:	[2051961 25848039]
Subspace saved ratios:	[0.073547 0.926453]
Subspace average measured signs:	[1 -0.863953]

Current weight:	-0.270689
Current total acceptance ratio:	0.105547
Current average ascend ratio:	0.00544968
Current average descend ratio:	0.00544968
Current average mutate ratio:	0.0946475

════════════════════
 MC step #29000000
════════════════════

In subspace: [V_0 V_2]
                   ^   
───────────────────────────────────────────────────
 Lattice spacetime coordinate (ID #0)
 • Position indices: (0, 0)
 • Rescaled imaginary time (tau / beta): 0
───────────────────────────────────────────────────
 Lattice spacetime coordinate (ID #1)
 • Position indices: (0, 0)
 • Rescaled imaginary time (tau / beta): 0.88158
───────────────────────────────────────────────────
 Lattice spacetime coordinate (ID #2)
 • Position indices: (0, 0)
 • Rescaled imaginary time (tau / beta): 0
───────────────────────────────────────────────────
 Lattice spacetime coordinate (ID #3)
 • Position indices: (0, 0)
 • Rescaled imaginary time (tau / beta): 0.88158
───────────────────────────────────────────────────

Diagram pool size: 1
Diagram pool fermion loop numbers: ( 1 )
Constraints on spacetime coordinates: [x x 0 1]

Subspace saved counts:	[2124344 26775656]
Subspace saved ratios:	[0.0735067 0.926493]
Subspace average measured signs:	[1 -0.864099]

Current weight:	-0.199534
Current total acceptance ratio:	0.105556
Current average ascend ratio:	0.00544889
Current average descend ratio:	0.00544889
Current average mutate ratio:	0.0946584

════════════════════
 MC step #30000000
════════════════════

In subspace: [V_0 V_2]
               ^       
Diagram pool size: 1
Diagram pool fermion loop numbers: ( 0 )
Constraints on spacetime coordinates: [x x 0 1]

Subspace saved counts:	[2192425 27707575]
Subspace saved ratios:	[0.0733252 0.926675]
Subspace average measured signs:	[1 -0.864362]

Current weight:	0.026788
Current total acceptance ratio:	0.105537
Current average ascend ratio:	0.00543515
Current average descend ratio:	0.00543518
Current average mutate ratio:	0.0946669

════════════════════
 MC step #31000000
════════════════════

In subspace: [V_0 V_2]
                   ^   
───────────────────────────────────────────────────
 Lattice spacetime coordinate (ID #0)
 • Position indices: (0, 0)
 • Rescaled imaginary time (tau / beta): 0
───────────────────────────────────────────────────
 Lattice spacetime coordinate (ID #1)
 • Position indices: (0, 0)
 • Rescaled imaginary time (tau / beta): 0.736476
───────────────────────────────────────────────────
 Lattice spacetime coordinate (ID #2)
 • Position indices: (0, 0)
 • Rescaled imaginary time (tau / beta): 0
───────────────────────────────────────────────────
 Lattice spacetime coordinate (ID #3)
 • Position indices: (0, 0)
 • Rescaled imaginary time (tau / beta): 0.736476
───────────────────────────────────────────────────

Diagram pool size: 1
Diagram pool fermion loop numbers: ( 1 )
Constraints on spacetime coordinates: [x x 0 1]

Subspace saved counts:	[2266000 28634000]
Subspace saved ratios:	[0.0733333 0.926667]
Subspace average measured signs:	[1 -0.864247]

Current weight:	-0.0944717
Current total acceptance ratio:	0.10553
Current average ascend ratio:	0.00543472
Current average descend ratio:	0.00543472
Current average mutate ratio:	0.094661

════════════════════
 MC step #32000000
════════════════════

In subspace: [V_0 V_2]
                   ^   
───────────────────────────────────────────────────
 Lattice spacetime coordinate (ID #0)
 • Position indices: (0, 0)
 • Rescaled imaginary time (tau / beta): 0
───────────────────────────────────────────────────
 Lattice spacetime coordinate (ID #1)
 • Position indices: (2, 28)
 • Rescaled imaginary time (tau / beta): 0.420302
───────────────────────────────────────────────────
 Lattice spacetime coordinate (ID #2)
 • Position indices: (0, 0)
 • Rescaled imaginary time (tau / beta): 0
───────────────────────────────────────────────────
 Lattice spacetime coordinate (ID #3)
 • Position indices: (2, 28)
 • Rescaled imaginary time (tau / beta): 0.420302
───────────────────────────────────────────────────

Diagram pool size: 1
Diagram pool fermion loop numbers: ( 1 )
Constraints on spacetime coordinates: [x x 0 1]

Subspace saved counts:	[2340482 29559518]
Subspace saved ratios:	[0.0733693 0.926631]
Subspace average measured signs:	[1 -0.864408]

Current weight:	-9.42821e-05
Current total acceptance ratio:	0.105539
Current average ascend ratio:	0.0054384
Current average descend ratio:	0.0054384
Current average mutate ratio:	0.0946625

════════════════════
 MC step #33000000
════════════════════

In subspace: [V_0 V_2]
                   ^   
───────────────────────────────────────────────────
 Lattice spacetime coordinate (ID #0)
 • Position indices: (0, 0)
 • Rescaled imaginary time (tau / beta): 0
───────────────────────────────────────────────────
 Lattice spacetime coordinate (ID #1)
 • Position indices: (0, 0)
 • Rescaled imaginary time (tau / beta): 0.907351
───────────────────────────────────────────────────
 Lattice spacetime coordinate (ID #2)
 • Position indices: (0, 0)
 • Rescaled imaginary time (tau / beta): 0
───────────────────────────────────────────────────
 Lattice spacetime coordinate (ID #3)
 • Position indices: (0, 0)
 • Rescaled imaginary time (tau / beta): 0.907351
───────────────────────────────────────────────────

Diagram pool size: 1
Diagram pool fermion loop numbers: ( 1 )
Constraints on spacetime coordinates: [x x 0 1]

Subspace saved counts:	[2416431 30483569]
Subspace saved ratios:	[0.0734477 0.926552]
Subspace average measured signs:	[1 -0.864261]

Current weight:	-0.23778
Current total acceptance ratio:	0.105535
Current average ascend ratio:	0.00544371
Current average descend ratio:	0.00544371
Current average mutate ratio:	0.0946474

════════════════════
 MC step #34000000
════════════════════

In subspace: [V_0 V_2]
               ^       
Diagram pool size: 1
Diagram pool fermion loop numbers: ( 0 )
Constraints on spacetime coordinates: [x x 0 1]

Subspace saved counts:	[2487774 31412226]
Subspace saved ratios:	[0.0733857 0.926614]
Subspace average measured signs:	[1 -0.864428]

Current weight:	0.026788
Current total acceptance ratio:	0.105528
Current average ascend ratio:	0.00543714
Current average descend ratio:	0.00543717
Current average mutate ratio:	0.094654

════════════════════
 MC step #35000000
════════════════════

In subspace: [V_0 V_2]
                   ^   
───────────────────────────────────────────────────
 Lattice spacetime coordinate (ID #0)
 • Position indices: (0, 0)
 • Rescaled imaginary time (tau / beta): 0
───────────────────────────────────────────────────
 Lattice spacetime coordinate (ID #1)
 • Position indices: (0, 1)
 • Rescaled imaginary time (tau / beta): 0.222776
───────────────────────────────────────────────────
 Lattice spacetime coordinate (ID #2)
 • Position indices: (0, 0)
 • Rescaled imaginary time (tau / beta): 0
───────────────────────────────────────────────────
 Lattice spacetime coordinate (ID #3)
 • Position indices: (0, 1)
 • Rescaled imaginary time (tau / beta): 0.222776
───────────────────────────────────────────────────

Diagram pool size: 1
Diagram pool fermion loop numbers: ( 1 )
Constraints on spacetime coordinates: [x x 0 1]

Subspace saved counts:	[2563822 32336178]
Subspace saved ratios:	[0.0734619 0.926538]
Subspace average measured signs:	[1 -0.864336]

Current weight:	-0.000762539
Current total acceptance ratio:	0.10553
Current average ascend ratio:	0.0054408
Current average descend ratio:	0.0054408
Current average mutate ratio:	0.0946488

════════════════════
 MC step #36000000
════════════════════

In subspace: [V_0 V_2]
                   ^   
───────────────────────────────────────────────────
 Lattice spacetime coordinate (ID #0)
 • Position indices: (0, 0)
 • Rescaled imaginary time (tau / beta): 0
───────────────────────────────────────────────────
 Lattice spacetime coordinate (ID #1)
 • Position indices: (0, 0)
 • Rescaled imaginary time (tau / beta): 0.175667
───────────────────────────────────────────────────
 Lattice spacetime coordinate (ID #2)
 • Position indices: (0, 0)
 • Rescaled imaginary time (tau / beta): 0
───────────────────────────────────────────────────
 Lattice spacetime coordinate (ID #3)
 • Position indices: (0, 0)
 • Rescaled imaginary time (tau / beta): 0.175667
───────────────────────────────────────────────────

Diagram pool size: 1
Diagram pool fermion loop numbers: ( 1 )
Constraints on spacetime coordinates: [x x 0 1]

Subspace saved counts:	[2638150 33261850]
Subspace saved ratios:	[0.0734861 0.926514]
Subspace average measured signs:	[1 -0.864403]

Current weight:	-0.141691
Current total acceptance ratio:	0.10553
Current average ascend ratio:	0.00544097
Current average descend ratio:	0.00544097
Current average mutate ratio:	0.0946482

════════════════════
 MC step #37000000
════════════════════

In subspace: [V_0 V_2]
                   ^   
───────────────────────────────────────────────────
 Lattice spacetime coordinate (ID #0)
 • Position indices: (0, 0)
 • Rescaled imaginary time (tau / beta): 0
───────────────────────────────────────────────────
 Lattice spacetime coordinate (ID #1)
 • Position indices: (0, 0)
 • Rescaled imaginary time (tau / beta): 0.247998
───────────────────────────────────────────────────
 Lattice spacetime coordinate (ID #2)
 • Position indices: (0, 0)
 • Rescaled imaginary time (tau / beta): 0
───────────────────────────────────────────────────
 Lattice spacetime coordinate (ID #3)
 • Position indices: (0, 0)
 • Rescaled imaginary time (tau / beta): 0.247998
───────────────────────────────────────────────────

Diagram pool size: 1
Diagram pool fermion loop numbers: ( 1 )
Constraints on spacetime coordinates: [x x 0 1]

Subspace saved counts:	[2715505 34184495]
Subspace saved ratios:	[0.0735909 0.926409]
Subspace average measured signs:	[1 -0.86423]

Current weight:	-0.100467
Current total acceptance ratio:	0.105534
Current average ascend ratio:	0.00544859
Current average descend ratio:	0.00544859
Current average mutate ratio:	0.0946366

════════════════════
 MC step #38000000
════════════════════

In subspace: [V_0 V_2]
                   ^   
───────────────────────────────────────────────────
 Lattice spacetime coordinate (ID #0)
 • Position indices: (0, 0)
 • Rescaled imaginary time (tau / beta): 0
───────────────────────────────────────────────────
 Lattice spacetime coordinate (ID #1)
 • Position indices: (0, 0)
 • Rescaled imaginary time (tau / beta): 0.780218
───────────────────────────────────────────────────
 Lattice spacetime coordinate (ID #2)
 • Position indices: (0, 0)
 • Rescaled imaginary time (tau / beta): 0
───────────────────────────────────────────────────
 Lattice spacetime coordinate (ID #3)
 • Position indices: (0, 0)
 • Rescaled imaginary time (tau / beta): 0.780218
───────────────────────────────────────────────────

Diagram pool size: 1
Diagram pool fermion loop numbers: ( 1 )
Constraints on spacetime coordinates: [x x 0 1]

Subspace saved counts:	[2791139 35108861]
Subspace saved ratios:	[0.0736448 0.926355]
Subspace average measured signs:	[1 -0.864121]

Current weight:	-0.113565
Current total acceptance ratio:	0.105513
Current average ascend ratio:	0.0054538
Current average descend ratio:	0.0054538
Current average mutate ratio:	0.094605

════════════════════
 MC step #39000000
════════════════════

In subspace: [V_0 V_2]
                   ^   
───────────────────────────────────────────────────
 Lattice spacetime coordinate (ID #0)
 • Position indices: (0, 0)
 • Rescaled imaginary time (tau / beta): 0
───────────────────────────────────────────────────
 Lattice spacetime coordinate (ID #1)
 • Position indices: (0, 0)
 • Rescaled imaginary time (tau / beta): 0.862055
───────────────────────────────────────────────────
 Lattice spacetime coordinate (ID #2)
 • Position indices: (0, 0)
 • Rescaled imaginary time (tau / beta): 0
───────────────────────────────────────────────────
 Lattice spacetime coordinate (ID #3)
 • Position indices: (0, 0)
 • Rescaled imaginary time (tau / beta): 0.862055
───────────────────────────────────────────────────

Diagram pool size: 1
Diagram pool fermion loop numbers: ( 1 )
Constraints on spacetime coordinates: [x x 0 1]

Subspace saved counts:	[2868018 36031982]
Subspace saved ratios:	[0.073728 0.926272]
Subspace average measured signs:	[1 -0.864091]

Current weight:	-0.176261
Current total acceptance ratio:	0.105503
Current average ascend ratio:	0.00545748
Current average descend ratio:	0.00545748
Current average mutate ratio:	0.0945876

════════════════════
 MC step #40000000
════════════════════

In subspace: [V_0 V_2]
                   ^   
───────────────────────────────────────────────────
 Lattice spacetime coordinate (ID #0)
 • Position indices: (0, 0)
 • Rescaled imaginary time (tau / beta): 0
───────────────────────────────────────────────────
 Lattice spacetime coordinate (ID #1)
 • Position indices: (0, 0)
 • Rescaled imaginary time (tau / beta): 0.99961
───────────────────────────────────────────────────
 Lattice spacetime coordinate (ID #2)
 • Position indices: (0, 0)
 • Rescaled imaginary time (tau / beta): 0
───────────────────────────────────────────────────
 Lattice spacetime coordinate (ID #3)
 • Position indices: (0, 0)
 • Rescaled imaginary time (tau / beta): 0.99961
───────────────────────────────────────────────────

Diagram pool size: 1
Diagram pool fermion loop numbers: ( 1 )
Constraints on spacetime coordinates: [x x 0 1]

Subspace saved counts:	[2942292 36957708]
Subspace saved ratios:	[0.0737417 0.926258]
Subspace average measured signs:	[1 -0.864029]

Current weight:	-0.498193
Current total acceptance ratio:	0.10551
Current average ascend ratio:	0.00545905
Current average descend ratio:	0.00545905
Current average mutate ratio:	0.0945923

════════════════════
 MC step #41000000
════════════════════

In subspace: [V_0 V_2]
                   ^   
───────────────────────────────────────────────────
 Lattice spacetime coordinate (ID #0)
 • Position indices: (0, 0)
 • Rescaled imaginary time (tau / beta): 0
───────────────────────────────────────────────────
 Lattice spacetime coordinate (ID #1)
 • Position indices: (0, 0)
 • Rescaled imaginary time (tau / beta): 0.00533599
───────────────────────────────────────────────────
 Lattice spacetime coordinate (ID #2)
 • Position indices: (0, 0)
 • Rescaled imaginary time (tau / beta): 0
───────────────────────────────────────────────────
 Lattice spacetime coordinate (ID #3)
 • Position indices: (0, 0)
 • Rescaled imaginary time (tau / beta): 0.00533599
───────────────────────────────────────────────────

Diagram pool size: 1
Diagram pool fermion loop numbers: ( 1 )
Constraints on spacetime coordinates: [x x 0 1]

Subspace saved counts:	[3015802 37884198]
Subspace saved ratios:	[0.073736 0.926264]
Subspace average measured signs:	[1 -0.864117]

Current weight:	-0.476779
Current total acceptance ratio:	0.105514
Current average ascend ratio:	0.00546213
Current average descend ratio:	0.00546213
Current average mutate ratio:	0.0945893

════════════════════
 MC step #42000000
════════════════════

In subspace: [V_0 V_2]
                   ^   
───────────────────────────────────────────────────
 Lattice spacetime coordinate (ID #0)
 • Position indices: (0, 0)
 • Rescaled imaginary time (tau / beta): 0
───────────────────────────────────────────────────
 Lattice spacetime coordinate (ID #1)
 • Position indices: (0, 0)
 • Rescaled imaginary time (tau / beta): 0.993133
───────────────────────────────────────────────────
 Lattice spacetime coordinate (ID #2)
 • Position indices: (0, 0)
 • Rescaled imaginary time (tau / beta): 0
───────────────────────────────────────────────────
 Lattice spacetime coordinate (ID #3)
 • Position indices: (0, 0)
 • Rescaled imaginary time (tau / beta): 0.993133
───────────────────────────────────────────────────

Diagram pool size: 1
Diagram pool fermion loop numbers: ( 1 )
Constraints on spacetime coordinates: [x x 0 1]

Subspace saved counts:	[3087700 38812300]
Subspace saved ratios:	[0.0736921 0.926308]
Subspace average measured signs:	[1 -0.86409]

Current weight:	-0.470251
Current total acceptance ratio:	0.105505
Current average ascend ratio:	0.00546036
Current average descend ratio:	0.00546036
Current average mutate ratio:	0.0945847

════════════════════
 MC step #43000000
════════════════════

In subspace: [V_0 V_2]
                   ^   
───────────────────────────────────────────────────
 Lattice spacetime coordinate (ID #0)
 • Position indices: (0, 0)
 • Rescaled imaginary time (tau / beta): 0
───────────────────────────────────────────────────
 Lattice spacetime coordinate (ID #1)
 • Position indices: (0, 0)
 • Rescaled imaginary time (tau / beta): 0.997181
───────────────────────────────────────────────────
 Lattice spacetime coordinate (ID #2)
 • Position indices: (0, 0)
 • Rescaled imaginary time (tau / beta): 0
───────────────────────────────────────────────────
 Lattice spacetime coordinate (ID #3)
 • Position indices: (0, 0)
 • Rescaled imaginary time (tau / beta): 0.997181
───────────────────────────────────────────────────

Diagram pool size: 1
Diagram pool fermion loop numbers: ( 1 )
Constraints on spacetime coordinates: [x x 0 1]

Subspace saved counts:	[3160731 39739269]
Subspace saved ratios:	[0.0736767 0.926323]
Subspace average measured signs:	[1 -0.864206]

Current weight:	-0.487474
Current total acceptance ratio:	0.105501
Current average ascend ratio:	0.00545599
Current average descend ratio:	0.00545599
Current average mutate ratio:	0.0945887

════════════════════
 MC step #44000000
════════════════════

In subspace: [V_0 V_2]
                   ^   
───────────────────────────────────────────────────
 Lattice spacetime coordinate (ID #0)
 • Position indices: (0, 0)
 • Rescaled imaginary time (tau / beta): 0
───────────────────────────────────────────────────
 Lattice spacetime coordinate (ID #1)
 • Position indices: (0, 0)
 • Rescaled imaginary time (tau / beta): 0.00649047
───────────────────────────────────────────────────
 Lattice spacetime coordinate (ID #2)
 • Position indices: (0, 0)
 • Rescaled imaginary time (tau / beta): 0
───────────────────────────────────────────────────
 Lattice spacetime coordinate (ID #3)
 • Position indices: (0, 0)
 • Rescaled imaginary time (tau / beta): 0.00649047
───────────────────────────────────────────────────

Diagram pool size: 1
Diagram pool fermion loop numbers: ( 1 )
Constraints on spacetime coordinates: [x x 0 1]

Subspace saved counts:	[3236107 40663893]
Subspace saved ratios:	[0.0737154 0.926285]
Subspace average measured signs:	[1 -0.864174]

Current weight:	-0.471924
Current total acceptance ratio:	0.105498
Current average ascend ratio:	0.00545665
Current average descend ratio:	0.00545665
Current average mutate ratio:	0.094585

════════════════════
 MC step #45000000
════════════════════

In subspace: [V_0 V_2]
                   ^   
───────────────────────────────────────────────────
 Lattice spacetime coordinate (ID #0)
 • Position indices: (0, 0)
 • Rescaled imaginary time (tau / beta): 0
───────────────────────────────────────────────────
 Lattice spacetime coordinate (ID #1)
 • Position indices: (0, 0)
 • Rescaled imaginary time (tau / beta): 0.952131
───────────────────────────────────────────────────
 Lattice spacetime coordinate (ID #2)
 • Position indices: (0, 0)
 • Rescaled imaginary time (tau / beta): 0
───────────────────────────────────────────────────
 Lattice spacetime coordinate (ID #3)
 • Position indices: (0, 0)
 • Rescaled imaginary time (tau / beta): 0.952131
───────────────────────────────────────────────────

Diagram pool size: 1
Diagram pool fermion loop numbers: ( 1 )
Constraints on spacetime coordinates: [x x 0 1]

Subspace saved counts:	[3305683 41594317]
Subspace saved ratios:	[0.0736232 0.926377]
Subspace average measured signs:	[1 -0.864262]

Current weight:	-0.33304
Current total acceptance ratio:	0.105496
Current average ascend ratio:	0.00545051
Current average descend ratio:	0.00545051
Current average mutate ratio:	0.0945953

════════════════════
 MC step #46000000
════════════════════

In subspace: [V_0 V_2]
                   ^   
───────────────────────────────────────────────────
 Lattice spacetime coordinate (ID #0)
 • Position indices: (0, 0)
 • Rescaled imaginary time (tau / beta): 0
───────────────────────────────────────────────────
 Lattice spacetime coordinate (ID #1)
 • Position indices: (0, 0)
 • Rescaled imaginary time (tau / beta): 0.00480914
───────────────────────────────────────────────────
 Lattice spacetime coordinate (ID #2)
 • Position indices: (0, 0)
 • Rescaled imaginary time (tau / beta): 0
───────────────────────────────────────────────────
 Lattice spacetime coordinate (ID #3)
 • Position indices: (0, 0)
 • Rescaled imaginary time (tau / beta): 0.00480914
───────────────────────────────────────────────────

Diagram pool size: 1
Diagram pool fermion loop numbers: ( 1 )
Constraints on spacetime coordinates: [x x 0 1]

Subspace saved counts:	[3377750 42522250]
Subspace saved ratios:	[0.0735893 0.926411]
Subspace average measured signs:	[1 -0.864398]

Current weight:	-0.479015
Current total acceptance ratio:	0.105493
Current average ascend ratio:	0.00544745
Current average descend ratio:	0.00544745
Current average mutate ratio:	0.0945981

════════════════════
 MC step #47000000
════════════════════

In subspace: [V_0 V_2]
                   ^   
───────────────────────────────────────────────────
 Lattice spacetime coordinate (ID #0)
 • Position indices: (0, 0)
 • Rescaled imaginary time (tau / beta): 0
───────────────────────────────────────────────────
 Lattice spacetime coordinate (ID #1)
 • Position indices: (0, 0)
 • Rescaled imaginary time (tau / beta): 0.338085
───────────────────────────────────────────────────
 Lattice spacetime coordinate (ID #2)
 • Position indices: (0, 0)
 • Rescaled imaginary time (tau / beta): 0
───────────────────────────────────────────────────
 Lattice spacetime coordinate (ID #3)
 • Position indices: (0, 0)
 • Rescaled imaginary time (tau / beta): 0.338085
───────────────────────────────────────────────────

Diagram pool size: 1
Diagram pool fermion loop numbers: ( 1 )
Constraints on spacetime coordinates: [x x 0 1]

Subspace saved counts:	[3457082 43442918]
Subspace saved ratios:	[0.0737118 0.926288]
Subspace average measured signs:	[1 -0.864411]

Current weight:	-0.0745484
Current total acceptance ratio:	0.105497
Current average ascend ratio:	0.00545461
Current average descend ratio:	0.00545461
Current average mutate ratio:	0.094588

════════════════════
 MC step #48000000
════════════════════

In subspace: [V_0 V_2]
                   ^   
───────────────────────────────────────────────────
 Lattice spacetime coordinate (ID #0)
 • Position indices: (0, 0)
 • Rescaled imaginary time (tau / beta): 0
───────────────────────────────────────────────────
 Lattice spacetime coordinate (ID #1)
 • Position indices: (0, 0)
 • Rescaled imaginary time (tau / beta): 0.582259
───────────────────────────────────────────────────
 Lattice spacetime coordinate (ID #2)
 • Position indices: (0, 0)
 • Rescaled imaginary time (tau / beta): 0
───────────────────────────────────────────────────
 Lattice spacetime coordinate (ID #3)
 • Position indices: (0, 0)
 • Rescaled imaginary time (tau / beta): 0.582259
───────────────────────────────────────────────────

Diagram pool size: 1
Diagram pool fermion loop numbers: ( 1 )
Constraints on spacetime coordinates: [x x 0 1]

Subspace saved counts:	[3528867 44371133]
Subspace saved ratios:	[0.0736715 0.926328]
Subspace average measured signs:	[1 -0.864581]

Current weight:	-0.0640401
Current total acceptance ratio:	0.105486
Current average ascend ratio:	0.00545075
Current average descend ratio:	0.00545075
Current average mutate ratio:	0.0945842

════════════════════
 MC step #49000000
════════════════════

In subspace: [V_0 V_2]
                   ^   
───────────────────────────────────────────────────
 Lattice spacetime coordinate (ID #0)
 • Position indices: (0, 0)
 • Rescaled imaginary time (tau / beta): 0
───────────────────────────────────────────────────
 Lattice spacetime coordinate (ID #1)
 • Position indices: (0, 0)
 • Rescaled imaginary time (tau / beta): 0.937859
───────────────────────────────────────────────────
 Lattice spacetime coordinate (ID #2)
 • Position indices: (0, 0)
 • Rescaled imaginary time (tau / beta): 0
───────────────────────────────────────────────────
 Lattice spacetime coordinate (ID #3)
 • Position indices: (0, 0)
 • Rescaled imaginary time (tau / beta): 0.937859
───────────────────────────────────────────────────

Diagram pool size: 1
Diagram pool fermion loop numbers: ( 1 )
Constraints on spacetime coordinates: [x x 0 1]

Subspace saved counts:	[3603887 45296113]
Subspace saved ratios:	[0.0736991 0.926301]
Subspace average measured signs:	[1 -0.864624]

Current weight:	-0.297792
Current total acceptance ratio:	0.105471
Current average ascend ratio:	0.00545117
Current average descend ratio:	0.00545117
Current average mutate ratio:	0.0945689

════════════════════
 MC step #50000000
════════════════════

In subspace: [V_0 V_2]
                   ^   
───────────────────────────────────────────────────
 Lattice spacetime coordinate (ID #0)
 • Position indices: (0, 0)
 • Rescaled imaginary time (tau / beta): 0
───────────────────────────────────────────────────
 Lattice spacetime coordinate (ID #1)
 • Position indices: (0, 0)
 • Rescaled imaginary time (tau / beta): 0.961231
───────────────────────────────────────────────────
 Lattice spacetime coordinate (ID #2)
 • Position indices: (0, 0)
 • Rescaled imaginary time (tau / beta): 0
───────────────────────────────────────────────────
 Lattice spacetime coordinate (ID #3)
 • Position indices: (0, 0)
 • Rescaled imaginary time (tau / beta): 0.961231
───────────────────────────────────────────────────

Diagram pool size: 1
Diagram pool fermion loop numbers: ( 1 )
Constraints on spacetime coordinates: [x x 0 1]

Subspace saved counts:	[3680598 46219402]
Subspace saved ratios:	[0.0737595 0.926241]
Subspace average measured signs:	[1 -0.864644]

Current weight:	-0.358453
Current total acceptance ratio:	0.105483
Current average ascend ratio:	0.00545647
Current average descend ratio:	0.00545647
Current average mutate ratio:	0.0945703
Final results:
════════════════════
 MC step #50100000
════════════════════

In subspace: [V_0 V_2]
                   ^   
───────────────────────────────────────────────────
 Lattice spacetime coordinate (ID #0)
 • Position indices: (0, 0)
 • Rescaled imaginary time (tau / beta): 0
───────────────────────────────────────────────────
 Lattice spacetime coordinate (ID #1)
 • Position indices: (0, 0)
 • Rescaled imaginary time (tau / beta): 0.348012
───────────────────────────────────────────────────
 Lattice spacetime coordinate (ID #2)
 • Position indices: (0, 0)
 • Rescaled imaginary time (tau / beta): 0
───────────────────────────────────────────────────
 Lattice spacetime coordinate (ID #3)
 • Position indices: (0, 0)
 • Rescaled imaginary time (tau / beta): 0.348012
───────────────────────────────────────────────────

Diagram pool size: 1
Diagram pool fermion loop numbers: ( 1 )
Constraints on spacetime coordinates: [x x 0 1]

Subspace saved counts:	[3686959 46313041]
Subspace saved ratios:	[0.0737392 0.926261]
Subspace average measured signs:	[1 -0.864661]

Current weight:	-0.0727426
Current total acceptance ratio:	0.105483
Current average ascend ratio:	0.0054556
Current average descend ratio:	0.0054556
Current average mutate ratio:	0.0945721

Normalization constant: C / N_{s,0} =7.2656e-09

Job ended at:	Wed Jun 30 23:39:10 2021
Elapsed time:	946 seconds
